<?xml version="1.0" encoding="UTF-8"?>
<robot generator="Robot 6.1.1 (Python 3.9.6 on darwin)" generated="20250923 10:20:57.472" rpa="false" schemaversion="4">
<suite id="s1" name="02 Dependency Crud Tests" source="/Users/mmoola/Cursor/Dependency Management App/tests/test_suites/02_dependency_crud_tests.robot">
<kw name="Test Mode Suite Setup" library="depflow_keywords" type="SETUP">
<doc>Setup using test mode authentication</doc>
<kw name="Open DepFlow Application" library="depflow_keywords">
<doc>Opens the DepFlow application in browser</doc>
<kw name="Open Browser" library="SeleniumLibrary">
<arg>${APP_URL}</arg>
<arg>${BROWSER}</arg>
<doc>Opens a new browser instance to the optional ``url``.</doc>
<msg timestamp="20250923 10:20:57.703" level="INFO">Opening browser 'Chrome' to base url 'http://localhost:3000'.</msg>
<status status="PASS" starttime="20250923 10:20:57.703" endtime="20250923 10:21:00.087"/>
</kw>
<kw name="Maximize Browser Window" library="SeleniumLibrary">
<doc>Maximizes current browser window.</doc>
<status status="PASS" starttime="20250923 10:21:00.088" endtime="20250923 10:21:00.463"/>
</kw>
<kw name="Set Selenium Implicit Wait" library="SeleniumLibrary">
<arg>${IMPLICIT_WAIT}</arg>
<doc>Sets the implicit wait value used by Selenium.</doc>
<status status="PASS" starttime="20250923 10:21:00.463" endtime="20250923 10:21:00.465"/>
</kw>
<kw name="Wait Until Page Contains Element" library="SeleniumLibrary">
<arg>${LANDING_PAGE_LOGO}</arg>
<arg>timeout=30s</arg>
<doc>Waits until the element ``locator`` appears on the current page.</doc>
<status status="PASS" starttime="20250923 10:21:00.465" endtime="20250923 10:21:00.484"/>
</kw>
<kw name="Sleep" library="BuiltIn">
<arg>3s</arg>
<doc>Pauses the test executed for the given time.</doc>
<msg timestamp="20250923 10:21:03.489" level="INFO">Slept 3 seconds</msg>
<status status="PASS" starttime="20250923 10:21:00.485" endtime="20250923 10:21:03.497"/>
</kw>
<status status="PASS" starttime="20250923 10:20:57.702" endtime="20250923 10:21:03.498"/>
</kw>
<kw name="Test Mode Admin Login" library="depflow_keywords">
<doc>Quick admin login using test mode</doc>
<kw name="Test Mode Login" library="depflow_keywords">
<arg>admin</arg>
<doc>Login using test mode bypass - no modal interaction required</doc>
<kw name="Wait Until Page Contains Element" library="SeleniumLibrary">
<arg>${LANDING_PAGE_LOGO}</arg>
<arg>timeout=10s</arg>
<doc>Waits until the element ``locator`` appears on the current page.</doc>
<status status="PASS" starttime="20250923 10:21:03.509" endtime="20250923 10:21:03.554"/>
</kw>
<kw name="Sleep" library="BuiltIn">
<arg>1s</arg>
<doc>Pauses the test executed for the given time.</doc>
<msg timestamp="20250923 10:21:04.559" level="INFO">Slept 1 second</msg>
<status status="PASS" starttime="20250923 10:21:03.554" endtime="20250923 10:21:04.561"/>
</kw>
<kw name="Execute Javascript" library="SeleniumLibrary">
<arg>if (typeof window.DepFlow.testModeLogin === 'function') {</arg>
<arg>window.DepFlow.testModeLogin('${user_type}');</arg>
<arg>} else {</arg>
<arg>console.error('Test mode login function not available');</arg>
<arg>}</arg>
<doc>Executes the given JavaScript code with possible arguments.</doc>
<msg timestamp="20250923 10:21:04.568" level="INFO">Executing JavaScript:
if (typeof window.DepFlow.testModeLogin === 'function') {window.DepFlow.testModeLogin('admin');} else {console.error('Test mode login function not available');}
Without any arguments.</msg>
<status status="PASS" starttime="20250923 10:21:04.562" endtime="20250923 10:21:04.604"/>
</kw>
<kw name="Sleep" library="BuiltIn">
<arg>2s</arg>
<doc>Pauses the test executed for the given time.</doc>
<msg timestamp="20250923 10:21:06.605" level="INFO">Slept 2 seconds</msg>
<status status="PASS" starttime="20250923 10:21:04.604" endtime="20250923 10:21:06.606"/>
</kw>
<kw name="Wait Until Element Is Visible" library="SeleniumLibrary">
<arg>${DASHBOARD_PAGE}</arg>
<arg>timeout=10s</arg>
<doc>Waits until the element ``locator`` is visible.</doc>
<status status="PASS" starttime="20250923 10:21:06.606" endtime="20250923 10:21:06.631"/>
</kw>
<kw name="Wait Until Element Is Visible" library="SeleniumLibrary">
<arg>${USER_PANEL}</arg>
<arg>timeout=5s</arg>
<doc>Waits until the element ``locator`` is visible.</doc>
<status status="PASS" starttime="20250923 10:21:06.631" endtime="20250923 10:21:06.644"/>
</kw>
<kw name="Log" library="BuiltIn">
<arg>Test Mode Login Completed for ${user_type}</arg>
<doc>Logs the given message with the given level.</doc>
<msg timestamp="20250923 10:21:06.644" level="INFO">Test Mode Login Completed for admin</msg>
<status status="PASS" starttime="20250923 10:21:06.644" endtime="20250923 10:21:06.644"/>
</kw>
<status status="PASS" starttime="20250923 10:21:03.506" endtime="20250923 10:21:06.644"/>
</kw>
<status status="PASS" starttime="20250923 10:21:03.499" endtime="20250923 10:21:06.644"/>
</kw>
<status status="PASS" starttime="20250923 10:20:57.702" endtime="20250923 10:21:06.644"/>
</kw>
<test id="s1-t1" name="TC013 - Verify Dashboard Elements Present" line="27">
<kw name="Test Mode Test Setup" library="depflow_keywords" type="SETUP">
<doc>Individual test setup using test mode</doc>
<kw name="Test Mode Reset" library="depflow_keywords">
<doc>Complete app state reset for clean test environment</doc>
<kw name="Execute Javascript" library="SeleniumLibrary">
<arg>if (typeof window.DepFlow.testModeReset === 'function') {</arg>
<arg>window.DepFlow.testModeReset();</arg>
<arg>} else {</arg>
<arg>console.error('Test mode reset function not available');</arg>
<arg>}</arg>
<doc>Executes the given JavaScript code with possible arguments.</doc>
<msg timestamp="20250923 10:21:06.646" level="INFO">Executing JavaScript:
if (typeof window.DepFlow.testModeReset === 'function') {window.DepFlow.testModeReset();} else {console.error('Test mode reset function not available');}
Without any arguments.</msg>
<status status="PASS" starttime="20250923 10:21:06.646" endtime="20250923 10:21:06.651"/>
</kw>
<kw name="Sleep" library="BuiltIn">
<arg>1s</arg>
<doc>Pauses the test executed for the given time.</doc>
<msg timestamp="20250923 10:21:07.652" level="INFO">Slept 1 second</msg>
<status status="PASS" starttime="20250923 10:21:06.651" endtime="20250923 10:21:07.653"/>
</kw>
<kw name="Log" library="BuiltIn">
<arg>Test Mode Reset Completed</arg>
<doc>Logs the given message with the given level.</doc>
<msg timestamp="20250923 10:21:07.653" level="INFO">Test Mode Reset Completed</msg>
<status status="PASS" starttime="20250923 10:21:07.653" endtime="20250923 10:21:07.653"/>
</kw>
<status status="PASS" starttime="20250923 10:21:06.646" endtime="20250923 10:21:07.653"/>
</kw>
<kw name="Test Mode Admin Login" library="depflow_keywords">
<doc>Quick admin login using test mode</doc>
<kw name="Test Mode Login" library="depflow_keywords">
<arg>admin</arg>
<doc>Login using test mode bypass - no modal interaction required</doc>
<kw name="Wait Until Page Contains Element" library="SeleniumLibrary">
<arg>${LANDING_PAGE_LOGO}</arg>
<arg>timeout=10s</arg>
<doc>Waits until the element ``locator`` appears on the current page.</doc>
<status status="PASS" starttime="20250923 10:21:07.654" endtime="20250923 10:21:07.663"/>
</kw>
<kw name="Sleep" library="BuiltIn">
<arg>1s</arg>
<doc>Pauses the test executed for the given time.</doc>
<msg timestamp="20250923 10:21:08.666" level="INFO">Slept 1 second</msg>
<status status="PASS" starttime="20250923 10:21:07.663" endtime="20250923 10:21:08.666"/>
</kw>
<kw name="Execute Javascript" library="SeleniumLibrary">
<arg>if (typeof window.DepFlow.testModeLogin === 'function') {</arg>
<arg>window.DepFlow.testModeLogin('${user_type}');</arg>
<arg>} else {</arg>
<arg>console.error('Test mode login function not available');</arg>
<arg>}</arg>
<doc>Executes the given JavaScript code with possible arguments.</doc>
<msg timestamp="20250923 10:21:08.667" level="INFO">Executing JavaScript:
if (typeof window.DepFlow.testModeLogin === 'function') {window.DepFlow.testModeLogin('admin');} else {console.error('Test mode login function not available');}
Without any arguments.</msg>
<status status="PASS" starttime="20250923 10:21:08.666" endtime="20250923 10:21:08.678"/>
</kw>
<kw name="Sleep" library="BuiltIn">
<arg>2s</arg>
<doc>Pauses the test executed for the given time.</doc>
<msg timestamp="20250923 10:21:10.681" level="INFO">Slept 2 seconds</msg>
<status status="PASS" starttime="20250923 10:21:08.678" endtime="20250923 10:21:10.681"/>
</kw>
<kw name="Wait Until Element Is Visible" library="SeleniumLibrary">
<arg>${DASHBOARD_PAGE}</arg>
<arg>timeout=10s</arg>
<doc>Waits until the element ``locator`` is visible.</doc>
<status status="PASS" starttime="20250923 10:21:10.682" endtime="20250923 10:21:10.693"/>
</kw>
<kw name="Wait Until Element Is Visible" library="SeleniumLibrary">
<arg>${USER_PANEL}</arg>
<arg>timeout=5s</arg>
<doc>Waits until the element ``locator`` is visible.</doc>
<status status="PASS" starttime="20250923 10:21:10.693" endtime="20250923 10:21:10.701"/>
</kw>
<kw name="Log" library="BuiltIn">
<arg>Test Mode Login Completed for ${user_type}</arg>
<doc>Logs the given message with the given level.</doc>
<msg timestamp="20250923 10:21:10.702" level="INFO">Test Mode Login Completed for admin</msg>
<status status="PASS" starttime="20250923 10:21:10.701" endtime="20250923 10:21:10.702"/>
</kw>
<status status="PASS" starttime="20250923 10:21:07.654" endtime="20250923 10:21:10.702"/>
</kw>
<status status="PASS" starttime="20250923 10:21:07.653" endtime="20250923 10:21:10.702"/>
</kw>
<status status="PASS" starttime="20250923 10:21:06.645" endtime="20250923 10:21:10.702"/>
</kw>
<kw name="Page Should Contain Element" library="SeleniumLibrary">
<arg>${ADD_DEPENDENCY_BUTTON}</arg>
<doc>Verifies that element ``locator`` is found on the current page.</doc>
<msg timestamp="20250923 10:21:10.707" level="INFO">Current page contains element 'xpath://button[contains(@onclick, 'showAddDependencyModal')]'.</msg>
<status status="PASS" starttime="20250923 10:21:10.702" endtime="20250923 10:21:10.708"/>
</kw>
<kw name="Page Should Contain Element" library="SeleniumLibrary">
<arg>${TOTAL_COUNT}</arg>
<doc>Verifies that element ``locator`` is found on the current page.</doc>
<msg timestamp="20250923 10:21:10.713" level="INFO">Current page contains element 'id:totalCount'.</msg>
<status status="PASS" starttime="20250923 10:21:10.708" endtime="20250923 10:21:10.713"/>
</kw>
<kw name="Page Should Contain Element" library="SeleniumLibrary">
<arg>${SEARCH_INPUT}</arg>
<doc>Verifies that element ``locator`` is found on the current page.</doc>
<msg timestamp="20250923 10:21:10.717" level="INFO">Current page contains element 'id:searchInput'.</msg>
<status status="PASS" starttime="20250923 10:21:10.713" endtime="20250923 10:21:10.717"/>
</kw>
<kw name="Page Should Contain Element" library="SeleniumLibrary">
<arg>${DEPENDENCY_TABLE}</arg>
<doc>Verifies that element ``locator`` is found on the current page.</doc>
<msg timestamp="20250923 10:21:10.722" level="INFO">Current page contains element 'css:.dependencies-table'.</msg>
<status status="PASS" starttime="20250923 10:21:10.717" endtime="20250923 10:21:10.722"/>
</kw>
<kw name="Verify DepFlow Dashboard Logo Present" library="depflow_keywords">
<doc>Verifies DepFlow logo is present on dashboard page</doc>
<kw name="Get WebElements" library="SeleniumLibrary">
<var>${visible_logos}</var>
<arg>xpath://div[contains(@class, 'depflow-logo') and not(contains(@style, 'display: none'))]</arg>
<doc>Returns a list of WebElement objects matching the ``locator``.</doc>
<msg timestamp="20250923 10:21:10.727" level="INFO">${visible_logos} = [&lt;selenium.webdriver.remote.webelement.WebElement (session="3362b5d3bda5034eedd44898a994597f", element="f.94DA370CA1BB7ED82689ADD50EC595EA.d.149507049E12CA7F24883B660B0EB044.e.38")&gt;, &lt;selenium.webdriv...</msg>
<status status="PASS" starttime="20250923 10:21:10.722" endtime="20250923 10:21:10.727"/>
</kw>
<kw name="Get Length" library="BuiltIn">
<var>${count}</var>
<arg>${visible_logos}</arg>
<doc>Returns and logs the length of the given item as an integer.</doc>
<msg timestamp="20250923 10:21:10.727" level="INFO">Length is 2</msg>
<msg timestamp="20250923 10:21:10.727" level="INFO">${count} = 2</msg>
<status status="PASS" starttime="20250923 10:21:10.727" endtime="20250923 10:21:10.727"/>
</kw>
<kw name="Should Be True" library="BuiltIn">
<arg>${count} &gt; 0</arg>
<arg>No visible DepFlow logo found on dashboard</arg>
<doc>Fails if the given condition is not true.</doc>
<status status="PASS" starttime="20250923 10:21:10.727" endtime="20250923 10:21:10.728"/>
</kw>
<status status="PASS" starttime="20250923 10:21:10.722" endtime="20250923 10:21:10.728"/>
</kw>
<kw name="Test Mode Test Teardown" library="depflow_keywords" type="TEARDOWN">
<doc>Individual test teardown using test mode</doc>
<kw name="Test Mode Reset" library="depflow_keywords">
<doc>Complete app state reset for clean test environment</doc>
<kw name="Execute Javascript" library="SeleniumLibrary">
<arg>if (typeof window.DepFlow.testModeReset === 'function') {</arg>
<arg>window.DepFlow.testModeReset();</arg>
<arg>} else {</arg>
<arg>console.error('Test mode reset function not available');</arg>
<arg>}</arg>
<doc>Executes the given JavaScript code with possible arguments.</doc>
<msg timestamp="20250923 10:21:10.728" level="INFO">Executing JavaScript:
if (typeof window.DepFlow.testModeReset === 'function') {window.DepFlow.testModeReset();} else {console.error('Test mode reset function not available');}
Without any arguments.</msg>
<status status="PASS" starttime="20250923 10:21:10.728" endtime="20250923 10:21:10.731"/>
</kw>
<kw name="Sleep" library="BuiltIn">
<arg>1s</arg>
<doc>Pauses the test executed for the given time.</doc>
<msg timestamp="20250923 10:21:11.732" level="INFO">Slept 1 second</msg>
<status status="PASS" starttime="20250923 10:21:10.731" endtime="20250923 10:21:11.732"/>
</kw>
<kw name="Log" library="BuiltIn">
<arg>Test Mode Reset Completed</arg>
<doc>Logs the given message with the given level.</doc>
<msg timestamp="20250923 10:21:11.733" level="INFO">Test Mode Reset Completed</msg>
<status status="PASS" starttime="20250923 10:21:11.733" endtime="20250923 10:21:11.733"/>
</kw>
<status status="PASS" starttime="20250923 10:21:10.728" endtime="20250923 10:21:11.733"/>
</kw>
<status status="PASS" starttime="20250923 10:21:10.728" endtime="20250923 10:21:11.733"/>
</kw>
<doc>Verify all dashboard elements are present after login</doc>
<tag>dashboard</tag>
<tag>smoke</tag>
<tag>ui</tag>
<status status="PASS" starttime="20250923 10:21:06.644" endtime="20250923 10:21:11.733"/>
</test>
<test id="s1-t2" name="TC014 - Open Add Dependency Modal" line="37">
<kw name="Test Mode Test Setup" library="depflow_keywords" type="SETUP">
<doc>Individual test setup using test mode</doc>
<kw name="Test Mode Reset" library="depflow_keywords">
<doc>Complete app state reset for clean test environment</doc>
<kw name="Execute Javascript" library="SeleniumLibrary">
<arg>if (typeof window.DepFlow.testModeReset === 'function') {</arg>
<arg>window.DepFlow.testModeReset();</arg>
<arg>} else {</arg>
<arg>console.error('Test mode reset function not available');</arg>
<arg>}</arg>
<doc>Executes the given JavaScript code with possible arguments.</doc>
<msg timestamp="20250923 10:21:11.735" level="INFO">Executing JavaScript:
if (typeof window.DepFlow.testModeReset === 'function') {window.DepFlow.testModeReset();} else {console.error('Test mode reset function not available');}
Without any arguments.</msg>
<status status="PASS" starttime="20250923 10:21:11.735" endtime="20250923 10:21:11.740"/>
</kw>
<kw name="Sleep" library="BuiltIn">
<arg>1s</arg>
<doc>Pauses the test executed for the given time.</doc>
<msg timestamp="20250923 10:21:12.740" level="INFO">Slept 1 second</msg>
<status status="PASS" starttime="20250923 10:21:11.740" endtime="20250923 10:21:12.741"/>
</kw>
<kw name="Log" library="BuiltIn">
<arg>Test Mode Reset Completed</arg>
<doc>Logs the given message with the given level.</doc>
<msg timestamp="20250923 10:21:12.741" level="INFO">Test Mode Reset Completed</msg>
<status status="PASS" starttime="20250923 10:21:12.741" endtime="20250923 10:21:12.741"/>
</kw>
<status status="PASS" starttime="20250923 10:21:11.735" endtime="20250923 10:21:12.741"/>
</kw>
<kw name="Test Mode Admin Login" library="depflow_keywords">
<doc>Quick admin login using test mode</doc>
<kw name="Test Mode Login" library="depflow_keywords">
<arg>admin</arg>
<doc>Login using test mode bypass - no modal interaction required</doc>
<kw name="Wait Until Page Contains Element" library="SeleniumLibrary">
<arg>${LANDING_PAGE_LOGO}</arg>
<arg>timeout=10s</arg>
<doc>Waits until the element ``locator`` appears on the current page.</doc>
<status status="PASS" starttime="20250923 10:21:12.742" endtime="20250923 10:21:12.751"/>
</kw>
<kw name="Sleep" library="BuiltIn">
<arg>1s</arg>
<doc>Pauses the test executed for the given time.</doc>
<msg timestamp="20250923 10:21:13.752" level="INFO">Slept 1 second</msg>
<status status="PASS" starttime="20250923 10:21:12.751" endtime="20250923 10:21:13.753"/>
</kw>
<kw name="Execute Javascript" library="SeleniumLibrary">
<arg>if (typeof window.DepFlow.testModeLogin === 'function') {</arg>
<arg>window.DepFlow.testModeLogin('${user_type}');</arg>
<arg>} else {</arg>
<arg>console.error('Test mode login function not available');</arg>
<arg>}</arg>
<doc>Executes the given JavaScript code with possible arguments.</doc>
<msg timestamp="20250923 10:21:13.753" level="INFO">Executing JavaScript:
if (typeof window.DepFlow.testModeLogin === 'function') {window.DepFlow.testModeLogin('admin');} else {console.error('Test mode login function not available');}
Without any arguments.</msg>
<status status="PASS" starttime="20250923 10:21:13.753" endtime="20250923 10:21:13.763"/>
</kw>
<kw name="Sleep" library="BuiltIn">
<arg>2s</arg>
<doc>Pauses the test executed for the given time.</doc>
<msg timestamp="20250923 10:21:15.765" level="INFO">Slept 2 seconds</msg>
<status status="PASS" starttime="20250923 10:21:13.763" endtime="20250923 10:21:15.765"/>
</kw>
<kw name="Wait Until Element Is Visible" library="SeleniumLibrary">
<arg>${DASHBOARD_PAGE}</arg>
<arg>timeout=10s</arg>
<doc>Waits until the element ``locator`` is visible.</doc>
<status status="PASS" starttime="20250923 10:21:15.766" endtime="20250923 10:21:15.779"/>
</kw>
<kw name="Wait Until Element Is Visible" library="SeleniumLibrary">
<arg>${USER_PANEL}</arg>
<arg>timeout=5s</arg>
<doc>Waits until the element ``locator`` is visible.</doc>
<status status="PASS" starttime="20250923 10:21:15.779" endtime="20250923 10:21:15.788"/>
</kw>
<kw name="Log" library="BuiltIn">
<arg>Test Mode Login Completed for ${user_type}</arg>
<doc>Logs the given message with the given level.</doc>
<msg timestamp="20250923 10:21:15.789" level="INFO">Test Mode Login Completed for admin</msg>
<status status="PASS" starttime="20250923 10:21:15.789" endtime="20250923 10:21:15.789"/>
</kw>
<status status="PASS" starttime="20250923 10:21:12.742" endtime="20250923 10:21:15.789"/>
</kw>
<status status="PASS" starttime="20250923 10:21:12.742" endtime="20250923 10:21:15.789"/>
</kw>
<status status="PASS" starttime="20250923 10:21:11.734" endtime="20250923 10:21:15.789"/>
</kw>
<kw name="Ensure All Modals Closed" library="depflow_keywords">
<doc>Ensures all modals are closed before proceeding</doc>
<kw name="Execute Javascript" library="SeleniumLibrary">
<arg>if (typeof closeLoginModal === 'function') { closeLoginModal(); }</arg>
<arg>if (typeof closeAddDependencyModal === 'function') { closeAddDependencyModal(); }</arg>
<arg>if (typeof closeEditDependencyModal === 'function') { closeEditDependencyModal(); }</arg>
<doc>Executes the given JavaScript code with possible arguments.</doc>
<msg timestamp="20250923 10:21:15.789" level="INFO">Executing JavaScript:
if (typeof closeLoginModal === 'function') { closeLoginModal(); }if (typeof closeAddDependencyModal === 'function') { closeAddDependencyModal(); }if (typeof closeEditDependencyModal === 'function') { closeEditDependencyModal(); }
Without any arguments.</msg>
<status status="PASS" starttime="20250923 10:21:15.789" endtime="20250923 10:21:15.792"/>
</kw>
<kw name="Execute Javascript" library="SeleniumLibrary">
<arg>document.querySelectorAll('.modal').forEach(modal =&gt; {</arg>
<arg>modal.style.display = 'none';</arg>
<arg>modal.classList.remove('show');</arg>
<arg>});</arg>
<doc>Executes the given JavaScript code with possible arguments.</doc>
<msg timestamp="20250923 10:21:15.793" level="INFO">Executing JavaScript:
document.querySelectorAll('.modal').forEach(modal =&gt; {modal.style.display = 'none';modal.classList.remove('show');});
Without any arguments.</msg>
<status status="PASS" starttime="20250923 10:21:15.792" endtime="20250923 10:21:15.795"/>
</kw>
<kw name="Run Keyword And Ignore Error" library="BuiltIn">
<arg>Press Keys</arg>
<arg>None</arg>
<arg>ESCAPE</arg>
<doc>Runs the given keyword with the given arguments and ignores possible error.</doc>
<kw name="Press Keys" library="SeleniumLibrary">
<arg>None</arg>
<arg>ESCAPE</arg>
<doc>Simulates the user pressing key(s) to an element or on the active browser.</doc>
<msg timestamp="20250923 10:21:15.796" level="INFO">Sending key(s) ('ESCAPE',) to page.</msg>
<msg timestamp="20250923 10:21:15.796" level="INFO">Pressing special key ESCAPE to browser.</msg>
<msg timestamp="20250923 10:21:15.796" level="INFO">Releasing special key ESCAPE.</msg>
<status status="PASS" starttime="20250923 10:21:15.796" endtime="20250923 10:21:15.805"/>
</kw>
<status status="PASS" starttime="20250923 10:21:15.795" endtime="20250923 10:21:15.805"/>
</kw>
<kw name="Sleep" library="BuiltIn">
<arg>1s</arg>
<doc>Pauses the test executed for the given time.</doc>
<msg timestamp="20250923 10:21:16.806" level="INFO">Slept 1 second</msg>
<status status="PASS" starttime="20250923 10:21:15.805" endtime="20250923 10:21:16.806"/>
</kw>
<status status="PASS" starttime="20250923 10:21:15.789" endtime="20250923 10:21:16.806"/>
</kw>
<kw name="Sleep" library="BuiltIn">
<arg>1s</arg>
<doc>Pauses the test executed for the given time.</doc>
<msg timestamp="20250923 10:21:17.808" level="INFO">Slept 1 second</msg>
<status status="PASS" starttime="20250923 10:21:16.807" endtime="20250923 10:21:17.808"/>
</kw>
<kw name="Click Element" library="SeleniumLibrary">
<arg>${ADD_DEPENDENCY_BUTTON}</arg>
<doc>Click the element identified by ``locator``.</doc>
<msg timestamp="20250923 10:21:17.810" level="INFO">Clicking element 'xpath://button[contains(@onclick, 'showAddDependencyModal')]'.</msg>
<status status="PASS" starttime="20250923 10:21:17.809" endtime="20250923 10:21:17.880"/>
</kw>
<kw name="Wait Until Element Is Visible" library="SeleniumLibrary">
<arg>${ADD_EDIT_MODAL}</arg>
<arg>timeout=10s</arg>
<doc>Waits until the element ``locator`` is visible.</doc>
<status status="PASS" starttime="20250923 10:21:17.880" endtime="20250923 10:21:17.889"/>
</kw>
<kw name="Element Should Be Visible" library="SeleniumLibrary">
<arg>${DEP_NAME_FIELD}</arg>
<doc>Verifies that the element identified by ``locator`` is visible.</doc>
<msg timestamp="20250923 10:21:17.899" level="INFO">Element 'id:addName' is displayed.</msg>
<status status="PASS" starttime="20250923 10:21:17.889" endtime="20250923 10:21:17.899"/>
</kw>
<kw name="Element Should Be Visible" library="SeleniumLibrary">
<arg>${DEP_DESCRIPTION_FIELD}</arg>
<doc>Verifies that the element identified by ``locator`` is visible.</doc>
<msg timestamp="20250923 10:21:17.908" level="INFO">Element 'id:addDescription' is displayed.</msg>
<status status="PASS" starttime="20250923 10:21:17.899" endtime="20250923 10:21:17.908"/>
</kw>
<kw name="Element Should Be Visible" library="SeleniumLibrary">
<arg>${DEP_TEAM_SELECT}</arg>
<doc>Verifies that the element identified by ``locator`` is visible.</doc>
<msg timestamp="20250923 10:21:17.916" level="INFO">Element 'id:addTeam' is displayed.</msg>
<status status="PASS" starttime="20250923 10:21:17.908" endtime="20250923 10:21:17.916"/>
</kw>
<kw name="Element Should Be Visible" library="SeleniumLibrary">
<arg>${DEP_STATUS_SELECT}</arg>
<doc>Verifies that the element identified by ``locator`` is visible.</doc>
<msg timestamp="20250923 10:21:17.924" level="INFO">Element 'id:addStatus' is displayed.</msg>
<status status="PASS" starttime="20250923 10:21:17.916" endtime="20250923 10:21:17.924"/>
</kw>
<kw name="Element Should Be Visible" library="SeleniumLibrary">
<arg>${ADD_BUTTON}</arg>
<doc>Verifies that the element identified by ``locator`` is visible.</doc>
<msg timestamp="20250923 10:21:17.934" level="INFO">Element 'xpath://button[@type='submit' and contains(@class, 'btn-add')]' is displayed.</msg>
<status status="PASS" starttime="20250923 10:21:17.925" endtime="20250923 10:21:17.934"/>
</kw>
<kw name="Element Should Be Visible" library="SeleniumLibrary">
<arg>${CANCEL_BUTTON}</arg>
<doc>Verifies that the element identified by ``locator`` is visible.</doc>
<msg timestamp="20250923 10:21:17.945" level="INFO">Element 'xpath://button[contains(@class, 'btn-cancel')]' is displayed.</msg>
<status status="PASS" starttime="20250923 10:21:17.934" endtime="20250923 10:21:17.945"/>
</kw>
<kw name="Test Mode Test Teardown" library="depflow_keywords" type="TEARDOWN">
<doc>Individual test teardown using test mode</doc>
<kw name="Test Mode Reset" library="depflow_keywords">
<doc>Complete app state reset for clean test environment</doc>
<kw name="Execute Javascript" library="SeleniumLibrary">
<arg>if (typeof window.DepFlow.testModeReset === 'function') {</arg>
<arg>window.DepFlow.testModeReset();</arg>
<arg>} else {</arg>
<arg>console.error('Test mode reset function not available');</arg>
<arg>}</arg>
<doc>Executes the given JavaScript code with possible arguments.</doc>
<msg timestamp="20250923 10:21:17.946" level="INFO">Executing JavaScript:
if (typeof window.DepFlow.testModeReset === 'function') {window.DepFlow.testModeReset();} else {console.error('Test mode reset function not available');}
Without any arguments.</msg>
<status status="PASS" starttime="20250923 10:21:17.946" endtime="20250923 10:21:17.948"/>
</kw>
<kw name="Sleep" library="BuiltIn">
<arg>1s</arg>
<doc>Pauses the test executed for the given time.</doc>
<msg timestamp="20250923 10:21:18.950" level="INFO">Slept 1 second</msg>
<status status="PASS" starttime="20250923 10:21:17.948" endtime="20250923 10:21:18.951"/>
</kw>
<kw name="Log" library="BuiltIn">
<arg>Test Mode Reset Completed</arg>
<doc>Logs the given message with the given level.</doc>
<msg timestamp="20250923 10:21:18.951" level="INFO">Test Mode Reset Completed</msg>
<status status="PASS" starttime="20250923 10:21:18.951" endtime="20250923 10:21:18.951"/>
</kw>
<status status="PASS" starttime="20250923 10:21:17.945" endtime="20250923 10:21:18.951"/>
</kw>
<status status="PASS" starttime="20250923 10:21:17.945" endtime="20250923 10:21:18.951"/>
</kw>
<doc>Test opening the Add Dependency modal</doc>
<tag>modal</tag>
<tag>smoke</tag>
<tag>ui</tag>
<status status="PASS" starttime="20250923 10:21:11.734" endtime="20250923 10:21:18.951"/>
</test>
<test id="s1-t3" name="TC015 - Add New Dependency Successfully" line="52">
<kw name="Test Mode Test Setup" library="depflow_keywords" type="SETUP">
<doc>Individual test setup using test mode</doc>
<kw name="Test Mode Reset" library="depflow_keywords">
<doc>Complete app state reset for clean test environment</doc>
<kw name="Execute Javascript" library="SeleniumLibrary">
<arg>if (typeof window.DepFlow.testModeReset === 'function') {</arg>
<arg>window.DepFlow.testModeReset();</arg>
<arg>} else {</arg>
<arg>console.error('Test mode reset function not available');</arg>
<arg>}</arg>
<doc>Executes the given JavaScript code with possible arguments.</doc>
<msg timestamp="20250923 10:21:18.954" level="INFO">Executing JavaScript:
if (typeof window.DepFlow.testModeReset === 'function') {window.DepFlow.testModeReset();} else {console.error('Test mode reset function not available');}
Without any arguments.</msg>
<status status="PASS" starttime="20250923 10:21:18.954" endtime="20250923 10:21:18.959"/>
</kw>
<kw name="Sleep" library="BuiltIn">
<arg>1s</arg>
<doc>Pauses the test executed for the given time.</doc>
<msg timestamp="20250923 10:21:19.962" level="INFO">Slept 1 second</msg>
<status status="PASS" starttime="20250923 10:21:18.960" endtime="20250923 10:21:19.964"/>
</kw>
<kw name="Log" library="BuiltIn">
<arg>Test Mode Reset Completed</arg>
<doc>Logs the given message with the given level.</doc>
<msg timestamp="20250923 10:21:19.966" level="INFO">Test Mode Reset Completed</msg>
<status status="PASS" starttime="20250923 10:21:19.966" endtime="20250923 10:21:19.966"/>
</kw>
<status status="PASS" starttime="20250923 10:21:18.954" endtime="20250923 10:21:19.967"/>
</kw>
<kw name="Test Mode Admin Login" library="depflow_keywords">
<doc>Quick admin login using test mode</doc>
<kw name="Test Mode Login" library="depflow_keywords">
<arg>admin</arg>
<doc>Login using test mode bypass - no modal interaction required</doc>
<kw name="Wait Until Page Contains Element" library="SeleniumLibrary">
<arg>${LANDING_PAGE_LOGO}</arg>
<arg>timeout=10s</arg>
<doc>Waits until the element ``locator`` appears on the current page.</doc>
<status status="PASS" starttime="20250923 10:21:19.995" endtime="20250923 10:21:20.001"/>
</kw>
<kw name="Sleep" library="BuiltIn">
<arg>1s</arg>
<doc>Pauses the test executed for the given time.</doc>
<msg timestamp="20250923 10:21:21.003" level="INFO">Slept 1 second</msg>
<status status="PASS" starttime="20250923 10:21:20.001" endtime="20250923 10:21:21.003"/>
</kw>
<kw name="Execute Javascript" library="SeleniumLibrary">
<arg>if (typeof window.DepFlow.testModeLogin === 'function') {</arg>
<arg>window.DepFlow.testModeLogin('${user_type}');</arg>
<arg>} else {</arg>
<arg>console.error('Test mode login function not available');</arg>
<arg>}</arg>
<doc>Executes the given JavaScript code with possible arguments.</doc>
<msg timestamp="20250923 10:21:21.004" level="INFO">Executing JavaScript:
if (typeof window.DepFlow.testModeLogin === 'function') {window.DepFlow.testModeLogin('admin');} else {console.error('Test mode login function not available');}
Without any arguments.</msg>
<status status="PASS" starttime="20250923 10:21:21.003" endtime="20250923 10:21:21.014"/>
</kw>
<kw name="Sleep" library="BuiltIn">
<arg>2s</arg>
<doc>Pauses the test executed for the given time.</doc>
<msg timestamp="20250923 10:21:23.016" level="INFO">Slept 2 seconds</msg>
<status status="PASS" starttime="20250923 10:21:21.014" endtime="20250923 10:21:23.016"/>
</kw>
<kw name="Wait Until Element Is Visible" library="SeleniumLibrary">
<arg>${DASHBOARD_PAGE}</arg>
<arg>timeout=10s</arg>
<doc>Waits until the element ``locator`` is visible.</doc>
<status status="PASS" starttime="20250923 10:21:23.016" endtime="20250923 10:21:23.031"/>
</kw>
<kw name="Wait Until Element Is Visible" library="SeleniumLibrary">
<arg>${USER_PANEL}</arg>
<arg>timeout=5s</arg>
<doc>Waits until the element ``locator`` is visible.</doc>
<status status="PASS" starttime="20250923 10:21:23.032" endtime="20250923 10:21:23.041"/>
</kw>
<kw name="Log" library="BuiltIn">
<arg>Test Mode Login Completed for ${user_type}</arg>
<doc>Logs the given message with the given level.</doc>
<msg timestamp="20250923 10:21:23.042" level="INFO">Test Mode Login Completed for admin</msg>
<status status="PASS" starttime="20250923 10:21:23.042" endtime="20250923 10:21:23.042"/>
</kw>
<status status="PASS" starttime="20250923 10:21:19.991" endtime="20250923 10:21:23.042"/>
</kw>
<status status="PASS" starttime="20250923 10:21:19.974" endtime="20250923 10:21:23.042"/>
</kw>
<status status="PASS" starttime="20250923 10:21:18.953" endtime="20250923 10:21:23.042"/>
</kw>
<kw name="Generate Test Data" library="depflow_keywords">
<var>${unique_name}</var>
<arg>CreateTest</arg>
<doc>Generates unique test data for test runs</doc>
<kw name="Get Current Date" library="DateTime">
<var>${timestamp}</var>
<arg>result_format=%Y%m%d_%H%M%S</arg>
<doc>Returns current local or UTC time with an optional increment.</doc>
<msg timestamp="20250923 10:21:23.043" level="INFO">${timestamp} = 20250923_102123</msg>
<status status="PASS" starttime="20250923 10:21:23.043" endtime="20250923 10:21:23.043"/>
</kw>
<kw name="Set Variable" library="BuiltIn">
<var>${unique_name}</var>
<arg>${prefix}_${timestamp}</arg>
<doc>Returns the given values which can then be assigned to a variables.</doc>
<msg timestamp="20250923 10:21:23.043" level="INFO">${unique_name} = CreateTest_20250923_102123</msg>
<status status="PASS" starttime="20250923 10:21:23.043" endtime="20250923 10:21:23.044"/>
</kw>
<msg timestamp="20250923 10:21:23.044" level="INFO">${unique_name} = CreateTest_20250923_102123</msg>
<status status="PASS" starttime="20250923 10:21:23.043" endtime="20250923 10:21:23.044"/>
</kw>
<kw name="Set Variable" library="BuiltIn">
<var>${description}</var>
<arg>Test dependency created by Robot Framework automation</arg>
<doc>Returns the given values which can then be assigned to a variables.</doc>
<msg timestamp="20250923 10:21:23.044" level="INFO">${description} = Test dependency created by Robot Framework automation</msg>
<status status="PASS" starttime="20250923 10:21:23.044" endtime="20250923 10:21:23.044"/>
</kw>
<kw name="Add New Dependency" library="depflow_keywords">
<arg>${unique_name}</arg>
<arg>${description}</arg>
<arg>${TEST_DEP_TEAM}</arg>
<arg>${TEST_DEP_STATUS}</arg>
<arg>${TEST_DEP_PRIORITY}</arg>
<doc>Adds a new dependency with provided details (updated for current app version)</doc>
<kw name="Wait Until Element Is Visible" library="SeleniumLibrary">
<arg>${ADD_DEPENDENCY_BUTTON}</arg>
<arg>timeout=10s</arg>
<doc>Waits until the element ``locator`` is visible.</doc>
<status status="PASS" starttime="20250923 10:21:23.046" endtime="20250923 10:21:23.055"/>
</kw>
<kw name="Click Element" library="SeleniumLibrary">
<arg>${ADD_DEPENDENCY_BUTTON}</arg>
<doc>Click the element identified by ``locator``.</doc>
<msg timestamp="20250923 10:21:23.056" level="INFO">Clicking element 'xpath://button[contains(@onclick, 'showAddDependencyModal')]'.</msg>
<status status="PASS" starttime="20250923 10:21:23.055" endtime="20250923 10:21:23.082"/>
</kw>
<kw name="Wait Until Element Is Visible" library="SeleniumLibrary">
<arg>${ADD_EDIT_MODAL}</arg>
<arg>timeout=10s</arg>
<doc>Waits until the element ``locator`` is visible.</doc>
<status status="PASS" starttime="20250923 10:21:23.082" endtime="20250923 10:21:23.305"/>
</kw>
<kw name="Wait Until Element Is Visible" library="SeleniumLibrary">
<arg>${DEP_NAME_FIELD}</arg>
<arg>timeout=5s</arg>
<doc>Waits until the element ``locator`` is visible.</doc>
<status status="PASS" starttime="20250923 10:21:23.305" endtime="20250923 10:21:23.315"/>
</kw>
<kw name="Wait Until Element Is Visible" library="SeleniumLibrary">
<arg>${DEP_DESCRIPTION_FIELD}</arg>
<arg>timeout=5s</arg>
<doc>Waits until the element ``locator`` is visible.</doc>
<status status="PASS" starttime="20250923 10:21:23.315" endtime="20250923 10:21:23.324"/>
</kw>
<kw name="Wait Until Element Is Visible" library="SeleniumLibrary">
<arg>${DEP_TEAM_SELECT}</arg>
<arg>timeout=5s</arg>
<doc>Waits until the element ``locator`` is visible.</doc>
<status status="PASS" starttime="20250923 10:21:23.324" endtime="20250923 10:21:23.332"/>
</kw>
<kw name="Input Text" library="SeleniumLibrary">
<arg>${DEP_NAME_FIELD}</arg>
<arg>${name}</arg>
<doc>Types the given ``text`` into the text field identified by ``locator``.</doc>
<msg timestamp="20250923 10:21:23.332" level="INFO">Typing text 'CreateTest_20250923_102123' into text field 'id:addName'.</msg>
<status status="PASS" starttime="20250923 10:21:23.332" endtime="20250923 10:21:23.446"/>
</kw>
<kw name="Input Text" library="SeleniumLibrary">
<arg>${DEP_DESCRIPTION_FIELD}</arg>
<arg>${description}</arg>
<doc>Types the given ``text`` into the text field identified by ``locator``.</doc>
<msg timestamp="20250923 10:21:23.446" level="INFO">Typing text 'Test dependency created by Robot Framework automation' into text field 'id:addDescription'.</msg>
<status status="PASS" starttime="20250923 10:21:23.446" endtime="20250923 10:21:23.485"/>
</kw>
<kw name="Select From List By Label" library="SeleniumLibrary">
<arg>${DEP_TEAM_SELECT}</arg>
<arg>${team}</arg>
<doc>Selects options from selection list ``locator`` by ``labels``.</doc>
<msg timestamp="20250923 10:21:23.486" level="INFO">Selecting options from selection list 'id:addTeam' by label Quality Flow.</msg>
<status status="PASS" starttime="20250923 10:21:23.486" endtime="20250923 10:21:23.527"/>
</kw>
<kw name="Select From List By Value" library="SeleniumLibrary">
<arg>${DEP_STATUS_SELECT}</arg>
<arg>${status}</arg>
<doc>Selects options from selection list ``locator`` by ``values``.</doc>
<msg timestamp="20250923 10:21:23.527" level="INFO">Selecting options from selection list 'id:addStatus' by value NOT STARTED.</msg>
<status status="PASS" starttime="20250923 10:21:23.527" endtime="20250923 10:21:23.544"/>
</kw>
<kw name="Select From List By Value" library="SeleniumLibrary">
<arg>${DEP_PRIORITY_SELECT}</arg>
<arg>${priority}</arg>
<doc>Selects options from selection list ``locator`` by ``values``.</doc>
<msg timestamp="20250923 10:21:23.544" level="INFO">Selecting options from selection list 'id:addPriority' by value MEDIUM.</msg>
<status status="PASS" starttime="20250923 10:21:23.544" endtime="20250923 10:21:23.563"/>
</kw>
<kw name="Run Keyword If" library="BuiltIn">
<arg>'${jira}' != '${EMPTY}'</arg>
<arg>Input Text</arg>
<arg>${DEP_JIRA_FIELD}</arg>
<arg>${jira}</arg>
<doc>Runs the given keyword with the given arguments, if ``condition`` is true.</doc>
<status status="PASS" starttime="20250923 10:21:23.563" endtime="20250923 10:21:23.564"/>
</kw>
<kw name="Wait Until Element Is Visible" library="SeleniumLibrary">
<arg>${ADD_BUTTON}</arg>
<arg>timeout=5s</arg>
<doc>Waits until the element ``locator`` is visible.</doc>
<status status="PASS" starttime="20250923 10:21:23.564" endtime="20250923 10:21:23.571"/>
</kw>
<kw name="Click Element" library="SeleniumLibrary">
<arg>${ADD_BUTTON}</arg>
<doc>Click the element identified by ``locator``.</doc>
<msg timestamp="20250923 10:21:23.572" level="INFO">Clicking element 'xpath://button[@type='submit' and contains(@class, 'btn-add')]'.</msg>
<status status="PASS" starttime="20250923 10:21:23.572" endtime="20250923 10:21:23.604"/>
</kw>
<kw name="Wait Until Element Is Not Visible" library="SeleniumLibrary">
<arg>${ADD_EDIT_MODAL}</arg>
<arg>timeout=15s</arg>
<doc>Waits until the element ``locator`` is not visible.</doc>
<status status="PASS" starttime="20250923 10:21:23.604" endtime="20250923 10:21:23.615"/>
</kw>
<kw name="Sleep" library="BuiltIn">
<arg>2s</arg>
<doc>Pauses the test executed for the given time.</doc>
<msg timestamp="20250923 10:21:25.617" level="INFO">Slept 2 seconds</msg>
<status status="PASS" starttime="20250923 10:21:23.615" endtime="20250923 10:21:25.618"/>
</kw>
<status status="PASS" starttime="20250923 10:21:23.044" endtime="20250923 10:21:25.618"/>
</kw>
<kw name="Verify Dependency Exists" library="depflow_keywords">
<arg>${unique_name}</arg>
<doc>Verifies that a dependency exists in the dependencies container</doc>
<kw name="Wait Until Page Contains Element" library="SeleniumLibrary">
<arg>xpath://div[@class='dependency-name' and contains(text(), '${dependency_name}')]</arg>
<arg>timeout=10s</arg>
<doc>Waits until the element ``locator`` appears on the current page.</doc>
<status status="PASS" starttime="20250923 10:21:25.618" endtime="20250923 10:21:25.630"/>
</kw>
<status status="PASS" starttime="20250923 10:21:25.618" endtime="20250923 10:21:25.630"/>
</kw>
<kw name="Verify Notification Message" library="depflow_keywords">
<arg>successfully</arg>
<doc>Verifies notification message appears</doc>
<kw name="Wait Until Element Is Visible" library="SeleniumLibrary">
<arg>${NOTIFICATION}</arg>
<arg>timeout=5s</arg>
<doc>Waits until the element ``locator`` is visible.</doc>
<status status="PASS" starttime="20250923 10:21:25.630" endtime="20250923 10:21:25.643"/>
</kw>
<kw name="Get Text" library="SeleniumLibrary">
<var>${actual_message}</var>
<arg>${NOTIFICATION}</arg>
<doc>Returns the text value of the element identified by ``locator``.</doc>
<msg timestamp="20250923 10:21:25.655" level="INFO">${actual_message} = ✅ Dependency "" created successfully!
×</msg>
<status status="PASS" starttime="20250923 10:21:25.643" endtime="20250923 10:21:25.655"/>
</kw>
<kw name="Should Contain" library="BuiltIn">
<arg>${actual_message}</arg>
<arg>${expected_message}</arg>
<doc>Fails if ``container`` does not contain ``item`` one or more times.</doc>
<status status="PASS" starttime="20250923 10:21:25.655" endtime="20250923 10:21:25.655"/>
</kw>
<status status="PASS" starttime="20250923 10:21:25.630" endtime="20250923 10:21:25.655"/>
</kw>
<kw name="Page Should Contain" library="SeleniumLibrary">
<arg>${unique_name}</arg>
<doc>Verifies that current page contains ``text``.</doc>
<msg timestamp="20250923 10:21:25.662" level="INFO">Current page contains text 'CreateTest_20250923_102123'.</msg>
<status status="PASS" starttime="20250923 10:21:25.656" endtime="20250923 10:21:25.662"/>
</kw>
<kw name="Page Should Contain" library="SeleniumLibrary">
<arg>${description}</arg>
<doc>Verifies that current page contains ``text``.</doc>
<msg timestamp="20250923 10:21:25.669" level="INFO">Current page contains text 'Test dependency created by Robot Framework automation'.</msg>
<status status="PASS" starttime="20250923 10:21:25.663" endtime="20250923 10:21:25.669"/>
</kw>
<kw name="Page Should Contain" library="SeleniumLibrary">
<arg>${TEST_DEP_TEAM}</arg>
<doc>Verifies that current page contains ``text``.</doc>
<msg timestamp="20250923 10:21:25.675" level="INFO">Current page contains text 'Quality Flow'.</msg>
<status status="PASS" starttime="20250923 10:21:25.669" endtime="20250923 10:21:25.675"/>
</kw>
<kw name="Test Mode Test Teardown" library="depflow_keywords" type="TEARDOWN">
<doc>Individual test teardown using test mode</doc>
<kw name="Test Mode Reset" library="depflow_keywords">
<doc>Complete app state reset for clean test environment</doc>
<kw name="Execute Javascript" library="SeleniumLibrary">
<arg>if (typeof window.DepFlow.testModeReset === 'function') {</arg>
<arg>window.DepFlow.testModeReset();</arg>
<arg>} else {</arg>
<arg>console.error('Test mode reset function not available');</arg>
<arg>}</arg>
<doc>Executes the given JavaScript code with possible arguments.</doc>
<msg timestamp="20250923 10:21:25.676" level="INFO">Executing JavaScript:
if (typeof window.DepFlow.testModeReset === 'function') {window.DepFlow.testModeReset();} else {console.error('Test mode reset function not available');}
Without any arguments.</msg>
<status status="PASS" starttime="20250923 10:21:25.676" endtime="20250923 10:21:25.679"/>
</kw>
<kw name="Sleep" library="BuiltIn">
<arg>1s</arg>
<doc>Pauses the test executed for the given time.</doc>
<msg timestamp="20250923 10:21:26.681" level="INFO">Slept 1 second</msg>
<status status="PASS" starttime="20250923 10:21:25.680" endtime="20250923 10:21:26.681"/>
</kw>
<kw name="Log" library="BuiltIn">
<arg>Test Mode Reset Completed</arg>
<doc>Logs the given message with the given level.</doc>
<msg timestamp="20250923 10:21:26.682" level="INFO">Test Mode Reset Completed</msg>
<status status="PASS" starttime="20250923 10:21:26.682" endtime="20250923 10:21:26.682"/>
</kw>
<status status="PASS" starttime="20250923 10:21:25.676" endtime="20250923 10:21:26.682"/>
</kw>
<status status="PASS" starttime="20250923 10:21:25.675" endtime="20250923 10:21:26.682"/>
</kw>
<doc>Test successful creation of a new dependency</doc>
<tag>create</tag>
<tag>crud</tag>
<tag>smoke</tag>
<status status="PASS" starttime="20250923 10:21:18.952" endtime="20250923 10:21:26.682"/>
</test>
<test id="s1-t4" name="TC016 - Add Dependency With Minimal Required Fields" line="70">
<kw name="Test Mode Test Setup" library="depflow_keywords" type="SETUP">
<doc>Individual test setup using test mode</doc>
<kw name="Test Mode Reset" library="depflow_keywords">
<doc>Complete app state reset for clean test environment</doc>
<kw name="Execute Javascript" library="SeleniumLibrary">
<arg>if (typeof window.DepFlow.testModeReset === 'function') {</arg>
<arg>window.DepFlow.testModeReset();</arg>
<arg>} else {</arg>
<arg>console.error('Test mode reset function not available');</arg>
<arg>}</arg>
<doc>Executes the given JavaScript code with possible arguments.</doc>
<msg timestamp="20250923 10:21:26.685" level="INFO">Executing JavaScript:
if (typeof window.DepFlow.testModeReset === 'function') {window.DepFlow.testModeReset();} else {console.error('Test mode reset function not available');}
Without any arguments.</msg>
<status status="PASS" starttime="20250923 10:21:26.684" endtime="20250923 10:21:26.690"/>
</kw>
<kw name="Sleep" library="BuiltIn">
<arg>1s</arg>
<doc>Pauses the test executed for the given time.</doc>
<msg timestamp="20250923 10:21:27.691" level="INFO">Slept 1 second</msg>
<status status="PASS" starttime="20250923 10:21:26.690" endtime="20250923 10:21:27.691"/>
</kw>
<kw name="Log" library="BuiltIn">
<arg>Test Mode Reset Completed</arg>
<doc>Logs the given message with the given level.</doc>
<msg timestamp="20250923 10:21:27.692" level="INFO">Test Mode Reset Completed</msg>
<status status="PASS" starttime="20250923 10:21:27.691" endtime="20250923 10:21:27.692"/>
</kw>
<status status="PASS" starttime="20250923 10:21:26.684" endtime="20250923 10:21:27.692"/>
</kw>
<kw name="Test Mode Admin Login" library="depflow_keywords">
<doc>Quick admin login using test mode</doc>
<kw name="Test Mode Login" library="depflow_keywords">
<arg>admin</arg>
<doc>Login using test mode bypass - no modal interaction required</doc>
<kw name="Wait Until Page Contains Element" library="SeleniumLibrary">
<arg>${LANDING_PAGE_LOGO}</arg>
<arg>timeout=10s</arg>
<doc>Waits until the element ``locator`` appears on the current page.</doc>
<status status="PASS" starttime="20250923 10:21:27.693" endtime="20250923 10:21:27.701"/>
</kw>
<kw name="Sleep" library="BuiltIn">
<arg>1s</arg>
<doc>Pauses the test executed for the given time.</doc>
<msg timestamp="20250923 10:21:28.701" level="INFO">Slept 1 second</msg>
<status status="PASS" starttime="20250923 10:21:27.701" endtime="20250923 10:21:28.702"/>
</kw>
<kw name="Execute Javascript" library="SeleniumLibrary">
<arg>if (typeof window.DepFlow.testModeLogin === 'function') {</arg>
<arg>window.DepFlow.testModeLogin('${user_type}');</arg>
<arg>} else {</arg>
<arg>console.error('Test mode login function not available');</arg>
<arg>}</arg>
<doc>Executes the given JavaScript code with possible arguments.</doc>
<msg timestamp="20250923 10:21:28.702" level="INFO">Executing JavaScript:
if (typeof window.DepFlow.testModeLogin === 'function') {window.DepFlow.testModeLogin('admin');} else {console.error('Test mode login function not available');}
Without any arguments.</msg>
<status status="PASS" starttime="20250923 10:21:28.702" endtime="20250923 10:21:28.706"/>
</kw>
<kw name="Sleep" library="BuiltIn">
<arg>2s</arg>
<doc>Pauses the test executed for the given time.</doc>
<msg timestamp="20250923 10:21:30.707" level="INFO">Slept 2 seconds</msg>
<status status="PASS" starttime="20250923 10:21:28.706" endtime="20250923 10:21:30.707"/>
</kw>
<kw name="Wait Until Element Is Visible" library="SeleniumLibrary">
<arg>${DASHBOARD_PAGE}</arg>
<arg>timeout=10s</arg>
<doc>Waits until the element ``locator`` is visible.</doc>
<status status="PASS" starttime="20250923 10:21:30.708" endtime="20250923 10:21:30.721"/>
</kw>
<kw name="Wait Until Element Is Visible" library="SeleniumLibrary">
<arg>${USER_PANEL}</arg>
<arg>timeout=5s</arg>
<doc>Waits until the element ``locator`` is visible.</doc>
<status status="PASS" starttime="20250923 10:21:30.722" endtime="20250923 10:21:30.731"/>
</kw>
<kw name="Log" library="BuiltIn">
<arg>Test Mode Login Completed for ${user_type}</arg>
<doc>Logs the given message with the given level.</doc>
<msg timestamp="20250923 10:21:30.731" level="INFO">Test Mode Login Completed for admin</msg>
<status status="PASS" starttime="20250923 10:21:30.731" endtime="20250923 10:21:30.731"/>
</kw>
<status status="PASS" starttime="20250923 10:21:27.692" endtime="20250923 10:21:30.731"/>
</kw>
<status status="PASS" starttime="20250923 10:21:27.692" endtime="20250923 10:21:30.732"/>
</kw>
<status status="PASS" starttime="20250923 10:21:26.683" endtime="20250923 10:21:30.732"/>
</kw>
<kw name="Generate Test Data" library="depflow_keywords">
<var>${unique_name}</var>
<arg>MinimalTest</arg>
<doc>Generates unique test data for test runs</doc>
<kw name="Get Current Date" library="DateTime">
<var>${timestamp}</var>
<arg>result_format=%Y%m%d_%H%M%S</arg>
<doc>Returns current local or UTC time with an optional increment.</doc>
<msg timestamp="20250923 10:21:30.732" level="INFO">${timestamp} = 20250923_102130</msg>
<status status="PASS" starttime="20250923 10:21:30.732" endtime="20250923 10:21:30.732"/>
</kw>
<kw name="Set Variable" library="BuiltIn">
<var>${unique_name}</var>
<arg>${prefix}_${timestamp}</arg>
<doc>Returns the given values which can then be assigned to a variables.</doc>
<msg timestamp="20250923 10:21:30.732" level="INFO">${unique_name} = MinimalTest_20250923_102130</msg>
<status status="PASS" starttime="20250923 10:21:30.732" endtime="20250923 10:21:30.732"/>
</kw>
<msg timestamp="20250923 10:21:30.732" level="INFO">${unique_name} = MinimalTest_20250923_102130</msg>
<status status="PASS" starttime="20250923 10:21:30.732" endtime="20250923 10:21:30.732"/>
</kw>
<kw name="Set Variable" library="BuiltIn">
<var>${description}</var>
<arg>Minimal test dependency with required fields only</arg>
<doc>Returns the given values which can then be assigned to a variables.</doc>
<msg timestamp="20250923 10:21:30.733" level="INFO">${description} = Minimal test dependency with required fields only</msg>
<status status="PASS" starttime="20250923 10:21:30.732" endtime="20250923 10:21:30.733"/>
</kw>
<kw name="Add New Dependency" library="depflow_keywords">
<arg>${unique_name}</arg>
<arg>${description}</arg>
<arg>${TEST_DEP_TEAM}</arg>
<doc>Adds a new dependency with provided details (updated for current app version)</doc>
<kw name="Wait Until Element Is Visible" library="SeleniumLibrary">
<arg>${ADD_DEPENDENCY_BUTTON}</arg>
<arg>timeout=10s</arg>
<doc>Waits until the element ``locator`` is visible.</doc>
<status status="PASS" starttime="20250923 10:21:30.734" endtime="20250923 10:21:30.742"/>
</kw>
<kw name="Click Element" library="SeleniumLibrary">
<arg>${ADD_DEPENDENCY_BUTTON}</arg>
<doc>Click the element identified by ``locator``.</doc>
<msg timestamp="20250923 10:21:30.742" level="INFO">Clicking element 'xpath://button[contains(@onclick, 'showAddDependencyModal')]'.</msg>
<status status="PASS" starttime="20250923 10:21:30.742" endtime="20250923 10:21:30.765"/>
</kw>
<kw name="Wait Until Element Is Visible" library="SeleniumLibrary">
<arg>${ADD_EDIT_MODAL}</arg>
<arg>timeout=10s</arg>
<doc>Waits until the element ``locator`` is visible.</doc>
<status status="PASS" starttime="20250923 10:21:30.765" endtime="20250923 10:21:30.774"/>
</kw>
<kw name="Wait Until Element Is Visible" library="SeleniumLibrary">
<arg>${DEP_NAME_FIELD}</arg>
<arg>timeout=5s</arg>
<doc>Waits until the element ``locator`` is visible.</doc>
<status status="PASS" starttime="20250923 10:21:30.774" endtime="20250923 10:21:30.789"/>
</kw>
<kw name="Wait Until Element Is Visible" library="SeleniumLibrary">
<arg>${DEP_DESCRIPTION_FIELD}</arg>
<arg>timeout=5s</arg>
<doc>Waits until the element ``locator`` is visible.</doc>
<status status="PASS" starttime="20250923 10:21:30.790" endtime="20250923 10:21:30.799"/>
</kw>
<kw name="Wait Until Element Is Visible" library="SeleniumLibrary">
<arg>${DEP_TEAM_SELECT}</arg>
<arg>timeout=5s</arg>
<doc>Waits until the element ``locator`` is visible.</doc>
<status status="PASS" starttime="20250923 10:21:30.799" endtime="20250923 10:21:30.808"/>
</kw>
<kw name="Input Text" library="SeleniumLibrary">
<arg>${DEP_NAME_FIELD}</arg>
<arg>${name}</arg>
<doc>Types the given ``text`` into the text field identified by ``locator``.</doc>
<msg timestamp="20250923 10:21:30.808" level="INFO">Typing text 'MinimalTest_20250923_102130' into text field 'id:addName'.</msg>
<status status="PASS" starttime="20250923 10:21:30.808" endtime="20250923 10:21:30.858"/>
</kw>
<kw name="Input Text" library="SeleniumLibrary">
<arg>${DEP_DESCRIPTION_FIELD}</arg>
<arg>${description}</arg>
<doc>Types the given ``text`` into the text field identified by ``locator``.</doc>
<msg timestamp="20250923 10:21:30.858" level="INFO">Typing text 'Minimal test dependency with required fields only' into text field 'id:addDescription'.</msg>
<status status="PASS" starttime="20250923 10:21:30.858" endtime="20250923 10:21:30.899"/>
</kw>
<kw name="Select From List By Label" library="SeleniumLibrary">
<arg>${DEP_TEAM_SELECT}</arg>
<arg>${team}</arg>
<doc>Selects options from selection list ``locator`` by ``labels``.</doc>
<msg timestamp="20250923 10:21:30.899" level="INFO">Selecting options from selection list 'id:addTeam' by label Quality Flow.</msg>
<status status="PASS" starttime="20250923 10:21:30.899" endtime="20250923 10:21:30.928"/>
</kw>
<kw name="Select From List By Value" library="SeleniumLibrary">
<arg>${DEP_STATUS_SELECT}</arg>
<arg>${status}</arg>
<doc>Selects options from selection list ``locator`` by ``values``.</doc>
<msg timestamp="20250923 10:21:30.928" level="INFO">Selecting options from selection list 'id:addStatus' by value NOT STARTED.</msg>
<status status="PASS" starttime="20250923 10:21:30.928" endtime="20250923 10:21:30.943"/>
</kw>
<kw name="Select From List By Value" library="SeleniumLibrary">
<arg>${DEP_PRIORITY_SELECT}</arg>
<arg>${priority}</arg>
<doc>Selects options from selection list ``locator`` by ``values``.</doc>
<msg timestamp="20250923 10:21:30.943" level="INFO">Selecting options from selection list 'id:addPriority' by value MEDIUM.</msg>
<status status="PASS" starttime="20250923 10:21:30.943" endtime="20250923 10:21:30.959"/>
</kw>
<kw name="Run Keyword If" library="BuiltIn">
<arg>'${jira}' != '${EMPTY}'</arg>
<arg>Input Text</arg>
<arg>${DEP_JIRA_FIELD}</arg>
<arg>${jira}</arg>
<doc>Runs the given keyword with the given arguments, if ``condition`` is true.</doc>
<status status="PASS" starttime="20250923 10:21:30.960" endtime="20250923 10:21:30.960"/>
</kw>
<kw name="Wait Until Element Is Visible" library="SeleniumLibrary">
<arg>${ADD_BUTTON}</arg>
<arg>timeout=5s</arg>
<doc>Waits until the element ``locator`` is visible.</doc>
<status status="PASS" starttime="20250923 10:21:30.960" endtime="20250923 10:21:30.969"/>
</kw>
<kw name="Click Element" library="SeleniumLibrary">
<arg>${ADD_BUTTON}</arg>
<doc>Click the element identified by ``locator``.</doc>
<msg timestamp="20250923 10:21:30.970" level="INFO">Clicking element 'xpath://button[@type='submit' and contains(@class, 'btn-add')]'.</msg>
<status status="PASS" starttime="20250923 10:21:30.969" endtime="20250923 10:21:31.000"/>
</kw>
<kw name="Wait Until Element Is Not Visible" library="SeleniumLibrary">
<arg>${ADD_EDIT_MODAL}</arg>
<arg>timeout=15s</arg>
<doc>Waits until the element ``locator`` is not visible.</doc>
<status status="PASS" starttime="20250923 10:21:31.000" endtime="20250923 10:21:31.008"/>
</kw>
<kw name="Sleep" library="BuiltIn">
<arg>2s</arg>
<doc>Pauses the test executed for the given time.</doc>
<msg timestamp="20250923 10:21:33.009" level="INFO">Slept 2 seconds</msg>
<status status="PASS" starttime="20250923 10:21:31.008" endtime="20250923 10:21:33.009"/>
</kw>
<status status="PASS" starttime="20250923 10:21:30.733" endtime="20250923 10:21:33.009"/>
</kw>
<kw name="Verify Dependency Exists" library="depflow_keywords">
<arg>${unique_name}</arg>
<doc>Verifies that a dependency exists in the dependencies container</doc>
<kw name="Wait Until Page Contains Element" library="SeleniumLibrary">
<arg>xpath://div[@class='dependency-name' and contains(text(), '${dependency_name}')]</arg>
<arg>timeout=10s</arg>
<doc>Waits until the element ``locator`` appears on the current page.</doc>
<status status="PASS" starttime="20250923 10:21:33.010" endtime="20250923 10:21:33.022"/>
</kw>
<status status="PASS" starttime="20250923 10:21:33.009" endtime="20250923 10:21:33.022"/>
</kw>
<kw name="Verify Notification Message" library="depflow_keywords">
<arg>successfully</arg>
<doc>Verifies notification message appears</doc>
<kw name="Wait Until Element Is Visible" library="SeleniumLibrary">
<arg>${NOTIFICATION}</arg>
<arg>timeout=5s</arg>
<doc>Waits until the element ``locator`` is visible.</doc>
<status status="PASS" starttime="20250923 10:21:33.023" endtime="20250923 10:21:33.033"/>
</kw>
<kw name="Get Text" library="SeleniumLibrary">
<var>${actual_message}</var>
<arg>${NOTIFICATION}</arg>
<doc>Returns the text value of the element identified by ``locator``.</doc>
<msg timestamp="20250923 10:21:33.043" level="INFO">${actual_message} = ✅ Dependency "" created successfully!
×</msg>
<status status="PASS" starttime="20250923 10:21:33.034" endtime="20250923 10:21:33.043"/>
</kw>
<kw name="Should Contain" library="BuiltIn">
<arg>${actual_message}</arg>
<arg>${expected_message}</arg>
<doc>Fails if ``container`` does not contain ``item`` one or more times.</doc>
<status status="PASS" starttime="20250923 10:21:33.043" endtime="20250923 10:21:33.043"/>
</kw>
<status status="PASS" starttime="20250923 10:21:33.022" endtime="20250923 10:21:33.043"/>
</kw>
<kw name="Test Mode Test Teardown" library="depflow_keywords" type="TEARDOWN">
<doc>Individual test teardown using test mode</doc>
<kw name="Test Mode Reset" library="depflow_keywords">
<doc>Complete app state reset for clean test environment</doc>
<kw name="Execute Javascript" library="SeleniumLibrary">
<arg>if (typeof window.DepFlow.testModeReset === 'function') {</arg>
<arg>window.DepFlow.testModeReset();</arg>
<arg>} else {</arg>
<arg>console.error('Test mode reset function not available');</arg>
<arg>}</arg>
<doc>Executes the given JavaScript code with possible arguments.</doc>
<msg timestamp="20250923 10:21:33.045" level="INFO">Executing JavaScript:
if (typeof window.DepFlow.testModeReset === 'function') {window.DepFlow.testModeReset();} else {console.error('Test mode reset function not available');}
Without any arguments.</msg>
<status status="PASS" starttime="20250923 10:21:33.044" endtime="20250923 10:21:33.049"/>
</kw>
<kw name="Sleep" library="BuiltIn">
<arg>1s</arg>
<doc>Pauses the test executed for the given time.</doc>
<msg timestamp="20250923 10:21:34.051" level="INFO">Slept 1 second</msg>
<status status="PASS" starttime="20250923 10:21:33.049" endtime="20250923 10:21:34.051"/>
</kw>
<kw name="Log" library="BuiltIn">
<arg>Test Mode Reset Completed</arg>
<doc>Logs the given message with the given level.</doc>
<msg timestamp="20250923 10:21:34.051" level="INFO">Test Mode Reset Completed</msg>
<status status="PASS" starttime="20250923 10:21:34.051" endtime="20250923 10:21:34.051"/>
</kw>
<status status="PASS" starttime="20250923 10:21:33.043" endtime="20250923 10:21:34.051"/>
</kw>
<status status="PASS" starttime="20250923 10:21:33.043" endtime="20250923 10:21:34.052"/>
</kw>
<doc>Test creating dependency with only required fields</doc>
<tag>create</tag>
<tag>crud</tag>
<tag>minimal</tag>
<status status="PASS" starttime="20250923 10:21:26.683" endtime="20250923 10:21:34.052"/>
</test>
<test id="s1-t5" name="TC017 - Validate Required Field - Name" line="82">
<kw name="Test Mode Test Setup" library="depflow_keywords" type="SETUP">
<doc>Individual test setup using test mode</doc>
<kw name="Test Mode Reset" library="depflow_keywords">
<doc>Complete app state reset for clean test environment</doc>
<kw name="Execute Javascript" library="SeleniumLibrary">
<arg>if (typeof window.DepFlow.testModeReset === 'function') {</arg>
<arg>window.DepFlow.testModeReset();</arg>
<arg>} else {</arg>
<arg>console.error('Test mode reset function not available');</arg>
<arg>}</arg>
<doc>Executes the given JavaScript code with possible arguments.</doc>
<msg timestamp="20250923 10:21:34.054" level="INFO">Executing JavaScript:
if (typeof window.DepFlow.testModeReset === 'function') {window.DepFlow.testModeReset();} else {console.error('Test mode reset function not available');}
Without any arguments.</msg>
<status status="PASS" starttime="20250923 10:21:34.054" endtime="20250923 10:21:34.060"/>
</kw>
<kw name="Sleep" library="BuiltIn">
<arg>1s</arg>
<doc>Pauses the test executed for the given time.</doc>
<msg timestamp="20250923 10:21:35.063" level="INFO">Slept 1 second</msg>
<status status="PASS" starttime="20250923 10:21:34.060" endtime="20250923 10:21:35.065"/>
</kw>
<kw name="Log" library="BuiltIn">
<arg>Test Mode Reset Completed</arg>
<doc>Logs the given message with the given level.</doc>
<msg timestamp="20250923 10:21:35.070" level="INFO">Test Mode Reset Completed</msg>
<status status="PASS" starttime="20250923 10:21:35.067" endtime="20250923 10:21:35.071"/>
</kw>
<status status="PASS" starttime="20250923 10:21:34.053" endtime="20250923 10:21:35.072"/>
</kw>
<kw name="Test Mode Admin Login" library="depflow_keywords">
<doc>Quick admin login using test mode</doc>
<kw name="Test Mode Login" library="depflow_keywords">
<arg>admin</arg>
<doc>Login using test mode bypass - no modal interaction required</doc>
<kw name="Wait Until Page Contains Element" library="SeleniumLibrary">
<arg>${LANDING_PAGE_LOGO}</arg>
<arg>timeout=10s</arg>
<doc>Waits until the element ``locator`` appears on the current page.</doc>
<status status="PASS" starttime="20250923 10:21:35.074" endtime="20250923 10:21:35.089"/>
</kw>
<kw name="Sleep" library="BuiltIn">
<arg>1s</arg>
<doc>Pauses the test executed for the given time.</doc>
<msg timestamp="20250923 10:21:36.107" level="INFO">Slept 1 second</msg>
<status status="PASS" starttime="20250923 10:21:35.089" endtime="20250923 10:21:36.108"/>
</kw>
<kw name="Execute Javascript" library="SeleniumLibrary">
<arg>if (typeof window.DepFlow.testModeLogin === 'function') {</arg>
<arg>window.DepFlow.testModeLogin('${user_type}');</arg>
<arg>} else {</arg>
<arg>console.error('Test mode login function not available');</arg>
<arg>}</arg>
<doc>Executes the given JavaScript code with possible arguments.</doc>
<msg timestamp="20250923 10:21:36.109" level="INFO">Executing JavaScript:
if (typeof window.DepFlow.testModeLogin === 'function') {window.DepFlow.testModeLogin('admin');} else {console.error('Test mode login function not available');}
Without any arguments.</msg>
<status status="PASS" starttime="20250923 10:21:36.108" endtime="20250923 10:21:36.115"/>
</kw>
<kw name="Sleep" library="BuiltIn">
<arg>2s</arg>
<doc>Pauses the test executed for the given time.</doc>
<msg timestamp="20250923 10:21:38.118" level="INFO">Slept 2 seconds</msg>
<status status="PASS" starttime="20250923 10:21:36.116" endtime="20250923 10:21:38.118"/>
</kw>
<kw name="Wait Until Element Is Visible" library="SeleniumLibrary">
<arg>${DASHBOARD_PAGE}</arg>
<arg>timeout=10s</arg>
<doc>Waits until the element ``locator`` is visible.</doc>
<status status="PASS" starttime="20250923 10:21:38.119" endtime="20250923 10:21:38.134"/>
</kw>
<kw name="Wait Until Element Is Visible" library="SeleniumLibrary">
<arg>${USER_PANEL}</arg>
<arg>timeout=5s</arg>
<doc>Waits until the element ``locator`` is visible.</doc>
<status status="PASS" starttime="20250923 10:21:38.134" endtime="20250923 10:21:38.144"/>
</kw>
<kw name="Log" library="BuiltIn">
<arg>Test Mode Login Completed for ${user_type}</arg>
<doc>Logs the given message with the given level.</doc>
<msg timestamp="20250923 10:21:38.144" level="INFO">Test Mode Login Completed for admin</msg>
<status status="PASS" starttime="20250923 10:21:38.144" endtime="20250923 10:21:38.144"/>
</kw>
<status status="PASS" starttime="20250923 10:21:35.074" endtime="20250923 10:21:38.144"/>
</kw>
<status status="PASS" starttime="20250923 10:21:35.072" endtime="20250923 10:21:38.144"/>
</kw>
<status status="PASS" starttime="20250923 10:21:34.053" endtime="20250923 10:21:38.144"/>
</kw>
<kw name="Click Element" library="SeleniumLibrary">
<arg>${ADD_DEPENDENCY_BUTTON}</arg>
<doc>Click the element identified by ``locator``.</doc>
<msg timestamp="20250923 10:21:38.145" level="INFO">Clicking element 'xpath://button[contains(@onclick, 'showAddDependencyModal')]'.</msg>
<status status="PASS" starttime="20250923 10:21:38.145" endtime="20250923 10:21:38.172"/>
</kw>
<kw name="Wait Until Element Is Visible" library="SeleniumLibrary">
<arg>${ADD_EDIT_MODAL}</arg>
<doc>Waits until the element ``locator`` is visible.</doc>
<status status="PASS" starttime="20250923 10:21:38.172" endtime="20250923 10:21:38.181"/>
</kw>
<kw name="Input Text" library="SeleniumLibrary">
<arg>${DEP_DESCRIPTION_FIELD}</arg>
<arg>Test description without name</arg>
<doc>Types the given ``text`` into the text field identified by ``locator``.</doc>
<msg timestamp="20250923 10:21:38.182" level="INFO">Typing text 'Test description without name' into text field 'id:addDescription'.</msg>
<status status="PASS" starttime="20250923 10:21:38.182" endtime="20250923 10:21:38.232"/>
</kw>
<kw name="Select From List By Label" library="SeleniumLibrary">
<arg>${DEP_TEAM_SELECT}</arg>
<arg>${TEST_DEP_TEAM}</arg>
<doc>Selects options from selection list ``locator`` by ``labels``.</doc>
<msg timestamp="20250923 10:21:38.233" level="INFO">Selecting options from selection list 'id:addTeam' by label Quality Flow.</msg>
<status status="PASS" starttime="20250923 10:21:38.232" endtime="20250923 10:21:38.260"/>
</kw>
<kw name="Click Element" library="SeleniumLibrary">
<arg>${SAVE_BUTTON}</arg>
<doc>Click the element identified by ``locator``.</doc>
<msg timestamp="20250923 10:21:38.261" level="INFO">Clicking element 'xpath://button[@type='submit' and contains(@class, 'btn-submit')]'.</msg>
<msg timestamp="20250923 10:21:48.555" level="INFO" html="true">&lt;/td&gt;&lt;/tr&gt;&lt;tr&gt;&lt;td colspan="3"&gt;&lt;a href="selenium-screenshot-1.png"&gt;&lt;img src="selenium-screenshot-1.png" width="800px"&gt;&lt;/a&gt;</msg>
<msg timestamp="20250923 10:21:48.555" level="FAIL">ElementNotInteractableException: Message: element not interactable
  (Session info: chrome=140.0.7339.186)
Stacktrace:
0   chromedriver                        0x0000000100feb418 cxxbridge1$str$ptr + 2882044
1   chromedriver                        0x0000000100fe33b4 cxxbridge1$str$ptr + 2849176
2   chromedriver                        0x0000000100b0cec4 _RNvCslE4myv9Sbr3_7___rustc35___rust_no_alloc_shim_is_unstable_v2 + 73040
3   chromedriver                        0x0000000100b5542c _RNvCslE4myv9Sbr3_7___rustc35___rust_no_alloc_shim_is_unstable_v2 + 369336
4   chromedriver                        0x0000000100b4a220 _RNvCslE4myv9Sbr3_7___rustc35___rust_no_alloc_shim_is_unstable_v2 + 323756
5   chromedriver                        0x0000000100b49cac _RNvCslE4myv9Sbr3_7___rustc35___rust_no_alloc_shim_is_unstable_v2 + 322360
6   chromedriver                        0x0000000100b95604 _RNvCslE4myv9Sbr3_7___rustc35___rust_no_alloc_shim_is_unstable_v2 + 631952
7   chromedriver                        0x0000000100b480d0 _RNvCslE4myv9Sbr3_7___rustc35___rust_no_alloc_shim_is_unstable_v2 + 315228
8   chromedriver                        0x0000000100fafb08 cxxbridge1$str$ptr + 2638060
9   chromedriver                        0x0000000100fb2d20 cxxbridge1$str$ptr + 2650884
10  chromedriver                        0x0000000100f90e58 cxxbridge1$str$ptr + 2511932
11  chromedriver                        0x0000000100fb35cc cxxbridge1$str$ptr + 2653104
12  chromedriver                        0x0000000100f8259c cxxbridge1$str$ptr + 2452352
13  chromedriver                        0x0000000100fd29f0 cxxbridge1$str$ptr + 2781140
14  chromedriver                        0x0000000100fd2b70 cxxbridge1$str$ptr + 2781524
15  chromedriver                        0x0000000100fe3000 cxxbridge1$str$ptr + 2848228
16  libsystem_pthread.dylib             0x0000000186067c0c _pthread_start + 136
17  libsystem_pthread.dylib             0x0000000186062b80 thread_start + 8
</msg>
<status status="FAIL" starttime="20250923 10:21:38.260" endtime="20250923 10:21:48.852"/>
</kw>
<kw name="Element Should Be Visible" library="SeleniumLibrary">
<arg>${ADD_EDIT_MODAL}</arg>
<doc>Verifies that the element identified by ``locator`` is visible.</doc>
<status status="NOT RUN" starttime="20250923 10:21:48.857" endtime="20250923 10:21:48.859"/>
</kw>
<kw name="Test Mode Test Teardown" library="depflow_keywords" type="TEARDOWN">
<doc>Individual test teardown using test mode</doc>
<kw name="Test Mode Reset" library="depflow_keywords">
<doc>Complete app state reset for clean test environment</doc>
<kw name="Execute Javascript" library="SeleniumLibrary">
<arg>if (typeof window.DepFlow.testModeReset === 'function') {</arg>
<arg>window.DepFlow.testModeReset();</arg>
<arg>} else {</arg>
<arg>console.error('Test mode reset function not available');</arg>
<arg>}</arg>
<doc>Executes the given JavaScript code with possible arguments.</doc>
<msg timestamp="20250923 10:21:48.877" level="INFO">Executing JavaScript:
if (typeof window.DepFlow.testModeReset === 'function') {window.DepFlow.testModeReset();} else {console.error('Test mode reset function not available');}
Without any arguments.</msg>
<status status="PASS" starttime="20250923 10:21:48.877" endtime="20250923 10:21:48.890"/>
</kw>
<kw name="Sleep" library="BuiltIn">
<arg>1s</arg>
<doc>Pauses the test executed for the given time.</doc>
<msg timestamp="20250923 10:21:49.899" level="INFO">Slept 1 second</msg>
<status status="PASS" starttime="20250923 10:21:48.896" endtime="20250923 10:21:49.899"/>
</kw>
<kw name="Log" library="BuiltIn">
<arg>Test Mode Reset Completed</arg>
<doc>Logs the given message with the given level.</doc>
<msg timestamp="20250923 10:21:49.900" level="INFO">Test Mode Reset Completed</msg>
<status status="PASS" starttime="20250923 10:21:49.900" endtime="20250923 10:21:49.900"/>
</kw>
<status status="PASS" starttime="20250923 10:21:48.876" endtime="20250923 10:21:49.900"/>
</kw>
<status status="PASS" starttime="20250923 10:21:48.865" endtime="20250923 10:21:49.900"/>
</kw>
<doc>Test that name field is required for dependency creation</doc>
<tag>crud</tag>
<tag>negative</tag>
<tag>validation</tag>
<status status="FAIL" starttime="20250923 10:21:34.052" endtime="20250923 10:21:49.901">ElementNotInteractableException: Message: element not interactable
  (Session info: chrome=140.0.7339.186)
Stacktrace:
0   chromedriver                        0x0000000100feb418 cxxbridge1$str$ptr + 2882044
1   chromedriver                        0x0000000100fe33b4 cxxbridge1$str$ptr + 2849176
2   chromedriver                        0x0000000100b0cec4 _RNvCslE4myv9Sbr3_7___rustc35___rust_no_alloc_shim_is_unstable_v2 + 73040
3   chromedriver                        0x0000000100b5542c _RNvCslE4myv9Sbr3_7___rustc35___rust_no_alloc_shim_is_unstable_v2 + 369336
4   chromedriver                        0x0000000100b4a220 _RNvCslE4myv9Sbr3_7___rustc35___rust_no_alloc_shim_is_unstable_v2 + 323756
5   chromedriver                        0x0000000100b49cac _RNvCslE4myv9Sbr3_7___rustc35___rust_no_alloc_shim_is_unstable_v2 + 322360
6   chromedriver                        0x0000000100b95604 _RNvCslE4myv9Sbr3_7___rustc35___rust_no_alloc_shim_is_unstable_v2 + 631952
7   chromedriver                        0x0000000100b480d0 _RNvCslE4myv9Sbr3_7___rustc35___rust_no_alloc_shim_is_unstable_v2 + 315228
8   chromedriver                        0x0000000100fafb08 cxxbridge1$str$ptr + 2638060
9   chromedriver                        0x0000000100fb2d20 cxxbridge1$str$ptr + 2650884
10  chromedriver                        0x0000000100f90e58 cxxbridge1$str$ptr + 2511932
11  chromedriver                        0x0000000100fb35cc cxxbridge1$str$ptr + 2653104
12  chromedriver                        0x0000000100f8259c cxxbridge1$str$ptr + 2452352
13  chromedriver                        0x0000000100fd29f0 cxxbridge1$str$ptr + 2781140
14  chromedriver                        0x0000000100fd2b70 cxxbridge1$str$ptr + 2781524
15  chromedriver                        0x0000000100fe3000 cxxbridge1$str$ptr + 2848228
16  libsystem_pthread.dylib             0x0000000186067c0c _pthread_start + 136
17  libsystem_pthread.dylib             0x0000000186062b80 thread_start + 8
</status>
</test>
<test id="s1-t6" name="TC018 - Validate Required Field - Description" line="98">
<kw name="Test Mode Test Setup" library="depflow_keywords" type="SETUP">
<doc>Individual test setup using test mode</doc>
<kw name="Test Mode Reset" library="depflow_keywords">
<doc>Complete app state reset for clean test environment</doc>
<kw name="Execute Javascript" library="SeleniumLibrary">
<arg>if (typeof window.DepFlow.testModeReset === 'function') {</arg>
<arg>window.DepFlow.testModeReset();</arg>
<arg>} else {</arg>
<arg>console.error('Test mode reset function not available');</arg>
<arg>}</arg>
<doc>Executes the given JavaScript code with possible arguments.</doc>
<msg timestamp="20250923 10:21:49.905" level="INFO">Executing JavaScript:
if (typeof window.DepFlow.testModeReset === 'function') {window.DepFlow.testModeReset();} else {console.error('Test mode reset function not available');}
Without any arguments.</msg>
<status status="PASS" starttime="20250923 10:21:49.904" endtime="20250923 10:21:49.911"/>
</kw>
<kw name="Sleep" library="BuiltIn">
<arg>1s</arg>
<doc>Pauses the test executed for the given time.</doc>
<msg timestamp="20250923 10:21:50.913" level="INFO">Slept 1 second</msg>
<status status="PASS" starttime="20250923 10:21:49.911" endtime="20250923 10:21:50.913"/>
</kw>
<kw name="Log" library="BuiltIn">
<arg>Test Mode Reset Completed</arg>
<doc>Logs the given message with the given level.</doc>
<msg timestamp="20250923 10:21:50.913" level="INFO">Test Mode Reset Completed</msg>
<status status="PASS" starttime="20250923 10:21:50.913" endtime="20250923 10:21:50.913"/>
</kw>
<status status="PASS" starttime="20250923 10:21:49.904" endtime="20250923 10:21:50.913"/>
</kw>
<kw name="Test Mode Admin Login" library="depflow_keywords">
<doc>Quick admin login using test mode</doc>
<kw name="Test Mode Login" library="depflow_keywords">
<arg>admin</arg>
<doc>Login using test mode bypass - no modal interaction required</doc>
<kw name="Wait Until Page Contains Element" library="SeleniumLibrary">
<arg>${LANDING_PAGE_LOGO}</arg>
<arg>timeout=10s</arg>
<doc>Waits until the element ``locator`` appears on the current page.</doc>
<status status="PASS" starttime="20250923 10:21:50.914" endtime="20250923 10:21:50.922"/>
</kw>
<kw name="Sleep" library="BuiltIn">
<arg>1s</arg>
<doc>Pauses the test executed for the given time.</doc>
<msg timestamp="20250923 10:21:51.923" level="INFO">Slept 1 second</msg>
<status status="PASS" starttime="20250923 10:21:50.922" endtime="20250923 10:21:51.924"/>
</kw>
<kw name="Execute Javascript" library="SeleniumLibrary">
<arg>if (typeof window.DepFlow.testModeLogin === 'function') {</arg>
<arg>window.DepFlow.testModeLogin('${user_type}');</arg>
<arg>} else {</arg>
<arg>console.error('Test mode login function not available');</arg>
<arg>}</arg>
<doc>Executes the given JavaScript code with possible arguments.</doc>
<msg timestamp="20250923 10:21:51.925" level="INFO">Executing JavaScript:
if (typeof window.DepFlow.testModeLogin === 'function') {window.DepFlow.testModeLogin('admin');} else {console.error('Test mode login function not available');}
Without any arguments.</msg>
<status status="PASS" starttime="20250923 10:21:51.924" endtime="20250923 10:21:51.935"/>
</kw>
<kw name="Sleep" library="BuiltIn">
<arg>2s</arg>
<doc>Pauses the test executed for the given time.</doc>
<msg timestamp="20250923 10:21:53.938" level="INFO">Slept 2 seconds</msg>
<status status="PASS" starttime="20250923 10:21:51.935" endtime="20250923 10:21:53.938"/>
</kw>
<kw name="Wait Until Element Is Visible" library="SeleniumLibrary">
<arg>${DASHBOARD_PAGE}</arg>
<arg>timeout=10s</arg>
<doc>Waits until the element ``locator`` is visible.</doc>
<status status="PASS" starttime="20250923 10:21:53.939" endtime="20250923 10:21:53.954"/>
</kw>
<kw name="Wait Until Element Is Visible" library="SeleniumLibrary">
<arg>${USER_PANEL}</arg>
<arg>timeout=5s</arg>
<doc>Waits until the element ``locator`` is visible.</doc>
<status status="PASS" starttime="20250923 10:21:53.954" endtime="20250923 10:21:53.963"/>
</kw>
<kw name="Log" library="BuiltIn">
<arg>Test Mode Login Completed for ${user_type}</arg>
<doc>Logs the given message with the given level.</doc>
<msg timestamp="20250923 10:21:53.963" level="INFO">Test Mode Login Completed for admin</msg>
<status status="PASS" starttime="20250923 10:21:53.963" endtime="20250923 10:21:53.963"/>
</kw>
<status status="PASS" starttime="20250923 10:21:50.914" endtime="20250923 10:21:53.963"/>
</kw>
<status status="PASS" starttime="20250923 10:21:50.913" endtime="20250923 10:21:53.964"/>
</kw>
<status status="PASS" starttime="20250923 10:21:49.903" endtime="20250923 10:21:53.964"/>
</kw>
<kw name="Click Element" library="SeleniumLibrary">
<arg>${ADD_DEPENDENCY_BUTTON}</arg>
<doc>Click the element identified by ``locator``.</doc>
<msg timestamp="20250923 10:21:53.964" level="INFO">Clicking element 'xpath://button[contains(@onclick, 'showAddDependencyModal')]'.</msg>
<status status="PASS" starttime="20250923 10:21:53.964" endtime="20250923 10:21:53.988"/>
</kw>
<kw name="Wait Until Element Is Visible" library="SeleniumLibrary">
<arg>${ADD_EDIT_MODAL}</arg>
<doc>Waits until the element ``locator`` is visible.</doc>
<status status="PASS" starttime="20250923 10:21:53.988" endtime="20250923 10:21:54.212"/>
</kw>
<kw name="Input Text" library="SeleniumLibrary">
<arg>${DEP_NAME_FIELD}</arg>
<arg>Test Name</arg>
<doc>Types the given ``text`` into the text field identified by ``locator``.</doc>
<msg timestamp="20250923 10:21:54.213" level="INFO">Typing text 'Test Name' into text field 'id:addName'.</msg>
<status status="PASS" starttime="20250923 10:21:54.213" endtime="20250923 10:21:54.247"/>
</kw>
<kw name="Input Text" library="SeleniumLibrary">
<arg>${DEP_DESCRIPTION_FIELD}</arg>
<arg>Short</arg>
<doc>Types the given ``text`` into the text field identified by ``locator``.</doc>
<msg timestamp="20250923 10:21:54.247" level="INFO">Typing text 'Short' into text field 'id:addDescription'.</msg>
<status status="PASS" starttime="20250923 10:21:54.247" endtime="20250923 10:21:54.277"/>
</kw>
<kw name="Select From List By Label" library="SeleniumLibrary">
<arg>${DEP_TEAM_SELECT}</arg>
<arg>${TEST_DEP_TEAM}</arg>
<doc>Selects options from selection list ``locator`` by ``labels``.</doc>
<msg timestamp="20250923 10:21:54.278" level="INFO">Selecting options from selection list 'id:addTeam' by label Quality Flow.</msg>
<status status="PASS" starttime="20250923 10:21:54.277" endtime="20250923 10:21:54.305"/>
</kw>
<kw name="Click Element" library="SeleniumLibrary">
<arg>${SAVE_BUTTON}</arg>
<doc>Click the element identified by ``locator``.</doc>
<msg timestamp="20250923 10:21:54.306" level="INFO">Clicking element 'xpath://button[@type='submit' and contains(@class, 'btn-submit')]'.</msg>
<msg timestamp="20250923 10:22:04.630" level="INFO" html="true">&lt;/td&gt;&lt;/tr&gt;&lt;tr&gt;&lt;td colspan="3"&gt;&lt;a href="selenium-screenshot-2.png"&gt;&lt;img src="selenium-screenshot-2.png" width="800px"&gt;&lt;/a&gt;</msg>
<msg timestamp="20250923 10:22:04.631" level="FAIL">ElementNotInteractableException: Message: element not interactable
  (Session info: chrome=140.0.7339.186)
Stacktrace:
0   chromedriver                        0x0000000100feb418 cxxbridge1$str$ptr + 2882044
[...]
<status status="PASS" starttime="20250923 10:27:10.363" endtime="20250923 10:27:10.364"/>
</kw>
<kw name="Wait Until Element Is Visible" library="SeleniumLibrary">
<arg>${ADD_BUTTON}</arg>
<arg>timeout=5s</arg>
<doc>Waits until the element ``locator`` is visible.</doc>
<status status="PASS" starttime="20250923 10:27:10.364" endtime="20250923 10:27:10.372"/>
</kw>
<kw name="Click Element" library="SeleniumLibrary">
<arg>${ADD_BUTTON}</arg>
<doc>Click the element identified by ``locator``.</doc>
<msg timestamp="20250923 10:27:10.373" level="INFO">Clicking element 'xpath://button[@type='submit' and contains(@class, 'btn-add')]'.</msg>
<status status="PASS" starttime="20250923 10:27:10.373" endtime="20250923 10:27:10.405"/>
</kw>
<kw name="Wait Until Element Is Not Visible" library="SeleniumLibrary">
<arg>${ADD_EDIT_MODAL}</arg>
<arg>timeout=15s</arg>
<doc>Waits until the element ``locator`` is not visible.</doc>
<status status="PASS" starttime="20250923 10:27:10.405" endtime="20250923 10:27:10.416"/>
</kw>
<kw name="Sleep" library="BuiltIn">
<arg>2s</arg>
<doc>Pauses the test executed for the given time.</doc>
<msg timestamp="20250923 10:27:12.418" level="INFO">Slept 2 seconds</msg>
<status status="PASS" starttime="20250923 10:27:10.416" endtime="20250923 10:27:12.418"/>
</kw>
<status status="PASS" starttime="20250923 10:27:10.134" endtime="20250923 10:27:12.419"/>
</kw>
<status status="PASS" starttime="20250923 10:27:10.132" endtime="20250923 10:27:12.419"/>
</iter>
<status status="PASS" starttime="20250923 10:27:05.337" endtime="20250923 10:27:12.419"/>
</for>
<for flavor="IN">
<var>${dep_name}</var>
<value>@{dep_names}</value>
<iter>
<var name="${dep_name}">BulkDelete_0_20250923_102705</var>
<kw name="Delete Dependency" library="depflow_keywords">
<arg>${dep_name}</arg>
<doc>Deletes a dependency by name with updated div-based selectors</doc>
<kw name="Set Variable" library="BuiltIn">
<var>${dependency_row}</var>
<arg>xpath://div[@class='dependency-row']//div[@class='dependency-name' and contains(text(), '${dependency_name}')]/ancestor::div[@class='dependency-row']</arg>
<doc>Returns the given values which can then be assigned to a variables.</doc>
<msg timestamp="20250923 10:27:12.420" level="INFO">${dependency_row} = xpath://div[@class='dependency-row']//div[@class='dependency-name' and contains(text(), 'BulkDelete_0_20250923_102705')]/ancestor::div[@class='dependency-row']</msg>
<status status="PASS" starttime="20250923 10:27:12.420" endtime="20250923 10:27:12.420"/>
</kw>
<kw name="Wait Until Element Is Visible" library="SeleniumLibrary">
<arg>${dependency_row}</arg>
<arg>timeout=10s</arg>
<doc>Waits until the element ``locator`` is visible.</doc>
<status status="PASS" starttime="20250923 10:27:12.420" endtime="20250923 10:27:12.437"/>
</kw>
<kw name="Set Variable" library="BuiltIn">
<var>${delete_button}</var>
<arg>${dependency_row}//button[@class='btn-delete']</arg>
<doc>Returns the given values which can then be assigned to a variables.</doc>
<msg timestamp="20250923 10:27:12.437" level="INFO">${delete_button} = xpath://div[@class='dependency-row']//div[@class='dependency-name' and contains(text(), 'BulkDelete_0_20250923_102705')]/ancestor::div[@class='dependency-row']//button[@class='btn-delete']</msg>
<status status="PASS" starttime="20250923 10:27:12.437" endtime="20250923 10:27:12.437"/>
</kw>
<kw name="Wait Until Element Is Visible" library="SeleniumLibrary">
<arg>${delete_button}</arg>
<arg>timeout=10s</arg>
<doc>Waits until the element ``locator`` is visible.</doc>
<status status="PASS" starttime="20250923 10:27:12.437" endtime="20250923 10:27:12.449"/>
</kw>
<kw name="Click Element" library="SeleniumLibrary">
<arg>${delete_button}</arg>
<doc>Click the element identified by ``locator``.</doc>
<msg timestamp="20250923 10:27:12.449" level="INFO">Clicking element 'xpath://div[@class='dependency-row']//div[@class='dependency-name' and contains(text(), 'BulkDelete_0_20250923_102705')]/ancestor::div[@class='dependency-row']//button[@class='btn-delete']'.</msg>
<status status="PASS" starttime="20250923 10:27:12.449" endtime="20250923 10:27:12.551"/>
</kw>
<kw name="Handle Alert" library="SeleniumLibrary">
<arg>ACCEPT</arg>
<doc>Handles the current alert and returns its message.</doc>
<msg timestamp="20250923 10:27:12.551" level="INFO">HANDLE::&lt;class 'NoneType'&gt;::None</msg>
<status status="PASS" starttime="20250923 10:27:12.551" endtime="20250923 10:27:12.563"/>
</kw>
<kw name="Sleep" library="BuiltIn">
<arg>2s</arg>
<doc>Pauses the test executed for the given time.</doc>
<msg timestamp="20250923 10:27:14.565" level="INFO">Slept 2 seconds</msg>
<status status="PASS" starttime="20250923 10:27:12.564" endtime="20250923 10:27:14.566"/>
</kw>
<status status="PASS" starttime="20250923 10:27:12.419" endtime="20250923 10:27:14.566"/>
</kw>
<kw name="Verify Dependency Does Not Exist" library="depflow_keywords">
<arg>${dep_name}</arg>
<doc>Verifies that a dependency does not exist in the dependencies container</doc>
<kw name="Page Should Not Contain Element" library="SeleniumLibrary">
<arg>xpath://div[@class='dependency-name' and contains(text(), '${dependency_name}')]</arg>
<doc>Verifies that element ``locator`` is not found on the current page.</doc>
<msg timestamp="20250923 10:27:24.584" level="INFO">Current page does not contain element 'xpath://div[@class='dependency-name' and contains(text(), 'BulkDelete_0_20250923_102705')]'.</msg>
<status status="PASS" starttime="20250923 10:27:14.568" endtime="20250923 10:27:24.585"/>
</kw>
<status status="PASS" starttime="20250923 10:27:14.566" endtime="20250923 10:27:24.586"/>
</kw>
<status status="PASS" starttime="20250923 10:27:12.419" endtime="20250923 10:27:24.586"/>
</iter>
<iter>
<var name="${dep_name}">BulkDelete_1_20250923_102707</var>
<kw name="Delete Dependency" library="depflow_keywords">
<arg>${dep_name}</arg>
<doc>Deletes a dependency by name with updated div-based selectors</doc>
<kw name="Set Variable" library="BuiltIn">
<var>${dependency_row}</var>
<arg>xpath://div[@class='dependency-row']//div[@class='dependency-name' and contains(text(), '${dependency_name}')]/ancestor::div[@class='dependency-row']</arg>
<doc>Returns the given values which can then be assigned to a variables.</doc>
<msg timestamp="20250923 10:27:24.587" level="INFO">${dependency_row} = xpath://div[@class='dependency-row']//div[@class='dependency-name' and contains(text(), 'BulkDelete_1_20250923_102707')]/ancestor::div[@class='dependency-row']</msg>
<status status="PASS" starttime="20250923 10:27:24.587" endtime="20250923 10:27:24.588"/>
</kw>
<kw name="Wait Until Element Is Visible" library="SeleniumLibrary">
<arg>${dependency_row}</arg>
<arg>timeout=10s</arg>
<doc>Waits until the element ``locator`` is visible.</doc>
<status status="PASS" starttime="20250923 10:27:24.588" endtime="20250923 10:27:24.612"/>
</kw>
<kw name="Set Variable" library="BuiltIn">
<var>${delete_button}</var>
<arg>${dependency_row}//button[@class='btn-delete']</arg>
<doc>Returns the given values which can then be assigned to a variables.</doc>
<msg timestamp="20250923 10:27:24.612" level="INFO">${delete_button} = xpath://div[@class='dependency-row']//div[@class='dependency-name' and contains(text(), 'BulkDelete_1_20250923_102707')]/ancestor::div[@class='dependency-row']//button[@class='btn-delete']</msg>
<status status="PASS" starttime="20250923 10:27:24.612" endtime="20250923 10:27:24.612"/>
</kw>
<kw name="Wait Until Element Is Visible" library="SeleniumLibrary">
<arg>${delete_button}</arg>
<arg>timeout=10s</arg>
<doc>Waits until the element ``locator`` is visible.</doc>
<status status="PASS" starttime="20250923 10:27:24.612" endtime="20250923 10:27:24.626"/>
</kw>
<kw name="Click Element" library="SeleniumLibrary">
<arg>${delete_button}</arg>
<doc>Click the element identified by ``locator``.</doc>
<msg timestamp="20250923 10:27:24.627" level="INFO">Clicking element 'xpath://div[@class='dependency-row']//div[@class='dependency-name' and contains(text(), 'BulkDelete_1_20250923_102707')]/ancestor::div[@class='dependency-row']//button[@class='btn-delete']'.</msg>
<status status="PASS" starttime="20250923 10:27:24.627" endtime="20250923 10:27:24.794"/>
</kw>
<kw name="Handle Alert" library="SeleniumLibrary">
<arg>ACCEPT</arg>
<doc>Handles the current alert and returns its message.</doc>
<msg timestamp="20250923 10:27:24.805" level="INFO">HANDLE::&lt;class 'NoneType'&gt;::None</msg>
<status status="PASS" starttime="20250923 10:27:24.804" endtime="20250923 10:27:24.817"/>
</kw>
<kw name="Sleep" library="BuiltIn">
<arg>2s</arg>
<doc>Pauses the test executed for the given time.</doc>
<msg timestamp="20250923 10:27:26.824" level="INFO">Slept 2 seconds</msg>
<status status="PASS" starttime="20250923 10:27:24.818" endtime="20250923 10:27:26.824"/>
</kw>
<status status="PASS" starttime="20250923 10:27:24.586" endtime="20250923 10:27:26.825"/>
</kw>
<kw name="Verify Dependency Does Not Exist" library="depflow_keywords">
<arg>${dep_name}</arg>
<doc>Verifies that a dependency does not exist in the dependencies container</doc>
<kw name="Page Should Not Contain Element" library="SeleniumLibrary">
<arg>xpath://div[@class='dependency-name' and contains(text(), '${dependency_name}')]</arg>
<doc>Verifies that element ``locator`` is not found on the current page.</doc>
<msg timestamp="20250923 10:27:36.854" level="INFO">Current page does not contain element 'xpath://div[@class='dependency-name' and contains(text(), 'BulkDelete_1_20250923_102707')]'.</msg>
<status status="PASS" starttime="20250923 10:27:26.825" endtime="20250923 10:27:36.855"/>
</kw>
<status status="PASS" starttime="20250923 10:27:26.825" endtime="20250923 10:27:36.855"/>
</kw>
<status status="PASS" starttime="20250923 10:27:24.586" endtime="20250923 10:27:36.855"/>
</iter>
<iter>
<var name="${dep_name}">BulkDelete_2_20250923_102710</var>
<kw name="Delete Dependency" library="depflow_keywords">
<arg>${dep_name}</arg>
<doc>Deletes a dependency by name with updated div-based selectors</doc>
<kw name="Set Variable" library="BuiltIn">
<var>${dependency_row}</var>
<arg>xpath://div[@class='dependency-row']//div[@class='dependency-name' and contains(text(), '${dependency_name}')]/ancestor::div[@class='dependency-row']</arg>
<doc>Returns the given values which can then be assigned to a variables.</doc>
<msg timestamp="20250923 10:27:36.857" level="INFO">${dependency_row} = xpath://div[@class='dependency-row']//div[@class='dependency-name' and contains(text(), 'BulkDelete_2_20250923_102710')]/ancestor::div[@class='dependency-row']</msg>
<status status="PASS" starttime="20250923 10:27:36.857" endtime="20250923 10:27:36.857"/>
</kw>
<kw name="Wait Until Element Is Visible" library="SeleniumLibrary">
<arg>${dependency_row}</arg>
<arg>timeout=10s</arg>
<doc>Waits until the element ``locator`` is visible.</doc>
<status status="PASS" starttime="20250923 10:27:36.857" endtime="20250923 10:27:36.869"/>
</kw>
<kw name="Set Variable" library="BuiltIn">
<var>${delete_button}</var>
<arg>${dependency_row}//button[@class='btn-delete']</arg>
<doc>Returns the given values which can then be assigned to a variables.</doc>
<msg timestamp="20250923 10:27:36.869" level="INFO">${delete_button} = xpath://div[@class='dependency-row']//div[@class='dependency-name' and contains(text(), 'BulkDelete_2_20250923_102710')]/ancestor::div[@class='dependency-row']//button[@class='btn-delete']</msg>
<status status="PASS" starttime="20250923 10:27:36.869" endtime="20250923 10:27:36.869"/>
</kw>
<kw name="Wait Until Element Is Visible" library="SeleniumLibrary">
<arg>${delete_button}</arg>
<arg>timeout=10s</arg>
<doc>Waits until the element ``locator`` is visible.</doc>
<status status="PASS" starttime="20250923 10:27:36.869" endtime="20250923 10:27:36.879"/>
</kw>
<kw name="Click Element" library="SeleniumLibrary">
<arg>${delete_button}</arg>
<doc>Click the element identified by ``locator``.</doc>
<msg timestamp="20250923 10:27:36.879" level="INFO">Clicking element 'xpath://div[@class='dependency-row']//div[@class='dependency-name' and contains(text(), 'BulkDelete_2_20250923_102710')]/ancestor::div[@class='dependency-row']//button[@class='btn-delete']'.</msg>
<status status="PASS" starttime="20250923 10:27:36.879" endtime="20250923 10:27:37.002"/>
</kw>
<kw name="Handle Alert" library="SeleniumLibrary">
<arg>ACCEPT</arg>
<doc>Handles the current alert and returns its message.</doc>
<msg timestamp="20250923 10:27:37.003" level="INFO">HANDLE::&lt;class 'NoneType'&gt;::None</msg>
<status status="PASS" starttime="20250923 10:27:37.003" endtime="20250923 10:27:37.014"/>
</kw>
<kw name="Sleep" library="BuiltIn">
<arg>2s</arg>
<doc>Pauses the test executed for the given time.</doc>
<msg timestamp="20250923 10:27:39.019" level="INFO">Slept 2 seconds</msg>
<status status="PASS" starttime="20250923 10:27:37.014" endtime="20250923 10:27:39.020"/>
</kw>
<status status="PASS" starttime="20250923 10:27:36.856" endtime="20250923 10:27:39.020"/>
</kw>
<kw name="Verify Dependency Does Not Exist" library="depflow_keywords">
<arg>${dep_name}</arg>
<doc>Verifies that a dependency does not exist in the dependencies container</doc>
<kw name="Page Should Not Contain Element" library="SeleniumLibrary">
<arg>xpath://div[@class='dependency-name' and contains(text(), '${dependency_name}')]</arg>
<doc>Verifies that element ``locator`` is not found on the current page.</doc>
<msg timestamp="20250923 10:27:49.060" level="INFO">Current page does not contain element 'xpath://div[@class='dependency-name' and contains(text(), 'BulkDelete_2_20250923_102710')]'.</msg>
<status status="PASS" starttime="20250923 10:27:39.021" endtime="20250923 10:27:49.061"/>
</kw>
<status status="PASS" starttime="20250923 10:27:39.020" endtime="20250923 10:27:49.062"/>
</kw>
<status status="PASS" starttime="20250923 10:27:36.856" endtime="20250923 10:27:49.062"/>
</iter>
<status status="PASS" starttime="20250923 10:27:12.419" endtime="20250923 10:27:49.062"/>
</for>
<kw name="Test Mode Test Teardown" library="depflow_keywords" type="TEARDOWN">
<doc>Individual test teardown using test mode</doc>
<kw name="Test Mode Reset" library="depflow_keywords">
<doc>Complete app state reset for clean test environment</doc>
<kw name="Execute Javascript" library="SeleniumLibrary">
<arg>if (typeof window.DepFlow.testModeReset === 'function') {</arg>
<arg>window.DepFlow.testModeReset();</arg>
<arg>} else {</arg>
<arg>console.error('Test mode reset function not available');</arg>
<arg>}</arg>
<doc>Executes the given JavaScript code with possible arguments.</doc>
<msg timestamp="20250923 10:27:49.063" level="INFO">Executing JavaScript:
if (typeof window.DepFlow.testModeReset === 'function') {window.DepFlow.testModeReset();} else {console.error('Test mode reset function not available');}
Without any arguments.</msg>
<status status="PASS" starttime="20250923 10:27:49.063" endtime="20250923 10:27:49.070"/>
</kw>
<kw name="Sleep" library="BuiltIn">
<arg>1s</arg>
<doc>Pauses the test executed for the given time.</doc>
<msg timestamp="20250923 10:27:50.072" level="INFO">Slept 1 second</msg>
<status status="PASS" starttime="20250923 10:27:49.070" endtime="20250923 10:27:50.072"/>
</kw>
<kw name="Log" library="BuiltIn">
<arg>Test Mode Reset Completed</arg>
<doc>Logs the given message with the given level.</doc>
<msg timestamp="20250923 10:27:50.073" level="INFO">Test Mode Reset Completed</msg>
<status status="PASS" starttime="20250923 10:27:50.072" endtime="20250923 10:27:50.073"/>
</kw>
<status status="PASS" starttime="20250923 10:27:49.062" endtime="20250923 10:27:50.073"/>
</kw>
<status status="PASS" starttime="20250923 10:27:49.062" endtime="20250923 10:27:50.073"/>
</kw>
<doc>Test deleting multiple dependencies in sequence</doc>
<tag>bulk</tag>
<tag>crud</tag>
<tag>delete</tag>
<status status="PASS" starttime="20250923 10:27:01.260" endtime="20250923 10:27:50.073"/>
</test>
<kw name="Test Mode Suite Teardown" library="depflow_keywords" type="TEARDOWN">
<doc>Teardown using test mode</doc>
<kw name="Test Mode Reset" library="depflow_keywords">
<doc>Complete app state reset for clean test environment</doc>
<kw name="Execute Javascript" library="SeleniumLibrary">
<arg>if (typeof window.DepFlow.testModeReset === 'function') {</arg>
<arg>window.DepFlow.testModeReset();</arg>
<arg>} else {</arg>
<arg>console.error('Test mode reset function not available');</arg>
<arg>}</arg>
<doc>Executes the given JavaScript code with possible arguments.</doc>
<msg timestamp="20250923 10:27:50.077" level="INFO">Executing JavaScript:
if (typeof window.DepFlow.testModeReset === 'function') {window.DepFlow.testModeReset();} else {console.error('Test mode reset function not available');}
Without any arguments.</msg>
<status status="PASS" starttime="20250923 10:27:50.077" endtime="20250923 10:27:50.080"/>
</kw>
<kw name="Sleep" library="BuiltIn">
<arg>1s</arg>
<doc>Pauses the test executed for the given time.</doc>
<msg timestamp="20250923 10:27:51.082" level="INFO">Slept 1 second</msg>
<status status="PASS" starttime="20250923 10:27:50.080" endtime="20250923 10:27:51.082"/>
</kw>
<kw name="Log" library="BuiltIn">
<arg>Test Mode Reset Completed</arg>
<doc>Logs the given message with the given level.</doc>
<msg timestamp="20250923 10:27:51.082" level="INFO">Test Mode Reset Completed</msg>
<status status="PASS" starttime="20250923 10:27:51.082" endtime="20250923 10:27:51.082"/>
</kw>
<status status="PASS" starttime="20250923 10:27:50.077" endtime="20250923 10:27:51.083"/>
</kw>
<kw name="Close DepFlow Application" library="depflow_keywords">
<doc>Closes the browser and cleans up</doc>
<kw name="Close All Browsers" library="SeleniumLibrary">
<doc>Closes all open browsers and resets the browser cache.</doc>
<status status="PASS" starttime="20250923 10:27:51.083" endtime="20250923 10:27:51.415"/>
</kw>
<status status="PASS" starttime="20250923 10:27:51.083" endtime="20250923 10:27:51.416"/>
</kw>
<status status="PASS" starttime="20250923 10:27:50.077" endtime="20250923 10:27:51.416"/>
</kw>
<doc>Dependency CRUD Operations Test Suite for DepFlow Application</doc>
<status status="FAIL" starttime="20250923 10:20:57.473" endtime="20250923 10:27:51.416"/>
</suite>
<statistics>
<total>
<stat pass="17" fail="8" skip="0">All Tests</stat>
</total>
<tag>
<stat pass="1" fail="1" skip="0">admin</stat>
<stat pass="0" fail="1" skip="0">boundary</stat>
<stat pass="1" fail="0" skip="0">bulk</stat>
<stat pass="2" fail="0" skip="0">cancel</stat>
<stat pass="2" fail="0" skip="0">colors</stat>
<stat pass="3" fail="0" skip="0">comprehensive</stat>
<stat pass="2" fail="0" skip="0">confirmation</stat>
<stat pass="0" fail="1" skip="0">counters</stat>
<stat pass="2" fail="0" skip="0">create</stat>
<stat pass="15" fail="8" skip="0">crud</stat>
<stat pass="1" fail="0" skip="0">dashboard</stat>
<stat pass="4" fail="1" skip="0">delete</stat>
<stat pass="1" fail="1" skip="0">edge_case</stat>
<stat pass="0" fail="3" skip="0">edit</stat>
<stat pass="2" fail="0" skip="0">inline_edit</stat>
<stat pass="0" fail="1" skip="0">integration</stat>
<stat pass="1" fail="0" skip="0">minimal</stat>
<stat pass="1" fail="0" skip="0">modal</stat>
<stat pass="0" fail="2" skip="0">negative</stat>
<stat pass="3" fail="0" skip="0">priority</stat>
<stat pass="1" fail="3" skip="0">rbac</stat>
<stat pass="0" fail="2" skip="0">restriction</stat>
<stat pass="3" fail="0" skip="0">smoke</stat>
<stat pass="1" fail="0" skip="0">special_characters</stat>
<stat pass="3" fail="0" skip="0">status</stat>
<stat pass="1" fail="0" skip="0">teams</stat>
<stat pass="5" fail="0" skip="0">ui</stat>
<stat pass="2" fail="1" skip="0">update</stat>
<stat pass="0" fail="2" skip="0">user</stat>
<stat pass="0" fail="2" skip="0">validation</stat>
</tag>
<suite>
<stat pass="17" fail="8" skip="0" id="s1" name="02 Dependency Crud Tests">02 Dependency Crud Tests</stat>
</suite>
</statistics>
<errors>
</errors>
</robot>
