<?xml version="1.0" encoding="UTF-8"?>
<robot generator="Robot 6.1.1 (Python 3.9.6 on darwin)" generated="20250923 13:59:52.687" rpa="false" schemaversion="4">
<suite id="s1" name="Test Suites" source="/Users/mmoola/Cursor/Dependency Management App/tests/test_suites">
<suite id="s1-s1" name="01 Authentication Tests" source="/Users/mmoola/Cursor/Dependency Management App/tests/test_suites/01_authentication_tests.robot">
<kw name="Setup Test Environment" library="depflow_keywords" type="SETUP">
<doc>Sets up test environment with fresh browser</doc>
<kw name="Open DepFlow Application" library="depflow_keywords">
<doc>Opens the DepFlow application in browser</doc>
<kw name="Open Browser" library="SeleniumLibrary">
<arg>${APP_URL}</arg>
<arg>${BROWSER}</arg>
<doc>Opens a new browser instance to the optional ``url``.</doc>
<msg timestamp="20250923 13:59:52.878" level="INFO">Opening browser 'Chrome' to base url 'http://localhost:3000'.</msg>
<status status="PASS" starttime="20250923 13:59:52.878" endtime="20250923 13:59:54.704"/>
</kw>
<kw name="Maximize Browser Window" library="SeleniumLibrary">
<doc>Maximizes current browser window.</doc>
<status status="PASS" starttime="20250923 13:59:54.705" endtime="20250923 13:59:55.081"/>
</kw>
<kw name="Set Selenium Implicit Wait" library="SeleniumLibrary">
<arg>${IMPLICIT_WAIT}</arg>
<doc>Sets the implicit wait value used by Selenium.</doc>
<status status="PASS" starttime="20250923 13:59:55.083" endtime="20250923 13:59:55.086"/>
</kw>
<kw name="Wait Until Page Contains Element" library="SeleniumLibrary">
<arg>${LANDING_PAGE_LOGO}</arg>
<arg>timeout=30s</arg>
<doc>Waits until the element ``locator`` appears on the current page.</doc>
<status status="PASS" starttime="20250923 13:59:55.086" endtime="20250923 13:59:55.098"/>
</kw>
<kw name="Sleep" library="BuiltIn">
<arg>3s</arg>
<doc>Pauses the test executed for the given time.</doc>
<msg timestamp="20250923 13:59:58.100" level="INFO">Slept 3 seconds</msg>
<status status="PASS" starttime="20250923 13:59:55.098" endtime="20250923 13:59:58.100"/>
</kw>
<status status="PASS" starttime="20250923 13:59:52.877" endtime="20250923 13:59:58.100"/>
</kw>
<kw name="Capture Page Screenshot" library="SeleniumLibrary">
<doc>Takes a screenshot of the current page and embeds it into a log file.</doc>
<msg timestamp="20250923 13:59:58.289" level="INFO" html="true">&lt;/td&gt;&lt;/tr&gt;&lt;tr&gt;&lt;td colspan="3"&gt;&lt;a href="selenium-screenshot-98.png"&gt;&lt;img src="selenium-screenshot-98.png" width="800px"&gt;&lt;/a&gt;</msg>
<status status="PASS" starttime="20250923 13:59:58.101" endtime="20250923 13:59:58.289"/>
</kw>
<status status="PASS" starttime="20250923 13:59:52.877" endtime="20250923 13:59:58.289"/>
</kw>
<test id="s1-s1-t1" name="TC001 - Verify Landing Page Loads Successfully" line="33">
<kw name="Test Mode Authentication Test Setup" type="SETUP">
<doc>Setup for each authentication test using Test Mode</doc>
<kw name="Open DepFlow Application" library="depflow_keywords">
<doc>Opens the DepFlow application in browser</doc>
<kw name="Open Browser" library="SeleniumLibrary">
<arg>${APP_URL}</arg>
<arg>${BROWSER}</arg>
<doc>Opens a new browser instance to the optional ``url``.</doc>
<msg timestamp="20250923 13:59:58.291" level="INFO">Opening browser 'Chrome' to base url 'http://localhost:3000'.</msg>
<status status="PASS" starttime="20250923 13:59:58.291" endtime="20250923 13:59:59.645"/>
</kw>
<kw name="Maximize Browser Window" library="SeleniumLibrary">
<doc>Maximizes current browser window.</doc>
<status status="PASS" starttime="20250923 13:59:59.652" endtime="20250923 14:00:00.026"/>
</kw>
<kw name="Set Selenium Implicit Wait" library="SeleniumLibrary">
<arg>${IMPLICIT_WAIT}</arg>
<doc>Sets the implicit wait value used by Selenium.</doc>
<status status="PASS" starttime="20250923 14:00:00.026" endtime="20250923 14:00:00.028"/>
</kw>
<kw name="Wait Until Page Contains Element" library="SeleniumLibrary">
<arg>${LANDING_PAGE_LOGO}</arg>
<arg>timeout=30s</arg>
<doc>Waits until the element ``locator`` appears on the current page.</doc>
<status status="PASS" starttime="20250923 14:00:00.028" endtime="20250923 14:00:00.037"/>
</kw>
<kw name="Sleep" library="BuiltIn">
<arg>3s</arg>
<doc>Pauses the test executed for the given time.</doc>
<msg timestamp="20250923 14:00:03.039" level="INFO">Slept 3 seconds</msg>
<status status="PASS" starttime="20250923 14:00:00.037" endtime="20250923 14:00:03.039"/>
</kw>
<status status="PASS" starttime="20250923 13:59:58.291" endtime="20250923 14:00:03.039"/>
</kw>
<kw name="Test Mode Reset" library="depflow_keywords">
<doc>Complete app state reset for clean test environment</doc>
<kw name="Execute Javascript" library="SeleniumLibrary">
<arg>if (typeof window.DepFlow.testModeReset === 'function') {</arg>
<arg>window.DepFlow.testModeReset();</arg>
<arg>} else {</arg>
<arg>console.error('Test mode reset function not available');</arg>
<arg>}</arg>
<doc>Executes the given JavaScript code with possible arguments.</doc>
<msg timestamp="20250923 14:00:03.041" level="INFO">Executing JavaScript:
if (typeof window.DepFlow.testModeReset === 'function') {window.DepFlow.testModeReset();} else {console.error('Test mode reset function not available');}
Without any arguments.</msg>
<status status="PASS" starttime="20250923 14:00:03.040" endtime="20250923 14:00:03.050"/>
</kw>
<kw name="Sleep" library="BuiltIn">
<arg>1s</arg>
<doc>Pauses the test executed for the given time.</doc>
<msg timestamp="20250923 14:00:04.052" level="INFO">Slept 1 second</msg>
<status status="PASS" starttime="20250923 14:00:03.050" endtime="20250923 14:00:04.052"/>
</kw>
<kw name="Log" library="BuiltIn">
<arg>Test Mode Reset Completed</arg>
<doc>Logs the given message with the given level.</doc>
<msg timestamp="20250923 14:00:04.052" level="INFO">Test Mode Reset Completed</msg>
<status status="PASS" starttime="20250923 14:00:04.052" endtime="20250923 14:00:04.052"/>
</kw>
<status status="PASS" starttime="20250923 14:00:03.040" endtime="20250923 14:00:04.052"/>
</kw>
<status status="PASS" starttime="20250923 13:59:58.290" endtime="20250923 14:00:04.052"/>
</kw>
<kw name="Title Should Be" library="SeleniumLibrary">
<arg>DepFlow - Enterprise Dependency Management Platform</arg>
<doc>Verifies that the current page title equals ``title``.</doc>
<msg timestamp="20250923 14:00:04.058" level="INFO">Page title is 'DepFlow - Enterprise Dependency Management Platform'.</msg>
<status status="PASS" starttime="20250923 14:00:04.053" endtime="20250923 14:00:04.058"/>
</kw>
<kw name="Verify DepFlow Logo Present" library="depflow_keywords">
<doc>Verifies DepFlow logo is present on page</doc>
<kw name="Page Should Contain Element" library="SeleniumLibrary">
<arg>${LANDING_PAGE_LOGO}</arg>
<doc>Verifies that element ``locator`` is found on the current page.</doc>
<msg timestamp="20250923 14:00:04.066" level="INFO">Current page contains element 'xpath://div[contains(@class, 'depflow-logo')]'.</msg>
<status status="PASS" starttime="20250923 14:00:04.059" endtime="20250923 14:00:04.066"/>
</kw>
<kw name="Element Should Be Visible" library="SeleniumLibrary">
<arg>${LANDING_PAGE_LOGO}</arg>
<doc>Verifies that the element identified by ``locator`` is visible.</doc>
<msg timestamp="20250923 14:00:04.082" level="INFO">Element 'xpath://div[contains(@class, 'depflow-logo')]' is displayed.</msg>
<status status="PASS" starttime="20250923 14:00:04.066" endtime="20250923 14:00:04.082"/>
</kw>
<status status="PASS" starttime="20250923 14:00:04.058" endtime="20250923 14:00:04.082"/>
</kw>
<kw name="Page Should Contain Element" library="SeleniumLibrary">
<arg>${LOGIN_BUTTON}</arg>
<doc>Verifies that element ``locator`` is found on the current page.</doc>
<msg timestamp="20250923 14:00:04.088" level="INFO">Current page contains element 'xpath://button[contains(@onclick, 'openLoginModal')]'.</msg>
<status status="PASS" starttime="20250923 14:00:04.082" endtime="20250923 14:00:04.088"/>
</kw>
<kw name="Page Should Contain Element" library="SeleniumLibrary">
<arg>${GET_STARTED_BUTTON}</arg>
<doc>Verifies that element ``locator`` is found on the current page.</doc>
<msg timestamp="20250923 14:00:04.095" level="INFO">Current page contains element 'xpath://button[contains(@onclick, 'scrollToDemo')]'.</msg>
<status status="PASS" starttime="20250923 14:00:04.088" endtime="20250923 14:00:04.095"/>
</kw>
<kw name="Page Should Contain" library="SeleniumLibrary">
<arg>Streamlined Software Lifecycle Management</arg>
<doc>Verifies that current page contains ``text``.</doc>
<msg timestamp="20250923 14:00:04.102" level="INFO">Current page contains text 'Streamlined Software Lifecycle Management'.</msg>
<status status="PASS" starttime="20250923 14:00:04.095" endtime="20250923 14:00:04.102"/>
</kw>
<kw name="Test Mode Authentication Test Teardown" type="TEARDOWN">
<doc>Cleanup after each authentication test using Test Mode</doc>
<kw name="Test Mode Reset" library="depflow_keywords">
<doc>Complete app state reset for clean test environment</doc>
<kw name="Execute Javascript" library="SeleniumLibrary">
<arg>if (typeof window.DepFlow.testModeReset === 'function') {</arg>
<arg>window.DepFlow.testModeReset();</arg>
<arg>} else {</arg>
<arg>console.error('Test mode reset function not available');</arg>
<arg>}</arg>
<doc>Executes the given JavaScript code with possible arguments.</doc>
<msg timestamp="20250923 14:00:04.102" level="INFO">Executing JavaScript:
if (typeof window.DepFlow.testModeReset === 'function') {window.DepFlow.testModeReset();} else {console.error('Test mode reset function not available');}
Without any arguments.</msg>
<status status="PASS" starttime="20250923 14:00:04.102" endtime="20250923 14:00:04.104"/>
</kw>
<kw name="Sleep" library="BuiltIn">
<arg>1s</arg>
<doc>Pauses the test executed for the given time.</doc>
<msg timestamp="20250923 14:00:05.105" level="INFO">Slept 1 second</msg>
<status status="PASS" starttime="20250923 14:00:04.104" endtime="20250923 14:00:05.106"/>
</kw>
<kw name="Log" library="BuiltIn">
<arg>Test Mode Reset Completed</arg>
<doc>Logs the given message with the given level.</doc>
<msg timestamp="20250923 14:00:05.106" level="INFO">Test Mode Reset Completed</msg>
<status status="PASS" starttime="20250923 14:00:05.106" endtime="20250923 14:00:05.106"/>
</kw>
<status status="PASS" starttime="20250923 14:00:04.102" endtime="20250923 14:00:05.106"/>
</kw>
<kw name="Close DepFlow Application" library="depflow_keywords">
<doc>Closes the browser and cleans up</doc>
<kw name="Close All Browsers" library="SeleniumLibrary">
<doc>Closes all open browsers and resets the browser cache.</doc>
<status status="PASS" starttime="20250923 14:00:05.106" endtime="20250923 14:00:05.422"/>
</kw>
<status status="PASS" starttime="20250923 14:00:05.106" endtime="20250923 14:00:05.422"/>
</kw>
<status status="PASS" starttime="20250923 14:00:04.102" endtime="20250923 14:00:05.422"/>
</kw>
<doc>Verify that the DepFlow landing page loads with all expected elements</doc>
<tag>landing</tag>
<tag>smoke</tag>
<tag>ui</tag>
<status status="PASS" starttime="20250923 13:59:58.289" endtime="20250923 14:00:05.423"/>
</test>
<test id="s1-s1-t2" name="TC002 - Verify Login Modal Opens" line="43">
<kw name="Test Mode Authentication Test Setup" type="SETUP">
<doc>Setup for each authentication test using Test Mode</doc>
<kw name="Open DepFlow Application" library="depflow_keywords">
<doc>Opens the DepFlow application in browser</doc>
<kw name="Open Browser" library="SeleniumLibrary">
<arg>${APP_URL}</arg>
<arg>${BROWSER}</arg>
<doc>Opens a new browser instance to the optional ``url``.</doc>
<msg timestamp="20250923 14:00:05.424" level="INFO">Opening browser 'Chrome' to base url 'http://localhost:3000'.</msg>
<status status="PASS" starttime="20250923 14:00:05.423" endtime="20250923 14:00:07.163"/>
</kw>
<kw name="Maximize Browser Window" library="SeleniumLibrary">
<doc>Maximizes current browser window.</doc>
<status status="PASS" starttime="20250923 14:00:07.164" endtime="20250923 14:00:07.588"/>
</kw>
<kw name="Set Selenium Implicit Wait" library="SeleniumLibrary">
<arg>${IMPLICIT_WAIT}</arg>
<doc>Sets the implicit wait value used by Selenium.</doc>
<status status="PASS" starttime="20250923 14:00:07.588" endtime="20250923 14:00:07.590"/>
</kw>
<kw name="Wait Until Page Contains Element" library="SeleniumLibrary">
<arg>${LANDING_PAGE_LOGO}</arg>
<arg>timeout=30s</arg>
<doc>Waits until the element ``locator`` appears on the current page.</doc>
<status status="PASS" starttime="20250923 14:00:07.590" endtime="20250923 14:00:07.598"/>
</kw>
<kw name="Sleep" library="BuiltIn">
<arg>3s</arg>
<doc>Pauses the test executed for the given time.</doc>
<msg timestamp="20250923 14:00:10.599" level="INFO">Slept 3 seconds</msg>
<status status="PASS" starttime="20250923 14:00:07.598" endtime="20250923 14:00:10.599"/>
</kw>
<status status="PASS" starttime="20250923 14:00:05.423" endtime="20250923 14:00:10.600"/>
</kw>
<kw name="Test Mode Reset" library="depflow_keywords">
<doc>Complete app state reset for clean test environment</doc>
<kw name="Execute Javascript" library="SeleniumLibrary">
<arg>if (typeof window.DepFlow.testModeReset === 'function') {</arg>
<arg>window.DepFlow.testModeReset();</arg>
<arg>} else {</arg>
<arg>console.error('Test mode reset function not available');</arg>
<arg>}</arg>
<doc>Executes the given JavaScript code with possible arguments.</doc>
<msg timestamp="20250923 14:00:10.600" level="INFO">Executing JavaScript:
if (typeof window.DepFlow.testModeReset === 'function') {window.DepFlow.testModeReset();} else {console.error('Test mode reset function not available');}
Without any arguments.</msg>
<status status="PASS" starttime="20250923 14:00:10.600" endtime="20250923 14:00:10.605"/>
</kw>
<kw name="Sleep" library="BuiltIn">
<arg>1s</arg>
<doc>Pauses the test executed for the given time.</doc>
<msg timestamp="20250923 14:00:11.606" level="INFO">Slept 1 second</msg>
<status status="PASS" starttime="20250923 14:00:10.605" endtime="20250923 14:00:11.606"/>
</kw>
<kw name="Log" library="BuiltIn">
<arg>Test Mode Reset Completed</arg>
<doc>Logs the given message with the given level.</doc>
<msg timestamp="20250923 14:00:11.607" level="INFO">Test Mode Reset Completed</msg>
<status status="PASS" starttime="20250923 14:00:11.607" endtime="20250923 14:00:11.607"/>
</kw>
<status status="PASS" starttime="20250923 14:00:10.600" endtime="20250923 14:00:11.607"/>
</kw>
<status status="PASS" starttime="20250923 14:00:05.423" endtime="20250923 14:00:11.607"/>
</kw>
<kw name="Click Element" library="SeleniumLibrary">
<arg>${LOGIN_BUTTON}</arg>
<doc>Click the element identified by ``locator``.</doc>
<msg timestamp="20250923 14:00:11.608" level="INFO">Clicking element 'xpath://button[contains(@onclick, 'openLoginModal')]'.</msg>
<status status="PASS" starttime="20250923 14:00:11.608" endtime="20250923 14:00:11.670"/>
</kw>
<kw name="Wait Until Element Is Visible" library="SeleniumLibrary">
<arg>${LOGIN_MODAL}</arg>
<doc>Waits until the element ``locator`` is visible.</doc>
<status status="PASS" starttime="20250923 14:00:11.670" endtime="20250923 14:00:11.684"/>
</kw>
<kw name="Page Should Contain Element" library="SeleniumLibrary">
<arg>${USERNAME_FIELD}</arg>
<doc>Verifies that element ``locator`` is found on the current page.</doc>
<msg timestamp="20250923 14:00:11.690" level="INFO">Current page contains element 'id:email'.</msg>
<status status="PASS" starttime="20250923 14:00:11.684" endtime="20250923 14:00:11.691"/>
</kw>
<kw name="Page Should Contain Element" library="SeleniumLibrary">
<arg>${PASSWORD_FIELD}</arg>
<doc>Verifies that element ``locator`` is found on the current page.</doc>
<msg timestamp="20250923 14:00:11.696" level="INFO">Current page contains element 'id:password'.</msg>
<status status="PASS" starttime="20250923 14:00:11.691" endtime="20250923 14:00:11.696"/>
</kw>
<kw name="Page Should Contain Element" library="SeleniumLibrary">
<arg>${LOGIN_SUBMIT_BUTTON}</arg>
<doc>Verifies that element ``locator`` is found on the current page.</doc>
<msg timestamp="20250923 14:00:11.703" level="INFO">Current page contains element 'xpath://button[contains(@class, 'btn-login')]'.</msg>
<status status="PASS" starttime="20250923 14:00:11.696" endtime="20250923 14:00:11.703"/>
</kw>
<kw name="Page Should Contain Element" library="SeleniumLibrary">
<arg>${ADMIN_CREDENTIALS_BUTTON}</arg>
<doc>Verifies that element ``locator`` is found on the current page.</doc>
<msg timestamp="20250923 14:00:11.710" level="INFO">Current page contains element 'xpath://button[contains(@onclick, 'fillAdminCredentials')]'.</msg>
<status status="PASS" starttime="20250923 14:00:11.704" endtime="20250923 14:00:11.710"/>
</kw>
<kw name="Test Mode Authentication Test Teardown" type="TEARDOWN">
<doc>Cleanup after each authentication test using Test Mode</doc>
<kw name="Test Mode Reset" library="depflow_keywords">
<doc>Complete app state reset for clean test environment</doc>
<kw name="Execute Javascript" library="SeleniumLibrary">
<arg>if (typeof window.DepFlow.testModeReset === 'function') {</arg>
<arg>window.DepFlow.testModeReset();</arg>
<arg>} else {</arg>
<arg>console.error('Test mode reset function not available');</arg>
<arg>}</arg>
<doc>Executes the given JavaScript code with possible arguments.</doc>
<msg timestamp="20250923 14:00:11.711" level="INFO">Executing JavaScript:
if (typeof window.DepFlow.testModeReset === 'function') {window.DepFlow.testModeReset();} else {console.error('Test mode reset function not available');}
Without any arguments.</msg>
<status status="PASS" starttime="20250923 14:00:11.711" endtime="20250923 14:00:11.714"/>
</kw>
<kw name="Sleep" library="BuiltIn">
<arg>1s</arg>
<doc>Pauses the test executed for the given time.</doc>
<msg timestamp="20250923 14:00:12.715" level="INFO">Slept 1 second</msg>
<status status="PASS" starttime="20250923 14:00:11.714" endtime="20250923 14:00:12.715"/>
</kw>
<kw name="Log" library="BuiltIn">
<arg>Test Mode Reset Completed</arg>
<doc>Logs the given message with the given level.</doc>
<msg timestamp="20250923 14:00:12.716" level="INFO">Test Mode Reset Completed</msg>
<status status="PASS" starttime="20250923 14:00:12.715" endtime="20250923 14:00:12.716"/>
</kw>
<status status="PASS" starttime="20250923 14:00:11.711" endtime="20250923 14:00:12.716"/>
</kw>
<kw name="Close DepFlow Application" library="depflow_keywords">
<doc>Closes the browser and cleans up</doc>
<kw name="Close All Browsers" library="SeleniumLibrary">
<doc>Closes all open browsers and resets the browser cache.</doc>
<status status="PASS" starttime="20250923 14:00:12.717" endtime="20250923 14:00:12.862"/>
</kw>
<status status="PASS" starttime="20250923 14:00:12.716" endtime="20250923 14:00:12.862"/>
</kw>
<status status="PASS" starttime="20250923 14:00:11.711" endtime="20250923 14:00:12.862"/>
</kw>
<doc>Verify that clicking Login button opens the login modal</doc>
<tag>modal</tag>
<tag>smoke</tag>
<tag>ui</tag>
<status status="PASS" starttime="20250923 14:00:05.423" endtime="20250923 14:00:12.862"/>
</test>
<test id="s1-s1-t3" name="TC003 - Successful Admin Login" line="54">
<kw name="Test Mode Authentication Test Setup" type="SETUP">
<doc>Setup for each authentication test using Test Mode</doc>
<kw name="Open DepFlow Application" library="depflow_keywords">
<doc>Opens the DepFlow application in browser</doc>
<kw name="Open Browser" library="SeleniumLibrary">
<arg>${APP_URL}</arg>
<arg>${BROWSER}</arg>
<doc>Opens a new browser instance to the optional ``url``.</doc>
<msg timestamp="20250923 14:00:12.864" level="INFO">Opening browser 'Chrome' to base url 'http://localhost:3000'.</msg>
<status status="PASS" starttime="20250923 14:00:12.863" endtime="20250923 14:00:14.282"/>
</kw>
<kw name="Maximize Browser Window" library="SeleniumLibrary">
<doc>Maximizes current browser window.</doc>
<status status="PASS" starttime="20250923 14:00:14.282" endtime="20250923 14:00:14.645"/>
</kw>
<kw name="Set Selenium Implicit Wait" library="SeleniumLibrary">
<arg>${IMPLICIT_WAIT}</arg>
<doc>Sets the implicit wait value used by Selenium.</doc>
<status status="PASS" starttime="20250923 14:00:14.645" endtime="20250923 14:00:14.646"/>
</kw>
<kw name="Wait Until Page Contains Element" library="SeleniumLibrary">
<arg>${LANDING_PAGE_LOGO}</arg>
<arg>timeout=30s</arg>
<doc>Waits until the element ``locator`` appears on the current page.</doc>
<status status="PASS" starttime="20250923 14:00:14.646" endtime="20250923 14:00:14.653"/>
</kw>
<kw name="Sleep" library="BuiltIn">
<arg>3s</arg>
<doc>Pauses the test executed for the given time.</doc>
<msg timestamp="20250923 14:00:17.654" level="INFO">Slept 3 seconds</msg>
<status status="PASS" starttime="20250923 14:00:14.653" endtime="20250923 14:00:17.654"/>
</kw>
<status status="PASS" starttime="20250923 14:00:12.863" endtime="20250923 14:00:17.655"/>
</kw>
<kw name="Test Mode Reset" library="depflow_keywords">
<doc>Complete app state reset for clean test environment</doc>
<kw name="Execute Javascript" library="SeleniumLibrary">
<arg>if (typeof window.DepFlow.testModeReset === 'function') {</arg>
<arg>window.DepFlow.testModeReset();</arg>
<arg>} else {</arg>
<arg>console.error('Test mode reset function not available');</arg>
<arg>}</arg>
<doc>Executes the given JavaScript code with possible arguments.</doc>
<msg timestamp="20250923 14:00:17.656" level="INFO">Executing JavaScript:
if (typeof window.DepFlow.testModeReset === 'function') {window.DepFlow.testModeReset();} else {console.error('Test mode reset function not available');}
Without any arguments.</msg>
<status status="PASS" starttime="20250923 14:00:17.655" endtime="20250923 14:00:17.663"/>
</kw>
<kw name="Sleep" library="BuiltIn">
<arg>1s</arg>
<doc>Pauses the test executed for the given time.</doc>
<msg timestamp="20250923 14:00:18.665" level="INFO">Slept 1 second</msg>
<status status="PASS" starttime="20250923 14:00:17.663" endtime="20250923 14:00:18.665"/>
</kw>
<kw name="Log" library="BuiltIn">
<arg>Test Mode Reset Completed</arg>
<doc>Logs the given message with the given level.</doc>
<msg timestamp="20250923 14:00:18.666" level="INFO">Test Mode Reset Completed</msg>
<status status="PASS" starttime="20250923 14:00:18.666" endtime="20250923 14:00:18.666"/>
</kw>
<status status="PASS" starttime="20250923 14:00:17.655" endtime="20250923 14:00:18.666"/>
</kw>
<status status="PASS" starttime="20250923 14:00:12.863" endtime="20250923 14:00:18.666"/>
</kw>
<kw name="Run Keyword And Return Status" library="BuiltIn">
<var>${modal_visible}</var>
<arg>Element Should Be Visible</arg>
<arg>${LOGIN_MODAL}</arg>
<doc>Runs the given keyword with given arguments and returns the status as a Boolean value.</doc>
<kw name="Element Should Be Visible" library="SeleniumLibrary">
<arg>${LOGIN_MODAL}</arg>
<doc>Verifies that the element identified by ``locator`` is visible.</doc>
<msg timestamp="20250923 14:00:18.864" level="INFO" html="true">&lt;/td&gt;&lt;/tr&gt;&lt;tr&gt;&lt;td colspan="3"&gt;&lt;a href="selenium-screenshot-99.png"&gt;&lt;img src="selenium-screenshot-99.png" width="800px"&gt;&lt;/a&gt;</msg>
<msg timestamp="20250923 14:00:18.864" level="FAIL">The element 'id:loginModal' should be visible, but it is not.</msg>
<status status="FAIL" starttime="20250923 14:00:18.667" endtime="20250923 14:00:18.885"/>
</kw>
<msg timestamp="20250923 14:00:18.885" level="INFO">${modal_visible} = False</msg>
<status status="PASS" starttime="20250923 14:00:18.666" endtime="20250923 14:00:18.885"/>
</kw>
<kw name="Run Keyword If" library="BuiltIn">
<arg>${modal_visible}</arg>
<arg>Execute Javascript</arg>
<arg>closeLoginModal()</arg>
<doc>Runs the given keyword with the given arguments, if ``condition`` is true.</doc>
<status status="PASS" starttime="20250923 14:00:18.885" endtime="20250923 14:00:18.885"/>
</kw>
<kw name="Sleep" library="BuiltIn">
<arg>1s</arg>
<doc>Pauses the test executed for the given time.</doc>
<msg timestamp="20250923 14:00:19.888" level="INFO">Slept 1 second</msg>
<status status="PASS" starttime="20250923 14:00:18.885" endtime="20250923 14:00:19.889"/>
</kw>
<kw name="Login As Admin" library="depflow_keywords">
<doc>Quick login as admin user using test mode bypass</doc>
<kw name="Test Mode Admin Login" library="depflow_keywords">
<doc>Quick admin login using test mode</doc>
<kw name="Test Mode Login" library="depflow_keywords">
<arg>admin</arg>
<doc>Login using test mode bypass - no modal interaction required</doc>
<kw name="Wait Until Page Contains Element" library="SeleniumLibrary">
<arg>${LANDING_PAGE_LOGO}</arg>
<arg>timeout=10s</arg>
<doc>Waits until the element ``locator`` appears on the current page.</doc>
<status status="PASS" starttime="20250923 14:00:19.894" endtime="20250923 14:00:19.899"/>
</kw>
<kw name="Sleep" library="BuiltIn">
<arg>1s</arg>
<doc>Pauses the test executed for the given time.</doc>
<msg timestamp="20250923 14:00:20.901" level="INFO">Slept 1 second</msg>
<status status="PASS" starttime="20250923 14:00:19.899" endtime="20250923 14:00:20.901"/>
</kw>
<kw name="Execute Javascript" library="SeleniumLibrary">
<arg>if (typeof window.DepFlow.testModeLogin === 'function') {</arg>
<arg>window.DepFlow.testModeLogin('${user_type}');</arg>
<arg>} else {</arg>
<arg>console.error('Test mode login function not available');</arg>
<arg>}</arg>
<doc>Executes the given JavaScript code with possible arguments.</doc>
<msg timestamp="20250923 14:00:20.902" level="INFO">Executing JavaScript:
if (typeof window.DepFlow.testModeLogin === 'function') {window.DepFlow.testModeLogin('admin');} else {console.error('Test mode login function not available');}
Without any arguments.</msg>
<status status="PASS" starttime="20250923 14:00:20.901" endtime="20250923 14:00:20.976"/>
</kw>
<kw name="Sleep" library="BuiltIn">
<arg>2s</arg>
<doc>Pauses the test executed for the given time.</doc>
<msg timestamp="20250923 14:00:22.978" level="INFO">Slept 2 seconds</msg>
<status status="PASS" starttime="20250923 14:00:20.976" endtime="20250923 14:00:22.979"/>
</kw>
<kw name="Wait Until Element Is Visible" library="SeleniumLibrary">
<arg>${DASHBOARD_PAGE}</arg>
<arg>timeout=10s</arg>
<doc>Waits until the element ``locator`` is visible.</doc>
<status status="PASS" starttime="20250923 14:00:22.979" endtime="20250923 14:00:22.998"/>
</kw>
<kw name="Wait Until Element Is Visible" library="SeleniumLibrary">
<arg>${USER_PANEL}</arg>
<arg>timeout=5s</arg>
<doc>Waits until the element ``locator`` is visible.</doc>
<status status="PASS" starttime="20250923 14:00:22.998" endtime="20250923 14:00:23.011"/>
</kw>
<kw name="Log" library="BuiltIn">
<arg>Test Mode Login Completed for ${user_type}</arg>
<doc>Logs the given message with the given level.</doc>
<msg timestamp="20250923 14:00:23.012" level="INFO">Test Mode Login Completed for admin</msg>
<status status="PASS" starttime="20250923 14:00:23.011" endtime="20250923 14:00:23.012"/>
</kw>
<status status="PASS" starttime="20250923 14:00:19.894" endtime="20250923 14:00:23.012"/>
</kw>
<status status="PASS" starttime="20250923 14:00:19.893" endtime="20250923 14:00:23.012"/>
</kw>
<status status="PASS" starttime="20250923 14:00:19.890" endtime="20250923 14:00:23.012"/>
</kw>
<kw name="Title Should Be" library="SeleniumLibrary">
<arg>DepFlow - Enterprise Dependency Management Platform</arg>
<doc>Verifies that the current page title equals ``title``.</doc>
<msg timestamp="20250923 14:00:23.014" level="INFO">Page title is 'DepFlow - Enterprise Dependency Management Platform'.</msg>
<status status="PASS" starttime="20250923 14:00:23.012" endtime="20250923 14:00:23.014"/>
</kw>
<kw name="Page Should Contain Element" library="SeleniumLibrary">
<arg>${USER_PANEL}</arg>
<doc>Verifies that element ``locator`` is found on the current page.</doc>
<msg timestamp="20250923 14:00:23.018" level="INFO">Current page contains element 'id:userPanel'.</msg>
<status status="PASS" starttime="20250923 14:00:23.014" endtime="20250923 14:00:23.018"/>
</kw>
<kw name="Page Should Contain Element" library="SeleniumLibrary">
<arg>${DASHBOARD_PAGE}</arg>
<doc>Verifies that element ``locator`` is found on the current page.</doc>
<msg timestamp="20250923 14:00:23.021" level="INFO">Current page contains element 'id:dashboardPage'.</msg>
<status status="PASS" starttime="20250923 14:00:23.018" endtime="20250923 14:00:23.021"/>
</kw>
<kw name="Page Should Contain" library="SeleniumLibrary">
<arg>Admin User</arg>
<doc>Verifies that current page contains ``text``.</doc>
<msg timestamp="20250923 14:00:23.027" level="INFO">Current page contains text 'Admin User'.</msg>
<status status="PASS" starttime="20250923 14:00:23.021" endtime="20250923 14:00:23.028"/>
</kw>
<kw name="Page Should Contain" library="SeleniumLibrary">
<arg>admin@demo.com</arg>
<doc>Verifies that current page contains ``text``.</doc>
<msg timestamp="20250923 14:00:23.033" level="INFO">Current page contains text 'admin@demo.com'.</msg>
<status status="PASS" starttime="20250923 14:00:23.028" endtime="20250923 14:00:23.034"/>
</kw>
<kw name="Test Mode Authentication Test Teardown" type="TEARDOWN">
<doc>Cleanup after each authentication test using Test Mode</doc>
<kw name="Test Mode Reset" library="depflow_keywords">
<doc>Complete app state reset for clean test environment</doc>
<kw name="Execute Javascript" library="SeleniumLibrary">
<arg>if (typeof window.DepFlow.testModeReset === 'function') {</arg>
<arg>window.DepFlow.testModeReset();</arg>
<arg>} else {</arg>
<arg>console.error('Test mode reset function not available');</arg>
<arg>}</arg>
<doc>Executes the given JavaScript code with possible arguments.</doc>
<msg timestamp="20250923 14:00:23.034" level="INFO">Executing JavaScript:
if (typeof window.DepFlow.testModeReset === 'function') {window.DepFlow.testModeReset();} else {console.error('Test mode reset function not available');}
Without any arguments.</msg>
<status status="PASS" starttime="20250923 14:00:23.034" endtime="20250923 14:00:23.037"/>
</kw>
<kw name="Sleep" library="BuiltIn">
<arg>1s</arg>
<doc>Pauses the test executed for the given time.</doc>
<msg timestamp="20250923 14:00:24.038" level="INFO">Slept 1 second</msg>
<status status="PASS" starttime="20250923 14:00:23.037" endtime="20250923 14:00:24.038"/>
</kw>
<kw name="Log" library="BuiltIn">
<arg>Test Mode Reset Completed</arg>
<doc>Logs the given message with the given level.</doc>
<msg timestamp="20250923 14:00:24.039" level="INFO">Test Mode Reset Completed</msg>
<status status="PASS" starttime="20250923 14:00:24.038" endtime="20250923 14:00:24.039"/>
</kw>
<status status="PASS" starttime="20250923 14:00:23.034" endtime="20250923 14:00:24.039"/>
</kw>
<kw name="Close DepFlow Application" library="depflow_keywords">
<doc>Closes the browser and cleans up</doc>
<kw name="Close All Browsers" library="SeleniumLibrary">
<doc>Closes all open browsers and resets the browser cache.</doc>
<status status="PASS" starttime="20250923 14:00:24.039" endtime="20250923 14:00:24.183"/>
</kw>
<status status="PASS" starttime="20250923 14:00:24.039" endtime="20250923 14:00:24.183"/>
</kw>
<status status="PASS" starttime="20250923 14:00:23.034" endtime="20250923 14:00:24.183"/>
</kw>
<doc>Test successful login with admin credentials using quick fill</doc>
<tag>admin</tag>
<tag>authentication</tag>
<tag>smoke</tag>
<status status="PASS" starttime="20250923 14:00:12.863" endtime="20250923 14:00:24.183"/>
</test>
<test id="s1-s1-t4" name="TC007 - Successful Logout" line="110">
<kw name="Test Mode Authentication Test Setup" type="SETUP">
<doc>Setup for each authentication test using Test Mode</doc>
<kw name="Open DepFlow Application" library="depflow_keywords">
<doc>Opens the DepFlow application in browser</doc>
<kw name="Open Browser" library="SeleniumLibrary">
<arg>${APP_URL}</arg>
<arg>${BROWSER}</arg>
<doc>Opens a new browser instance to the optional ``url``.</doc>
<msg timestamp="20250923 14:00:24.186" level="INFO">Opening browser 'Chrome' to base url 'http://localhost:3000'.</msg>
<status status="PASS" starttime="20250923 14:00:24.185" endtime="20250923 14:00:25.675"/>
</kw>
<kw name="Maximize Browser Window" library="SeleniumLibrary">
<doc>Maximizes current browser window.</doc>
<status status="PASS" starttime="20250923 14:00:25.676" endtime="20250923 14:00:26.042"/>
</kw>
<kw name="Set Selenium Implicit Wait" library="SeleniumLibrary">
<arg>${IMPLICIT_WAIT}</arg>
<doc>Sets the implicit wait value used by Selenium.</doc>
<status status="PASS" starttime="20250923 14:00:26.044" endtime="20250923 14:00:26.045"/>
</kw>
<kw name="Wait Until Page Contains Element" library="SeleniumLibrary">
<arg>${LANDING_PAGE_LOGO}</arg>
<arg>timeout=30s</arg>
<doc>Waits until the element ``locator`` appears on the current page.</doc>
<status status="PASS" starttime="20250923 14:00:26.045" endtime="20250923 14:00:26.052"/>
</kw>
<kw name="Sleep" library="BuiltIn">
<arg>3s</arg>
<doc>Pauses the test executed for the given time.</doc>
<msg timestamp="20250923 14:00:29.053" level="INFO">Slept 3 seconds</msg>
<status status="PASS" starttime="20250923 14:00:26.052" endtime="20250923 14:00:29.053"/>
</kw>
<status status="PASS" starttime="20250923 14:00:24.185" endtime="20250923 14:00:29.053"/>
</kw>
<kw name="Test Mode Reset" library="depflow_keywords">
<doc>Complete app state reset for clean test environment</doc>
<kw name="Execute Javascript" library="SeleniumLibrary">
<arg>if (typeof window.DepFlow.testModeReset === 'function') {</arg>
<arg>window.DepFlow.testModeReset();</arg>
<arg>} else {</arg>
<arg>console.error('Test mode reset function not available');</arg>
<arg>}</arg>
<doc>Executes the given JavaScript code with possible arguments.</doc>
<msg timestamp="20250923 14:00:29.055" level="INFO">Executing JavaScript:
if (typeof window.DepFlow.testModeReset === 'function') {window.DepFlow.testModeReset();} else {console.error('Test mode reset function not available');}
Without any arguments.</msg>
<status status="PASS" starttime="20250923 14:00:29.054" endtime="20250923 14:00:29.064"/>
</kw>
<kw name="Sleep" library="BuiltIn">
<arg>1s</arg>
<doc>Pauses the test executed for the given time.</doc>
<msg timestamp="20250923 14:00:30.082" level="INFO">Slept 1 second</msg>
<status status="PASS" starttime="20250923 14:00:29.064" endtime="20250923 14:00:30.083"/>
</kw>
<kw name="Log" library="BuiltIn">
<arg>Test Mode Reset Completed</arg>
<doc>Logs the given message with the given level.</doc>
<msg timestamp="20250923 14:00:30.103" level="INFO">Test Mode Reset Completed</msg>
<status status="PASS" starttime="20250923 14:00:30.103" endtime="20250923 14:00:30.103"/>
</kw>
<status status="PASS" starttime="20250923 14:00:29.054" endtime="20250923 14:00:30.103"/>
</kw>
<status status="PASS" starttime="20250923 14:00:24.185" endtime="20250923 14:00:30.103"/>
</kw>
<kw name="Run Keyword And Return Status" library="BuiltIn">
<var>${modal_visible}</var>
<arg>Element Should Be Visible</arg>
<arg>${LOGIN_MODAL}</arg>
<doc>Runs the given keyword with given arguments and returns the status as a Boolean value.</doc>
<kw name="Element Should Be Visible" library="SeleniumLibrary">
<arg>${LOGIN_MODAL}</arg>
<doc>Verifies that the element identified by ``locator`` is visible.</doc>
<msg timestamp="20250923 14:00:30.421" level="INFO" html="true">&lt;/td&gt;&lt;/tr&gt;&lt;tr&gt;&lt;td colspan="3"&gt;&lt;a href="selenium-screenshot-100.png"&gt;&lt;img src="selenium-screenshot-100.png" width="800px"&gt;&lt;/a&gt;</msg>
<msg timestamp="20250923 14:00:30.421" level="FAIL">The element 'id:loginModal' should be visible, but it is not.</msg>
<status status="FAIL" starttime="20250923 14:00:30.104" endtime="20250923 14:00:30.421"/>
</kw>
<msg timestamp="20250923 14:00:30.422" level="INFO">${modal_visible} = False</msg>
<status status="PASS" starttime="20250923 14:00:30.103" endtime="20250923 14:00:30.422"/>
</kw>
<kw name="Run Keyword If" library="BuiltIn">
<arg>${modal_visible}</arg>
<arg>Execute Javascript</arg>
<arg>closeLoginModal()</arg>
<doc>Runs the given keyword with the given arguments, if ``condition`` is true.</doc>
<status status="PASS" starttime="20250923 14:00:30.422" endtime="20250923 14:00:30.425"/>
</kw>
<kw name="Sleep" library="BuiltIn">
<arg>1s</arg>
<doc>Pauses the test executed for the given time.</doc>
<msg timestamp="20250923 14:00:31.428" level="INFO">Slept 1 second</msg>
<status status="PASS" starttime="20250923 14:00:30.425" endtime="20250923 14:00:31.429"/>
</kw>
<kw name="Login As Admin" library="depflow_keywords">
<doc>Quick login as admin user using test mode bypass</doc>
<kw name="Test Mode Admin Login" library="depflow_keywords">
<doc>Quick admin login using test mode</doc>
<kw name="Test Mode Login" library="depflow_keywords">
<arg>admin</arg>
<doc>Login using test mode bypass - no modal interaction required</doc>
<kw name="Wait Until Page Contains Element" library="SeleniumLibrary">
<arg>${LANDING_PAGE_LOGO}</arg>
<arg>timeout=10s</arg>
<doc>Waits until the element ``locator`` appears on the current page.</doc>
<status status="PASS" starttime="20250923 14:00:31.430" endtime="20250923 14:00:31.439"/>
</kw>
<kw name="Sleep" library="BuiltIn">
<arg>1s</arg>
<doc>Pauses the test executed for the given time.</doc>
<msg timestamp="20250923 14:00:32.440" level="INFO">Slept 1 second</msg>
<status status="PASS" starttime="20250923 14:00:31.439" endtime="20250923 14:00:32.441"/>
</kw>
<kw name="Execute Javascript" library="SeleniumLibrary">
<arg>if (typeof window.DepFlow.testModeLogin === 'function') {</arg>
<arg>window.DepFlow.testModeLogin('${user_type}');</arg>
<arg>} else {</arg>
<arg>console.error('Test mode login function not available');</arg>
<arg>}</arg>
<doc>Executes the given JavaScript code with possible arguments.</doc>
<msg timestamp="20250923 14:00:32.442" level="INFO">Executing JavaScript:
if (typeof window.DepFlow.testModeLogin === 'function') {window.DepFlow.testModeLogin('admin');} else {console.error('Test mode login function not available');}
Without any arguments.</msg>
<status status="PASS" starttime="20250923 14:00:32.441" endtime="20250923 14:00:32.496"/>
</kw>
<kw name="Sleep" library="BuiltIn">
<arg>2s</arg>
<doc>Pauses the test executed for the given time.</doc>
<msg timestamp="20250923 14:00:34.497" level="INFO">Slept 2 seconds</msg>
<status status="PASS" starttime="20250923 14:00:32.496" endtime="20250923 14:00:34.497"/>
</kw>
<kw name="Wait Until Element Is Visible" library="SeleniumLibrary">
<arg>${DASHBOARD_PAGE}</arg>
<arg>timeout=10s</arg>
<doc>Waits until the element ``locator`` is visible.</doc>
<status status="PASS" starttime="20250923 14:00:34.497" endtime="20250923 14:00:34.515"/>
</kw>
<kw name="Wait Until Element Is Visible" library="SeleniumLibrary">
<arg>${USER_PANEL}</arg>
<arg>timeout=5s</arg>
<doc>Waits until the element ``locator`` is visible.</doc>
<status status="PASS" starttime="20250923 14:00:34.515" endtime="20250923 14:00:34.526"/>
</kw>
<kw name="Log" library="BuiltIn">
<arg>Test Mode Login Completed for ${user_type}</arg>
<doc>Logs the given message with the given level.</doc>
<msg timestamp="20250923 14:00:34.526" level="INFO">Test Mode Login Completed for admin</msg>
<status status="PASS" starttime="20250923 14:00:34.526" endtime="20250923 14:00:34.527"/>
</kw>
<status status="PASS" starttime="20250923 14:00:31.430" endtime="20250923 14:00:34.527"/>
</kw>
<status status="PASS" starttime="20250923 14:00:31.430" endtime="20250923 14:00:34.527"/>
</kw>
<status status="PASS" starttime="20250923 14:00:31.429" endtime="20250923 14:00:34.527"/>
</kw>
<kw name="Wait Until Element Is Visible" library="SeleniumLibrary">
<arg>${LOGOUT_BUTTON}</arg>
<doc>Waits until the element ``locator`` is visible.</doc>
<status status="PASS" starttime="20250923 14:00:34.527" endtime="20250923 14:00:34.537"/>
</kw>
<kw name="Logout From DepFlow" library="depflow_keywords">
<doc>Logs out from DepFlow application</doc>
<kw name="Wait Until Element Is Visible" library="SeleniumLibrary">
<arg>${LOGOUT_BUTTON}</arg>
<doc>Waits until the element ``locator`` is visible.</doc>
<status status="PASS" starttime="20250923 14:00:34.537" endtime="20250923 14:00:34.544"/>
</kw>
<kw name="Click Element" library="SeleniumLibrary">
<arg>${LOGOUT_BUTTON}</arg>
<doc>Click the element identified by ``locator``.</doc>
<msg timestamp="20250923 14:00:34.544" level="INFO">Clicking element 'xpath://button[contains(@class, 'btn-logout')]'.</msg>
<status status="PASS" starttime="20250923 14:00:34.544" endtime="20250923 14:00:34.574"/>
</kw>
<kw name="Wait Until Element Is Not Visible" library="SeleniumLibrary">
<arg>${USER_PANEL}</arg>
<arg>timeout=10s</arg>
<doc>Waits until the element ``locator`` is not visible.</doc>
<msg timestamp="20250923 14:00:44.946" level="INFO" html="true">&lt;/td&gt;&lt;/tr&gt;&lt;tr&gt;&lt;td colspan="3"&gt;&lt;a href="selenium-screenshot-101.png"&gt;&lt;img src="selenium-screenshot-101.png" width="800px"&gt;&lt;/a&gt;</msg>
<msg timestamp="20250923 14:00:44.946" level="FAIL">Element 'id:userPanel' still visible after 10 seconds.</msg>
<status status="FAIL" starttime="20250923 14:00:34.574" endtime="20250923 14:00:44.949"/>
</kw>
<kw name="Wait Until Page Contains Element" library="SeleniumLibrary">
<arg>${LANDING_PAGE_LOGO}</arg>
<arg>timeout=10s</arg>
<doc>Waits until the element ``locator`` appears on the current page.</doc>
<status status="NOT RUN" starttime="20250923 14:00:44.950" endtime="20250923 14:00:44.950"/>
</kw>
<status status="FAIL" starttime="20250923 14:00:34.537" endtime="20250923 14:00:44.950"/>
</kw>
<kw name="Verify DepFlow Logo Present" library="depflow_keywords">
<doc>Verifies DepFlow logo is present on page</doc>
<status status="NOT RUN" starttime="20250923 14:00:44.950" endtime="20250923 14:00:44.950"/>
</kw>
<kw name="Page Should Contain Element" library="SeleniumLibrary">
<arg>${LOGIN_BUTTON}</arg>
<doc>Verifies that element ``locator`` is found on the current page.</doc>
<status status="NOT RUN" starttime="20250923 14:00:44.950" endtime="20250923 14:00:44.950"/>
</kw>
<kw name="Element Should Not Be Visible" library="SeleniumLibrary">
<arg>${USER_PANEL}</arg>
<doc>Verifies that the element identified by ``locator`` is NOT visible.</doc>
<status status="NOT RUN" starttime="20250923 14:00:44.950" endtime="20250923 14:00:44.950"/>
</kw>
<kw name="Test Mode Authentication Test Teardown" type="TEARDOWN">
<doc>Cleanup after each authentication test using Test Mode</doc>
<kw name="Test Mode Reset" library="depflow_keywords">
<doc>Complete app state reset for clean test environment</doc>
<kw name="Execute Javascript" library="SeleniumLibrary">
<arg>if (typeof window.DepFlow.testModeReset === 'function') {</arg>
<arg>window.DepFlow.testModeReset();</arg>
<arg>} else {</arg>
<arg>console.error('Test mode reset function not available');</arg>
<arg>}</arg>
<doc>Executes the given JavaScript code with possible arguments.</doc>
<msg timestamp="20250923 14:00:44.951" level="INFO">Executing JavaScript:
if (typeof window.DepFlow.testModeReset === 'function') {window.DepFlow.testModeReset();} else {console.error('Test mode reset function not available');}
Without any arguments.</msg>
<status status="PASS" starttime="20250923 14:00:44.950" endtime="20250923 14:00:44.957"/>
</kw>
<kw name="Sleep" library="BuiltIn">
<arg>1s</arg>
<doc>Pauses the test executed for the given time.</doc>
<msg timestamp="20250923 14:00:45.958" level="INFO">Slept 1 second</msg>
<status status="PASS" starttime="20250923 14:00:44.957" endtime="20250923 14:00:45.958"/>
</kw>
<kw name="Log" library="BuiltIn">
<arg>Test Mode Reset Completed</arg>
<doc>Logs the given message with the given level.</doc>
<msg timestamp="20250923 14:00:45.959" level="INFO">Test Mode Reset Completed</msg>
<status status="PASS" starttime="20250923 14:00:45.959" endtime="20250923 14:00:45.959"/>
</kw>
<status status="PASS" starttime="20250923 14:00:44.950" endtime="20250923 14:00:45.959"/>
</kw>
<kw name="Close DepFlow Application" library="depflow_keywords">
<doc>Closes the browser and cleans up</doc>
<kw name="Close All Browsers" library="SeleniumLibrary">
<doc>Closes all open browsers and resets the browser cache.</doc>
<status status="PASS" starttime="20250923 14:00:45.960" endtime="20250923 14:00:46.173"/>
</kw>
<status status="PASS" starttime="20250923 14:00:45.959" endtime="20250923 14:00:46.173"/>
</kw>
<status status="PASS" starttime="20250923 14:00:44.950" endtime="20250923 14:00:46.173"/>
</kw>
<doc>Test successful logout functionality</doc>
<tag>authentication</tag>
<tag>logout</tag>
<tag>smoke</tag>
<status status="FAIL" starttime="20250923 14:00:24.184" endtime="20250923 14:00:46.173">Element 'id:userPanel' still visible after 10 seconds.</status>
</test>
<kw name="Teardown Test Environment" library="depflow_keywords" type="TEARDOWN">
<doc>Tears down test environment</doc>
<kw name="Capture Page Screenshot" library="SeleniumLibrary">
<doc>Takes a screenshot of the current page and embeds it into a log file.</doc>
<msg timestamp="20250923 14:00:46.174" level="INFO">Cannot capture screenshot because no browser is open.</msg>
<status status="PASS" starttime="20250923 14:00:46.174" endtime="20250923 14:00:46.174"/>
</kw>
<kw name="Close DepFlow Application" library="depflow_keywords">
<doc>Closes the browser and cleans up</doc>
<kw name="Close All Browsers" library="SeleniumLibrary">
<doc>Closes all open browsers and resets the browser cache.</doc>
<status status="PASS" starttime="20250923 14:00:46.174" endtime="20250923 14:00:46.174"/>
</kw>
<status status="PASS" starttime="20250923 14:00:46.174" endtime="20250923 14:00:46.174"/>
</kw>
<status status="PASS" starttime="20250923 14:00:46.174" endtime="20250923 14:00:46.174"/>
</kw>
<doc>Authentication and Login Test Suite for DepFlow Application</doc>
<status status="FAIL" starttime="20250923 13:59:52.698" endtime="20250923 14:00:46.174"/>
</suite>
<suite id="s1-s2" name="02 Dependency Crud Tests" source="/Users/mmoola/Cursor/Dependency Management App/tests/test_suites/02_dependency_crud_tests.robot">
<kw name="Test Mode Suite Setup" library="depflow_keywords" type="SETUP">
<doc>Setup using test mode authentication</doc>
<kw name="Open DepFlow Application" library="depflow_keywords">
<doc>Opens the DepFlow application in browser</doc>
<kw name="Open Browser" library="SeleniumLibrary">
<arg>${APP_URL}</arg>
<arg>${BROWSER}</arg>
<doc>Opens a new browser instance to the optional ``url``.</doc>
<msg timestamp="20250923 14:00:46.189" level="INFO">Opening browser 'Chrome' to base url 'http://localhost:3000'.</msg>
<status status="PASS" starttime="20250923 14:00:46.188" endtime="20250923 14:00:47.739"/>
</kw>
<kw name="Maximize Browser Window" library="SeleniumLibrary">
<doc>Maximizes current browser window.</doc>
<status status="PASS" starttime="20250923 14:00:47.741" endtime="20250923 14:00:48.107"/>
</kw>
<kw name="Set Selenium Implicit Wait" library="SeleniumLibrary">
<arg>${IMPLICIT_WAIT}</arg>
<doc>Sets the implicit wait value used by Selenium.</doc>
<status status="PASS" starttime="20250923 14:00:48.108" endtime="20250923 14:00:48.109"/>
</kw>
<kw name="Wait Until Page Contains Element" library="SeleniumLibrary">
<arg>${LANDING_PAGE_LOGO}</arg>
<arg>timeout=30s</arg>
<doc>Waits until the element ``locator`` appears on the current page.</doc>
<status status="PASS" starttime="20250923 14:00:48.109" endtime="20250923 14:00:48.116"/>
</kw>
<kw name="Sleep" library="BuiltIn">
<arg>3s</arg>
<doc>Pauses the test executed for the given time.</doc>
<msg timestamp="20250923 14:00:51.120" level="INFO">Slept 3 seconds</msg>
<status status="PASS" starttime="20250923 14:00:48.116" endtime="20250923 14:00:51.120"/>
</kw>
<status status="PASS" starttime="20250923 14:00:46.188" endtime="20250923 14:00:51.120"/>
</kw>
<kw name="Test Mode Admin Login" library="depflow_keywords">
<doc>Quick admin login using test mode</doc>
<kw name="Test Mode Login" library="depflow_keywords">
<arg>admin</arg>
<doc>Login using test mode bypass - no modal interaction required</doc>
<kw name="Wait Until Page Contains Element" library="SeleniumLibrary">
<arg>${LANDING_PAGE_LOGO}</arg>
<arg>timeout=10s</arg>
<doc>Waits until the element ``locator`` appears on the current page.</doc>
<status status="PASS" starttime="20250923 14:00:51.121" endtime="20250923 14:00:51.130"/>
</kw>
<kw name="Sleep" library="BuiltIn">
<arg>1s</arg>
<doc>Pauses the test executed for the given time.</doc>
<msg timestamp="20250923 14:00:52.131" level="INFO">Slept 1 second</msg>
<status status="PASS" starttime="20250923 14:00:51.130" endtime="20250923 14:00:52.131"/>
</kw>
<kw name="Execute Javascript" library="SeleniumLibrary">
<arg>if (typeof window.DepFlow.testModeLogin === 'function') {</arg>
<arg>window.DepFlow.testModeLogin('${user_type}');</arg>
<arg>} else {</arg>
<arg>console.error('Test mode login function not available');</arg>
<arg>}</arg>
<doc>Executes the given JavaScript code with possible arguments.</doc>
<msg timestamp="20250923 14:00:52.132" level="INFO">Executing JavaScript:
if (typeof window.DepFlow.testModeLogin === 'function') {window.DepFlow.testModeLogin('admin');} else {console.error('Test mode login function not available');}
Without any arguments.</msg>
<status status="PASS" starttime="20250923 14:00:52.131" endtime="20250923 14:00:52.188"/>
</kw>
<kw name="Sleep" library="BuiltIn">
<arg>2s</arg>
<doc>Pauses the test executed for the given time.</doc>
<msg timestamp="20250923 14:00:54.189" level="INFO">Slept 2 seconds</msg>
<status status="PASS" starttime="20250923 14:00:52.188" endtime="20250923 14:00:54.189"/>
</kw>
<kw name="Wait Until Element Is Visible" library="SeleniumLibrary">
<arg>${DASHBOARD_PAGE}</arg>
<arg>timeout=10s</arg>
<doc>Waits until the element ``locator`` is visible.</doc>
<status status="PASS" starttime="20250923 14:00:54.189" endtime="20250923 14:00:54.213"/>
</kw>
<kw name="Wait Until Element Is Visible" library="SeleniumLibrary">
<arg>${USER_PANEL}</arg>
<arg>timeout=5s</arg>
<doc>Waits until the element ``locator`` is visible.</doc>
<status status="PASS" starttime="20250923 14:00:54.213" endtime="20250923 14:00:54.228"/>
</kw>
<kw name="Log" library="BuiltIn">
<arg>Test Mode Login Completed for ${user_type}</arg>
<doc>Logs the given message with the given level.</doc>
<msg timestamp="20250923 14:00:54.228" level="INFO">Test Mode Login Completed for admin</msg>
<status status="PASS" starttime="20250923 14:00:54.228" endtime="20250923 14:00:54.228"/>
</kw>
<status status="PASS" starttime="20250923 14:00:51.121" endtime="20250923 14:00:54.228"/>
</kw>
<status status="PASS" starttime="20250923 14:00:51.121" endtime="20250923 14:00:54.228"/>
</kw>
<status status="PASS" starttime="20250923 14:00:46.187" endtime="20250923 14:00:54.228"/>
</kw>
<test id="s1-s2-t1" name="TC013 - Verify Dashboard Elements Present" line="27">
<kw name="Test Mode Test Setup" library="depflow_keywords" type="SETUP">
<doc>Individual test setup using test mode</doc>
<kw name="Test Mode Reset" library="depflow_keywords">
<doc>Complete app state reset for clean test environment</doc>
<kw name="Execute Javascript" library="SeleniumLibrary">
<arg>if (typeof window.DepFlow.testModeReset === 'function') {</arg>
<arg>window.DepFlow.testModeReset();</arg>
<arg>} else {</arg>
<arg>console.error('Test mode reset function not available');</arg>
<arg>}</arg>
<doc>Executes the given JavaScript code with possible arguments.</doc>
<msg timestamp="20250923 14:00:54.230" level="INFO">Executing JavaScript:
if (typeof window.DepFlow.testModeReset === 'function') {window.DepFlow.testModeReset();} else {console.error('Test mode reset function not available');}
Without any arguments.</msg>
<status status="PASS" starttime="20250923 14:00:54.229" endtime="20250923 14:00:54.234"/>
</kw>
<kw name="Sleep" library="BuiltIn">
<arg>1s</arg>
<doc>Pauses the test executed for the given time.</doc>
<msg timestamp="20250923 14:00:55.235" level="INFO">Slept 1 second</msg>
<status status="PASS" starttime="20250923 14:00:54.234" endtime="20250923 14:00:55.235"/>
</kw>
<kw name="Log" library="BuiltIn">
<arg>Test Mode Reset Completed</arg>
<doc>Logs the given message with the given level.</doc>
<msg timestamp="20250923 14:00:55.236" level="INFO">Test Mode Reset Completed</msg>
<status status="PASS" starttime="20250923 14:00:55.235" endtime="20250923 14:00:55.236"/>
</kw>
<status status="PASS" starttime="20250923 14:00:54.229" endtime="20250923 14:00:55.236"/>
</kw>
<kw name="Test Mode Admin Login" library="depflow_keywords">
<doc>Quick admin login using test mode</doc>
<kw name="Test Mode Login" library="depflow_keywords">
<arg>admin</arg>
<doc>Login using test mode bypass - no modal interaction required</doc>
<kw name="Wait Until Page Contains Element" library="SeleniumLibrary">
<arg>${LANDING_PAGE_LOGO}</arg>
<arg>timeout=10s</arg>
<doc>Waits until the element ``locator`` appears on the current page.</doc>
<status status="PASS" starttime="20250923 14:00:55.237" endtime="20250923 14:00:55.245"/>
</kw>
<kw name="Sleep" library="BuiltIn">
<arg>1s</arg>
<doc>Pauses the test executed for the given time.</doc>
<msg timestamp="20250923 14:00:56.247" level="INFO">Slept 1 second</msg>
<status status="PASS" starttime="20250923 14:00:55.246" endtime="20250923 14:00:56.248"/>
</kw>
<kw name="Execute Javascript" library="SeleniumLibrary">
<arg>if (typeof window.DepFlow.testModeLogin === 'function') {</arg>
<arg>window.DepFlow.testModeLogin('${user_type}');</arg>
<arg>} else {</arg>
<arg>console.error('Test mode login function not available');</arg>
<arg>}</arg>
<doc>Executes the given JavaScript code with possible arguments.</doc>
<msg timestamp="20250923 14:00:56.248" level="INFO">Executing JavaScript:
if (typeof window.DepFlow.testModeLogin === 'function') {window.DepFlow.testModeLogin('admin');} else {console.error('Test mode login function not available');}
Without any arguments.</msg>
<status status="PASS" starttime="20250923 14:00:56.248" endtime="20250923 14:00:56.259"/>
</kw>
<kw name="Sleep" library="BuiltIn">
<arg>2s</arg>
<doc>Pauses the test executed for the given time.</doc>
<msg timestamp="20250923 14:00:58.263" level="INFO">Slept 2 seconds</msg>
<status status="PASS" starttime="20250923 14:00:56.260" endtime="20250923 14:00:58.263"/>
</kw>
<kw name="Wait Until Element Is Visible" library="SeleniumLibrary">
<arg>${DASHBOARD_PAGE}</arg>
<arg>timeout=10s</arg>
<doc>Waits until the element ``locator`` is visible.</doc>
<status status="PASS" starttime="20250923 14:00:58.264" endtime="20250923 14:00:58.275"/>
</kw>
<kw name="Wait Until Element Is Visible" library="SeleniumLibrary">
<arg>${USER_PANEL}</arg>
<arg>timeout=5s</arg>
<doc>Waits until the element ``locator`` is visible.</doc>
<status status="PASS" starttime="20250923 14:00:58.276" endtime="20250923 14:00:58.284"/>
</kw>
<kw name="Log" library="BuiltIn">
<arg>Test Mode Login Completed for ${user_type}</arg>
<doc>Logs the given message with the given level.</doc>
<msg timestamp="20250923 14:00:58.284" level="INFO">Test Mode Login Completed for admin</msg>
<status status="PASS" starttime="20250923 14:00:58.284" endtime="20250923 14:00:58.284"/>
</kw>
<status status="PASS" starttime="20250923 14:00:55.236" endtime="20250923 14:00:58.284"/>
</kw>
<status status="PASS" starttime="20250923 14:00:55.236" endtime="20250923 14:00:58.284"/>
</kw>
<status status="PASS" starttime="20250923 14:00:54.229" endtime="20250923 14:00:58.284"/>
</kw>
<kw name="Page Should Contain Element" library="SeleniumLibrary">
<arg>${ADD_DEPENDENCY_BUTTON}</arg>
<doc>Verifies that element ``locator`` is found on the current page.</doc>
<msg timestamp="20250923 14:00:58.291" level="INFO">Current page contains element 'xpath://button[contains(@onclick, 'showAddDependencyModal')]'.</msg>
<status status="PASS" starttime="20250923 14:00:58.284" endtime="20250923 14:00:58.291"/>
</kw>
<kw name="Page Should Contain Element" library="SeleniumLibrary">
<arg>${TOTAL_COUNT}</arg>
<doc>Verifies that element ``locator`` is found on the current page.</doc>
<msg timestamp="20250923 14:00:58.297" level="INFO">Current page contains element 'id:totalCount'.</msg>
<status status="PASS" starttime="20250923 14:00:58.291" endtime="20250923 14:00:58.297"/>
</kw>
<kw name="Page Should Contain Element" library="SeleniumLibrary">
<arg>${SEARCH_INPUT}</arg>
<doc>Verifies that element ``locator`` is found on the current page.</doc>
<msg timestamp="20250923 14:00:58.302" level="INFO">Current page contains element 'id:searchInput'.</msg>
<status status="PASS" starttime="20250923 14:00:58.297" endtime="20250923 14:00:58.302"/>
</kw>
<kw name="Page Should Contain Element" library="SeleniumLibrary">
<arg>${DEPENDENCY_TABLE}</arg>
<doc>Verifies that element ``locator`` is found on the current page.</doc>
<msg timestamp="20250923 14:00:58.308" level="INFO">Current page contains element 'css:.dependencies-table'.</msg>
<status status="PASS" starttime="20250923 14:00:58.302" endtime="20250923 14:00:58.308"/>
</kw>
<kw name="Verify DepFlow Dashboard Logo Present" library="depflow_keywords">
<doc>Verifies DepFlow logo is present on dashboard page</doc>
<kw name="Get WebElements" library="SeleniumLibrary">
<var>${visible_logos}</var>
<arg>xpath://div[contains(@class, 'depflow-logo') and not(contains(@style, 'display: none'))]</arg>
<doc>Returns a list of WebElement objects matching the ``locator``.</doc>
<msg timestamp="20250923 14:00:58.315" level="INFO">${visible_logos} = [&lt;selenium.webdriver.remote.webelement.WebElement (session="61e744ad8fc7bc466de8fd6264024a42", element="f.716C5344EEC9606E111D31A09DD7A46D.d.5B9FF958927D5CDEF8D4D553E8D1EEF6.e.38")&gt;, &lt;selenium.webdriv...</msg>
<status status="PASS" starttime="20250923 14:00:58.308" endtime="20250923 14:00:58.315"/>
</kw>
<kw name="Get Length" library="BuiltIn">
<var>${count}</var>
<arg>${visible_logos}</arg>
<doc>Returns and logs the length of the given item as an integer.</doc>
<msg timestamp="20250923 14:00:58.315" level="INFO">Length is 2</msg>
<msg timestamp="20250923 14:00:58.315" level="INFO">${count} = 2</msg>
<status status="PASS" starttime="20250923 14:00:58.315" endtime="20250923 14:00:58.315"/>
</kw>
<kw name="Should Be True" library="BuiltIn">
<arg>${count} &gt; 0</arg>
<arg>No visible DepFlow logo found on dashboard</arg>
<doc>Fails if the given condition is not true.</doc>
<status status="PASS" starttime="20250923 14:00:58.315" endtime="20250923 14:00:58.315"/>
</kw>
<status status="PASS" starttime="20250923 14:00:58.308" endtime="20250923 14:00:58.315"/>
</kw>
<kw name="Test Mode Test Teardown" library="depflow_keywords" type="TEARDOWN">
<doc>Individual test teardown using test mode</doc>
<kw name="Test Mode Reset" library="depflow_keywords">
<doc>Complete app state reset for clean test environment</doc>
<kw name="Execute Javascript" library="SeleniumLibrary">
<arg>if (typeof window.DepFlow.testModeReset === 'function') {</arg>
<arg>window.DepFlow.testModeReset();</arg>
<arg>} else {</arg>
<arg>console.error('Test mode reset function not available');</arg>
<arg>}</arg>
<doc>Executes the given JavaScript code with possible arguments.</doc>
<msg timestamp="20250923 14:00:58.316" level="INFO">Executing JavaScript:
if (typeof window.DepFlow.testModeReset === 'function') {window.DepFlow.testModeReset();} else {console.error('Test mode reset function not available');}
Without any arguments.</msg>
<status status="PASS" starttime="20250923 14:00:58.315" endtime="20250923 14:00:58.320"/>
</kw>
<kw name="Sleep" library="BuiltIn">
<arg>1s</arg>
<doc>Pauses the test executed for the given time.</doc>
<msg timestamp="20250923 14:00:59.322" level="INFO">Slept 1 second</msg>
<status status="PASS" starttime="20250923 14:00:58.320" endtime="20250923 14:00:59.322"/>
</kw>
<kw name="Log" library="BuiltIn">
<arg>Test Mode Reset Completed</arg>
<doc>Logs the given message with the given level.</doc>
<msg timestamp="20250923 14:00:59.322" level="INFO">Test Mode Reset Completed</msg>
<status status="PASS" starttime="20250923 14:00:59.322" endtime="20250923 14:00:59.322"/>
</kw>
<status status="PASS" starttime="20250923 14:00:58.315" endtime="20250923 14:00:59.322"/>
</kw>
<status status="PASS" starttime="20250923 14:00:58.315" endtime="20250923 14:00:59.322"/>
</kw>
<doc>Verify all dashboard elements are present after login</doc>
<tag>dashboard</tag>
<tag>smoke</tag>
<tag>ui</tag>
<status status="PASS" starttime="20250923 14:00:54.228" endtime="20250923 14:00:59.322"/>
</test>
<test id="s1-s2-t2" name="TC014 - Open Add Dependency Modal" line="37">
<kw name="Test Mode Test Setup" library="depflow_keywords" type="SETUP">
<doc>Individual test setup using test mode</doc>
<kw name="Test Mode Reset" library="depflow_keywords">
<doc>Complete app state reset for clean test environment</doc>
<kw name="Execute Javascript" library="SeleniumLibrary">
<arg>if (typeof window.DepFlow.testModeReset === 'function') {</arg>
<arg>window.DepFlow.testModeReset();</arg>
<arg>} else {</arg>
<arg>console.error('Test mode reset function not available');</arg>
<arg>}</arg>
<doc>Executes the given JavaScript code with possible arguments.</doc>
<msg timestamp="20250923 14:00:59.323" level="INFO">Executing JavaScript:
if (typeof window.DepFlow.testModeReset === 'function') {window.DepFlow.testModeReset();} else {console.error('Test mode reset function not available');}
Without any arguments.</msg>
<status status="PASS" starttime="20250923 14:00:59.323" endtime="20250923 14:00:59.329"/>
</kw>
<kw name="Sleep" library="BuiltIn">
<arg>1s</arg>
<doc>Pauses the test executed for the given time.</doc>
<msg timestamp="20250923 14:01:00.330" level="INFO">Slept 1 second</msg>
<status status="PASS" starttime="20250923 14:00:59.330" endtime="20250923 14:01:00.330"/>
</kw>
<kw name="Log" library="BuiltIn">
<arg>Test Mode Reset Completed</arg>
<doc>Logs the given message with the given level.</doc>
<msg timestamp="20250923 14:01:00.331" level="INFO">Test Mode Reset Completed</msg>
<status status="PASS" starttime="20250923 14:01:00.331" endtime="20250923 14:01:00.331"/>
</kw>
<status status="PASS" starttime="20250923 14:00:59.323" endtime="20250923 14:01:00.331"/>
</kw>
<kw name="Test Mode Admin Login" library="depflow_keywords">
<doc>Quick admin login using test mode</doc>
<kw name="Test Mode Login" library="depflow_keywords">
<arg>admin</arg>
<doc>Login using test mode bypass - no modal interaction required</doc>
<kw name="Wait Until Page Contains Element" library="SeleniumLibrary">
<arg>${LANDING_PAGE_LOGO}</arg>
<arg>timeout=10s</arg>
<doc>Waits until the element ``locator`` appears on the current page.</doc>
<status status="PASS" starttime="20250923 14:01:00.332" endtime="20250923 14:01:00.341"/>
</kw>
<kw name="Sleep" library="BuiltIn">
<arg>1s</arg>
<doc>Pauses the test executed for the given time.</doc>
<msg timestamp="20250923 14:01:01.344" level="INFO">Slept 1 second</msg>
<status status="PASS" starttime="20250923 14:01:00.342" endtime="20250923 14:01:01.344"/>
</kw>
<kw name="Execute Javascript" library="SeleniumLibrary">
<arg>if (typeof window.DepFlow.testModeLogin === 'function') {</arg>
<arg>window.DepFlow.testModeLogin('${user_type}');</arg>
<arg>} else {</arg>
<arg>console.error('Test mode login function not available');</arg>
<arg>}</arg>
<doc>Executes the given JavaScript code with possible arguments.</doc>
<msg timestamp="20250923 14:01:01.345" level="INFO">Executing JavaScript:
if (typeof window.DepFlow.testModeLogin === 'function') {window.DepFlow.testModeLogin('admin');} else {console.error('Test mode login function not available');}
Without any arguments.</msg>
<status status="PASS" starttime="20250923 14:01:01.344" endtime="20250923 14:01:01.356"/>
</kw>
<kw name="Sleep" library="BuiltIn">
<arg>2s</arg>
<doc>Pauses the test executed for the given time.</doc>
<msg timestamp="20250923 14:01:03.358" level="INFO">Slept 2 seconds</msg>
<status status="PASS" starttime="20250923 14:01:01.357" endtime="20250923 14:01:03.359"/>
</kw>
<kw name="Wait Until Element Is Visible" library="SeleniumLibrary">
<arg>${DASHBOARD_PAGE}</arg>
<arg>timeout=10s</arg>
<doc>Waits until the element ``locator`` is visible.</doc>
<status status="PASS" starttime="20250923 14:01:03.359" endtime="20250923 14:01:03.375"/>
</kw>
<kw name="Wait Until Element Is Visible" library="SeleniumLibrary">
<arg>${USER_PANEL}</arg>
<arg>timeout=5s</arg>
<doc>Waits until the element ``locator`` is visible.</doc>
<status status="PASS" starttime="20250923 14:01:03.375" endtime="20250923 14:01:03.385"/>
</kw>
<kw name="Log" library="BuiltIn">
<arg>Test Mode Login Completed for ${user_type}</arg>
<doc>Logs the given message with the given level.</doc>
<msg timestamp="20250923 14:01:03.385" level="INFO">Test Mode Login Completed for admin</msg>
<status status="PASS" starttime="20250923 14:01:03.385" endtime="20250923 14:01:03.385"/>
</kw>
<status status="PASS" starttime="20250923 14:01:00.332" endtime="20250923 14:01:03.385"/>
</kw>
<status status="PASS" starttime="20250923 14:01:00.331" endtime="20250923 14:01:03.385"/>
</kw>
<status status="PASS" starttime="20250923 14:00:59.323" endtime="20250923 14:01:03.385"/>
</kw>
<kw name="Ensure All Modals Closed" library="depflow_keywords">
<doc>Ensures all modals are closed before proceeding</doc>
<kw name="Execute Javascript" library="SeleniumLibrary">
<arg>if (typeof closeLoginModal === 'function') { closeLoginModal(); }</arg>
<arg>if (typeof closeAddDependencyModal === 'function') { closeAddDependencyModal(); }</arg>
<arg>if (typeof closeEditDependencyModal === 'function') { closeEditDependencyModal(); }</arg>
<doc>Executes the given JavaScript code with possible arguments.</doc>
<msg timestamp="20250923 14:01:03.386" level="INFO">Executing JavaScript:
if (typeof closeLoginModal === 'function') { closeLoginModal(); }if (typeof closeAddDependencyModal === 'function') { closeAddDependencyModal(); }if (typeof closeEditDependencyModal === 'function') { closeEditDependencyModal(); }
Without any arguments.</msg>
<status status="PASS" starttime="20250923 14:01:03.385" endtime="20250923 14:01:03.390"/>
</kw>
<kw name="Execute Javascript" library="SeleniumLibrary">
<arg>document.querySelectorAll('.modal').forEach(modal =&gt; {</arg>
<arg>modal.style.display = 'none';</arg>
<arg>modal.classList.remove('show');</arg>
<arg>});</arg>
<doc>Executes the given JavaScript code with possible arguments.</doc>
<msg timestamp="20250923 14:01:03.390" level="INFO">Executing JavaScript:
document.querySelectorAll('.modal').forEach(modal =&gt; {modal.style.display = 'none';modal.classList.remove('show');});
Without any arguments.</msg>
<status status="PASS" starttime="20250923 14:01:03.390" endtime="20250923 14:01:03.393"/>
</kw>
<kw name="Run Keyword And Ignore Error" library="BuiltIn">
<arg>Press Keys</arg>
<arg>None</arg>
<arg>ESCAPE</arg>
<doc>Runs the given keyword with the given arguments and ignores possible error.</doc>
<kw name="Press Keys" library="SeleniumLibrary">
<arg>None</arg>
<arg>ESCAPE</arg>
<doc>Simulates the user pressing key(s) to an element or on the active browser.</doc>
<msg timestamp="20250923 14:01:03.393" level="INFO">Sending key(s) ('ESCAPE',) to page.</msg>
<msg timestamp="20250923 14:01:03.393" level="INFO">Pressing special key ESCAPE to browser.</msg>
<msg timestamp="20250923 14:01:03.393" level="INFO">Releasing special key ESCAPE.</msg>
<status status="PASS" starttime="20250923 14:01:03.393" endtime="20250923 14:01:03.400"/>
</kw>
<status status="PASS" starttime="20250923 14:01:03.393" endtime="20250923 14:01:03.400"/>
</kw>
<kw name="Sleep" library="BuiltIn">
<arg>1s</arg>
<doc>Pauses the test executed for the given time.</doc>
<msg timestamp="20250923 14:01:04.401" level="INFO">Slept 1 second</msg>
<status status="PASS" starttime="20250923 14:01:03.400" endtime="20250923 14:01:04.401"/>
</kw>
<status status="PASS" starttime="20250923 14:01:03.385" endtime="20250923 14:01:04.401"/>
</kw>
<kw name="Sleep" library="BuiltIn">
<arg>1s</arg>
<doc>Pauses the test executed for the given time.</doc>
<msg timestamp="20250923 14:01:05.403" level="INFO">Slept 1 second</msg>
<status status="PASS" starttime="20250923 14:01:04.401" endtime="20250923 14:01:05.403"/>
</kw>
<kw name="Click Element" library="SeleniumLibrary">
<arg>${ADD_DEPENDENCY_BUTTON}</arg>
<doc>Click the element identified by ``locator``.</doc>
<msg timestamp="20250923 14:01:05.404" level="INFO">Clicking element 'xpath://button[contains(@onclick, 'showAddDependencyModal')]'.</msg>
<status status="PASS" starttime="20250923 14:01:05.403" endtime="20250923 14:01:05.496"/>
</kw>
<kw name="Wait Until Element Is Visible" library="SeleniumLibrary">
<arg>${ADD_EDIT_MODAL}</arg>
<arg>timeout=10s</arg>
<doc>Waits until the element ``locator`` is visible.</doc>
<status status="PASS" starttime="20250923 14:01:05.497" endtime="20250923 14:01:05.511"/>
</kw>
<kw name="Element Should Be Visible" library="SeleniumLibrary">
<arg>${DEP_NAME_FIELD}</arg>
<doc>Verifies that the element identified by ``locator`` is visible.</doc>
<msg timestamp="20250923 14:01:05.523" level="INFO">Element 'id:addName' is displayed.</msg>
<status status="PASS" starttime="20250923 14:01:05.512" endtime="20250923 14:01:05.523"/>
</kw>
<kw name="Element Should Be Visible" library="SeleniumLibrary">
<arg>${DEP_DESCRIPTION_FIELD}</arg>
<doc>Verifies that the element identified by ``locator`` is visible.</doc>
<msg timestamp="20250923 14:01:05.532" level="INFO">Element 'id:addDescription' is displayed.</msg>
<status status="PASS" starttime="20250923 14:01:05.523" endtime="20250923 14:01:05.532"/>
</kw>
<kw name="Element Should Be Visible" library="SeleniumLibrary">
<arg>${DEP_TEAM_SELECT}</arg>
<doc>Verifies that the element identified by ``locator`` is visible.</doc>
<msg timestamp="20250923 14:01:05.541" level="INFO">Element 'id:addTeam' is displayed.</msg>
<status status="PASS" starttime="20250923 14:01:05.533" endtime="20250923 14:01:05.541"/>
</kw>
<kw name="Element Should Be Visible" library="SeleniumLibrary">
<arg>${DEP_STATUS_SELECT}</arg>
<doc>Verifies that the element identified by ``locator`` is visible.</doc>
<msg timestamp="20250923 14:01:05.551" level="INFO">Element 'id:addStatus' is displayed.</msg>
<status status="PASS" starttime="20250923 14:01:05.541" endtime="20250923 14:01:05.551"/>
</kw>
<kw name="Element Should Be Visible" library="SeleniumLibrary">
<arg>${ADD_BUTTON}</arg>
<doc>Verifies that the element identified by ``locator`` is visible.</doc>
<msg timestamp="20250923 14:01:05.562" level="INFO">Element 'xpath://button[@type='submit' and contains(@class, 'btn-add')]' is displayed.</msg>
<status status="PASS" starttime="20250923 14:01:05.551" endtime="20250923 14:01:05.562"/>
</kw>
<kw name="Element Should Be Visible" library="SeleniumLibrary">
<arg>${CANCEL_BUTTON}</arg>
<doc>Verifies that the element identified by ``locator`` is visible.</doc>
<msg timestamp="20250923 14:01:05.571" level="INFO">Element 'xpath://button[contains(@class, 'btn-cancel')]' is displayed.</msg>
<status status="PASS" starttime="20250923 14:01:05.562" endtime="20250923 14:01:05.571"/>
</kw>
<kw name="Test Mode Test Teardown" library="depflow_keywords" type="TEARDOWN">
<doc>Individual test teardown using test mode</doc>
<kw name="Test Mode Reset" library="depflow_keywords">
<doc>Complete app state reset for clean test environment</doc>
<kw name="Execute Javascript" library="SeleniumLibrary">
<arg>if (typeof window.DepFlow.testModeReset === 'function') {</arg>
<arg>window.DepFlow.testModeReset();</arg>
<arg>} else {</arg>
<arg>console.error('Test mode reset function not available');</arg>
<arg>}</arg>
<doc>Executes the given JavaScript code with possible arguments.</doc>
<msg timestamp="20250923 14:01:05.572" level="INFO">Executing JavaScript:
if (typeof window.DepFlow.testModeReset === 'function') {window.DepFlow.testModeReset();} else {console.error('Test mode reset function not available');}
Without any arguments.</msg>
<status status="PASS" starttime="20250923 14:01:05.572" endtime="20250923 14:01:05.574"/>
</kw>
<kw name="Sleep" library="BuiltIn">
<arg>1s</arg>
<doc>Pauses the test executed for the given time.</doc>
<msg timestamp="20250923 14:01:06.575" level="INFO">Slept 1 second</msg>
<status status="PASS" starttime="20250923 14:01:05.574" endtime="20250923 14:01:06.575"/>
</kw>
<kw name="Log" library="BuiltIn">
<arg>Test Mode Reset Completed</arg>
<doc>Logs the given message with the given level.</doc>
<msg timestamp="20250923 14:01:06.575" level="INFO">Test Mode Reset Completed</msg>
<status status="PASS" starttime="20250923 14:01:06.575" endtime="20250923 14:01:06.575"/>
</kw>
<status status="PASS" starttime="20250923 14:01:05.572" endtime="20250923 14:01:06.575"/>
</kw>
<status status="PASS" starttime="20250923 14:01:05.571" endtime="20250923 14:01:06.575"/>
</kw>
<doc>Test opening the Add Dependency modal</doc>
<tag>modal</tag>
<tag>smoke</tag>
<tag>ui</tag>
<status status="PASS" starttime="20250923 14:00:59.322" endtime="20250923 14:01:06.576"/>
</test>
<test id="s1-s2-t3" name="TC015 - Add New Dependency Successfully" line="52">
<kw name="Test Mode Test Setup" library="depflow_keywords" type="SETUP">
<doc>Individual test setup using test mode</doc>
<kw name="Test Mode Reset" library="depflow_keywords">
<doc>Complete app state reset for clean test environment</doc>
<kw name="Execute Javascript" library="SeleniumLibrary">
<arg>if (typeof window.DepFlow.testModeReset === 'function') {</arg>
<arg>window.DepFlow.testModeReset();</arg>
<arg>} else {</arg>
<arg>console.error('Test mode reset function not available');</arg>
<arg>}</arg>
<doc>Executes the given JavaScript code with possible arguments.</doc>
<msg timestamp="20250923 14:01:06.578" level="INFO">Executing JavaScript:
if (typeof window.DepFlow.testModeReset === 'function') {window.DepFlow.testModeReset();} else {console.error('Test mode reset function not available');}
Without any arguments.</msg>
<status status="PASS" starttime="20250923 14:01:06.577" endtime="20250923 14:01:06.581"/>
</kw>
<kw name="Sleep" library="BuiltIn">
<arg>1s</arg>
<doc>Pauses the test executed for the given time.</doc>
<msg timestamp="20250923 14:01:07.584" level="INFO">Slept 1 second</msg>
<status status="PASS" starttime="20250923 14:01:06.581" endtime="20250923 14:01:07.584"/>
</kw>
<kw name="Log" library="BuiltIn">
<arg>Test Mode Reset Completed</arg>
<doc>Logs the given message with the given level.</doc>
<msg timestamp="20250923 14:01:07.585" level="INFO">Test Mode Reset Completed</msg>
<status status="PASS" starttime="20250923 14:01:07.584" endtime="20250923 14:01:07.585"/>
</kw>
<status status="PASS" starttime="20250923 14:01:06.577" endtime="20250923 14:01:07.585"/>
</kw>
<kw name="Test Mode Admin Login" library="depflow_keywords">
<doc>Quick admin login using test mode</doc>
<kw name="Test Mode Login" library="depflow_keywords">
<arg>admin</arg>
<doc>Login using test mode bypass - no modal interaction required</doc>
<kw name="Wait Until Page Contains Element" library="SeleniumLibrary">
<arg>${LANDING_PAGE_LOGO}</arg>
<arg>timeout=10s</arg>
<doc>Waits until the element ``locator`` appears on the current page.</doc>
<status status="PASS" starttime="20250923 14:01:07.586" endtime="20250923 14:01:07.595"/>
</kw>
<kw name="Sleep" library="BuiltIn">
<arg>1s</arg>
<doc>Pauses the test executed for the given time.</doc>
<msg timestamp="20250923 14:01:08.598" level="INFO">Slept 1 second</msg>
<status status="PASS" starttime="20250923 14:01:07.595" endtime="20250923 14:01:08.598"/>
</kw>
<kw name="Execute Javascript" library="SeleniumLibrary">
<arg>if (typeof window.DepFlow.testModeLogin === 'function') {</arg>
<arg>window.DepFlow.testModeLogin('${user_type}');</arg>
<arg>} else {</arg>
<arg>console.error('Test mode login function not available');</arg>
<arg>}</arg>
<doc>Executes the given JavaScript code with possible arguments.</doc>
<msg timestamp="20250923 14:01:08.599" level="INFO">Executing JavaScript:
if (typeof window.DepFlow.testModeLogin === 'function') {window.DepFlow.testModeLogin('admin');} else {console.error('Test mode login function not available');}
Without any arguments.</msg>
<status status="PASS" starttime="20250923 14:01:08.598" endtime="20250923 14:01:08.612"/>
</kw>
<kw name="Sleep" library="BuiltIn">
<arg>2s</arg>
<doc>Pauses the test executed for the given time.</doc>
<msg timestamp="20250923 14:01:10.613" level="INFO">Slept 2 seconds</msg>
<status status="PASS" starttime="20250923 14:01:08.612" endtime="20250923 14:01:10.613"/>
</kw>
<kw name="Wait Until Element Is Visible" library="SeleniumLibrary">
<arg>${DASHBOARD_PAGE}</arg>
<arg>timeout=10s</arg>
<doc>Waits until the element ``locator`` is visible.</doc>
<status status="PASS" starttime="20250923 14:01:10.614" endtime="20250923 14:01:10.627"/>
</kw>
<kw name="Wait Until Element Is Visible" library="SeleniumLibrary">
<arg>${USER_PANEL}</arg>
<arg>timeout=5s</arg>
<doc>Waits until the element ``locator`` is visible.</doc>
<status status="PASS" starttime="20250923 14:01:10.627" endtime="20250923 14:01:10.636"/>
</kw>
<kw name="Log" library="BuiltIn">
<arg>Test Mode Login Completed for ${user_type}</arg>
<doc>Logs the given message with the given level.</doc>
<msg timestamp="20250923 14:01:10.636" level="INFO">Test Mode Login Completed for admin</msg>
<status status="PASS" starttime="20250923 14:01:10.636" endtime="20250923 14:01:10.636"/>
</kw>
<status status="PASS" starttime="20250923 14:01:07.586" endtime="20250923 14:01:10.636"/>
</kw>
<status status="PASS" starttime="20250923 14:01:07.585" endtime="20250923 14:01:10.636"/>
</kw>
<status status="PASS" starttime="20250923 14:01:06.577" endtime="20250923 14:01:10.637"/>
</kw>
<kw name="Generate Test Data" library="depflow_keywords">
<var>${unique_name}</var>
<arg>CreateTest</arg>
<doc>Generates unique test data for test runs</doc>
<kw name="Get Current Date" library="DateTime">
<var>${timestamp}</var>
<arg>result_format=%Y%m%d_%H%M%S</arg>
<doc>Returns current local or UTC time with an optional increment.</doc>
<msg timestamp="20250923 14:01:10.639" level="INFO">${timestamp} = 20250923_140110</msg>
<status status="PASS" starttime="20250923 14:01:10.637" endtime="20250923 14:01:10.639"/>
</kw>
<kw name="Set Variable" library="BuiltIn">
<var>${unique_name}</var>
<arg>${prefix}_${timestamp}</arg>
<doc>Returns the given values which can then be assigned to a variables.</doc>
<msg timestamp="20250923 14:01:10.640" level="INFO">${unique_name} = CreateTest_20250923_140110</msg>
<status status="PASS" starttime="20250923 14:01:10.639" endtime="20250923 14:01:10.640"/>
</kw>
<msg timestamp="20250923 14:01:10.640" level="INFO">${unique_name} = CreateTest_20250923_140110</msg>
<status status="PASS" starttime="20250923 14:01:10.637" endtime="20250923 14:01:10.640"/>
</kw>
<kw name="Set Variable" library="BuiltIn">
<var>${description}</var>
<arg>Test dependency created by Robot Framework automation</arg>
<doc>Returns the given values which can then be assigned to a variables.</doc>
<msg timestamp="20250923 14:01:10.640" level="INFO">${description} = Test dependency created by Robot Framework automation</msg>
<status status="PASS" starttime="20250923 14:01:10.640" endtime="20250923 14:01:10.640"/>
</kw>
<kw name="Add New Dependency" library="depflow_keywords">
<arg>${unique_name}</arg>
<arg>${description}</arg>
<arg>${TEST_DEP_TEAM}</arg>
<arg>${TEST_DEP_STATUS}</arg>
<arg>${TEST_DEP_PRIORITY}</arg>
<doc>Adds a new dependency with provided details (updated for current app version)</doc>
<kw name="Wait Until Element Is Visible" library="SeleniumLibrary">
<arg>${ADD_DEPENDENCY_BUTTON}</arg>
<arg>timeout=10s</arg>
<doc>Waits until the element ``locator`` is visible.</doc>
<status status="PASS" starttime="20250923 14:01:10.640" endtime="20250923 14:01:10.648"/>
</kw>
<kw name="Click Element" library="SeleniumLibrary">
<arg>${ADD_DEPENDENCY_BUTTON}</arg>
<doc>Click the element identified by ``locator``.</doc>
<msg timestamp="20250923 14:01:10.648" level="INFO">Clicking element 'xpath://button[contains(@onclick, 'showAddDependencyModal')]'.</msg>
[...]
</kw>
<doc>Test that user session persists after page refresh</doc>
<tag>persistence</tag>
<tag>refresh</tag>
<tag>session</tag>
<tag>smoke</tag>
<status status="FAIL" starttime="20250923 14:04:09.899" endtime="20250923 14:04:24.301">Could not get length of 'None'.</status>
</test>
<kw name="Teardown Persistence Test Environment" type="TEARDOWN">
<doc>Teardown test environment</doc>
<kw name="Teardown Test Environment" library="depflow_keywords">
<doc>Tears down test environment</doc>
<kw name="Capture Page Screenshot" library="SeleniumLibrary">
<doc>Takes a screenshot of the current page and embeds it into a log file.</doc>
<msg timestamp="20250923 14:04:24.496" level="INFO" html="true">&lt;/td&gt;&lt;/tr&gt;&lt;tr&gt;&lt;td colspan="3"&gt;&lt;a href="selenium-screenshot-118.png"&gt;&lt;img src="selenium-screenshot-118.png" width="800px"&gt;&lt;/a&gt;</msg>
<status status="PASS" starttime="20250923 14:04:24.302" endtime="20250923 14:04:24.496"/>
</kw>
<kw name="Close DepFlow Application" library="depflow_keywords">
<doc>Closes the browser and cleans up</doc>
<kw name="Close All Browsers" library="SeleniumLibrary">
<doc>Closes all open browsers and resets the browser cache.</doc>
<status status="PASS" starttime="20250923 14:04:24.497" endtime="20250923 14:04:24.703"/>
</kw>
<status status="PASS" starttime="20250923 14:04:24.497" endtime="20250923 14:04:24.703"/>
</kw>
<status status="PASS" starttime="20250923 14:04:24.302" endtime="20250923 14:04:24.703"/>
</kw>
<status status="PASS" starttime="20250923 14:04:24.301" endtime="20250923 14:04:24.703"/>
</kw>
<doc>Data Persistence and Session Management Test Suite for DepFlow Application</doc>
<status status="FAIL" starttime="20250923 14:04:03.882" endtime="20250923 14:04:24.703"/>
</suite>
<suite id="s1-s6" name="08 Ui Enhancement Tests" source="/Users/mmoola/Cursor/Dependency Management App/tests/test_suites/08_ui_enhancement_tests.robot">
<kw name="Setup UI Enhancement Test Environment" type="SETUP">
<doc>Setup test environment for UI enhancement testing</doc>
<kw name="Setup Test Environment" library="depflow_keywords">
<doc>Sets up test environment with fresh browser</doc>
<kw name="Open DepFlow Application" library="depflow_keywords">
<doc>Opens the DepFlow application in browser</doc>
<kw name="Open Browser" library="SeleniumLibrary">
<arg>${APP_URL}</arg>
<arg>${BROWSER}</arg>
<doc>Opens a new browser instance to the optional ``url``.</doc>
<msg timestamp="20250923 14:04:24.710" level="INFO">Opening browser 'Chrome' to base url 'http://localhost:3000'.</msg>
<status status="PASS" starttime="20250923 14:04:24.709" endtime="20250923 14:04:26.186"/>
</kw>
<kw name="Maximize Browser Window" library="SeleniumLibrary">
<doc>Maximizes current browser window.</doc>
<status status="PASS" starttime="20250923 14:04:26.187" endtime="20250923 14:04:26.553"/>
</kw>
<kw name="Set Selenium Implicit Wait" library="SeleniumLibrary">
<arg>${IMPLICIT_WAIT}</arg>
<doc>Sets the implicit wait value used by Selenium.</doc>
<status status="PASS" starttime="20250923 14:04:26.553" endtime="20250923 14:04:26.554"/>
</kw>
<kw name="Wait Until Page Contains Element" library="SeleniumLibrary">
<arg>${LANDING_PAGE_LOGO}</arg>
<arg>timeout=30s</arg>
<doc>Waits until the element ``locator`` appears on the current page.</doc>
<status status="PASS" starttime="20250923 14:04:26.554" endtime="20250923 14:04:26.561"/>
</kw>
<kw name="Sleep" library="BuiltIn">
<arg>3s</arg>
<doc>Pauses the test executed for the given time.</doc>
<msg timestamp="20250923 14:04:29.564" level="INFO">Slept 3 seconds</msg>
<status status="PASS" starttime="20250923 14:04:26.561" endtime="20250923 14:04:29.565"/>
</kw>
<status status="PASS" starttime="20250923 14:04:24.709" endtime="20250923 14:04:29.566"/>
</kw>
<kw name="Capture Page Screenshot" library="SeleniumLibrary">
<doc>Takes a screenshot of the current page and embeds it into a log file.</doc>
<msg timestamp="20250923 14:04:29.737" level="INFO" html="true">&lt;/td&gt;&lt;/tr&gt;&lt;tr&gt;&lt;td colspan="3"&gt;&lt;a href="selenium-screenshot-119.png"&gt;&lt;img src="selenium-screenshot-119.png" width="800px"&gt;&lt;/a&gt;</msg>
<status status="PASS" starttime="20250923 14:04:29.567" endtime="20250923 14:04:29.738"/>
</kw>
<status status="PASS" starttime="20250923 14:04:24.709" endtime="20250923 14:04:29.738"/>
</kw>
<status status="PASS" starttime="20250923 14:04:24.709" endtime="20250923 14:04:29.738"/>
</kw>
<test id="s1-s6-t1" name="TC099 - Favicon Display Verification" line="36">
<kw name="Login And Navigate To Dashboard" type="SETUP">
<doc>Login and navigate to dashboard for UI tests</doc>
<kw name="Login As Admin" library="depflow_keywords">
<doc>Quick login as admin user using test mode bypass</doc>
<kw name="Test Mode Admin Login" library="depflow_keywords">
<doc>Quick admin login using test mode</doc>
<kw name="Test Mode Login" library="depflow_keywords">
<arg>admin</arg>
<doc>Login using test mode bypass - no modal interaction required</doc>
<kw name="Wait Until Page Contains Element" library="SeleniumLibrary">
<arg>${LANDING_PAGE_LOGO}</arg>
<arg>timeout=10s</arg>
<doc>Waits until the element ``locator`` appears on the current page.</doc>
<status status="PASS" starttime="20250923 14:04:29.739" endtime="20250923 14:04:29.743"/>
</kw>
<kw name="Sleep" library="BuiltIn">
<arg>1s</arg>
<doc>Pauses the test executed for the given time.</doc>
<msg timestamp="20250923 14:04:30.746" level="INFO">Slept 1 second</msg>
<status status="PASS" starttime="20250923 14:04:29.743" endtime="20250923 14:04:30.746"/>
</kw>
<kw name="Execute Javascript" library="SeleniumLibrary">
<arg>if (typeof window.DepFlow.testModeLogin === 'function') {</arg>
<arg>window.DepFlow.testModeLogin('${user_type}');</arg>
<arg>} else {</arg>
<arg>console.error('Test mode login function not available');</arg>
<arg>}</arg>
<doc>Executes the given JavaScript code with possible arguments.</doc>
<msg timestamp="20250923 14:04:30.747" level="INFO">Executing JavaScript:
if (typeof window.DepFlow.testModeLogin === 'function') {window.DepFlow.testModeLogin('admin');} else {console.error('Test mode login function not available');}
Without any arguments.</msg>
<status status="PASS" starttime="20250923 14:04:30.746" endtime="20250923 14:04:30.804"/>
</kw>
<kw name="Sleep" library="BuiltIn">
<arg>2s</arg>
<doc>Pauses the test executed for the given time.</doc>
<msg timestamp="20250923 14:04:32.807" level="INFO">Slept 2 seconds</msg>
<status status="PASS" starttime="20250923 14:04:30.804" endtime="20250923 14:04:32.807"/>
</kw>
<kw name="Wait Until Element Is Visible" library="SeleniumLibrary">
<arg>${DASHBOARD_PAGE}</arg>
<arg>timeout=10s</arg>
<doc>Waits until the element ``locator`` is visible.</doc>
<status status="PASS" starttime="20250923 14:04:32.807" endtime="20250923 14:04:32.830"/>
</kw>
<kw name="Wait Until Element Is Visible" library="SeleniumLibrary">
<arg>${USER_PANEL}</arg>
<arg>timeout=5s</arg>
<doc>Waits until the element ``locator`` is visible.</doc>
<status status="PASS" starttime="20250923 14:04:32.831" endtime="20250923 14:04:32.843"/>
</kw>
<kw name="Log" library="BuiltIn">
<arg>Test Mode Login Completed for ${user_type}</arg>
<doc>Logs the given message with the given level.</doc>
<msg timestamp="20250923 14:04:32.843" level="INFO">Test Mode Login Completed for admin</msg>
<status status="PASS" starttime="20250923 14:04:32.843" endtime="20250923 14:04:32.843"/>
</kw>
<status status="PASS" starttime="20250923 14:04:29.738" endtime="20250923 14:04:32.843"/>
</kw>
<status status="PASS" starttime="20250923 14:04:29.738" endtime="20250923 14:04:32.844"/>
</kw>
<status status="PASS" starttime="20250923 14:04:29.738" endtime="20250923 14:04:32.844"/>
</kw>
<kw name="Navigate To Dashboard" library="depflow_keywords">
<doc>Navigates to the dashboard page</doc>
<kw name="Wait Until Element Is Visible" library="SeleniumLibrary">
<arg>${DASHBOARD_PAGE}</arg>
<doc>Waits until the element ``locator`` is visible.</doc>
<status status="PASS" starttime="20250923 14:04:32.844" endtime="20250923 14:04:32.851"/>
</kw>
<kw name="Page Should Contain Element" library="SeleniumLibrary">
<arg>${USER_PANEL}</arg>
<doc>Verifies that element ``locator`` is found on the current page.</doc>
<msg timestamp="20250923 14:04:32.855" level="INFO">Current page contains element 'id:userPanel'.</msg>
<status status="PASS" starttime="20250923 14:04:32.852" endtime="20250923 14:04:32.856"/>
</kw>
<status status="PASS" starttime="20250923 14:04:32.844" endtime="20250923 14:04:32.856"/>
</kw>
<kw name="Ensure All Modals Closed" library="depflow_keywords">
<doc>Ensures all modals are closed before proceeding</doc>
<kw name="Execute Javascript" library="SeleniumLibrary">
<arg>if (typeof closeLoginModal === 'function') { closeLoginModal(); }</arg>
<arg>if (typeof closeAddDependencyModal === 'function') { closeAddDependencyModal(); }</arg>
<arg>if (typeof closeEditDependencyModal === 'function') { closeEditDependencyModal(); }</arg>
<doc>Executes the given JavaScript code with possible arguments.</doc>
<msg timestamp="20250923 14:04:32.856" level="INFO">Executing JavaScript:
if (typeof closeLoginModal === 'function') { closeLoginModal(); }if (typeof closeAddDependencyModal === 'function') { closeAddDependencyModal(); }if (typeof closeEditDependencyModal === 'function') { closeEditDependencyModal(); }
Without any arguments.</msg>
<status status="PASS" starttime="20250923 14:04:32.856" endtime="20250923 14:04:32.859"/>
</kw>
<kw name="Execute Javascript" library="SeleniumLibrary">
<arg>document.querySelectorAll('.modal').forEach(modal =&gt; {</arg>
<arg>modal.style.display = 'none';</arg>
<arg>modal.classList.remove('show');</arg>
<arg>});</arg>
<doc>Executes the given JavaScript code with possible arguments.</doc>
<msg timestamp="20250923 14:04:32.859" level="INFO">Executing JavaScript:
document.querySelectorAll('.modal').forEach(modal =&gt; {modal.style.display = 'none';modal.classList.remove('show');});
Without any arguments.</msg>
<status status="PASS" starttime="20250923 14:04:32.859" endtime="20250923 14:04:32.862"/>
</kw>
<kw name="Run Keyword And Ignore Error" library="BuiltIn">
<arg>Press Keys</arg>
<arg>None</arg>
<arg>ESCAPE</arg>
<doc>Runs the given keyword with the given arguments and ignores possible error.</doc>
<kw name="Press Keys" library="SeleniumLibrary">
<arg>None</arg>
<arg>ESCAPE</arg>
<doc>Simulates the user pressing key(s) to an element or on the active browser.</doc>
<msg timestamp="20250923 14:04:32.863" level="INFO">Sending key(s) ('ESCAPE',) to page.</msg>
<msg timestamp="20250923 14:04:32.863" level="INFO">Pressing special key ESCAPE to browser.</msg>
<msg timestamp="20250923 14:04:32.863" level="INFO">Releasing special key ESCAPE.</msg>
<status status="PASS" starttime="20250923 14:04:32.862" endtime="20250923 14:04:32.867"/>
</kw>
<status status="PASS" starttime="20250923 14:04:32.862" endtime="20250923 14:04:32.867"/>
</kw>
<kw name="Sleep" library="BuiltIn">
<arg>1s</arg>
<doc>Pauses the test executed for the given time.</doc>
<msg timestamp="20250923 14:04:33.868" level="INFO">Slept 1 second</msg>
<status status="PASS" starttime="20250923 14:04:32.867" endtime="20250923 14:04:33.868"/>
</kw>
<status status="PASS" starttime="20250923 14:04:32.856" endtime="20250923 14:04:33.868"/>
</kw>
<status status="PASS" starttime="20250923 14:04:29.738" endtime="20250923 14:04:33.868"/>
</kw>
<kw name="Page Should Contain Element" library="SeleniumLibrary">
<arg>xpath://link[@rel='icon']</arg>
<doc>Verifies that element ``locator`` is found on the current page.</doc>
<msg timestamp="20250923 14:04:33.880" level="INFO">Current page contains element 'xpath://link[@rel='icon']'.</msg>
<status status="PASS" starttime="20250923 14:04:33.868" endtime="20250923 14:04:33.880"/>
</kw>
<kw name="Get WebElement" library="SeleniumLibrary">
<var>${favicon}</var>
<arg>xpath://link[@rel='icon']</arg>
<doc>Returns the first WebElement matching the given ``locator``.</doc>
<msg timestamp="20250923 14:04:33.885" level="INFO">${favicon} = &lt;selenium.webdriver.remote.webelement.WebElement (session="ce97c6ee2dc3921ba076be4645fcc403", element="f.55AAAF1B3A97C80E2D5CE2EC4E849F68.d.603854EBF4B9686715654C925738FA05.e.54")&gt;</msg>
<status status="PASS" starttime="20250923 14:04:33.880" endtime="20250923 14:04:33.885"/>
</kw>
<kw name="Get Element Attribute" library="SeleniumLibrary">
<var>${favicon_href}</var>
<arg>${favicon}</arg>
<arg>href</arg>
<doc>Returns the value of ``attribute`` from the element ``locator``.</doc>
<msg timestamp="20250923 14:04:33.895" level="INFO">${favicon_href} = data:image/svg+xml;base64,PHN2ZyB3aWR0aD0iMzIiIGhlaWdodD0iMzIiIHZpZXdCb3g9IjAgMCAzMiAzMiIgZmlsbD0ibm9uZSIgeG1sbnM9Imh0dHA6Ly93d3cudzMub3JnLzIwMDAvc3ZnIj4KPHJlY3Qgd2lkdGg9IjMyIiBoZWlnaHQ9IjMyIiByeD0iNi...</msg>
<status status="PASS" starttime="20250923 14:04:33.886" endtime="20250923 14:04:33.895"/>
</kw>
<kw name="Should Contain" library="BuiltIn">
<arg>${favicon_href}</arg>
<arg>data:image/svg+xml</arg>
<doc>Fails if ``container`` does not contain ``item`` one or more times.</doc>
<status status="PASS" starttime="20250923 14:04:33.895" endtime="20250923 14:04:33.896"/>
</kw>
<kw name="Title Should Be" library="SeleniumLibrary">
<arg>DepFlow - Enterprise Dependency Management Platform</arg>
<doc>Verifies that the current page title equals ``title``.</doc>
<msg timestamp="20250923 14:04:33.898" level="INFO">Page title is 'DepFlow - Enterprise Dependency Management Platform'.</msg>
<status status="PASS" starttime="20250923 14:04:33.896" endtime="20250923 14:04:33.898"/>
</kw>
<kw name="Take Screenshot And Cleanup UI Tests" type="TEARDOWN">
<doc>Take screenshot and cleanup any UI test dependencies</doc>
<kw name="Take Screenshot With Timestamp" library="depflow_keywords">
<doc>Takes screenshot with timestamp in filename</doc>
<kw name="Get Current Date" library="DateTime">
<var>${timestamp}</var>
<arg>result_format=%Y%m%d_%H%M%S</arg>
<doc>Returns current local or UTC time with an optional increment.</doc>
<msg timestamp="20250923 14:04:33.899" level="INFO">${timestamp} = 20250923_140433</msg>
<status status="PASS" starttime="20250923 14:04:33.899" endtime="20250923 14:04:33.899"/>
</kw>
<kw name="Capture Page Screenshot" library="SeleniumLibrary">
<arg>screenshot_${timestamp}.png</arg>
<doc>Takes a screenshot of the current page and embeds it into a log file.</doc>
<msg timestamp="20250923 14:04:34.067" level="INFO" html="true">&lt;/td&gt;&lt;/tr&gt;&lt;tr&gt;&lt;td colspan="3"&gt;&lt;a href="screenshot_20250923_140433.png"&gt;&lt;img src="screenshot_20250923_140433.png" width="800px"&gt;&lt;/a&gt;</msg>
<status status="PASS" starttime="20250923 14:04:33.899" endtime="20250923 14:04:34.068"/>
</kw>
<status status="PASS" starttime="20250923 14:04:33.898" endtime="20250923 14:04:34.068"/>
</kw>
<kw name="Get WebElements" library="SeleniumLibrary">
<var>${test_deps}</var>
<arg>xpath://td[contains(@class, 'dependency-name') and contains(text(), 'UITest')]</arg>
<doc>Returns a list of WebElement objects matching the ``locator``.</doc>
<msg timestamp="20250923 14:04:44.088" level="INFO">${test_deps} = []</msg>
<status status="PASS" starttime="20250923 14:04:34.068" endtime="20250923 14:04:44.088"/>
</kw>
<for flavor="IN">
<var>${dep}</var>
<value>@{test_deps}</value>
<iter>
<var name="${dep}"/>
<kw name="Get Text" library="SeleniumLibrary">
<var>${dep_name}</var>
<arg>${dep}</arg>
<doc>Returns the text value of the element identified by ``locator``.</doc>
<status status="NOT RUN" starttime="20250923 14:04:44.089" endtime="20250923 14:04:44.089"/>
</kw>
<kw name="Run Keyword And Ignore Error" library="BuiltIn">
<arg>Delete Dependency With Confirmation</arg>
<arg>${dep_name}</arg>
<doc>Runs the given keyword with the given arguments and ignores possible error.</doc>
<status status="NOT RUN" starttime="20250923 14:04:44.089" endtime="20250923 14:04:44.089"/>
</kw>
<status status="NOT RUN" starttime="20250923 14:04:44.089" endtime="20250923 14:04:44.089"/>
</iter>
<status status="NOT RUN" starttime="20250923 14:04:44.088" endtime="20250923 14:04:44.089"/>
</for>
<status status="PASS" starttime="20250923 14:04:33.898" endtime="20250923 14:04:44.089"/>
</kw>
<doc>Test that favicon is properly displayed in browser tab</doc>
<tag>branding</tag>
<tag>favicon</tag>
<tag>smoke</tag>
<tag>ui</tag>
<status status="PASS" starttime="20250923 14:04:29.738" endtime="20250923 14:04:44.089"/>
</test>
<kw name="Teardown UI Enhancement Test Environment" type="TEARDOWN">
<doc>Teardown test environment</doc>
<kw name="Teardown Test Environment" library="depflow_keywords">
<doc>Tears down test environment</doc>
<kw name="Capture Page Screenshot" library="SeleniumLibrary">
<doc>Takes a screenshot of the current page and embeds it into a log file.</doc>
<msg timestamp="20250923 14:04:44.271" level="INFO" html="true">&lt;/td&gt;&lt;/tr&gt;&lt;tr&gt;&lt;td colspan="3"&gt;&lt;a href="selenium-screenshot-120.png"&gt;&lt;img src="selenium-screenshot-120.png" width="800px"&gt;&lt;/a&gt;</msg>
<status status="PASS" starttime="20250923 14:04:44.090" endtime="20250923 14:04:44.271"/>
</kw>
<kw name="Close DepFlow Application" library="depflow_keywords">
<doc>Closes the browser and cleans up</doc>
<kw name="Close All Browsers" library="SeleniumLibrary">
<doc>Closes all open browsers and resets the browser cache.</doc>
<status status="PASS" starttime="20250923 14:04:44.271" endtime="20250923 14:04:44.540"/>
</kw>
<status status="PASS" starttime="20250923 14:04:44.271" endtime="20250923 14:04:44.540"/>
</kw>
<status status="PASS" starttime="20250923 14:04:44.090" endtime="20250923 14:04:44.540"/>
</kw>
<status status="PASS" starttime="20250923 14:04:44.090" endtime="20250923 14:04:44.540"/>
</kw>
<doc>UI Enhancements Test Suite for DepFlow Application - Colors, Badges, Favicon, and Visual Elements</doc>
<status status="PASS" starttime="20250923 14:04:24.704" endtime="20250923 14:04:44.540"/>
</suite>
<status status="FAIL" starttime="20250923 13:59:52.688" endtime="20250923 14:04:44.558"/>
</suite>
<statistics>
<total>
<stat pass="7" fail="5" skip="0">All Tests</stat>
</total>
<tag>
<stat pass="2" fail="0" skip="0">admin</stat>
<stat pass="1" fail="1" skip="0">authentication</stat>
<stat pass="1" fail="0" skip="0">branding</stat>
<stat pass="0" fail="1" skip="0">counter</stat>
<stat pass="1" fail="1" skip="0">create</stat>
<stat pass="0" fail="1" skip="0">crud</stat>
<stat pass="1" fail="0" skip="0">dashboard</stat>
<stat pass="1" fail="0" skip="0">favicon</stat>
<stat pass="0" fail="2" skip="0">filter</stat>
<stat pass="1" fail="0" skip="0">landing</stat>
<stat pass="0" fail="1" skip="0">logout</stat>
<stat pass="2" fail="0" skip="0">modal</stat>
<stat pass="0" fail="1" skip="0">persistence</stat>
<stat pass="1" fail="0" skip="0">rbac</stat>
<stat pass="0" fail="1" skip="0">refresh</stat>
<stat pass="0" fail="1" skip="0">search</stat>
<stat pass="0" fail="1" skip="0">session</stat>
<stat pass="7" fail="5" skip="0">smoke</stat>
<stat pass="0" fail="1" skip="0">total</stat>
<stat pass="5" fail="0" skip="0">ui</stat>
</tag>
<suite>
<stat pass="7" fail="5" skip="0" id="s1" name="Test Suites">Test Suites</stat>
<stat pass="3" fail="1" skip="0" id="s1-s1" name="01 Authentication Tests">Test Suites.01 Authentication Tests</stat>
<stat pass="2" fail="1" skip="0" id="s1-s2" name="02 Dependency Crud Tests">Test Suites.02 Dependency Crud Tests</stat>
<stat pass="0" fail="2" skip="0" id="s1-s3" name="03 Filtering Search Tests">Test Suites.03 Filtering Search Tests</stat>
<stat pass="1" fail="0" skip="0" id="s1-s4" name="06 Rbac Tests">Test Suites.06 Rbac Tests</stat>
<stat pass="0" fail="1" skip="0" id="s1-s5" name="07 Data Persistence Tests">Test Suites.07 Data Persistence Tests</stat>
<stat pass="1" fail="0" skip="0" id="s1-s6" name="08 Ui Enhancement Tests">Test Suites.08 Ui Enhancement Tests</stat>
</suite>
</statistics>
<errors>
</errors>
</robot>
