<?xml version="1.0" encoding="UTF-8"?>
<robot generator="Robot 6.1.1 (Python 3.9.6 on darwin)" generated="20250923 15:04:55.848" rpa="false" schemaversion="4">
<suite id="s1" name="Test Suites" source="/Users/mmoola/Cursor/Dependency Management App/tests/test_suites">
<suite id="s1-s1" name="01 Authentication Tests" source="/Users/mmoola/Cursor/Dependency Management App/tests/test_suites/01_authentication_tests.robot">
<kw name="Setup Test Environment" library="depflow_keywords" type="SETUP">
<doc>Sets up test environment with fresh browser</doc>
<kw name="Open DepFlow Application" library="depflow_keywords">
<doc>Opens the DepFlow application in browser</doc>
<kw name="Open Browser" library="SeleniumLibrary">
<arg>${APP_URL}</arg>
<arg>${BROWSER}</arg>
<doc>Opens a new browser instance to the optional ``url``.</doc>
<msg timestamp="20250923 15:04:56.020" level="INFO">Opening browser 'Chrome' to base url 'http://localhost:3000'.</msg>
<status status="PASS" starttime="20250923 15:04:56.019" endtime="20250923 15:04:57.572"/>
</kw>
<kw name="Maximize Browser Window" library="SeleniumLibrary">
<doc>Maximizes current browser window.</doc>
<status status="PASS" starttime="20250923 15:04:57.572" endtime="20250923 15:04:57.952"/>
</kw>
<kw name="Set Selenium Implicit Wait" library="SeleniumLibrary">
<arg>${IMPLICIT_WAIT}</arg>
<doc>Sets the implicit wait value used by Selenium.</doc>
<status status="PASS" starttime="20250923 15:04:57.952" endtime="20250923 15:04:57.954"/>
</kw>
<kw name="Wait Until Page Contains Element" library="SeleniumLibrary">
<arg>${LANDING_PAGE_LOGO}</arg>
<arg>timeout=30s</arg>
<doc>Waits until the element ``locator`` appears on the current page.</doc>
<status status="PASS" starttime="20250923 15:04:57.954" endtime="20250923 15:04:57.969"/>
</kw>
<kw name="Sleep" library="BuiltIn">
<arg>3s</arg>
<doc>Pauses the test executed for the given time.</doc>
<msg timestamp="20250923 15:05:00.972" level="INFO">Slept 3 seconds</msg>
<status status="PASS" starttime="20250923 15:04:57.969" endtime="20250923 15:05:00.972"/>
</kw>
<status status="PASS" starttime="20250923 15:04:56.019" endtime="20250923 15:05:00.972"/>
</kw>
<kw name="Capture Page Screenshot" library="SeleniumLibrary">
<doc>Takes a screenshot of the current page and embeds it into a log file.</doc>
<msg timestamp="20250923 15:05:01.070" level="INFO" html="true">&lt;/td&gt;&lt;/tr&gt;&lt;tr&gt;&lt;td colspan="3"&gt;&lt;a href="selenium-screenshot-128.png"&gt;&lt;img src="selenium-screenshot-128.png" width="800px"&gt;&lt;/a&gt;</msg>
<status status="PASS" starttime="20250923 15:05:00.972" endtime="20250923 15:05:01.071"/>
</kw>
<status status="PASS" starttime="20250923 15:04:56.019" endtime="20250923 15:05:01.071"/>
</kw>
<test id="s1-s1-t1" name="TC001 - Verify Landing Page Loads Successfully" line="33">
<kw name="Test Mode Authentication Test Setup" type="SETUP">
<doc>Setup for each authentication test using Test Mode</doc>
<kw name="Open DepFlow Application" library="depflow_keywords">
<doc>Opens the DepFlow application in browser</doc>
<kw name="Open Browser" library="SeleniumLibrary">
<arg>${APP_URL}</arg>
<arg>${BROWSER}</arg>
<doc>Opens a new browser instance to the optional ``url``.</doc>
<msg timestamp="20250923 15:05:01.072" level="INFO">Opening browser 'Chrome' to base url 'http://localhost:3000'.</msg>
<status status="PASS" starttime="20250923 15:05:01.071" endtime="20250923 15:05:02.413"/>
</kw>
<kw name="Maximize Browser Window" library="SeleniumLibrary">
<doc>Maximizes current browser window.</doc>
<status status="PASS" starttime="20250923 15:05:02.414" endtime="20250923 15:05:03.057"/>
</kw>
<kw name="Set Selenium Implicit Wait" library="SeleniumLibrary">
<arg>${IMPLICIT_WAIT}</arg>
<doc>Sets the implicit wait value used by Selenium.</doc>
<status status="PASS" starttime="20250923 15:05:03.057" endtime="20250923 15:05:03.061"/>
</kw>
<kw name="Wait Until Page Contains Element" library="SeleniumLibrary">
<arg>${LANDING_PAGE_LOGO}</arg>
<arg>timeout=30s</arg>
<doc>Waits until the element ``locator`` appears on the current page.</doc>
<status status="PASS" starttime="20250923 15:05:03.061" endtime="20250923 15:05:03.078"/>
</kw>
<kw name="Sleep" library="BuiltIn">
<arg>3s</arg>
<doc>Pauses the test executed for the given time.</doc>
<msg timestamp="20250923 15:05:06.079" level="INFO">Slept 3 seconds</msg>
<status status="PASS" starttime="20250923 15:05:03.078" endtime="20250923 15:05:06.079"/>
</kw>
<status status="PASS" starttime="20250923 15:05:01.071" endtime="20250923 15:05:06.079"/>
</kw>
<kw name="Test Mode Reset" library="depflow_keywords">
<doc>Complete app state reset for clean test environment</doc>
<kw name="Execute Javascript" library="SeleniumLibrary">
<arg>if (typeof window.DepFlow.testModeReset === 'function') {</arg>
<arg>window.DepFlow.testModeReset();</arg>
<arg>} else {</arg>
<arg>console.error('Test mode reset function not available');</arg>
<arg>}</arg>
<doc>Executes the given JavaScript code with possible arguments.</doc>
<msg timestamp="20250923 15:05:06.080" level="INFO">Executing JavaScript:
if (typeof window.DepFlow.testModeReset === 'function') {window.DepFlow.testModeReset();} else {console.error('Test mode reset function not available');}
Without any arguments.</msg>
<status status="PASS" starttime="20250923 15:05:06.080" endtime="20250923 15:05:06.084"/>
</kw>
<kw name="Sleep" library="BuiltIn">
<arg>1s</arg>
<doc>Pauses the test executed for the given time.</doc>
<msg timestamp="20250923 15:05:07.085" level="INFO">Slept 1 second</msg>
<status status="PASS" starttime="20250923 15:05:06.084" endtime="20250923 15:05:07.085"/>
</kw>
<kw name="Log" library="BuiltIn">
<arg>Test Mode Reset Completed</arg>
<doc>Logs the given message with the given level.</doc>
<msg timestamp="20250923 15:05:07.086" level="INFO">Test Mode Reset Completed</msg>
<status status="PASS" starttime="20250923 15:05:07.085" endtime="20250923 15:05:07.086"/>
</kw>
<status status="PASS" starttime="20250923 15:05:06.080" endtime="20250923 15:05:07.086"/>
</kw>
<status status="PASS" starttime="20250923 15:05:01.071" endtime="20250923 15:05:07.086"/>
</kw>
<kw name="Title Should Be" library="SeleniumLibrary">
<arg>DepFlow - Enterprise Dependency Management Platform</arg>
<doc>Verifies that the current page title equals ``title``.</doc>
<msg timestamp="20250923 15:05:07.091" level="INFO">Page title is 'DepFlow - Enterprise Dependency Management Platform'.</msg>
<status status="PASS" starttime="20250923 15:05:07.086" endtime="20250923 15:05:07.091"/>
</kw>
<kw name="Verify DepFlow Logo Present" library="depflow_keywords">
<doc>Verifies DepFlow logo is present on page</doc>
<kw name="Page Should Contain Element" library="SeleniumLibrary">
<arg>${LANDING_PAGE_LOGO}</arg>
<doc>Verifies that element ``locator`` is found on the current page.</doc>
<msg timestamp="20250923 15:05:07.098" level="INFO">Current page contains element 'xpath://div[contains(@class, 'depflow-logo')]'.</msg>
<status status="PASS" starttime="20250923 15:05:07.092" endtime="20250923 15:05:07.098"/>
</kw>
<kw name="Element Should Be Visible" library="SeleniumLibrary">
<arg>${LANDING_PAGE_LOGO}</arg>
<doc>Verifies that the element identified by ``locator`` is visible.</doc>
<msg timestamp="20250923 15:05:07.114" level="INFO">Element 'xpath://div[contains(@class, 'depflow-logo')]' is displayed.</msg>
<status status="PASS" starttime="20250923 15:05:07.098" endtime="20250923 15:05:07.114"/>
</kw>
<status status="PASS" starttime="20250923 15:05:07.092" endtime="20250923 15:05:07.114"/>
</kw>
<kw name="Page Should Contain Element" library="SeleniumLibrary">
<arg>${LOGIN_BUTTON}</arg>
<doc>Verifies that element ``locator`` is found on the current page.</doc>
<msg timestamp="20250923 15:05:07.121" level="INFO">Current page contains element 'xpath://button[contains(@onclick, 'openLoginModal')]'.</msg>
<status status="PASS" starttime="20250923 15:05:07.114" endtime="20250923 15:05:07.121"/>
</kw>
<kw name="Page Should Contain Element" library="SeleniumLibrary">
<arg>${GET_STARTED_BUTTON}</arg>
<doc>Verifies that element ``locator`` is found on the current page.</doc>
<msg timestamp="20250923 15:05:07.127" level="INFO">Current page contains element 'xpath://button[contains(@onclick, 'scrollToDemo')]'.</msg>
<status status="PASS" starttime="20250923 15:05:07.121" endtime="20250923 15:05:07.127"/>
</kw>
<kw name="Page Should Contain" library="SeleniumLibrary">
<arg>Streamlined Software Lifecycle Management</arg>
<doc>Verifies that current page contains ``text``.</doc>
<msg timestamp="20250923 15:05:07.134" level="INFO">Current page contains text 'Streamlined Software Lifecycle Management'.</msg>
<status status="PASS" starttime="20250923 15:05:07.127" endtime="20250923 15:05:07.134"/>
</kw>
<kw name="Test Mode Authentication Test Teardown" type="TEARDOWN">
<doc>Cleanup after each authentication test using Test Mode</doc>
<kw name="Test Mode Reset" library="depflow_keywords">
<doc>Complete app state reset for clean test environment</doc>
<kw name="Execute Javascript" library="SeleniumLibrary">
<arg>if (typeof window.DepFlow.testModeReset === 'function') {</arg>
<arg>window.DepFlow.testModeReset();</arg>
<arg>} else {</arg>
<arg>console.error('Test mode reset function not available');</arg>
<arg>}</arg>
<doc>Executes the given JavaScript code with possible arguments.</doc>
<msg timestamp="20250923 15:05:07.135" level="INFO">Executing JavaScript:
if (typeof window.DepFlow.testModeReset === 'function') {window.DepFlow.testModeReset();} else {console.error('Test mode reset function not available');}
Without any arguments.</msg>
<status status="PASS" starttime="20250923 15:05:07.134" endtime="20250923 15:05:07.137"/>
</kw>
<kw name="Sleep" library="BuiltIn">
<arg>1s</arg>
<doc>Pauses the test executed for the given time.</doc>
<msg timestamp="20250923 15:05:08.137" level="INFO">Slept 1 second</msg>
<status status="PASS" starttime="20250923 15:05:07.137" endtime="20250923 15:05:08.138"/>
</kw>
<kw name="Log" library="BuiltIn">
<arg>Test Mode Reset Completed</arg>
<doc>Logs the given message with the given level.</doc>
<msg timestamp="20250923 15:05:08.138" level="INFO">Test Mode Reset Completed</msg>
<status status="PASS" starttime="20250923 15:05:08.138" endtime="20250923 15:05:08.138"/>
</kw>
<status status="PASS" starttime="20250923 15:05:07.134" endtime="20250923 15:05:08.138"/>
</kw>
<kw name="Close DepFlow Application" library="depflow_keywords">
<doc>Closes the browser and cleans up</doc>
<kw name="Close All Browsers" library="SeleniumLibrary">
<doc>Closes all open browsers and resets the browser cache.</doc>
<status status="PASS" starttime="20250923 15:05:08.139" endtime="20250923 15:05:08.353"/>
</kw>
<status status="PASS" starttime="20250923 15:05:08.139" endtime="20250923 15:05:08.353"/>
</kw>
<status status="PASS" starttime="20250923 15:05:07.134" endtime="20250923 15:05:08.353"/>
</kw>
<doc>Verify that the DepFlow landing page loads with all expected elements</doc>
<tag>landing</tag>
<tag>smoke</tag>
<tag>ui</tag>
<status status="PASS" starttime="20250923 15:05:01.071" endtime="20250923 15:05:08.353"/>
</test>
<test id="s1-s1-t2" name="TC002 - Verify Login Modal Opens" line="43">
<kw name="Test Mode Authentication Test Setup" type="SETUP">
<doc>Setup for each authentication test using Test Mode</doc>
<kw name="Open DepFlow Application" library="depflow_keywords">
<doc>Opens the DepFlow application in browser</doc>
<kw name="Open Browser" library="SeleniumLibrary">
<arg>${APP_URL}</arg>
<arg>${BROWSER}</arg>
<doc>Opens a new browser instance to the optional ``url``.</doc>
<msg timestamp="20250923 15:05:08.355" level="INFO">Opening browser 'Chrome' to base url 'http://localhost:3000'.</msg>
<status status="PASS" starttime="20250923 15:05:08.354" endtime="20250923 15:05:09.672"/>
</kw>
<kw name="Maximize Browser Window" library="SeleniumLibrary">
<doc>Maximizes current browser window.</doc>
<status status="PASS" starttime="20250923 15:05:09.672" endtime="20250923 15:05:10.056"/>
</kw>
<kw name="Set Selenium Implicit Wait" library="SeleniumLibrary">
<arg>${IMPLICIT_WAIT}</arg>
<doc>Sets the implicit wait value used by Selenium.</doc>
<status status="PASS" starttime="20250923 15:05:10.056" endtime="20250923 15:05:10.057"/>
</kw>
<kw name="Wait Until Page Contains Element" library="SeleniumLibrary">
<arg>${LANDING_PAGE_LOGO}</arg>
<arg>timeout=30s</arg>
<doc>Waits until the element ``locator`` appears on the current page.</doc>
<status status="PASS" starttime="20250923 15:05:10.057" endtime="20250923 15:05:10.067"/>
</kw>
<kw name="Sleep" library="BuiltIn">
<arg>3s</arg>
<doc>Pauses the test executed for the given time.</doc>
<msg timestamp="20250923 15:05:13.069" level="INFO">Slept 3 seconds</msg>
<status status="PASS" starttime="20250923 15:05:10.067" endtime="20250923 15:05:13.069"/>
</kw>
<status status="PASS" starttime="20250923 15:05:08.354" endtime="20250923 15:05:13.069"/>
</kw>
<kw name="Test Mode Reset" library="depflow_keywords">
<doc>Complete app state reset for clean test environment</doc>
<kw name="Execute Javascript" library="SeleniumLibrary">
<arg>if (typeof window.DepFlow.testModeReset === 'function') {</arg>
<arg>window.DepFlow.testModeReset();</arg>
<arg>} else {</arg>
<arg>console.error('Test mode reset function not available');</arg>
<arg>}</arg>
<doc>Executes the given JavaScript code with possible arguments.</doc>
<msg timestamp="20250923 15:05:13.070" level="INFO">Executing JavaScript:
if (typeof window.DepFlow.testModeReset === 'function') {window.DepFlow.testModeReset();} else {console.error('Test mode reset function not available');}
Without any arguments.</msg>
<status status="PASS" starttime="20250923 15:05:13.070" endtime="20250923 15:05:13.077"/>
</kw>
<kw name="Sleep" library="BuiltIn">
<arg>1s</arg>
<doc>Pauses the test executed for the given time.</doc>
<msg timestamp="20250923 15:05:14.080" level="INFO">Slept 1 second</msg>
<status status="PASS" starttime="20250923 15:05:13.077" endtime="20250923 15:05:14.081"/>
</kw>
<kw name="Log" library="BuiltIn">
<arg>Test Mode Reset Completed</arg>
<doc>Logs the given message with the given level.</doc>
<msg timestamp="20250923 15:05:14.081" level="INFO">Test Mode Reset Completed</msg>
<status status="PASS" starttime="20250923 15:05:14.081" endtime="20250923 15:05:14.081"/>
</kw>
<status status="PASS" starttime="20250923 15:05:13.069" endtime="20250923 15:05:14.081"/>
</kw>
<status status="PASS" starttime="20250923 15:05:08.354" endtime="20250923 15:05:14.082"/>
</kw>
<kw name="Click Element" library="SeleniumLibrary">
<arg>${LOGIN_BUTTON}</arg>
<doc>Click the element identified by ``locator``.</doc>
<msg timestamp="20250923 15:05:14.083" level="INFO">Clicking element 'xpath://button[contains(@onclick, 'openLoginModal')]'.</msg>
<status status="PASS" starttime="20250923 15:05:14.082" endtime="20250923 15:05:14.125"/>
</kw>
<kw name="Wait Until Element Is Visible" library="SeleniumLibrary">
<arg>${LOGIN_MODAL}</arg>
<doc>Waits until the element ``locator`` is visible.</doc>
<status status="PASS" starttime="20250923 15:05:14.126" endtime="20250923 15:05:14.148"/>
</kw>
<kw name="Page Should Contain Element" library="SeleniumLibrary">
<arg>${USERNAME_FIELD}</arg>
<doc>Verifies that element ``locator`` is found on the current page.</doc>
<msg timestamp="20250923 15:05:14.157" level="INFO">Current page contains element 'id:email'.</msg>
<status status="PASS" starttime="20250923 15:05:14.148" endtime="20250923 15:05:14.157"/>
</kw>
<kw name="Page Should Contain Element" library="SeleniumLibrary">
<arg>${PASSWORD_FIELD}</arg>
<doc>Verifies that element ``locator`` is found on the current page.</doc>
<msg timestamp="20250923 15:05:14.162" level="INFO">Current page contains element 'id:password'.</msg>
<status status="PASS" starttime="20250923 15:05:14.157" endtime="20250923 15:05:14.162"/>
</kw>
<kw name="Page Should Contain Element" library="SeleniumLibrary">
<arg>${LOGIN_SUBMIT_BUTTON}</arg>
<doc>Verifies that element ``locator`` is found on the current page.</doc>
<msg timestamp="20250923 15:05:14.167" level="INFO">Current page contains element 'xpath://button[contains(@class, 'btn-login')]'.</msg>
<status status="PASS" starttime="20250923 15:05:14.162" endtime="20250923 15:05:14.167"/>
</kw>
<kw name="Page Should Contain Element" library="SeleniumLibrary">
<arg>${ADMIN_CREDENTIALS_BUTTON}</arg>
<doc>Verifies that element ``locator`` is found on the current page.</doc>
<msg timestamp="20250923 15:05:14.172" level="INFO">Current page contains element 'xpath://button[contains(@onclick, 'fillAdminCredentials')]'.</msg>
<status status="PASS" starttime="20250923 15:05:14.167" endtime="20250923 15:05:14.172"/>
</kw>
<kw name="Test Mode Authentication Test Teardown" type="TEARDOWN">
<doc>Cleanup after each authentication test using Test Mode</doc>
<kw name="Test Mode Reset" library="depflow_keywords">
<doc>Complete app state reset for clean test environment</doc>
<kw name="Execute Javascript" library="SeleniumLibrary">
<arg>if (typeof window.DepFlow.testModeReset === 'function') {</arg>
<arg>window.DepFlow.testModeReset();</arg>
<arg>} else {</arg>
<arg>console.error('Test mode reset function not available');</arg>
<arg>}</arg>
<doc>Executes the given JavaScript code with possible arguments.</doc>
<msg timestamp="20250923 15:05:14.173" level="INFO">Executing JavaScript:
if (typeof window.DepFlow.testModeReset === 'function') {window.DepFlow.testModeReset();} else {console.error('Test mode reset function not available');}
Without any arguments.</msg>
<status status="PASS" starttime="20250923 15:05:14.173" endtime="20250923 15:05:14.176"/>
</kw>
<kw name="Sleep" library="BuiltIn">
<arg>1s</arg>
<doc>Pauses the test executed for the given time.</doc>
<msg timestamp="20250923 15:05:15.177" level="INFO">Slept 1 second</msg>
<status status="PASS" starttime="20250923 15:05:14.176" endtime="20250923 15:05:15.177"/>
</kw>
<kw name="Log" library="BuiltIn">
<arg>Test Mode Reset Completed</arg>
<doc>Logs the given message with the given level.</doc>
<msg timestamp="20250923 15:05:15.177" level="INFO">Test Mode Reset Completed</msg>
<status status="PASS" starttime="20250923 15:05:15.177" endtime="20250923 15:05:15.177"/>
</kw>
<status status="PASS" starttime="20250923 15:05:14.173" endtime="20250923 15:05:15.177"/>
</kw>
<kw name="Close DepFlow Application" library="depflow_keywords">
<doc>Closes the browser and cleans up</doc>
<kw name="Close All Browsers" library="SeleniumLibrary">
<doc>Closes all open browsers and resets the browser cache.</doc>
<status status="PASS" starttime="20250923 15:05:15.178" endtime="20250923 15:05:15.303"/>
</kw>
<status status="PASS" starttime="20250923 15:05:15.178" endtime="20250923 15:05:15.303"/>
</kw>
<status status="PASS" starttime="20250923 15:05:14.172" endtime="20250923 15:05:15.303"/>
</kw>
<doc>Verify that clicking Login button opens the login modal</doc>
<tag>modal</tag>
<tag>smoke</tag>
<tag>ui</tag>
<status status="PASS" starttime="20250923 15:05:08.354" endtime="20250923 15:05:15.303"/>
</test>
<test id="s1-s1-t3" name="TC003 - Successful Admin Login" line="54">
<kw name="Test Mode Authentication Test Setup" type="SETUP">
<doc>Setup for each authentication test using Test Mode</doc>
<kw name="Open DepFlow Application" library="depflow_keywords">
<doc>Opens the DepFlow application in browser</doc>
<kw name="Open Browser" library="SeleniumLibrary">
<arg>${APP_URL}</arg>
<arg>${BROWSER}</arg>
<doc>Opens a new browser instance to the optional ``url``.</doc>
<msg timestamp="20250923 15:05:15.304" level="INFO">Opening browser 'Chrome' to base url 'http://localhost:3000'.</msg>
<status status="PASS" starttime="20250923 15:05:15.304" endtime="20250923 15:05:16.693"/>
</kw>
<kw name="Maximize Browser Window" library="SeleniumLibrary">
<doc>Maximizes current browser window.</doc>
<status status="PASS" starttime="20250923 15:05:16.695" endtime="20250923 15:05:17.079"/>
</kw>
<kw name="Set Selenium Implicit Wait" library="SeleniumLibrary">
<arg>${IMPLICIT_WAIT}</arg>
<doc>Sets the implicit wait value used by Selenium.</doc>
<status status="PASS" starttime="20250923 15:05:17.079" endtime="20250923 15:05:17.081"/>
</kw>
<kw name="Wait Until Page Contains Element" library="SeleniumLibrary">
<arg>${LANDING_PAGE_LOGO}</arg>
<arg>timeout=30s</arg>
<doc>Waits until the element ``locator`` appears on the current page.</doc>
<status status="PASS" starttime="20250923 15:05:17.081" endtime="20250923 15:05:17.090"/>
</kw>
<kw name="Sleep" library="BuiltIn">
<arg>3s</arg>
<doc>Pauses the test executed for the given time.</doc>
<msg timestamp="20250923 15:05:20.091" level="INFO">Slept 3 seconds</msg>
<status status="PASS" starttime="20250923 15:05:17.090" endtime="20250923 15:05:20.091"/>
</kw>
<status status="PASS" starttime="20250923 15:05:15.304" endtime="20250923 15:05:20.091"/>
</kw>
<kw name="Test Mode Reset" library="depflow_keywords">
<doc>Complete app state reset for clean test environment</doc>
<kw name="Execute Javascript" library="SeleniumLibrary">
<arg>if (typeof window.DepFlow.testModeReset === 'function') {</arg>
<arg>window.DepFlow.testModeReset();</arg>
<arg>} else {</arg>
<arg>console.error('Test mode reset function not available');</arg>
<arg>}</arg>
<doc>Executes the given JavaScript code with possible arguments.</doc>
<msg timestamp="20250923 15:05:20.093" level="INFO">Executing JavaScript:
if (typeof window.DepFlow.testModeReset === 'function') {window.DepFlow.testModeReset();} else {console.error('Test mode reset function not available');}
Without any arguments.</msg>
<status status="PASS" starttime="20250923 15:05:20.092" endtime="20250923 15:05:20.100"/>
</kw>
<kw name="Sleep" library="BuiltIn">
<arg>1s</arg>
<doc>Pauses the test executed for the given time.</doc>
<msg timestamp="20250923 15:05:21.102" level="INFO">Slept 1 second</msg>
<status status="PASS" starttime="20250923 15:05:20.100" endtime="20250923 15:05:21.102"/>
</kw>
<kw name="Log" library="BuiltIn">
<arg>Test Mode Reset Completed</arg>
<doc>Logs the given message with the given level.</doc>
<msg timestamp="20250923 15:05:21.103" level="INFO">Test Mode Reset Completed</msg>
<status status="PASS" starttime="20250923 15:05:21.103" endtime="20250923 15:05:21.103"/>
</kw>
<status status="PASS" starttime="20250923 15:05:20.091" endtime="20250923 15:05:21.103"/>
</kw>
<status status="PASS" starttime="20250923 15:05:15.304" endtime="20250923 15:05:21.103"/>
</kw>
<kw name="Run Keyword And Return Status" library="BuiltIn">
<var>${modal_visible}</var>
<arg>Element Should Be Visible</arg>
<arg>${LOGIN_MODAL}</arg>
<doc>Runs the given keyword with given arguments and returns the status as a Boolean value.</doc>
<kw name="Element Should Be Visible" library="SeleniumLibrary">
<arg>${LOGIN_MODAL}</arg>
<doc>Verifies that the element identified by ``locator`` is visible.</doc>
<msg timestamp="20250923 15:05:21.215" level="INFO" html="true">&lt;/td&gt;&lt;/tr&gt;&lt;tr&gt;&lt;td colspan="3"&gt;&lt;a href="selenium-screenshot-129.png"&gt;&lt;img src="selenium-screenshot-129.png" width="800px"&gt;&lt;/a&gt;</msg>
<msg timestamp="20250923 15:05:21.215" level="FAIL">The element 'id:loginModal' should be visible, but it is not.</msg>
<status status="FAIL" starttime="20250923 15:05:21.103" endtime="20250923 15:05:21.222"/>
</kw>
<msg timestamp="20250923 15:05:21.222" level="INFO">${modal_visible} = False</msg>
<status status="PASS" starttime="20250923 15:05:21.103" endtime="20250923 15:05:21.222"/>
</kw>
<kw name="Run Keyword If" library="BuiltIn">
<arg>${modal_visible}</arg>
<arg>Execute Javascript</arg>
<arg>closeLoginModal()</arg>
<doc>Runs the given keyword with the given arguments, if ``condition`` is true.</doc>
<status status="PASS" starttime="20250923 15:05:21.222" endtime="20250923 15:05:21.222"/>
</kw>
<kw name="Sleep" library="BuiltIn">
<arg>1s</arg>
<doc>Pauses the test executed for the given time.</doc>
<msg timestamp="20250923 15:05:22.223" level="INFO">Slept 1 second</msg>
<status status="PASS" starttime="20250923 15:05:21.222" endtime="20250923 15:05:22.223"/>
</kw>
<kw name="Login As Admin" library="depflow_keywords">
<doc>Quick login as admin user using test mode bypass</doc>
<kw name="Test Mode Admin Login" library="depflow_keywords">
<doc>Quick admin login using test mode</doc>
<kw name="Test Mode Login" library="depflow_keywords">
<arg>admin</arg>
<doc>Login using test mode bypass - no modal interaction required</doc>
<kw name="Wait Until Page Contains Element" library="SeleniumLibrary">
<arg>${LANDING_PAGE_LOGO}</arg>
<arg>timeout=10s</arg>
<doc>Waits until the element ``locator`` appears on the current page.</doc>
<status status="PASS" starttime="20250923 15:05:22.225" endtime="20250923 15:05:22.233"/>
</kw>
<kw name="Sleep" library="BuiltIn">
<arg>1s</arg>
<doc>Pauses the test executed for the given time.</doc>
<msg timestamp="20250923 15:05:23.234" level="INFO">Slept 1 second</msg>
<status status="PASS" starttime="20250923 15:05:22.233" endtime="20250923 15:05:23.234"/>
</kw>
<kw name="Execute Javascript" library="SeleniumLibrary">
<arg>if (typeof window.DepFlow.testModeLogin === 'function') {</arg>
<arg>window.DepFlow.testModeLogin('${user_type}');</arg>
<arg>} else {</arg>
<arg>console.error('Test mode login function not available');</arg>
<arg>}</arg>
<doc>Executes the given JavaScript code with possible arguments.</doc>
<msg timestamp="20250923 15:05:23.235" level="INFO">Executing JavaScript:
if (typeof window.DepFlow.testModeLogin === 'function') {window.DepFlow.testModeLogin('admin');} else {console.error('Test mode login function not available');}
Without any arguments.</msg>
<status status="PASS" starttime="20250923 15:05:23.234" endtime="20250923 15:05:23.309"/>
</kw>
<kw name="Sleep" library="BuiltIn">
<arg>2s</arg>
<doc>Pauses the test executed for the given time.</doc>
<msg timestamp="20250923 15:05:25.316" level="INFO">Slept 2 seconds</msg>
<status status="PASS" starttime="20250923 15:05:23.309" endtime="20250923 15:05:25.317"/>
</kw>
<kw name="Wait Until Element Is Visible" library="SeleniumLibrary">
<arg>${DASHBOARD_PAGE}</arg>
<arg>timeout=10s</arg>
<doc>Waits until the element ``locator`` is visible.</doc>
<status status="PASS" starttime="20250923 15:05:25.317" endtime="20250923 15:05:25.375"/>
</kw>
<kw name="Wait Until Element Is Visible" library="SeleniumLibrary">
<arg>${USER_PANEL}</arg>
<arg>timeout=5s</arg>
<doc>Waits until the element ``locator`` is visible.</doc>
<status status="PASS" starttime="20250923 15:05:25.375" endtime="20250923 15:05:25.392"/>
</kw>
<kw name="Log" library="BuiltIn">
<arg>Test Mode Login Completed for ${user_type}</arg>
<doc>Logs the given message with the given level.</doc>
<msg timestamp="20250923 15:05:25.392" level="INFO">Test Mode Login Completed for admin</msg>
<status status="PASS" starttime="20250923 15:05:25.392" endtime="20250923 15:05:25.392"/>
</kw>
<status status="PASS" starttime="20250923 15:05:22.225" endtime="20250923 15:05:25.392"/>
</kw>
<status status="PASS" starttime="20250923 15:05:22.224" endtime="20250923 15:05:25.392"/>
</kw>
<status status="PASS" starttime="20250923 15:05:22.224" endtime="20250923 15:05:25.392"/>
</kw>
<kw name="Title Should Be" library="SeleniumLibrary">
<arg>DepFlow - Enterprise Dependency Management Platform</arg>
<doc>Verifies that the current page title equals ``title``.</doc>
<msg timestamp="20250923 15:05:25.395" level="INFO">Page title is 'DepFlow - Enterprise Dependency Management Platform'.</msg>
<status status="PASS" starttime="20250923 15:05:25.392" endtime="20250923 15:05:25.395"/>
</kw>
<kw name="Page Should Contain Element" library="SeleniumLibrary">
<arg>${USER_PANEL}</arg>
<doc>Verifies that element ``locator`` is found on the current page.</doc>
<msg timestamp="20250923 15:05:25.399" level="INFO">Current page contains element 'id:userPanel'.</msg>
<status status="PASS" starttime="20250923 15:05:25.395" endtime="20250923 15:05:25.399"/>
</kw>
<kw name="Page Should Contain Element" library="SeleniumLibrary">
<arg>${DASHBOARD_PAGE}</arg>
<doc>Verifies that element ``locator`` is found on the current page.</doc>
<msg timestamp="20250923 15:05:25.412" level="INFO">Current page contains element 'id:dashboardPage'.</msg>
<status status="PASS" starttime="20250923 15:05:25.399" endtime="20250923 15:05:25.413"/>
</kw>
<kw name="Page Should Contain" library="SeleniumLibrary">
<arg>Admin User</arg>
<doc>Verifies that current page contains ``text``.</doc>
<msg timestamp="20250923 15:05:25.445" level="INFO">Current page contains text 'Admin User'.</msg>
<status status="PASS" starttime="20250923 15:05:25.413" endtime="20250923 15:05:25.445"/>
</kw>
<kw name="Page Should Contain" library="SeleniumLibrary">
<arg>admin@demo.com</arg>
<doc>Verifies that current page contains ``text``.</doc>
<msg timestamp="20250923 15:05:25.453" level="INFO">Current page contains text 'admin@demo.com'.</msg>
<status status="PASS" starttime="20250923 15:05:25.445" endtime="20250923 15:05:25.453"/>
</kw>
<kw name="Test Mode Authentication Test Teardown" type="TEARDOWN">
<doc>Cleanup after each authentication test using Test Mode</doc>
<kw name="Test Mode Reset" library="depflow_keywords">
<doc>Complete app state reset for clean test environment</doc>
<kw name="Execute Javascript" library="SeleniumLibrary">
<arg>if (typeof window.DepFlow.testModeReset === 'function') {</arg>
<arg>window.DepFlow.testModeReset();</arg>
<arg>} else {</arg>
<arg>console.error('Test mode reset function not available');</arg>
<arg>}</arg>
<doc>Executes the given JavaScript code with possible arguments.</doc>
<msg timestamp="20250923 15:05:25.454" level="INFO">Executing JavaScript:
if (typeof window.DepFlow.testModeReset === 'function') {window.DepFlow.testModeReset();} else {console.error('Test mode reset function not available');}
Without any arguments.</msg>
<status status="PASS" starttime="20250923 15:05:25.453" endtime="20250923 15:05:25.459"/>
</kw>
<kw name="Sleep" library="BuiltIn">
<arg>1s</arg>
<doc>Pauses the test executed for the given time.</doc>
<msg timestamp="20250923 15:05:26.461" level="INFO">Slept 1 second</msg>
<status status="PASS" starttime="20250923 15:05:25.460" endtime="20250923 15:05:26.461"/>
</kw>
<kw name="Log" library="BuiltIn">
<arg>Test Mode Reset Completed</arg>
<doc>Logs the given message with the given level.</doc>
<msg timestamp="20250923 15:05:26.462" level="INFO">Test Mode Reset Completed</msg>
<status status="PASS" starttime="20250923 15:05:26.461" endtime="20250923 15:05:26.462"/>
</kw>
<status status="PASS" starttime="20250923 15:05:25.453" endtime="20250923 15:05:26.462"/>
</kw>
<kw name="Close DepFlow Application" library="depflow_keywords">
<doc>Closes the browser and cleans up</doc>
<kw name="Close All Browsers" library="SeleniumLibrary">
<doc>Closes all open browsers and resets the browser cache.</doc>
<status status="PASS" starttime="20250923 15:05:26.462" endtime="20250923 15:05:26.617"/>
</kw>
<status status="PASS" starttime="20250923 15:05:26.462" endtime="20250923 15:05:26.617"/>
</kw>
<status status="PASS" starttime="20250923 15:05:25.453" endtime="20250923 15:05:26.617"/>
</kw>
<doc>Test successful login with admin credentials using quick fill</doc>
<tag>admin</tag>
<tag>authentication</tag>
<tag>smoke</tag>
<status status="PASS" starttime="20250923 15:05:15.303" endtime="20250923 15:05:26.617"/>
</test>
<test id="s1-s1-t4" name="TC007 - Successful Logout" line="110">
<kw name="Test Mode Authentication Test Setup" type="SETUP">
<doc>Setup for each authentication test using Test Mode</doc>
<kw name="Open DepFlow Application" library="depflow_keywords">
<doc>Opens the DepFlow application in browser</doc>
<kw name="Open Browser" library="SeleniumLibrary">
<arg>${APP_URL}</arg>
<arg>${BROWSER}</arg>
<doc>Opens a new browser instance to the optional ``url``.</doc>
<msg timestamp="20250923 15:05:26.618" level="INFO">Opening browser 'Chrome' to base url 'http://localhost:3000'.</msg>
<status status="PASS" starttime="20250923 15:05:26.618" endtime="20250923 15:05:27.996"/>
</kw>
<kw name="Maximize Browser Window" library="SeleniumLibrary">
<doc>Maximizes current browser window.</doc>
<status status="PASS" starttime="20250923 15:05:27.997" endtime="20250923 15:05:28.378"/>
</kw>
<kw name="Set Selenium Implicit Wait" library="SeleniumLibrary">
<arg>${IMPLICIT_WAIT}</arg>
<doc>Sets the implicit wait value used by Selenium.</doc>
<status status="PASS" starttime="20250923 15:05:28.378" endtime="20250923 15:05:28.379"/>
</kw>
<kw name="Wait Until Page Contains Element" library="SeleniumLibrary">
<arg>${LANDING_PAGE_LOGO}</arg>
<arg>timeout=30s</arg>
<doc>Waits until the element ``locator`` appears on the current page.</doc>
<status status="PASS" starttime="20250923 15:05:28.379" endtime="20250923 15:05:28.388"/>
</kw>
<kw name="Sleep" library="BuiltIn">
<arg>3s</arg>
<doc>Pauses the test executed for the given time.</doc>
<msg timestamp="20250923 15:05:31.389" level="INFO">Slept 3 seconds</msg>
<status status="PASS" starttime="20250923 15:05:28.389" endtime="20250923 15:05:31.389"/>
</kw>
<status status="PASS" starttime="20250923 15:05:26.618" endtime="20250923 15:05:31.390"/>
</kw>
<kw name="Test Mode Reset" library="depflow_keywords">
<doc>Complete app state reset for clean test environment</doc>
<kw name="Execute Javascript" library="SeleniumLibrary">
<arg>if (typeof window.DepFlow.testModeReset === 'function') {</arg>
<arg>window.DepFlow.testModeReset();</arg>
<arg>} else {</arg>
<arg>console.error('Test mode reset function not available');</arg>
<arg>}</arg>
<doc>Executes the given JavaScript code with possible arguments.</doc>
<msg timestamp="20250923 15:05:31.391" level="INFO">Executing JavaScript:
if (typeof window.DepFlow.testModeReset === 'function') {window.DepFlow.testModeReset();} else {console.error('Test mode reset function not available');}
Without any arguments.</msg>
<status status="PASS" starttime="20250923 15:05:31.390" endtime="20250923 15:05:31.398"/>
</kw>
<kw name="Sleep" library="BuiltIn">
<arg>1s</arg>
<doc>Pauses the test executed for the given time.</doc>
<msg timestamp="20250923 15:05:32.400" level="INFO">Slept 1 second</msg>
<status status="PASS" starttime="20250923 15:05:31.398" endtime="20250923 15:05:32.401"/>
</kw>
<kw name="Log" library="BuiltIn">
<arg>Test Mode Reset Completed</arg>
<doc>Logs the given message with the given level.</doc>
<msg timestamp="20250923 15:05:32.401" level="INFO">Test Mode Reset Completed</msg>
<status status="PASS" starttime="20250923 15:05:32.401" endtime="20250923 15:05:32.401"/>
</kw>
<status status="PASS" starttime="20250923 15:05:31.390" endtime="20250923 15:05:32.401"/>
</kw>
<status status="PASS" starttime="20250923 15:05:26.618" endtime="20250923 15:05:32.401"/>
</kw>
<kw name="Run Keyword And Return Status" library="BuiltIn">
<var>${modal_visible}</var>
<arg>Element Should Be Visible</arg>
<arg>${LOGIN_MODAL}</arg>
<doc>Runs the given keyword with given arguments and returns the status as a Boolean value.</doc>
<kw name="Element Should Be Visible" library="SeleniumLibrary">
<arg>${LOGIN_MODAL}</arg>
<doc>Verifies that the element identified by ``locator`` is visible.</doc>
<msg timestamp="20250923 15:05:32.515" level="INFO" html="true">&lt;/td&gt;&lt;/tr&gt;&lt;tr&gt;&lt;td colspan="3"&gt;&lt;a href="selenium-screenshot-130.png"&gt;&lt;img src="selenium-screenshot-130.png" width="800px"&gt;&lt;/a&gt;</msg>
<msg timestamp="20250923 15:05:32.515" level="FAIL">The element 'id:loginModal' should be visible, but it is not.</msg>
<status status="FAIL" starttime="20250923 15:05:32.402" endtime="20250923 15:05:32.515"/>
</kw>
<msg timestamp="20250923 15:05:32.515" level="INFO">${modal_visible} = False</msg>
<status status="PASS" starttime="20250923 15:05:32.401" endtime="20250923 15:05:32.515"/>
</kw>
<kw name="Run Keyword If" library="BuiltIn">
<arg>${modal_visible}</arg>
<arg>Execute Javascript</arg>
<arg>closeLoginModal()</arg>
<doc>Runs the given keyword with the given arguments, if ``condition`` is true.</doc>
<status status="PASS" starttime="20250923 15:05:32.516" endtime="20250923 15:05:32.516"/>
</kw>
<kw name="Sleep" library="BuiltIn">
<arg>1s</arg>
<doc>Pauses the test executed for the given time.</doc>
<msg timestamp="20250923 15:05:33.517" level="INFO">Slept 1 second</msg>
<status status="PASS" starttime="20250923 15:05:32.516" endtime="20250923 15:05:33.517"/>
</kw>
<kw name="Login As Admin" library="depflow_keywords">
<doc>Quick login as admin user using test mode bypass</doc>
<kw name="Test Mode Admin Login" library="depflow_keywords">
<doc>Quick admin login using test mode</doc>
<kw name="Test Mode Login" library="depflow_keywords">
<arg>admin</arg>
<doc>Login using test mode bypass - no modal interaction required</doc>
<kw name="Wait Until Page Contains Element" library="SeleniumLibrary">
<arg>${LANDING_PAGE_LOGO}</arg>
<arg>timeout=10s</arg>
<doc>Waits until the element ``locator`` appears on the current page.</doc>
<status status="PASS" starttime="20250923 15:05:33.518" endtime="20250923 15:05:33.525"/>
</kw>
<kw name="Sleep" library="BuiltIn">
<arg>1s</arg>
<doc>Pauses the test executed for the given time.</doc>
<msg timestamp="20250923 15:05:34.527" level="INFO">Slept 1 second</msg>
<status status="PASS" starttime="20250923 15:05:33.526" endtime="20250923 15:05:34.527"/>
</kw>
<kw name="Execute Javascript" library="SeleniumLibrary">
<arg>if (typeof window.DepFlow.testModeLogin === 'function') {</arg>
<arg>window.DepFlow.testModeLogin('${user_type}');</arg>
<arg>} else {</arg>
<arg>console.error('Test mode login function not available');</arg>
<arg>}</arg>
<doc>Executes the given JavaScript code with possible arguments.</doc>
<msg timestamp="20250923 15:05:34.528" level="INFO">Executing JavaScript:
if (typeof window.DepFlow.testModeLogin === 'function') {window.DepFlow.testModeLogin('admin');} else {console.error('Test mode login function not available');}
Without any arguments.</msg>
<status status="PASS" starttime="20250923 15:05:34.527" endtime="20250923 15:05:34.579"/>
</kw>
<kw name="Sleep" library="BuiltIn">
<arg>2s</arg>
<doc>Pauses the test executed for the given time.</doc>
<msg timestamp="20250923 15:05:36.580" level="INFO">Slept 2 seconds</msg>
<status status="PASS" starttime="20250923 15:05:34.580" endtime="20250923 15:05:36.581"/>
</kw>
<kw name="Wait Until Element Is Visible" library="SeleniumLibrary">
<arg>${DASHBOARD_PAGE}</arg>
<arg>timeout=10s</arg>
<doc>Waits until the element ``locator`` is visible.</doc>
<status status="PASS" starttime="20250923 15:05:36.581" endtime="20250923 15:05:36.600"/>
</kw>
<kw name="Wait Until Element Is Visible" library="SeleniumLibrary">
<arg>${USER_PANEL}</arg>
<arg>timeout=5s</arg>
<doc>Waits until the element ``locator`` is visible.</doc>
<status status="PASS" starttime="20250923 15:05:36.600" endtime="20250923 15:05:36.612"/>
</kw>
<kw name="Log" library="BuiltIn">
<arg>Test Mode Login Completed for ${user_type}</arg>
<doc>Logs the given message with the given level.</doc>
<msg timestamp="20250923 15:05:36.612" level="INFO">Test Mode Login Completed for admin</msg>
<status status="PASS" starttime="20250923 15:05:36.612" endtime="20250923 15:05:36.612"/>
</kw>
<status status="PASS" starttime="20250923 15:05:33.518" endtime="20250923 15:05:36.612"/>
</kw>
<status status="PASS" starttime="20250923 15:05:33.518" endtime="20250923 15:05:36.612"/>
</kw>
<status status="PASS" starttime="20250923 15:05:33.517" endtime="20250923 15:05:36.612"/>
</kw>
<kw name="Wait Until Element Is Visible" library="SeleniumLibrary">
<arg>${LOGOUT_BUTTON}</arg>
<doc>Waits until the element ``locator`` is visible.</doc>
<status status="PASS" starttime="20250923 15:05:36.613" endtime="20250923 15:05:36.623"/>
</kw>
<kw name="Logout From DepFlow" library="depflow_keywords">
<doc>Logs out from DepFlow application</doc>
<kw name="Wait Until Element Is Visible" library="SeleniumLibrary">
<arg>${LOGOUT_BUTTON}</arg>
<doc>Waits until the element ``locator`` is visible.</doc>
<status status="PASS" starttime="20250923 15:05:36.623" endtime="20250923 15:05:36.630"/>
</kw>
<kw name="Click Element" library="SeleniumLibrary">
<arg>${LOGOUT_BUTTON}</arg>
<doc>Click the element identified by ``locator``.</doc>
<msg timestamp="20250923 15:05:36.630" level="INFO">Clicking element 'xpath://button[contains(@class, 'btn-logout')]'.</msg>
<status status="PASS" starttime="20250923 15:05:36.630" endtime="20250923 15:05:36.667"/>
</kw>
<kw name="Wait Until Element Is Not Visible" library="SeleniumLibrary">
<arg>${USER_PANEL}</arg>
<arg>timeout=10s</arg>
<doc>Waits until the element ``locator`` is not visible.</doc>
<status status="PASS" starttime="20250923 15:05:36.667" endtime="20250923 15:05:36.678"/>
</kw>
<kw name="Wait Until Page Contains Element" library="SeleniumLibrary">
<arg>${LANDING_PAGE_LOGO}</arg>
<arg>timeout=10s</arg>
<doc>Waits until the element ``locator`` appears on the current page.</doc>
<status status="PASS" starttime="20250923 15:05:36.678" endtime="20250923 15:05:36.681"/>
</kw>
<status status="PASS" starttime="20250923 15:05:36.623" endtime="20250923 15:05:36.681"/>
</kw>
<kw name="Verify DepFlow Logo Present" library="depflow_keywords">
<doc>Verifies DepFlow logo is present on page</doc>
<kw name="Page Should Contain Element" library="SeleniumLibrary">
<arg>${LANDING_PAGE_LOGO}</arg>
<doc>Verifies that element ``locator`` is found on the current page.</doc>
<msg timestamp="20250923 15:05:36.684" level="INFO">Current page contains element 'xpath://div[contains(@class, 'depflow-logo')]'.</msg>
<status status="PASS" starttime="20250923 15:05:36.681" endtime="20250923 15:05:36.684"/>
</kw>
<kw name="Element Should Be Visible" library="SeleniumLibrary">
<arg>${LANDING_PAGE_LOGO}</arg>
<doc>Verifies that the element identified by ``locator`` is visible.</doc>
<msg timestamp="20250923 15:05:36.691" level="INFO">Element 'xpath://div[contains(@class, 'depflow-logo')]' is displayed.</msg>
<status status="PASS" starttime="20250923 15:05:36.685" endtime="20250923 15:05:36.692"/>
</kw>
<status status="PASS" starttime="20250923 15:05:36.681" endtime="20250923 15:05:36.692"/>
</kw>
<kw name="Page Should Contain Element" library="SeleniumLibrary">
<arg>${LOGIN_BUTTON}</arg>
<doc>Verifies that element ``locator`` is found on the current page.</doc>
<msg timestamp="20250923 15:05:36.696" level="INFO">Current page contains element 'xpath://button[contains(@onclick, 'openLoginModal')]'.</msg>
<status status="PASS" starttime="20250923 15:05:36.692" endtime="20250923 15:05:36.696"/>
</kw>
<kw name="Element Should Not Be Visible" library="SeleniumLibrary">
<arg>${USER_PANEL}</arg>
<doc>Verifies that the element identified by ``locator`` is NOT visible.</doc>
<msg timestamp="20250923 15:05:36.702" level="INFO">Element 'id:userPanel' exists but is not displayed.</msg>
<status status="PASS" starttime="20250923 15:05:36.696" endtime="20250923 15:05:36.702"/>
</kw>
<kw name="Test Mode Authentication Test Teardown" type="TEARDOWN">
<doc>Cleanup after each authentication test using Test Mode</doc>
<kw name="Test Mode Reset" library="depflow_keywords">
<doc>Complete app state reset for clean test environment</doc>
<kw name="Execute Javascript" library="SeleniumLibrary">
<arg>if (typeof window.DepFlow.testModeReset === 'function') {</arg>
<arg>window.DepFlow.testModeReset();</arg>
<arg>} else {</arg>
<arg>console.error('Test mode reset function not available');</arg>
<arg>}</arg>
<doc>Executes the given JavaScript code with possible arguments.</doc>
<msg timestamp="20250923 15:05:36.703" level="INFO">Executing JavaScript:
if (typeof window.DepFlow.testModeReset === 'function') {window.DepFlow.testModeReset();} else {console.error('Test mode reset function not available');}
Without any arguments.</msg>
<status status="PASS" starttime="20250923 15:05:36.703" endtime="20250923 15:05:36.705"/>
</kw>
<kw name="Sleep" library="BuiltIn">
<arg>1s</arg>
<doc>Pauses the test executed for the given time.</doc>
<msg timestamp="20250923 15:05:37.707" level="INFO">Slept 1 second</msg>
<status status="PASS" starttime="20250923 15:05:36.705" endtime="20250923 15:05:37.707"/>
</kw>
<kw name="Log" library="BuiltIn">
<arg>Test Mode Reset Completed</arg>
<doc>Logs the given message with the given level.</doc>
<msg timestamp="20250923 15:05:37.707" level="INFO">Test Mode Reset Completed</msg>
<status status="PASS" starttime="20250923 15:05:37.707" endtime="20250923 15:05:37.707"/>
</kw>
<status status="PASS" starttime="20250923 15:05:36.703" endtime="20250923 15:05:37.707"/>
</kw>
<kw name="Close DepFlow Application" library="depflow_keywords">
<doc>Closes the browser and cleans up</doc>
<kw name="Close All Browsers" library="SeleniumLibrary">
<doc>Closes all open browsers and resets the browser cache.</doc>
<status status="PASS" starttime="20250923 15:05:37.708" endtime="20250923 15:05:37.834"/>
</kw>
<status status="PASS" starttime="20250923 15:05:37.708" endtime="20250923 15:05:37.834"/>
</kw>
<status status="PASS" starttime="20250923 15:05:36.702" endtime="20250923 15:05:37.834"/>
</kw>
<doc>Test successful logout functionality</doc>
<tag>authentication</tag>
<tag>logout</tag>
<tag>smoke</tag>
<status status="PASS" starttime="20250923 15:05:26.618" endtime="20250923 15:05:37.834"/>
</test>
<kw name="Teardown Test Environment" library="depflow_keywords" type="TEARDOWN">
<doc>Tears down test environment</doc>
<kw name="Capture Page Screenshot" library="SeleniumLibrary">
<doc>Takes a screenshot of the current page and embeds it into a log file.</doc>
<msg timestamp="20250923 15:05:37.835" level="INFO">Cannot capture screenshot because no browser is open.</msg>
<status status="PASS" starttime="20250923 15:05:37.835" endtime="20250923 15:05:37.835"/>
</kw>
<kw name="Close DepFlow Application" library="depflow_keywords">
<doc>Closes the browser and cleans up</doc>
<kw name="Close All Browsers" library="SeleniumLibrary">
<doc>Closes all open browsers and resets the browser cache.</doc>
<status status="PASS" starttime="20250923 15:05:37.835" endtime="20250923 15:05:37.835"/>
</kw>
<status status="PASS" starttime="20250923 15:05:37.835" endtime="20250923 15:05:37.835"/>
</kw>
<status status="PASS" starttime="20250923 15:05:37.835" endtime="20250923 15:05:37.835"/>
</kw>
<doc>Authentication and Login Test Suite for DepFlow Application</doc>
<status status="PASS" starttime="20250923 15:04:55.858" endtime="20250923 15:05:37.835"/>
</suite>
<suite id="s1-s2" name="02 Dependency Crud Tests" source="/Users/mmoola/Cursor/Dependency Management App/tests/test_suites/02_dependency_crud_tests.robot">
<kw name="Test Mode Suite Setup" library="depflow_keywords" type="SETUP">
<doc>Setup using test mode authentication</doc>
<kw name="Open DepFlow Application" library="depflow_keywords">
<doc>Opens the DepFlow application in browser</doc>
<kw name="Open Browser" library="SeleniumLibrary">
<arg>${APP_URL}</arg>
<arg>${BROWSER}</arg>
<doc>Opens a new browser instance to the optional ``url``.</doc>
<msg timestamp="20250923 15:05:37.841" level="INFO">Opening browser 'Chrome' to base url 'http://localhost:3000'.</msg>
<status status="PASS" starttime="20250923 15:05:37.841" endtime="20250923 15:05:39.190"/>
</kw>
<kw name="Maximize Browser Window" library="SeleniumLibrary">
<doc>Maximizes current browser window.</doc>
<status status="PASS" starttime="20250923 15:05:39.196" endtime="20250923 15:05:39.578"/>
</kw>
<kw name="Set Selenium Implicit Wait" library="SeleniumLibrary">
<arg>${IMPLICIT_WAIT}</arg>
<doc>Sets the implicit wait value used by Selenium.</doc>
<status status="PASS" starttime="20250923 15:05:39.579" endtime="20250923 15:05:39.580"/>
</kw>
<kw name="Wait Until Page Contains Element" library="SeleniumLibrary">
<arg>${LANDING_PAGE_LOGO}</arg>
<arg>timeout=30s</arg>
<doc>Waits until the element ``locator`` appears on the current page.</doc>
<status status="PASS" starttime="20250923 15:05:39.580" endtime="20250923 15:05:39.590"/>
</kw>
<kw name="Sleep" library="BuiltIn">
<arg>3s</arg>
<doc>Pauses the test executed for the given time.</doc>
<msg timestamp="20250923 15:05:42.593" level="INFO">Slept 3 seconds</msg>
<status status="PASS" starttime="20250923 15:05:39.590" endtime="20250923 15:05:42.593"/>
</kw>
<status status="PASS" starttime="20250923 15:05:37.841" endtime="20250923 15:05:42.593"/>
</kw>
<kw name="Test Mode Admin Login" library="depflow_keywords">
<doc>Quick admin login using test mode</doc>
<kw name="Test Mode Login" library="depflow_keywords">
<arg>admin</arg>
<doc>Login using test mode bypass - no modal interaction required</doc>
<kw name="Wait Until Page Contains Element" library="SeleniumLibrary">
<arg>${LANDING_PAGE_LOGO}</arg>
<arg>timeout=10s</arg>
<doc>Waits until the element ``locator`` appears on the current page.</doc>
<status status="PASS" starttime="20250923 15:05:42.594" endtime="20250923 15:05:42.603"/>
</kw>
<kw name="Sleep" library="BuiltIn">
<arg>1s</arg>
<doc>Pauses the test executed for the given time.</doc>
<msg timestamp="20250923 15:05:43.604" level="INFO">Slept 1 second</msg>
<status status="PASS" starttime="20250923 15:05:42.603" endtime="20250923 15:05:43.605"/>
</kw>
<kw name="Execute Javascript" library="SeleniumLibrary">
<arg>if (typeof window.DepFlow.testModeLogin === 'function') {</arg>
<arg>window.DepFlow.testModeLogin('${user_type}');</arg>
<arg>} else {</arg>
<arg>console.error('Test mode login function not available');</arg>
<arg>}</arg>
<doc>Executes the given JavaScript code with possible arguments.</doc>
<msg timestamp="20250923 15:05:43.606" level="INFO">Executing JavaScript:
if (typeof window.DepFlow.testModeLogin === 'function') {window.DepFlow.testModeLogin('admin');} else {console.error('Test mode login function not available');}
Without any arguments.</msg>
<status status="PASS" starttime="20250923 15:05:43.605" endtime="20250923 15:05:43.658"/>
</kw>
<kw name="Sleep" library="BuiltIn">
<arg>2s</arg>
<doc>Pauses the test executed for the given time.</doc>
<msg timestamp="20250923 15:05:45.659" level="INFO">Slept 2 seconds</msg>
<status status="PASS" starttime="20250923 15:05:43.658" endtime="20250923 15:05:45.659"/>
</kw>
<kw name="Wait Until Element Is Visible" library="SeleniumLibrary">
<arg>${DASHBOARD_PAGE}</arg>
<arg>timeout=10s</arg>
<doc>Waits until the element ``locator`` is visible.</doc>
<status status="PASS" starttime="20250923 15:05:45.659" endtime="20250923 15:05:45.679"/>
</kw>
<kw name="Wait Until Element Is Visible" library="SeleniumLibrary">
<arg>${USER_PANEL}</arg>
<arg>timeout=5s</arg>
<doc>Waits until the element ``locator`` is visible.</doc>
<status status="PASS" starttime="20250923 15:05:45.679" endtime="20250923 15:05:45.690"/>
</kw>
<kw name="Log" library="BuiltIn">
<arg>Test Mode Login Completed for ${user_type}</arg>
<doc>Logs the given message with the given level.</doc>
<msg timestamp="20250923 15:05:45.691" level="INFO">Test Mode Login Completed for admin</msg>
<status status="PASS" starttime="20250923 15:05:45.690" endtime="20250923 15:05:45.691"/>
</kw>
<status status="PASS" starttime="20250923 15:05:42.594" endtime="20250923 15:05:45.691"/>
</kw>
<status status="PASS" starttime="20250923 15:05:42.594" endtime="20250923 15:05:45.691"/>
</kw>
<status status="PASS" starttime="20250923 15:05:37.841" endtime="20250923 15:05:45.691"/>
</kw>
<test id="s1-s2-t1" name="TC013 - Verify Dashboard Elements Present" line="27">
<kw name="Test Mode Test Setup" library="depflow_keywords" type="SETUP">
<doc>Individual test setup using test mode</doc>
<kw name="Test Mode Reset" library="depflow_keywords">
<doc>Complete app state reset for clean test environment</doc>
<kw name="Execute Javascript" library="SeleniumLibrary">
<arg>if (typeof window.DepFlow.testModeReset === 'function') {</arg>
<arg>window.DepFlow.testModeReset();</arg>
<arg>} else {</arg>
<arg>console.error('Test mode reset function not available');</arg>
<arg>}</arg>
<doc>Executes the given JavaScript code with possible arguments.</doc>
<msg timestamp="20250923 15:05:45.692" level="INFO">Executing JavaScript:
if (typeof window.DepFlow.testModeReset === 'function') {window.DepFlow.testModeReset();} else {console.error('Test mode reset function not available');}
Without any arguments.</msg>
<status status="PASS" starttime="20250923 15:05:45.692" endtime="20250923 15:05:45.696"/>
</kw>
<kw name="Sleep" library="BuiltIn">
<arg>1s</arg>
<doc>Pauses the test executed for the given time.</doc>
<msg timestamp="20250923 15:05:46.698" level="INFO">Slept 1 second</msg>
<status status="PASS" starttime="20250923 15:05:45.696" endtime="20250923 15:05:46.699"/>
</kw>
<kw name="Log" library="BuiltIn">
<arg>Test Mode Reset Completed</arg>
<doc>Logs the given message with the given level.</doc>
<msg timestamp="20250923 15:05:46.699" level="INFO">Test Mode Reset Completed</msg>
<status status="PASS" starttime="20250923 15:05:46.699" endtime="20250923 15:05:46.699"/>
</kw>
<status status="PASS" starttime="20250923 15:05:45.692" endtime="20250923 15:05:46.699"/>
</kw>
<kw name="Test Mode Admin Login" library="depflow_keywords">
<doc>Quick admin login using test mode</doc>
<kw name="Test Mode Login" library="depflow_keywords">
<arg>admin</arg>
<doc>Login using test mode bypass - no modal interaction required</doc>
<kw name="Wait Until Page Contains Element" library="SeleniumLibrary">
<arg>${LANDING_PAGE_LOGO}</arg>
<arg>timeout=10s</arg>
<doc>Waits until the element ``locator`` appears on the current page.</doc>
<status status="PASS" starttime="20250923 15:05:46.700" endtime="20250923 15:05:46.708"/>
</kw>
<kw name="Sleep" library="BuiltIn">
<arg>1s</arg>
<doc>Pauses the test executed for the given time.</doc>
<msg timestamp="20250923 15:05:47.709" level="INFO">Slept 1 second</msg>
<status status="PASS" starttime="20250923 15:05:46.708" endtime="20250923 15:05:47.710"/>
</kw>
<kw name="Execute Javascript" library="SeleniumLibrary">
<arg>if (typeof window.DepFlow.testModeLogin === 'function') {</arg>
<arg>window.DepFlow.testModeLogin('${user_type}');</arg>
<arg>} else {</arg>
<arg>console.error('Test mode login function not available');</arg>
<arg>}</arg>
<doc>Executes the given JavaScript code with possible arguments.</doc>
<msg timestamp="20250923 15:05:47.711" level="INFO">Executing JavaScript:
if (typeof window.DepFlow.testModeLogin === 'function') {window.DepFlow.testModeLogin('admin');} else {console.error('Test mode login function not available');}
Without any arguments.</msg>
<status status="PASS" starttime="20250923 15:05:47.710" endtime="20250923 15:05:47.722"/>
</kw>
<kw name="Sleep" library="BuiltIn">
<arg>2s</arg>
<doc>Pauses the test executed for the given time.</doc>
<msg timestamp="20250923 15:05:49.724" level="INFO">Slept 2 seconds</msg>
<status status="PASS" starttime="20250923 15:05:47.722" endtime="20250923 15:05:49.724"/>
</kw>
<kw name="Wait Until Element Is Visible" library="SeleniumLibrary">
<arg>${DASHBOARD_PAGE}</arg>
<arg>timeout=10s</arg>
<doc>Waits until the element ``locator`` is visible.</doc>
<status status="PASS" starttime="20250923 15:05:49.725" endtime="20250923 15:05:49.733"/>
</kw>
<kw name="Wait Until Element Is Visible" library="SeleniumLibrary">
<arg>${USER_PANEL}</arg>
<arg>timeout=5s</arg>
<doc>Waits until the element ``locator`` is visible.</doc>
<status status="PASS" starttime="20250923 15:05:49.733" endtime="20250923 15:05:49.740"/>
</kw>
<kw name="Log" library="BuiltIn">
<arg>Test Mode Login Completed for ${user_type}</arg>
<doc>Logs the given message with the given level.</doc>
<msg timestamp="20250923 15:05:49.740" level="INFO">Test Mode Login Completed for admin</msg>
<status status="PASS" starttime="20250923 15:05:49.740" endtime="20250923 15:05:49.740"/>
</kw>
<status status="PASS" starttime="20250923 15:05:46.700" endtime="20250923 15:05:49.740"/>
</kw>
<status status="PASS" starttime="20250923 15:05:46.700" endtime="20250923 15:05:49.740"/>
</kw>
<status status="PASS" starttime="20250923 15:05:45.691" endtime="20250923 15:05:49.740"/>
</kw>
<kw name="Page Should Contain Element" library="SeleniumLibrary">
<arg>${ADD_DEPENDENCY_BUTTON}</arg>
<doc>Verifies that element ``locator`` is found on the current page.</doc>
<msg timestamp="20250923 15:05:49.746" level="INFO">Current page contains element 'xpath://button[contains(@onclick, 'showAddDependencyModal')]'.</msg>
<status status="PASS" starttime="20250923 15:05:49.740" endtime="20250923 15:05:49.746"/>
</kw>
<kw name="Page Should Contain Element" library="SeleniumLibrary">
<arg>${TOTAL_COUNT}</arg>
<doc>Verifies that element ``locator`` is found on the current page.</doc>
<msg timestamp="20250923 15:05:49.751" level="INFO">Current page contains element 'id:totalCount'.</msg>
<status status="PASS" starttime="20250923 15:05:49.746" endtime="20250923 15:05:49.751"/>
</kw>
<kw name="Page Should Contain Element" library="SeleniumLibrary">
<arg>${SEARCH_INPUT}</arg>
<doc>Verifies that element ``locator`` is found on the current page.</doc>
<msg timestamp="20250923 15:05:49.756" level="INFO">Current page contains element 'id:searchInput'.</msg>
<status status="PASS" starttime="20250923 15:05:49.751" endtime="20250923 15:05:49.757"/>
</kw>
<kw name="Page Should Contain Element" library="SeleniumLibrary">
<arg>${DEPENDENCY_TABLE}</arg>
<doc>Verifies that element ``locator`` is found on the current page.</doc>
<msg timestamp="20250923 15:05:49.762" level="INFO">Current page contains element 'css:.dependencies-table'.</msg>
<status status="PASS" starttime="20250923 15:05:49.757" endtime="20250923 15:05:49.762"/>
</kw>
<kw name="Verify DepFlow Dashboard Logo Present" library="depflow_keywords">
<doc>Verifies DepFlow logo is present on dashboard page</doc>
<kw name="Get WebElements" library="SeleniumLibrary">
<var>${visible_logos}</var>
<arg>xpath://div[contains(@class, 'depflow-logo') and not(contains(@style, 'display: none'))]</arg>
<doc>Returns a list of WebElement objects matching the ``locator``.</doc>
<msg timestamp="20250923 15:05:49.768" level="INFO">${visible_logos} = [&lt;selenium.webdriver.remote.webelement.WebElement (session="d3e31486365dd5dca497222c50afc9b2", element="f.A767CE14A97B71427D8DDEA9C39A72D7.d.634BE49B11F67A7744798C772C759825.e.38")&gt;, &lt;selenium.webdriv...</msg>
<status status="PASS" starttime="20250923 15:05:49.763" endtime="20250923 15:05:49.768"/>
</kw>
<kw name="Get Length" library="BuiltIn">
<var>${count}</var>
<arg>${visible_logos}</arg>
<doc>Returns and logs the length of the given item as an integer.</doc>
<msg timestamp="20250923 15:05:49.769" level="INFO">Length is 2</msg>
<msg timestamp="20250923 15:05:49.769" level="INFO">${count} = 2</msg>
<status status="PASS" starttime="20250923 15:05:49.768" endtime="20250923 15:05:49.769"/>
</kw>
<kw name="Should Be True" library="BuiltIn">
<arg>${count} &gt; 0</arg>
<arg>No visible DepFlow logo found on dashboard</arg>
<doc>Fails if the given condition is not true.</doc>
<status status="PASS" starttime="20250923 15:05:49.769" endtime="20250923 15:05:49.769"/>
</kw>
<status status="PASS" starttime="20250923 15:05:49.762" endtime="20250923 15:05:49.769"/>
</kw>
<kw name="Test Mode Test Teardown" library="depflow_keywords" type="TEARDOWN">
<doc>Individual test teardown using test mode</doc>
<kw name="Test Mode Reset" library="depflow_keywords">
<doc>Complete app state reset for clean test environment</doc>
<kw name="Execute Javascript" library="SeleniumLibrary">
<arg>if (typeof window.DepFlow.testModeReset === 'function') {</arg>
<arg>window.DepFlow.testModeReset();</arg>
<arg>} else {</arg>
<arg>console.error('Test mode reset function not available');</arg>
<arg>}</arg>
<doc>Executes the given JavaScript code with possible arguments.</doc>
<msg timestamp="20250923 15:05:49.769" level="INFO">Executing JavaScript:
if (typeof window.DepFlow.testModeReset === 'function') {window.DepFlow.testModeReset();} else {console.error('Test mode reset function not available');}
Without any arguments.</msg>
<status status="PASS" starttime="20250923 15:05:49.769" endtime="20250923 15:05:49.773"/>
</kw>
<kw name="Sleep" library="BuiltIn">
<arg>1s</arg>
<doc>Pauses the test executed for the given time.</doc>
<msg timestamp="20250923 15:05:50.775" level="INFO">Slept 1 second</msg>
<status status="PASS" starttime="20250923 15:05:49.773" endtime="20250923 15:05:50.775"/>
</kw>
<kw name="Log" library="BuiltIn">
<arg>Test Mode Reset Completed</arg>
<doc>Logs the given message with the given level.</doc>
<msg timestamp="20250923 15:05:50.775" level="INFO">Test Mode Reset Completed</msg>
<status status="PASS" starttime="20250923 15:05:50.775" endtime="20250923 15:05:50.775"/>
</kw>
<status status="PASS" starttime="20250923 15:05:49.769" endtime="20250923 15:05:50.775"/>
</kw>
<status status="PASS" starttime="20250923 15:05:49.769" endtime="20250923 15:05:50.775"/>
</kw>
<doc>Verify all dashboard elements are present after login</doc>
<tag>dashboard</tag>
<tag>smoke</tag>
<tag>ui</tag>
<status status="PASS" starttime="20250923 15:05:45.691" endtime="20250923 15:05:50.775"/>
</test>
<test id="s1-s2-t2" name="TC014 - Open Add Dependency Modal" line="37">
<kw name="Test Mode Test Setup" library="depflow_keywords" type="SETUP">
<doc>Individual test setup using test mode</doc>
<kw name="Test Mode Reset" library="depflow_keywords">
<doc>Complete app state reset for clean test environment</doc>
<kw name="Execute Javascript" library="SeleniumLibrary">
<arg>if (typeof window.DepFlow.testModeReset === 'function') {</arg>
<arg>window.DepFlow.testModeReset();</arg>
<arg>} else {</arg>
<arg>console.error('Test mode reset function not available');</arg>
<arg>}</arg>
<doc>Executes the given JavaScript code with possible arguments.</doc>
<msg timestamp="20250923 15:05:50.776" level="INFO">Executing JavaScript:
if (typeof window.DepFlow.testModeReset === 'function') {window.DepFlow.testModeReset();} else {console.error('Test mode reset function not available');}
Without any arguments.</msg>
<status status="PASS" starttime="20250923 15:05:50.776" endtime="20250923 15:05:50.781"/>
</kw>
<kw name="Sleep" library="BuiltIn">
<arg>1s</arg>
<doc>Pauses the test executed for the given time.</doc>
<msg timestamp="20250923 15:05:51.783" level="INFO">Slept 1 second</msg>
<status status="PASS" starttime="20250923 15:05:50.781" endtime="20250923 15:05:51.783"/>
</kw>
<kw name="Log" library="BuiltIn">
<arg>Test Mode Reset Completed</arg>
<doc>Logs the given message with the given level.</doc>
<msg timestamp="20250923 15:05:51.783" level="INFO">Test Mode Reset Completed</msg>
<status status="PASS" starttime="20250923 15:05:51.783" endtime="20250923 15:05:51.783"/>
</kw>
<status status="PASS" starttime="20250923 15:05:50.776" endtime="20250923 15:05:51.783"/>
</kw>
<kw name="Test Mode Admin Login" library="depflow_keywords">
<doc>Quick admin login using test mode</doc>
<kw name="Test Mode Login" library="depflow_keywords">
<arg>admin</arg>
<doc>Login using test mode bypass - no modal interaction required</doc>
<kw name="Wait Until Page Contains Element" library="SeleniumLibrary">
<arg>${LANDING_PAGE_LOGO}</arg>
<arg>timeout=10s</arg>
<doc>Waits until the element ``locator`` appears on the current page.</doc>
<status status="PASS" starttime="20250923 15:05:51.784" endtime="20250923 15:05:51.792"/>
</kw>
<kw name="Sleep" library="BuiltIn">
<arg>1s</arg>
<doc>Pauses the test executed for the given time.</doc>
<msg timestamp="20250923 15:05:52.792" level="INFO">Slept 1 second</msg>
<status status="PASS" starttime="20250923 15:05:51.792" endtime="20250923 15:05:52.792"/>
</kw>
<kw name="Execute Javascript" library="SeleniumLibrary">
<arg>if (typeof window.DepFlow.testModeLogin === 'function') {</arg>
<arg>window.DepFlow.testModeLogin('${user_type}');</arg>
<arg>} else {</arg>
<arg>console.error('Test mode login function not available');</arg>
<arg>}</arg>
<doc>Executes the given JavaScript code with possible arguments.</doc>
<msg timestamp="20250923 15:05:52.793" level="INFO">Executing JavaScript:
if (typeof window.DepFlow.testModeLogin === 'function') {window.DepFlow.testModeLogin('admin');} else {console.error('Test mode login function not available');}
Without any arguments.</msg>
<status status="PASS" starttime="20250923 15:05:52.793" endtime="20250923 15:05:52.805"/>
</kw>
<kw name="Sleep" library="BuiltIn">
<arg>2s</arg>
<doc>Pauses the test executed for the given time.</doc>
<msg timestamp="20250923 15:05:54.808" level="INFO">Slept 2 seconds</msg>
<status status="PASS" starttime="20250923 15:05:52.805" endtime="20250923 15:05:54.808"/>
</kw>
<kw name="Wait Until Element Is Visible" library="SeleniumLibrary">
<arg>${DASHBOARD_PAGE}</arg>
<arg>timeout=10s</arg>
<doc>Waits until the element ``locator`` is visible.</doc>
<status status="PASS" starttime="20250923 15:05:54.808" endtime="20250923 15:05:54.823"/>
</kw>
<kw name="Wait Until Element Is Visible" library="SeleniumLibrary">
<arg>${USER_PANEL}</arg>
<arg>timeout=5s</arg>
<doc>Waits until the element ``locator`` is visible.</doc>
<status status="PASS" starttime="20250923 15:05:54.823" endtime="20250923 15:05:54.832"/>
</kw>
<kw name="Log" library="BuiltIn">
<arg>Test Mode Login Completed for ${user_type}</arg>
<doc>Logs the given message with the given level.</doc>
<msg timestamp="20250923 15:05:54.833" level="INFO">Test Mode Login Completed for admin</msg>
<status status="PASS" starttime="20250923 15:05:54.832" endtime="20250923 15:05:54.833"/>
</kw>
<status status="PASS" starttime="20250923 15:05:51.784" endtime="20250923 15:05:54.833"/>
</kw>
<status status="PASS" starttime="20250923 15:05:51.783" endtime="20250923 15:05:54.833"/>
</kw>
<status status="PASS" starttime="20250923 15:05:50.776" endtime="20250923 15:05:54.833"/>
</kw>
<kw name="Ensure All Modals Closed" library="depflow_keywords">
<doc>Ensures all modals are closed before proceeding</doc>
<kw name="Execute Javascript" library="SeleniumLibrary">
<arg>if (typeof closeLoginModal === 'function') { closeLoginModal(); }</arg>
<arg>if (typeof closeAddDependencyModal === 'function') { closeAddDependencyModal(); }</arg>
<arg>if (typeof closeEditDependencyModal === 'function') { closeEditDependencyModal(); }</arg>
<doc>Executes the given JavaScript code with possible arguments.</doc>
<msg timestamp="20250923 15:05:54.833" level="INFO">Executing JavaScript:
if (typeof closeLoginModal === 'function') { closeLoginModal(); }if (typeof closeAddDependencyModal === 'function') { closeAddDependencyModal(); }if (typeof closeEditDependencyModal === 'function') { closeEditDependencyModal(); }
Without any arguments.</msg>
<status status="PASS" starttime="20250923 15:05:54.833" endtime="20250923 15:05:54.836"/>
</kw>
<kw name="Execute Javascript" library="SeleniumLibrary">
<arg>document.querySelectorAll('.modal').forEach(modal =&gt; {</arg>
<arg>modal.style.display = 'none';</arg>
<arg>modal.classList.remove('show');</arg>
<arg>});</arg>
<doc>Executes the given JavaScript code with possible arguments.</doc>
<msg timestamp="20250923 15:05:54.836" level="INFO">Executing JavaScript:
document.querySelectorAll('.modal').forEach(modal =&gt; {modal.style.display = 'none';modal.classList.remove('show');});
Without any arguments.</msg>
<status status="PASS" starttime="20250923 15:05:54.836" endtime="20250923 15:05:54.839"/>
</kw>
<kw name="Run Keyword And Ignore Error" library="BuiltIn">
<arg>Press Keys</arg>
<arg>None</arg>
<arg>ESCAPE</arg>
<doc>Runs the given keyword with the given arguments and ignores possible error.</doc>
<kw name="Press Keys" library="SeleniumLibrary">
<arg>None</arg>
<arg>ESCAPE</arg>
<doc>Simulates the user pressing key(s) to an element or on the active browser.</doc>
<msg timestamp="20250923 15:05:54.839" level="INFO">Sending key(s) ('ESCAPE',) to page.</msg>
<msg timestamp="20250923 15:05:54.839" level="INFO">Pressing special key ESCAPE to browser.</msg>
<msg timestamp="20250923 15:05:54.839" level="INFO">Releasing special key ESCAPE.</msg>
<status status="PASS" starttime="20250923 15:05:54.839" endtime="20250923 15:05:54.846"/>
</kw>
<status status="PASS" starttime="20250923 15:05:54.839" endtime="20250923 15:05:54.846"/>
</kw>
<kw name="Sleep" library="BuiltIn">
<arg>1s</arg>
<doc>Pauses the test executed for the given time.</doc>
<msg timestamp="20250923 15:05:55.847" level="INFO">Slept 1 second</msg>
<status status="PASS" starttime="20250923 15:05:54.846" endtime="20250923 15:05:55.849"/>
</kw>
<status status="PASS" starttime="20250923 15:05:54.833" endtime="20250923 15:05:55.849"/>
</kw>
<kw name="Sleep" library="BuiltIn">
<arg>1s</arg>
<doc>Pauses the test executed for the given time.</doc>
<msg timestamp="20250923 15:05:56.851" level="INFO">Slept 1 second</msg>
<status status="PASS" starttime="20250923 15:05:55.850" endtime="20250923 15:05:56.851"/>
</kw>
<kw name="Click Element" library="SeleniumLibrary">
<arg>${ADD_DEPENDENCY_BUTTON}</arg>
<doc>Click the element identified by ``locator``.</doc>
<msg timestamp="20250923 15:05:56.853" level="INFO">Clicking element 'xpath://button[contains(@onclick, 'showAddDependencyModal')]'.</msg>
<status status="PASS" starttime="20250923 15:05:56.851" endtime="20250923 15:05:56.902"/>
</kw>
<kw name="Wait Until Element Is Visible" library="SeleniumLibrary">
<arg>${ADD_EDIT_MODAL}</arg>
<arg>timeout=10s</arg>
<doc>Waits until the element ``locator`` is visible.</doc>
<status status="PASS" starttime="20250923 15:05:56.902" endtime="20250923 15:05:57.129"/>
</kw>
<kw name="Element Should Be Visible" library="SeleniumLibrary">
<arg>${DEP_NAME_FIELD}</arg>
<doc>Verifies that the element identified by ``locator`` is visible.</doc>
<msg timestamp="20250923 15:05:57.139" level="INFO">Element 'id:addName' is displayed.</msg>
<status status="PASS" starttime="20250923 15:05:57.129" endtime="20250923 15:05:57.139"/>
</kw>
<kw name="Element Should Be Visible" library="SeleniumLibrary">
<arg>${DEP_DESCRIPTION_FIELD}</arg>
<doc>Verifies that the element identified by ``locator`` is visible.</doc>
<msg timestamp="20250923 15:05:57.148" level="INFO">Element 'id:addDescription' is displayed.</msg>
<status status="PASS" starttime="20250923 15:05:57.139" endtime="20250923 15:05:57.148"/>
</kw>
<kw name="Element Should Be Visible" library="SeleniumLibrary">
<arg>${DEP_TEAM_SELECT}</arg>
<doc>Verifies that the element identified by ``locator`` is visible.</doc>
<msg timestamp="20250923 15:05:57.157" level="INFO">Element 'id:addTeam' is displayed.</msg>
<status status="PASS" starttime="20250923 15:05:57.148" endtime="20250923 15:05:57.157"/>
</kw>
<kw name="Element Should Be Visible" library="SeleniumLibrary">
<arg>${DEP_STATUS_SELECT}</arg>
<doc>Verifies that the element identified by ``locator`` is visible.</doc>
<msg timestamp="20250923 15:05:57.165" level="INFO">Element 'id:addStatus' is displayed.</msg>
<status status="PASS" starttime="20250923 15:05:57.157" endtime="20250923 15:05:57.165"/>
</kw>
<kw name="Element Should Be Visible" library="SeleniumLibrary">
<arg>${ADD_BUTTON}</arg>
<doc>Verifies that the element identified by ``locator`` is visible.</doc>
<msg timestamp="20250923 15:05:57.173" level="INFO">Element 'xpath://button[@type='submit' and contains(@class, 'btn-add')]' is displayed.</msg>
<status status="PASS" starttime="20250923 15:05:57.165" endtime="20250923 15:05:57.173"/>
</kw>
<kw name="Element Should Be Visible" library="SeleniumLibrary">
<arg>${CANCEL_BUTTON}</arg>
<doc>Verifies that the element identified by ``locator`` is visible.</doc>
<msg timestamp="20250923 15:05:57.180" level="INFO">Element 'xpath://button[contains(@class, 'btn-cancel')]' is displayed.</msg>
<status status="PASS" starttime="20250923 15:05:57.173" endtime="20250923 15:05:57.180"/>
</kw>
<kw name="Test Mode Test Teardown" library="depflow_keywords" type="TEARDOWN">
<doc>Individual test teardown using test mode</doc>
<kw name="Test Mode Reset" library="depflow_keywords">
<doc>Complete app state reset for clean test environment</doc>
<kw name="Execute Javascript" library="SeleniumLibrary">
<arg>if (typeof window.DepFlow.testModeReset === 'function') {</arg>
<arg>window.DepFlow.testModeReset();</arg>
<arg>} else {</arg>
<arg>console.error('Test mode reset function not available');</arg>
<arg>}</arg>
<doc>Executes the given JavaScript code with possible arguments.</doc>
<msg timestamp="20250923 15:05:57.181" level="INFO">Executing JavaScript:
if (typeof window.DepFlow.testModeReset === 'function') {window.DepFlow.testModeReset();} else {console.error('Test mode reset function not available');}
Without any arguments.</msg>
<status status="PASS" starttime="20250923 15:05:57.181" endtime="20250923 15:05:57.183"/>
</kw>
<kw name="Sleep" library="BuiltIn">
<arg>1s</arg>
<doc>Pauses the test executed for the given time.</doc>
<msg timestamp="20250923 15:05:58.184" level="INFO">Slept 1 second</msg>
<status status="PASS" starttime="20250923 15:05:57.183" endtime="20250923 15:05:58.184"/>
</kw>
<kw name="Log" library="BuiltIn">
<arg>Test Mode Reset Completed</arg>
<doc>Logs the given message with the given level.</doc>
<msg timestamp="20250923 15:05:58.184" level="INFO">Test Mode Reset Completed</msg>
<status status="PASS" starttime="20250923 15:05:58.184" endtime="20250923 15:05:58.184"/>
</kw>
<status status="PASS" starttime="20250923 15:05:57.180" endtime="20250923 15:05:58.184"/>
</kw>
<status status="PASS" starttime="20250923 15:05:57.180" endtime="20250923 15:05:58.184"/>
</kw>
<doc>Test opening the Add Dependency modal</doc>
<tag>modal</tag>
<tag>smoke</tag>
<tag>ui</tag>
<status status="PASS" starttime="20250923 15:05:50.776" endtime="20250923 15:05:58.184"/>
</test>
<test id="s1-s2-t3" name="TC015 - Add New Dependency Successfully" line="52">
<kw name="Test Mode Test Setup" library="depflow_keywords" type="SETUP">
<doc>Individual test setup using test mode</doc>
<kw name="Test Mode Reset" library="depflow_keywords">
<doc>Complete app state reset for clean test environment</doc>
<kw name="Execute Javascript" library="SeleniumLibrary">
<arg>if (typeof window.DepFlow.testModeReset === 'function') {</arg>
<arg>window.DepFlow.testModeReset();</arg>
<arg>} else {</arg>
<arg>console.error('Test mode reset function not available');</arg>
<arg>}</arg>
<doc>Executes the given JavaScript code with possible arguments.</doc>
<msg timestamp="20250923 15:05:58.186" level="INFO">Executing JavaScript:
if (typeof window.DepFlow.testModeReset === 'function') {window.DepFlow.testModeReset();} else {console.error('Test mode reset function not available');}
Without any arguments.</msg>
<status status="PASS" starttime="20250923 15:05:58.186" endtime="20250923 15:05:58.188"/>
</kw>
<kw name="Sleep" library="BuiltIn">
<arg>1s</arg>
<doc>Pauses the test executed for the given time.</doc>
<msg timestamp="20250923 15:05:59.189" level="INFO">Slept 1 second</msg>
<status status="PASS" starttime="20250923 15:05:58.188" endtime="20250923 15:05:59.189"/>
</kw>
<kw name="Log" library="BuiltIn">
<arg>Test Mode Reset Completed</arg>
<doc>Logs the given message with the given level.</doc>
<msg timestamp="20250923 15:05:59.190" level="INFO">Test Mode Reset Completed</msg>
<status status="PASS" starttime="20250923 15:05:59.190" endtime="20250923 15:05:59.190"/>
</kw>
<status status="PASS" starttime="20250923 15:05:58.185" endtime="20250923 15:05:59.190"/>
</kw>
<kw name="Test Mode Admin Login" library="depflow_keywords">
<doc>Quick admin login using test mode</doc>
<kw name="Test Mode Login" library="depflow_keywords">
<arg>admin</arg>
<doc>Login using test mode bypass - no modal interaction required</doc>
<kw name="Wait Until Page Contains Element" library="SeleniumLibrary">
<arg>${LANDING_PAGE_LOGO}</arg>
<arg>timeout=10s</arg>
<doc>Waits until the element ``locator`` appears on the current page.</doc>
<status status="PASS" starttime="20250923 15:05:59.191" endtime="20250923 15:05:59.199"/>
</kw>
<kw name="Sleep" library="BuiltIn">
<arg>1s</arg>
<doc>Pauses the test executed for the given time.</doc>
<msg timestamp="20250923 15:06:00.201" level="INFO">Slept 1 second</msg>
<status status="PASS" starttime="20250923 15:05:59.199" endtime="20250923 15:06:00.201"/>
</kw>
<kw name="Execute Javascript" library="SeleniumLibrary">
<arg>if (typeof window.DepFlow.testModeLogin === 'function') {</arg>
<arg>window.DepFlow.testModeLogin('${user_type}');</arg>
<arg>} else {</arg>
<arg>console.error('Test mode login function not available');</arg>
<arg>}</arg>
<doc>Executes the given JavaScript code with possible arguments.</doc>
<msg timestamp="20250923 15:06:00.202" level="INFO">Executing JavaScript:
if (typeof window.DepFlow.testModeLogin === 'function') {window.DepFlow.testModeLogin('admin');} else {console.error('Test mode login function not available');}
Without any arguments.</msg>
<status status="PASS" starttime="20250923 15:06:00.201" endtime="20250923 15:06:00.215"/>
</kw>
<kw name="Sleep" library="BuiltIn">
<arg>2s</arg>
<doc>Pauses the test executed for the given time.</doc>
<msg timestamp="20250923 15:06:02.218" level="INFO">Slept 2 seconds</msg>
<status status="PASS" starttime="20250923 15:06:00.215" endtime="20250923 15:06:02.218"/>
</kw>
<kw name="Wait Until Element Is Visible" library="SeleniumLibrary">
<arg>${DASHBOARD_PAGE}</arg>
<arg>timeout=10s</arg>
<doc>Waits until the element ``locator`` is visible.</doc>
<status status="PASS" starttime="20250923 15:06:02.218" endtime="20250923 15:06:02.233"/>
</kw>
<kw name="Wait Until Element Is Visible" library="SeleniumLibrary">
<arg>${USER_PANEL}</arg>
<arg>timeout=5s</arg>
<doc>Waits until the element ``locator`` is visible.</doc>
<status status="PASS" starttime="20250923 15:06:02.234" endtime="20250923 15:06:02.243"/>
</kw>
<kw name="Log" library="BuiltIn">
<arg>Test Mode Login Completed for ${user_type}</arg>
<doc>Logs the given message with the given level.</doc>
<msg timestamp="20250923 15:06:02.243" level="INFO">Test Mode Login Completed for admin</msg>
<status status="PASS" starttime="20250923 15:06:02.243" endtime="20250923 15:06:02.244"/>
</kw>
<status status="PASS" starttime="20250923 15:05:59.190" endtime="20250923 15:06:02.244"/>
</kw>
<status status="PASS" starttime="20250923 15:05:59.190" endtime="20250923 15:06:02.244"/>
</kw>
<status status="PASS" starttime="20250923 15:05:58.185" endtime="20250923 15:06:02.244"/>
</kw>
<kw name="Generate Test Data" library="depflow_keywords">
<var>${unique_name}</var>
<arg>CreateTest</arg>
<doc>Generates unique test data for test runs</doc>
<kw name="Get Current Date" library="DateTime">
<var>${timestamp}</var>
<arg>result_format=%Y%m%d_%H%M%S</arg>
<doc>Returns current local or UTC time with an optional increment.</doc>
<msg timestamp="20250923 15:06:02.244" level="INFO">${timestamp} = 20250923_150602</msg>
<status status="PASS" starttime="20250923 15:06:02.244" endtime="20250923 15:06:02.244"/>
</kw>
<kw name="Set Variable" library="BuiltIn">
<var>${unique_name}</var>
<arg>${prefix}_${timestamp}</arg>
<doc>Returns the given values which can then be assigned to a variables.</doc>
<msg timestamp="20250923 15:06:02.244" level="INFO">${unique_name} = CreateTest_20250923_150602</msg>
<status status="PASS" starttime="20250923 15:06:02.244" endtime="20250923 15:06:02.244"/>
</kw>
<msg timestamp="20250923 15:06:02.244" level="INFO">${unique_name} = CreateTest_20250923_150602</msg>
<status status="PASS" starttime="20250923 15:06:02.244" endtime="20250923 15:06:02.244"/>
</kw>
<kw name="Set Variable" library="BuiltIn">
<var>${description}</var>
<arg>Test dependency created by Robot Framework automation</arg>
<doc>Returns the given values which can then be assigned to a variables.</doc>
<msg timestamp="20250923 15:06:02.245" level="INFO">${description} = Test dependency created by Robot Framework automation</msg>
<status status="PASS" starttime="20250923 15:06:02.245" endtime="20250923 15:06:02.245"/>
</kw>
<kw name="Add New Dependency" library="depflow_keywords">
<arg>${unique_name}</arg>
<arg>${description}</arg>
<arg>${TEST_DEP_TEAM}</arg>
<arg>${TEST_DEP_STATUS}</arg>
<arg>${TEST_DEP_PRIORITY}</arg>
[...]
</kw>
<doc>Test that user session persists after page refresh</doc>
<tag>persistence</tag>
<tag>refresh</tag>
<tag>session</tag>
<tag>smoke</tag>
<status status="PASS" starttime="20250923 15:08:38.559" endtime="20250923 15:08:53.002"/>
</test>
<kw name="Teardown Persistence Test Environment" type="TEARDOWN">
<doc>Teardown test environment</doc>
<kw name="Teardown Test Environment" library="depflow_keywords">
<doc>Tears down test environment</doc>
<kw name="Capture Page Screenshot" library="SeleniumLibrary">
<doc>Takes a screenshot of the current page and embeds it into a log file.</doc>
<msg timestamp="20250923 15:08:53.185" level="INFO" html="true">&lt;/td&gt;&lt;/tr&gt;&lt;tr&gt;&lt;td colspan="3"&gt;&lt;a href="selenium-screenshot-145.png"&gt;&lt;img src="selenium-screenshot-145.png" width="800px"&gt;&lt;/a&gt;</msg>
<status status="PASS" starttime="20250923 15:08:53.002" endtime="20250923 15:08:53.185"/>
</kw>
<kw name="Close DepFlow Application" library="depflow_keywords">
<doc>Closes the browser and cleans up</doc>
<kw name="Close All Browsers" library="SeleniumLibrary">
<doc>Closes all open browsers and resets the browser cache.</doc>
<status status="PASS" starttime="20250923 15:08:53.185" endtime="20250923 15:08:53.361"/>
</kw>
<status status="PASS" starttime="20250923 15:08:53.185" endtime="20250923 15:08:53.361"/>
</kw>
<status status="PASS" starttime="20250923 15:08:53.002" endtime="20250923 15:08:53.361"/>
</kw>
<status status="PASS" starttime="20250923 15:08:53.002" endtime="20250923 15:08:53.361"/>
</kw>
<doc>Data Persistence and Session Management Test Suite for DepFlow Application</doc>
<status status="PASS" starttime="20250923 15:08:32.715" endtime="20250923 15:08:53.361"/>
</suite>
<suite id="s1-s6" name="08 Ui Enhancement Tests" source="/Users/mmoola/Cursor/Dependency Management App/tests/test_suites/08_ui_enhancement_tests.robot">
<kw name="Setup UI Enhancement Test Environment" type="SETUP">
<doc>Setup test environment for UI enhancement testing</doc>
<kw name="Setup Test Environment" library="depflow_keywords">
<doc>Sets up test environment with fresh browser</doc>
<kw name="Open DepFlow Application" library="depflow_keywords">
<doc>Opens the DepFlow application in browser</doc>
<kw name="Open Browser" library="SeleniumLibrary">
<arg>${APP_URL}</arg>
<arg>${BROWSER}</arg>
<doc>Opens a new browser instance to the optional ``url``.</doc>
<msg timestamp="20250923 15:08:53.369" level="INFO">Opening browser 'Chrome' to base url 'http://localhost:3000'.</msg>
<status status="PASS" starttime="20250923 15:08:53.369" endtime="20250923 15:08:55.142"/>
</kw>
<kw name="Maximize Browser Window" library="SeleniumLibrary">
<doc>Maximizes current browser window.</doc>
<status status="PASS" starttime="20250923 15:08:55.162" endtime="20250923 15:08:55.549"/>
</kw>
<kw name="Set Selenium Implicit Wait" library="SeleniumLibrary">
<arg>${IMPLICIT_WAIT}</arg>
<doc>Sets the implicit wait value used by Selenium.</doc>
<status status="PASS" starttime="20250923 15:08:55.549" endtime="20250923 15:08:55.550"/>
</kw>
<kw name="Wait Until Page Contains Element" library="SeleniumLibrary">
<arg>${LANDING_PAGE_LOGO}</arg>
<arg>timeout=30s</arg>
<doc>Waits until the element ``locator`` appears on the current page.</doc>
<status status="PASS" starttime="20250923 15:08:55.550" endtime="20250923 15:08:55.557"/>
</kw>
<kw name="Sleep" library="BuiltIn">
<arg>3s</arg>
<doc>Pauses the test executed for the given time.</doc>
<msg timestamp="20250923 15:08:58.558" level="INFO">Slept 3 seconds</msg>
<status status="PASS" starttime="20250923 15:08:55.557" endtime="20250923 15:08:58.559"/>
</kw>
<status status="PASS" starttime="20250923 15:08:53.369" endtime="20250923 15:08:58.559"/>
</kw>
<kw name="Capture Page Screenshot" library="SeleniumLibrary">
<doc>Takes a screenshot of the current page and embeds it into a log file.</doc>
<msg timestamp="20250923 15:08:58.742" level="INFO" html="true">&lt;/td&gt;&lt;/tr&gt;&lt;tr&gt;&lt;td colspan="3"&gt;&lt;a href="selenium-screenshot-146.png"&gt;&lt;img src="selenium-screenshot-146.png" width="800px"&gt;&lt;/a&gt;</msg>
<status status="PASS" starttime="20250923 15:08:58.559" endtime="20250923 15:08:58.742"/>
</kw>
<status status="PASS" starttime="20250923 15:08:53.369" endtime="20250923 15:08:58.742"/>
</kw>
<status status="PASS" starttime="20250923 15:08:53.369" endtime="20250923 15:08:58.743"/>
</kw>
<test id="s1-s6-t1" name="TC099 - Favicon Display Verification" line="36">
<kw name="Login And Navigate To Dashboard" type="SETUP">
<doc>Login and navigate to dashboard for UI tests</doc>
<kw name="Login As Admin" library="depflow_keywords">
<doc>Quick login as admin user using test mode bypass</doc>
<kw name="Test Mode Admin Login" library="depflow_keywords">
<doc>Quick admin login using test mode</doc>
<kw name="Test Mode Login" library="depflow_keywords">
<arg>admin</arg>
<doc>Login using test mode bypass - no modal interaction required</doc>
<kw name="Wait Until Page Contains Element" library="SeleniumLibrary">
<arg>${LANDING_PAGE_LOGO}</arg>
<arg>timeout=10s</arg>
<doc>Waits until the element ``locator`` appears on the current page.</doc>
<status status="PASS" starttime="20250923 15:08:58.744" endtime="20250923 15:08:58.748"/>
</kw>
<kw name="Sleep" library="BuiltIn">
<arg>1s</arg>
<doc>Pauses the test executed for the given time.</doc>
<msg timestamp="20250923 15:08:59.750" level="INFO">Slept 1 second</msg>
<status status="PASS" starttime="20250923 15:08:58.748" endtime="20250923 15:08:59.750"/>
</kw>
<kw name="Execute Javascript" library="SeleniumLibrary">
<arg>if (typeof window.DepFlow.testModeLogin === 'function') {</arg>
<arg>window.DepFlow.testModeLogin('${user_type}');</arg>
<arg>} else {</arg>
<arg>console.error('Test mode login function not available');</arg>
<arg>}</arg>
<doc>Executes the given JavaScript code with possible arguments.</doc>
<msg timestamp="20250923 15:08:59.751" level="INFO">Executing JavaScript:
if (typeof window.DepFlow.testModeLogin === 'function') {window.DepFlow.testModeLogin('admin');} else {console.error('Test mode login function not available');}
Without any arguments.</msg>
<status status="PASS" starttime="20250923 15:08:59.750" endtime="20250923 15:08:59.806"/>
</kw>
<kw name="Sleep" library="BuiltIn">
<arg>2s</arg>
<doc>Pauses the test executed for the given time.</doc>
<msg timestamp="20250923 15:09:01.808" level="INFO">Slept 2 seconds</msg>
<status status="PASS" starttime="20250923 15:08:59.806" endtime="20250923 15:09:01.808"/>
</kw>
<kw name="Wait Until Element Is Visible" library="SeleniumLibrary">
<arg>${DASHBOARD_PAGE}</arg>
<arg>timeout=10s</arg>
<doc>Waits until the element ``locator`` is visible.</doc>
<status status="PASS" starttime="20250923 15:09:01.809" endtime="20250923 15:09:01.829"/>
</kw>
<kw name="Wait Until Element Is Visible" library="SeleniumLibrary">
<arg>${USER_PANEL}</arg>
<arg>timeout=5s</arg>
<doc>Waits until the element ``locator`` is visible.</doc>
<status status="PASS" starttime="20250923 15:09:01.829" endtime="20250923 15:09:01.841"/>
</kw>
<kw name="Log" library="BuiltIn">
<arg>Test Mode Login Completed for ${user_type}</arg>
<doc>Logs the given message with the given level.</doc>
<msg timestamp="20250923 15:09:01.842" level="INFO">Test Mode Login Completed for admin</msg>
<status status="PASS" starttime="20250923 15:09:01.842" endtime="20250923 15:09:01.842"/>
</kw>
<status status="PASS" starttime="20250923 15:08:58.743" endtime="20250923 15:09:01.842"/>
</kw>
<status status="PASS" starttime="20250923 15:08:58.743" endtime="20250923 15:09:01.842"/>
</kw>
<status status="PASS" starttime="20250923 15:08:58.743" endtime="20250923 15:09:01.842"/>
</kw>
<kw name="Navigate To Dashboard" library="depflow_keywords">
<doc>Navigates to the dashboard page</doc>
<kw name="Wait Until Element Is Visible" library="SeleniumLibrary">
<arg>${DASHBOARD_PAGE}</arg>
<doc>Waits until the element ``locator`` is visible.</doc>
<status status="PASS" starttime="20250923 15:09:01.842" endtime="20250923 15:09:01.851"/>
</kw>
<kw name="Page Should Contain Element" library="SeleniumLibrary">
<arg>${USER_PANEL}</arg>
<doc>Verifies that element ``locator`` is found on the current page.</doc>
<msg timestamp="20250923 15:09:01.855" level="INFO">Current page contains element 'id:userPanel'.</msg>
<status status="PASS" starttime="20250923 15:09:01.851" endtime="20250923 15:09:01.855"/>
</kw>
<status status="PASS" starttime="20250923 15:09:01.842" endtime="20250923 15:09:01.855"/>
</kw>
<kw name="Ensure All Modals Closed" library="depflow_keywords">
<doc>Ensures all modals are closed before proceeding</doc>
<kw name="Execute Javascript" library="SeleniumLibrary">
<arg>if (typeof closeLoginModal === 'function') { closeLoginModal(); }</arg>
<arg>if (typeof closeAddDependencyModal === 'function') { closeAddDependencyModal(); }</arg>
<arg>if (typeof closeEditDependencyModal === 'function') { closeEditDependencyModal(); }</arg>
<doc>Executes the given JavaScript code with possible arguments.</doc>
<msg timestamp="20250923 15:09:01.856" level="INFO">Executing JavaScript:
if (typeof closeLoginModal === 'function') { closeLoginModal(); }if (typeof closeAddDependencyModal === 'function') { closeAddDependencyModal(); }if (typeof closeEditDependencyModal === 'function') { closeEditDependencyModal(); }
Without any arguments.</msg>
<status status="PASS" starttime="20250923 15:09:01.855" endtime="20250923 15:09:01.858"/>
</kw>
<kw name="Execute Javascript" library="SeleniumLibrary">
<arg>document.querySelectorAll('.modal').forEach(modal =&gt; {</arg>
<arg>modal.style.display = 'none';</arg>
<arg>modal.classList.remove('show');</arg>
<arg>});</arg>
<doc>Executes the given JavaScript code with possible arguments.</doc>
<msg timestamp="20250923 15:09:01.859" level="INFO">Executing JavaScript:
document.querySelectorAll('.modal').forEach(modal =&gt; {modal.style.display = 'none';modal.classList.remove('show');});
Without any arguments.</msg>
<status status="PASS" starttime="20250923 15:09:01.858" endtime="20250923 15:09:01.861"/>
</kw>
<kw name="Run Keyword And Ignore Error" library="BuiltIn">
<arg>Press Keys</arg>
<arg>None</arg>
<arg>ESCAPE</arg>
<doc>Runs the given keyword with the given arguments and ignores possible error.</doc>
<kw name="Press Keys" library="SeleniumLibrary">
<arg>None</arg>
<arg>ESCAPE</arg>
<doc>Simulates the user pressing key(s) to an element or on the active browser.</doc>
<msg timestamp="20250923 15:09:01.861" level="INFO">Sending key(s) ('ESCAPE',) to page.</msg>
<msg timestamp="20250923 15:09:01.861" level="INFO">Pressing special key ESCAPE to browser.</msg>
<msg timestamp="20250923 15:09:01.861" level="INFO">Releasing special key ESCAPE.</msg>
<status status="PASS" starttime="20250923 15:09:01.861" endtime="20250923 15:09:01.865"/>
</kw>
<status status="PASS" starttime="20250923 15:09:01.861" endtime="20250923 15:09:01.865"/>
</kw>
<kw name="Sleep" library="BuiltIn">
<arg>1s</arg>
<doc>Pauses the test executed for the given time.</doc>
<msg timestamp="20250923 15:09:02.866" level="INFO">Slept 1 second</msg>
<status status="PASS" starttime="20250923 15:09:01.865" endtime="20250923 15:09:02.866"/>
</kw>
<status status="PASS" starttime="20250923 15:09:01.855" endtime="20250923 15:09:02.867"/>
</kw>
<status status="PASS" starttime="20250923 15:08:58.743" endtime="20250923 15:09:02.867"/>
</kw>
<kw name="Page Should Contain Element" library="SeleniumLibrary">
<arg>xpath://link[@rel='icon']</arg>
<doc>Verifies that element ``locator`` is found on the current page.</doc>
<msg timestamp="20250923 15:09:02.877" level="INFO">Current page contains element 'xpath://link[@rel='icon']'.</msg>
<status status="PASS" starttime="20250923 15:09:02.867" endtime="20250923 15:09:02.877"/>
</kw>
<kw name="Get WebElement" library="SeleniumLibrary">
<var>${favicon}</var>
<arg>xpath://link[@rel='icon']</arg>
<doc>Returns the first WebElement matching the given ``locator``.</doc>
<msg timestamp="20250923 15:09:02.883" level="INFO">${favicon} = &lt;selenium.webdriver.remote.webelement.WebElement (session="9761487ee420e9da21324b06583745e6", element="f.F17EC446F42D9F22F98CE57A05EA9245.d.CE8BFB9CC5D34C17942B7C25159B4D48.e.54")&gt;</msg>
<status status="PASS" starttime="20250923 15:09:02.877" endtime="20250923 15:09:02.883"/>
</kw>
<kw name="Get Element Attribute" library="SeleniumLibrary">
<var>${favicon_href}</var>
<arg>${favicon}</arg>
<arg>href</arg>
<doc>Returns the value of ``attribute`` from the element ``locator``.</doc>
<msg timestamp="20250923 15:09:02.893" level="INFO">${favicon_href} = data:image/svg+xml;base64,PHN2ZyB3aWR0aD0iMzIiIGhlaWdodD0iMzIiIHZpZXdCb3g9IjAgMCAzMiAzMiIgZmlsbD0ibm9uZSIgeG1sbnM9Imh0dHA6Ly93d3cudzMub3JnLzIwMDAvc3ZnIj4KPHJlY3Qgd2lkdGg9IjMyIiBoZWlnaHQ9IjMyIiByeD0iNi...</msg>
<status status="PASS" starttime="20250923 15:09:02.883" endtime="20250923 15:09:02.893"/>
</kw>
<kw name="Should Contain" library="BuiltIn">
<arg>${favicon_href}</arg>
<arg>data:image/svg+xml</arg>
<doc>Fails if ``container`` does not contain ``item`` one or more times.</doc>
<status status="PASS" starttime="20250923 15:09:02.893" endtime="20250923 15:09:02.893"/>
</kw>
<kw name="Title Should Be" library="SeleniumLibrary">
<arg>DepFlow - Enterprise Dependency Management Platform</arg>
<doc>Verifies that the current page title equals ``title``.</doc>
<msg timestamp="20250923 15:09:02.896" level="INFO">Page title is 'DepFlow - Enterprise Dependency Management Platform'.</msg>
<status status="PASS" starttime="20250923 15:09:02.893" endtime="20250923 15:09:02.896"/>
</kw>
<kw name="Take Screenshot And Cleanup UI Tests" type="TEARDOWN">
<doc>Take screenshot and cleanup any UI test dependencies</doc>
<kw name="Take Screenshot With Timestamp" library="depflow_keywords">
<doc>Takes screenshot with timestamp in filename</doc>
<kw name="Get Current Date" library="DateTime">
<var>${timestamp}</var>
<arg>result_format=%Y%m%d_%H%M%S</arg>
<doc>Returns current local or UTC time with an optional increment.</doc>
<msg timestamp="20250923 15:09:02.896" level="INFO">${timestamp} = 20250923_150902</msg>
<status status="PASS" starttime="20250923 15:09:02.896" endtime="20250923 15:09:02.896"/>
</kw>
<kw name="Capture Page Screenshot" library="SeleniumLibrary">
<arg>screenshot_${timestamp}.png</arg>
<doc>Takes a screenshot of the current page and embeds it into a log file.</doc>
<msg timestamp="20250923 15:09:03.063" level="INFO" html="true">&lt;/td&gt;&lt;/tr&gt;&lt;tr&gt;&lt;td colspan="3"&gt;&lt;a href="screenshot_20250923_150902.png"&gt;&lt;img src="screenshot_20250923_150902.png" width="800px"&gt;&lt;/a&gt;</msg>
<status status="PASS" starttime="20250923 15:09:02.896" endtime="20250923 15:09:03.063"/>
</kw>
<status status="PASS" starttime="20250923 15:09:02.896" endtime="20250923 15:09:03.063"/>
</kw>
<kw name="Get WebElements" library="SeleniumLibrary">
<var>${test_deps}</var>
<arg>xpath://td[contains(@class, 'dependency-name') and contains(text(), 'UITest')]</arg>
<doc>Returns a list of WebElement objects matching the ``locator``.</doc>
<msg timestamp="20250923 15:09:13.071" level="INFO">${test_deps} = []</msg>
<status status="PASS" starttime="20250923 15:09:03.063" endtime="20250923 15:09:13.071"/>
</kw>
<for flavor="IN">
<var>${dep}</var>
<value>@{test_deps}</value>
<iter>
<var name="${dep}"/>
<kw name="Get Text" library="SeleniumLibrary">
<var>${dep_name}</var>
<arg>${dep}</arg>
<doc>Returns the text value of the element identified by ``locator``.</doc>
<status status="NOT RUN" starttime="20250923 15:09:13.071" endtime="20250923 15:09:13.071"/>
</kw>
<kw name="Run Keyword And Ignore Error" library="BuiltIn">
<arg>Delete Dependency With Confirmation</arg>
<arg>${dep_name}</arg>
<doc>Runs the given keyword with the given arguments and ignores possible error.</doc>
<status status="NOT RUN" starttime="20250923 15:09:13.072" endtime="20250923 15:09:13.072"/>
</kw>
<status status="NOT RUN" starttime="20250923 15:09:13.071" endtime="20250923 15:09:13.072"/>
</iter>
<status status="NOT RUN" starttime="20250923 15:09:13.071" endtime="20250923 15:09:13.072"/>
</for>
<status status="PASS" starttime="20250923 15:09:02.896" endtime="20250923 15:09:13.072"/>
</kw>
<doc>Test that favicon is properly displayed in browser tab</doc>
<tag>branding</tag>
<tag>favicon</tag>
<tag>smoke</tag>
<tag>ui</tag>
<status status="PASS" starttime="20250923 15:08:58.743" endtime="20250923 15:09:13.072"/>
</test>
<kw name="Teardown UI Enhancement Test Environment" type="TEARDOWN">
<doc>Teardown test environment</doc>
<kw name="Teardown Test Environment" library="depflow_keywords">
<doc>Tears down test environment</doc>
<kw name="Capture Page Screenshot" library="SeleniumLibrary">
<doc>Takes a screenshot of the current page and embeds it into a log file.</doc>
<msg timestamp="20250923 15:09:13.257" level="INFO" html="true">&lt;/td&gt;&lt;/tr&gt;&lt;tr&gt;&lt;td colspan="3"&gt;&lt;a href="selenium-screenshot-147.png"&gt;&lt;img src="selenium-screenshot-147.png" width="800px"&gt;&lt;/a&gt;</msg>
<status status="PASS" starttime="20250923 15:09:13.073" endtime="20250923 15:09:13.257"/>
</kw>
<kw name="Close DepFlow Application" library="depflow_keywords">
<doc>Closes the browser and cleans up</doc>
<kw name="Close All Browsers" library="SeleniumLibrary">
<doc>Closes all open browsers and resets the browser cache.</doc>
<status status="PASS" starttime="20250923 15:09:13.257" endtime="20250923 15:09:13.467"/>
</kw>
<status status="PASS" starttime="20250923 15:09:13.257" endtime="20250923 15:09:13.467"/>
</kw>
<status status="PASS" starttime="20250923 15:09:13.073" endtime="20250923 15:09:13.467"/>
</kw>
<status status="PASS" starttime="20250923 15:09:13.073" endtime="20250923 15:09:13.467"/>
</kw>
<doc>UI Enhancements Test Suite for DepFlow Application - Colors, Badges, Favicon, and Visual Elements</doc>
<status status="PASS" starttime="20250923 15:08:53.362" endtime="20250923 15:09:13.467"/>
</suite>
<status status="PASS" starttime="20250923 15:04:55.848" endtime="20250923 15:09:13.468"/>
</suite>
<statistics>
<total>
<stat pass="12" fail="0" skip="0">All Tests</stat>
</total>
<tag>
<stat pass="2" fail="0" skip="0">admin</stat>
<stat pass="2" fail="0" skip="0">authentication</stat>
<stat pass="1" fail="0" skip="0">branding</stat>
<stat pass="1" fail="0" skip="0">counter</stat>
<stat pass="2" fail="0" skip="0">create</stat>
<stat pass="1" fail="0" skip="0">crud</stat>
<stat pass="1" fail="0" skip="0">dashboard</stat>
<stat pass="1" fail="0" skip="0">favicon</stat>
<stat pass="2" fail="0" skip="0">filter</stat>
<stat pass="1" fail="0" skip="0">landing</stat>
<stat pass="1" fail="0" skip="0">logout</stat>
<stat pass="2" fail="0" skip="0">modal</stat>
<stat pass="1" fail="0" skip="0">persistence</stat>
<stat pass="1" fail="0" skip="0">rbac</stat>
<stat pass="1" fail="0" skip="0">refresh</stat>
<stat pass="1" fail="0" skip="0">search</stat>
<stat pass="1" fail="0" skip="0">session</stat>
<stat pass="12" fail="0" skip="0">smoke</stat>
<stat pass="1" fail="0" skip="0">total</stat>
<stat pass="5" fail="0" skip="0">ui</stat>
</tag>
<suite>
<stat pass="12" fail="0" skip="0" id="s1" name="Test Suites">Test Suites</stat>
<stat pass="4" fail="0" skip="0" id="s1-s1" name="01 Authentication Tests">Test Suites.01 Authentication Tests</stat>
<stat pass="3" fail="0" skip="0" id="s1-s2" name="02 Dependency Crud Tests">Test Suites.02 Dependency Crud Tests</stat>
<stat pass="2" fail="0" skip="0" id="s1-s3" name="03 Filtering Search Tests">Test Suites.03 Filtering Search Tests</stat>
<stat pass="1" fail="0" skip="0" id="s1-s4" name="06 Rbac Tests">Test Suites.06 Rbac Tests</stat>
<stat pass="1" fail="0" skip="0" id="s1-s5" name="07 Data Persistence Tests">Test Suites.07 Data Persistence Tests</stat>
<stat pass="1" fail="0" skip="0" id="s1-s6" name="08 Ui Enhancement Tests">Test Suites.08 Ui Enhancement Tests</stat>
</suite>
</statistics>
<errors>
</errors>
</robot>
