<?xml version="1.0" encoding="UTF-8"?>
<robot generator="Robot 6.1.1 (Python 3.9.6 on darwin)" generated="20250923 07:06:52.562" rpa="false" schemaversion="4">
<suite id="s1" name="01 Authentication Tests" source="/Users/mmoola/Cursor/Dependency Management App/tests/test_suites/01_authentication_tests.robot">
<kw name="Setup Test Environment" library="depflow_keywords" type="SETUP">
<doc>Sets up test environment with fresh browser</doc>
<kw name="Open DepFlow Application" library="depflow_keywords">
<doc>Opens the DepFlow application in browser</doc>
<kw name="Open Browser" library="SeleniumLibrary">
<arg>${APP_URL}</arg>
<arg>${BROWSER}</arg>
<doc>Opens a new browser instance to the optional ``url``.</doc>
<msg timestamp="20250923 07:06:53.162" level="INFO">Opening browser 'Chrome' to base url 'http://localhost:3000'.</msg>
<status status="PASS" starttime="20250923 07:06:53.162" endtime="20250923 07:06:56.195"/>
</kw>
<kw name="Maximize Browser Window" library="SeleniumLibrary">
<doc>Maximizes current browser window.</doc>
<status status="PASS" starttime="20250923 07:06:56.201" endtime="20250923 07:06:56.565"/>
</kw>
<kw name="Set Selenium Implicit Wait" library="SeleniumLibrary">
<arg>${IMPLICIT_WAIT}</arg>
<doc>Sets the implicit wait value used by Selenium.</doc>
<status status="PASS" starttime="20250923 07:06:56.565" endtime="20250923 07:06:56.567"/>
</kw>
<kw name="Wait Until Page Contains Element" library="SeleniumLibrary">
<arg>${LANDING_PAGE_LOGO}</arg>
<arg>timeout=30s</arg>
<doc>Waits until the element ``locator`` appears on the current page.</doc>
<status status="PASS" starttime="20250923 07:06:56.567" endtime="20250923 07:06:56.583"/>
</kw>
<kw name="Sleep" library="BuiltIn">
<arg>3s</arg>
<doc>Pauses the test executed for the given time.</doc>
<msg timestamp="20250923 07:06:59.585" level="INFO">Slept 3 seconds</msg>
<status status="PASS" starttime="20250923 07:06:56.583" endtime="20250923 07:06:59.585"/>
</kw>
<status status="PASS" starttime="20250923 07:06:53.162" endtime="20250923 07:06:59.586"/>
</kw>
<kw name="Capture Page Screenshot" library="SeleniumLibrary">
<doc>Takes a screenshot of the current page and embeds it into a log file.</doc>
<msg timestamp="20250923 07:06:59.773" level="INFO" html="true">&lt;/td&gt;&lt;/tr&gt;&lt;tr&gt;&lt;td colspan="3"&gt;&lt;a href="selenium-screenshot-1.png"&gt;&lt;img src="selenium-screenshot-1.png" width="800px"&gt;&lt;/a&gt;</msg>
<status status="PASS" starttime="20250923 07:06:59.586" endtime="20250923 07:06:59.773"/>
</kw>
<status status="PASS" starttime="20250923 07:06:53.162" endtime="20250923 07:06:59.774"/>
</kw>
<test id="s1-t1" name="TC001 - Verify Landing Page Loads Successfully" line="23">
<kw name="Setup Each Authentication Test" type="SETUP">
<doc>Setup for each authentication test</doc>
<kw name="Open DepFlow Application" library="depflow_keywords">
<doc>Opens the DepFlow application in browser</doc>
<kw name="Open Browser" library="SeleniumLibrary">
<arg>${APP_URL}</arg>
<arg>${BROWSER}</arg>
<doc>Opens a new browser instance to the optional ``url``.</doc>
<msg timestamp="20250923 07:06:59.775" level="INFO">Opening browser 'Chrome' to base url 'http://localhost:3000'.</msg>
<status status="PASS" starttime="20250923 07:06:59.775" endtime="20250923 07:07:01.280"/>
</kw>
<kw name="Maximize Browser Window" library="SeleniumLibrary">
<doc>Maximizes current browser window.</doc>
<status status="PASS" starttime="20250923 07:07:01.281" endtime="20250923 07:07:01.660"/>
</kw>
<kw name="Set Selenium Implicit Wait" library="SeleniumLibrary">
<arg>${IMPLICIT_WAIT}</arg>
<doc>Sets the implicit wait value used by Selenium.</doc>
<status status="PASS" starttime="20250923 07:07:01.660" endtime="20250923 07:07:01.662"/>
</kw>
<kw name="Wait Until Page Contains Element" library="SeleniumLibrary">
<arg>${LANDING_PAGE_LOGO}</arg>
<arg>timeout=30s</arg>
<doc>Waits until the element ``locator`` appears on the current page.</doc>
<status status="PASS" starttime="20250923 07:07:01.662" endtime="20250923 07:07:01.669"/>
</kw>
<kw name="Sleep" library="BuiltIn">
<arg>3s</arg>
<doc>Pauses the test executed for the given time.</doc>
<msg timestamp="20250923 07:07:04.670" level="INFO">Slept 3 seconds</msg>
<status status="PASS" starttime="20250923 07:07:01.669" endtime="20250923 07:07:04.671"/>
</kw>
<status status="PASS" starttime="20250923 07:06:59.774" endtime="20250923 07:07:04.672"/>
</kw>
<kw name="Ensure All Modals Closed" library="depflow_keywords">
<doc>Ensures all modals are closed before proceeding</doc>
<kw name="Execute Javascript" library="SeleniumLibrary">
<arg>if (typeof closeLoginModal === 'function') { closeLoginModal(); }</arg>
<arg>if (typeof closeAddDependencyModal === 'function') { closeAddDependencyModal(); }</arg>
<arg>if (typeof closeEditDependencyModal === 'function') { closeEditDependencyModal(); }</arg>
<doc>Executes the given JavaScript code with possible arguments.</doc>
<msg timestamp="20250923 07:07:04.678" level="INFO">Executing JavaScript:
if (typeof closeLoginModal === 'function') { closeLoginModal(); }if (typeof closeAddDependencyModal === 'function') { closeAddDependencyModal(); }if (typeof closeEditDependencyModal === 'function') { closeEditDependencyModal(); }
Without any arguments.</msg>
<status status="PASS" starttime="20250923 07:07:04.673" endtime="20250923 07:07:04.683"/>
</kw>
<kw name="Execute Javascript" library="SeleniumLibrary">
<arg>document.querySelectorAll('.modal').forEach(modal =&gt; {</arg>
<arg>modal.style.display = 'none';</arg>
<arg>modal.classList.remove('show');</arg>
<arg>});</arg>
<doc>Executes the given JavaScript code with possible arguments.</doc>
<msg timestamp="20250923 07:07:04.684" level="INFO">Executing JavaScript:
document.querySelectorAll('.modal').forEach(modal =&gt; {modal.style.display = 'none';modal.classList.remove('show');});
Without any arguments.</msg>
<status status="PASS" starttime="20250923 07:07:04.684" endtime="20250923 07:07:04.688"/>
</kw>
<kw name="Run Keyword And Ignore Error" library="BuiltIn">
<arg>Press Keys</arg>
<arg>None</arg>
<arg>ESCAPE</arg>
<doc>Runs the given keyword with the given arguments and ignores possible error.</doc>
<kw name="Press Keys" library="SeleniumLibrary">
<arg>None</arg>
<arg>ESCAPE</arg>
<doc>Simulates the user pressing key(s) to an element or on the active browser.</doc>
<msg timestamp="20250923 07:07:04.689" level="INFO">Sending key(s) ('ESCAPE',) to page.</msg>
<msg timestamp="20250923 07:07:04.690" level="INFO">Pressing special key ESCAPE to browser.</msg>
<msg timestamp="20250923 07:07:04.690" level="INFO">Releasing special key ESCAPE.</msg>
<status status="PASS" starttime="20250923 07:07:04.689" endtime="20250923 07:07:04.698"/>
</kw>
<status status="PASS" starttime="20250923 07:07:04.688" endtime="20250923 07:07:04.698"/>
</kw>
<kw name="Sleep" library="BuiltIn">
<arg>1s</arg>
<doc>Pauses the test executed for the given time.</doc>
<msg timestamp="20250923 07:07:05.699" level="INFO">Slept 1 second</msg>
<status status="PASS" starttime="20250923 07:07:04.698" endtime="20250923 07:07:05.700"/>
</kw>
<status status="PASS" starttime="20250923 07:07:04.672" endtime="20250923 07:07:05.700"/>
</kw>
<status status="PASS" starttime="20250923 07:06:59.774" endtime="20250923 07:07:05.700"/>
</kw>
<kw name="Title Should Be" library="SeleniumLibrary">
<arg>DepFlow - Enterprise Dependency Management Platform</arg>
<doc>Verifies that the current page title equals ``title``.</doc>
<msg timestamp="20250923 07:07:05.703" level="INFO">Page title is 'DepFlow - Enterprise Dependency Management Platform'.</msg>
<status status="PASS" starttime="20250923 07:07:05.700" endtime="20250923 07:07:05.703"/>
</kw>
<kw name="Verify DepFlow Logo Present" library="depflow_keywords">
<doc>Verifies DepFlow logo is present on page</doc>
<kw name="Page Should Contain Element" library="SeleniumLibrary">
<arg>${LANDING_PAGE_LOGO}</arg>
<doc>Verifies that element ``locator`` is found on the current page.</doc>
<msg timestamp="20250923 07:07:05.709" level="INFO">Current page contains element 'xpath://div[contains(@class, 'depflow-logo')]'.</msg>
<status status="PASS" starttime="20250923 07:07:05.704" endtime="20250923 07:07:05.709"/>
</kw>
<kw name="Element Should Be Visible" library="SeleniumLibrary">
<arg>${LANDING_PAGE_LOGO}</arg>
<doc>Verifies that the element identified by ``locator`` is visible.</doc>
<msg timestamp="20250923 07:07:05.742" level="INFO">Element 'xpath://div[contains(@class, 'depflow-logo')]' is displayed.</msg>
<status status="PASS" starttime="20250923 07:07:05.709" endtime="20250923 07:07:05.742"/>
</kw>
<status status="PASS" starttime="20250923 07:07:05.703" endtime="20250923 07:07:05.742"/>
</kw>
<kw name="Page Should Contain Element" library="SeleniumLibrary">
<arg>${LOGIN_BUTTON}</arg>
<doc>Verifies that element ``locator`` is found on the current page.</doc>
<msg timestamp="20250923 07:07:05.749" level="INFO">Current page contains element 'xpath://button[contains(@onclick, 'openLoginModal')]'.</msg>
<status status="PASS" starttime="20250923 07:07:05.742" endtime="20250923 07:07:05.749"/>
</kw>
<kw name="Page Should Contain Element" library="SeleniumLibrary">
<arg>${GET_STARTED_BUTTON}</arg>
<doc>Verifies that element ``locator`` is found on the current page.</doc>
<msg timestamp="20250923 07:07:05.757" level="INFO">Current page contains element 'xpath://button[contains(@onclick, 'scrollToDemo')]'.</msg>
<status status="PASS" starttime="20250923 07:07:05.749" endtime="20250923 07:07:05.757"/>
</kw>
<kw name="Page Should Contain" library="SeleniumLibrary">
<arg>Streamlined Software Lifecycle Management</arg>
<doc>Verifies that current page contains ``text``.</doc>
<msg timestamp="20250923 07:07:05.763" level="INFO">Current page contains text 'Streamlined Software Lifecycle Management'.</msg>
<status status="PASS" starttime="20250923 07:07:05.757" endtime="20250923 07:07:05.764"/>
</kw>
<kw name="Cleanup Each Authentication Test" type="TEARDOWN">
<doc>Cleanup after each authentication test</doc>
<kw name="Ensure All Modals Closed" library="depflow_keywords">
<doc>Ensures all modals are closed before proceeding</doc>
<kw name="Execute Javascript" library="SeleniumLibrary">
<arg>if (typeof closeLoginModal === 'function') { closeLoginModal(); }</arg>
<arg>if (typeof closeAddDependencyModal === 'function') { closeAddDependencyModal(); }</arg>
<arg>if (typeof closeEditDependencyModal === 'function') { closeEditDependencyModal(); }</arg>
<doc>Executes the given JavaScript code with possible arguments.</doc>
<msg timestamp="20250923 07:07:05.764" level="INFO">Executing JavaScript:
if (typeof closeLoginModal === 'function') { closeLoginModal(); }if (typeof closeAddDependencyModal === 'function') { closeAddDependencyModal(); }if (typeof closeEditDependencyModal === 'function') { closeEditDependencyModal(); }
Without any arguments.</msg>
<status status="PASS" starttime="20250923 07:07:05.764" endtime="20250923 07:07:05.766"/>
</kw>
<kw name="Execute Javascript" library="SeleniumLibrary">
<arg>document.querySelectorAll('.modal').forEach(modal =&gt; {</arg>
<arg>modal.style.display = 'none';</arg>
<arg>modal.classList.remove('show');</arg>
<arg>});</arg>
<doc>Executes the given JavaScript code with possible arguments.</doc>
<msg timestamp="20250923 07:07:05.766" level="INFO">Executing JavaScript:
document.querySelectorAll('.modal').forEach(modal =&gt; {modal.style.display = 'none';modal.classList.remove('show');});
Without any arguments.</msg>
<status status="PASS" starttime="20250923 07:07:05.766" endtime="20250923 07:07:05.768"/>
</kw>
<kw name="Run Keyword And Ignore Error" library="BuiltIn">
<arg>Press Keys</arg>
<arg>None</arg>
<arg>ESCAPE</arg>
<doc>Runs the given keyword with the given arguments and ignores possible error.</doc>
<kw name="Press Keys" library="SeleniumLibrary">
<arg>None</arg>
<arg>ESCAPE</arg>
<doc>Simulates the user pressing key(s) to an element or on the active browser.</doc>
<msg timestamp="20250923 07:07:05.768" level="INFO">Sending key(s) ('ESCAPE',) to page.</msg>
<msg timestamp="20250923 07:07:05.768" level="INFO">Pressing special key ESCAPE to browser.</msg>
<msg timestamp="20250923 07:07:05.768" level="INFO">Releasing special key ESCAPE.</msg>
<status status="PASS" starttime="20250923 07:07:05.768" endtime="20250923 07:07:05.770"/>
</kw>
<status status="PASS" starttime="20250923 07:07:05.768" endtime="20250923 07:07:05.770"/>
</kw>
<kw name="Sleep" library="BuiltIn">
<arg>1s</arg>
<doc>Pauses the test executed for the given time.</doc>
<msg timestamp="20250923 07:07:06.771" level="INFO">Slept 1 second</msg>
<status status="PASS" starttime="20250923 07:07:05.770" endtime="20250923 07:07:06.772"/>
</kw>
<status status="PASS" starttime="20250923 07:07:05.764" endtime="20250923 07:07:06.772"/>
</kw>
<kw name="Close DepFlow Application" library="depflow_keywords">
<doc>Closes the browser and cleans up</doc>
<kw name="Close All Browsers" library="SeleniumLibrary">
<doc>Closes all open browsers and resets the browser cache.</doc>
<status status="PASS" starttime="20250923 07:07:06.772" endtime="20250923 07:07:07.240"/>
</kw>
<status status="PASS" starttime="20250923 07:07:06.772" endtime="20250923 07:07:07.240"/>
</kw>
<status status="PASS" starttime="20250923 07:07:05.764" endtime="20250923 07:07:07.240"/>
</kw>
<doc>Verify that the DepFlow landing page loads with all expected elements</doc>
<tag>landing</tag>
<tag>smoke</tag>
<tag>ui</tag>
<status status="PASS" starttime="20250923 07:06:59.774" endtime="20250923 07:07:07.240"/>
</test>
<test id="s1-t2" name="TC002 - Verify Login Modal Opens" line="33">
<kw name="Setup Each Authentication Test" type="SETUP">
<doc>Setup for each authentication test</doc>
<kw name="Open DepFlow Application" library="depflow_keywords">
<doc>Opens the DepFlow application in browser</doc>
<kw name="Open Browser" library="SeleniumLibrary">
<arg>${APP_URL}</arg>
<arg>${BROWSER}</arg>
<doc>Opens a new browser instance to the optional ``url``.</doc>
<msg timestamp="20250923 07:07:07.241" level="INFO">Opening browser 'Chrome' to base url 'http://localhost:3000'.</msg>
<status status="PASS" starttime="20250923 07:07:07.241" endtime="20250923 07:07:08.694"/>
</kw>
<kw name="Maximize Browser Window" library="SeleniumLibrary">
<doc>Maximizes current browser window.</doc>
<status status="PASS" starttime="20250923 07:07:08.694" endtime="20250923 07:07:09.062"/>
</kw>
<kw name="Set Selenium Implicit Wait" library="SeleniumLibrary">
<arg>${IMPLICIT_WAIT}</arg>
<doc>Sets the implicit wait value used by Selenium.</doc>
<status status="PASS" starttime="20250923 07:07:09.062" endtime="20250923 07:07:09.063"/>
</kw>
<kw name="Wait Until Page Contains Element" library="SeleniumLibrary">
<arg>${LANDING_PAGE_LOGO}</arg>
<arg>timeout=30s</arg>
<doc>Waits until the element ``locator`` appears on the current page.</doc>
<status status="PASS" starttime="20250923 07:07:09.063" endtime="20250923 07:07:09.072"/>
</kw>
<kw name="Sleep" library="BuiltIn">
<arg>3s</arg>
<doc>Pauses the test executed for the given time.</doc>
<msg timestamp="20250923 07:07:12.074" level="INFO">Slept 3 seconds</msg>
<status status="PASS" starttime="20250923 07:07:09.072" endtime="20250923 07:07:12.075"/>
</kw>
<status status="PASS" starttime="20250923 07:07:07.241" endtime="20250923 07:07:12.075"/>
</kw>
<kw name="Ensure All Modals Closed" library="depflow_keywords">
<doc>Ensures all modals are closed before proceeding</doc>
<kw name="Execute Javascript" library="SeleniumLibrary">
<arg>if (typeof closeLoginModal === 'function') { closeLoginModal(); }</arg>
<arg>if (typeof closeAddDependencyModal === 'function') { closeAddDependencyModal(); }</arg>
<arg>if (typeof closeEditDependencyModal === 'function') { closeEditDependencyModal(); }</arg>
<doc>Executes the given JavaScript code with possible arguments.</doc>
<msg timestamp="20250923 07:07:12.076" level="INFO">Executing JavaScript:
if (typeof closeLoginModal === 'function') { closeLoginModal(); }if (typeof closeAddDependencyModal === 'function') { closeAddDependencyModal(); }if (typeof closeEditDependencyModal === 'function') { closeEditDependencyModal(); }
Without any arguments.</msg>
<status status="PASS" starttime="20250923 07:07:12.075" endtime="20250923 07:07:12.082"/>
</kw>
<kw name="Execute Javascript" library="SeleniumLibrary">
<arg>document.querySelectorAll('.modal').forEach(modal =&gt; {</arg>
<arg>modal.style.display = 'none';</arg>
<arg>modal.classList.remove('show');</arg>
<arg>});</arg>
<doc>Executes the given JavaScript code with possible arguments.</doc>
<msg timestamp="20250923 07:07:12.083" level="INFO">Executing JavaScript:
document.querySelectorAll('.modal').forEach(modal =&gt; {modal.style.display = 'none';modal.classList.remove('show');});
Without any arguments.</msg>
<status status="PASS" starttime="20250923 07:07:12.082" endtime="20250923 07:07:12.087"/>
</kw>
<kw name="Run Keyword And Ignore Error" library="BuiltIn">
<arg>Press Keys</arg>
<arg>None</arg>
<arg>ESCAPE</arg>
<doc>Runs the given keyword with the given arguments and ignores possible error.</doc>
<kw name="Press Keys" library="SeleniumLibrary">
<arg>None</arg>
<arg>ESCAPE</arg>
<doc>Simulates the user pressing key(s) to an element or on the active browser.</doc>
<msg timestamp="20250923 07:07:12.088" level="INFO">Sending key(s) ('ESCAPE',) to page.</msg>
<msg timestamp="20250923 07:07:12.088" level="INFO">Pressing special key ESCAPE to browser.</msg>
<msg timestamp="20250923 07:07:12.088" level="INFO">Releasing special key ESCAPE.</msg>
<status status="PASS" starttime="20250923 07:07:12.087" endtime="20250923 07:07:12.094"/>
</kw>
<status status="PASS" starttime="20250923 07:07:12.087" endtime="20250923 07:07:12.094"/>
</kw>
<kw name="Sleep" library="BuiltIn">
<arg>1s</arg>
<doc>Pauses the test executed for the given time.</doc>
<msg timestamp="20250923 07:07:13.096" level="INFO">Slept 1 second</msg>
<status status="PASS" starttime="20250923 07:07:12.094" endtime="20250923 07:07:13.096"/>
</kw>
<status status="PASS" starttime="20250923 07:07:12.075" endtime="20250923 07:07:13.096"/>
</kw>
<status status="PASS" starttime="20250923 07:07:07.240" endtime="20250923 07:07:13.096"/>
</kw>
<kw name="Click Element" library="SeleniumLibrary">
<arg>${LOGIN_BUTTON}</arg>
<doc>Click the element identified by ``locator``.</doc>
<msg timestamp="20250923 07:07:13.097" level="INFO">Clicking element 'xpath://button[contains(@onclick, 'openLoginModal')]'.</msg>
<status status="PASS" starttime="20250923 07:07:13.096" endtime="20250923 07:07:13.149"/>
</kw>
<kw name="Wait Until Element Is Visible" library="SeleniumLibrary">
<arg>${LOGIN_MODAL}</arg>
<doc>Waits until the element ``locator`` is visible.</doc>
<status status="PASS" starttime="20250923 07:07:13.149" endtime="20250923 07:07:13.164"/>
</kw>
<kw name="Page Should Contain Element" library="SeleniumLibrary">
<arg>${USERNAME_FIELD}</arg>
<doc>Verifies that element ``locator`` is found on the current page.</doc>
<msg timestamp="20250923 07:07:13.171" level="INFO">Current page contains element 'id:email'.</msg>
<status status="PASS" starttime="20250923 07:07:13.164" endtime="20250923 07:07:13.171"/>
</kw>
<kw name="Page Should Contain Element" library="SeleniumLibrary">
<arg>${PASSWORD_FIELD}</arg>
<doc>Verifies that element ``locator`` is found on the current page.</doc>
<msg timestamp="20250923 07:07:13.176" level="INFO">Current page contains element 'id:password'.</msg>
<status status="PASS" starttime="20250923 07:07:13.171" endtime="20250923 07:07:13.176"/>
</kw>
<kw name="Page Should Contain Element" library="SeleniumLibrary">
<arg>${LOGIN_SUBMIT_BUTTON}</arg>
<doc>Verifies that element ``locator`` is found on the current page.</doc>
<msg timestamp="20250923 07:07:13.182" level="INFO">Current page contains element 'xpath://button[contains(@class, 'btn-login')]'.</msg>
<status status="PASS" starttime="20250923 07:07:13.177" endtime="20250923 07:07:13.182"/>
</kw>
<kw name="Page Should Contain Element" library="SeleniumLibrary">
<arg>${ADMIN_CREDENTIALS_BUTTON}</arg>
<doc>Verifies that element ``locator`` is found on the current page.</doc>
<msg timestamp="20250923 07:07:13.188" level="INFO">Current page contains element 'xpath://button[contains(@onclick, 'fillAdminCredentials')]'.</msg>
<status status="PASS" starttime="20250923 07:07:13.182" endtime="20250923 07:07:13.188"/>
</kw>
<kw name="Cleanup Each Authentication Test" type="TEARDOWN">
<doc>Cleanup after each authentication test</doc>
<kw name="Ensure All Modals Closed" library="depflow_keywords">
<doc>Ensures all modals are closed before proceeding</doc>
<kw name="Execute Javascript" library="SeleniumLibrary">
<arg>if (typeof closeLoginModal === 'function') { closeLoginModal(); }</arg>
<arg>if (typeof closeAddDependencyModal === 'function') { closeAddDependencyModal(); }</arg>
<arg>if (typeof closeEditDependencyModal === 'function') { closeEditDependencyModal(); }</arg>
<doc>Executes the given JavaScript code with possible arguments.</doc>
<msg timestamp="20250923 07:07:13.189" level="INFO">Executing JavaScript:
if (typeof closeLoginModal === 'function') { closeLoginModal(); }if (typeof closeAddDependencyModal === 'function') { closeAddDependencyModal(); }if (typeof closeEditDependencyModal === 'function') { closeEditDependencyModal(); }
Without any arguments.</msg>
<status status="PASS" starttime="20250923 07:07:13.189" endtime="20250923 07:07:13.193"/>
</kw>
<kw name="Execute Javascript" library="SeleniumLibrary">
<arg>document.querySelectorAll('.modal').forEach(modal =&gt; {</arg>
<arg>modal.style.display = 'none';</arg>
<arg>modal.classList.remove('show');</arg>
<arg>});</arg>
<doc>Executes the given JavaScript code with possible arguments.</doc>
<msg timestamp="20250923 07:07:13.194" level="INFO">Executing JavaScript:
document.querySelectorAll('.modal').forEach(modal =&gt; {modal.style.display = 'none';modal.classList.remove('show');});
Without any arguments.</msg>
<status status="PASS" starttime="20250923 07:07:13.193" endtime="20250923 07:07:13.196"/>
</kw>
<kw name="Run Keyword And Ignore Error" library="BuiltIn">
<arg>Press Keys</arg>
<arg>None</arg>
<arg>ESCAPE</arg>
<doc>Runs the given keyword with the given arguments and ignores possible error.</doc>
<kw name="Press Keys" library="SeleniumLibrary">
<arg>None</arg>
<arg>ESCAPE</arg>
<doc>Simulates the user pressing key(s) to an element or on the active browser.</doc>
<msg timestamp="20250923 07:07:13.196" level="INFO">Sending key(s) ('ESCAPE',) to page.</msg>
<msg timestamp="20250923 07:07:13.196" level="INFO">Pressing special key ESCAPE to browser.</msg>
<msg timestamp="20250923 07:07:13.196" level="INFO">Releasing special key ESCAPE.</msg>
<status status="PASS" starttime="20250923 07:07:13.196" endtime="20250923 07:07:13.201"/>
</kw>
<status status="PASS" starttime="20250923 07:07:13.196" endtime="20250923 07:07:13.201"/>
</kw>
<kw name="Sleep" library="BuiltIn">
<arg>1s</arg>
<doc>Pauses the test executed for the given time.</doc>
<msg timestamp="20250923 07:07:14.203" level="INFO">Slept 1 second</msg>
<status status="PASS" starttime="20250923 07:07:13.201" endtime="20250923 07:07:14.204"/>
</kw>
<status status="PASS" starttime="20250923 07:07:13.188" endtime="20250923 07:07:14.204"/>
</kw>
<kw name="Close DepFlow Application" library="depflow_keywords">
<doc>Closes the browser and cleans up</doc>
<kw name="Close All Browsers" library="SeleniumLibrary">
<doc>Closes all open browsers and resets the browser cache.</doc>
<status status="PASS" starttime="20250923 07:07:14.205" endtime="20250923 07:07:14.340"/>
</kw>
<status status="PASS" starttime="20250923 07:07:14.204" endtime="20250923 07:07:14.340"/>
</kw>
<status status="PASS" starttime="20250923 07:07:13.188" endtime="20250923 07:07:14.340"/>
</kw>
<doc>Verify that clicking Login button opens the login modal</doc>
<tag>modal</tag>
<tag>smoke</tag>
<tag>ui</tag>
<status status="PASS" starttime="20250923 07:07:07.240" endtime="20250923 07:07:14.340"/>
</test>
<test id="s1-t3" name="TC003 - Successful Admin Login" line="44">
<kw name="Setup Each Authentication Test" type="SETUP">
<doc>Setup for each authentication test</doc>
<kw name="Open DepFlow Application" library="depflow_keywords">
<doc>Opens the DepFlow application in browser</doc>
<kw name="Open Browser" library="SeleniumLibrary">
<arg>${APP_URL}</arg>
<arg>${BROWSER}</arg>
<doc>Opens a new browser instance to the optional ``url``.</doc>
<msg timestamp="20250923 07:07:14.342" level="INFO">Opening browser 'Chrome' to base url 'http://localhost:3000'.</msg>
<status status="PASS" starttime="20250923 07:07:14.342" endtime="20250923 07:07:15.790"/>
</kw>
<kw name="Maximize Browser Window" library="SeleniumLibrary">
<doc>Maximizes current browser window.</doc>
<status status="PASS" starttime="20250923 07:07:15.791" endtime="20250923 07:07:16.160"/>
</kw>
<kw name="Set Selenium Implicit Wait" library="SeleniumLibrary">
<arg>${IMPLICIT_WAIT}</arg>
<doc>Sets the implicit wait value used by Selenium.</doc>
<status status="PASS" starttime="20250923 07:07:16.161" endtime="20250923 07:07:16.162"/>
</kw>
<kw name="Wait Until Page Contains Element" library="SeleniumLibrary">
<arg>${LANDING_PAGE_LOGO}</arg>
<arg>timeout=30s</arg>
<doc>Waits until the element ``locator`` appears on the current page.</doc>
<status status="PASS" starttime="20250923 07:07:16.162" endtime="20250923 07:07:16.169"/>
</kw>
<kw name="Sleep" library="BuiltIn">
<arg>3s</arg>
<doc>Pauses the test executed for the given time.</doc>
<msg timestamp="20250923 07:07:19.171" level="INFO">Slept 3 seconds</msg>
<status status="PASS" starttime="20250923 07:07:16.169" endtime="20250923 07:07:19.171"/>
</kw>
<status status="PASS" starttime="20250923 07:07:14.341" endtime="20250923 07:07:19.171"/>
</kw>
<kw name="Ensure All Modals Closed" library="depflow_keywords">
<doc>Ensures all modals are closed before proceeding</doc>
<kw name="Execute Javascript" library="SeleniumLibrary">
<arg>if (typeof closeLoginModal === 'function') { closeLoginModal(); }</arg>
<arg>if (typeof closeAddDependencyModal === 'function') { closeAddDependencyModal(); }</arg>
<arg>if (typeof closeEditDependencyModal === 'function') { closeEditDependencyModal(); }</arg>
<doc>Executes the given JavaScript code with possible arguments.</doc>
<msg timestamp="20250923 07:07:19.172" level="INFO">Executing JavaScript:
if (typeof closeLoginModal === 'function') { closeLoginModal(); }if (typeof closeAddDependencyModal === 'function') { closeAddDependencyModal(); }if (typeof closeEditDependencyModal === 'function') { closeEditDependencyModal(); }
Without any arguments.</msg>
<status status="PASS" starttime="20250923 07:07:19.171" endtime="20250923 07:07:19.179"/>
</kw>
<kw name="Execute Javascript" library="SeleniumLibrary">
<arg>document.querySelectorAll('.modal').forEach(modal =&gt; {</arg>
<arg>modal.style.display = 'none';</arg>
<arg>modal.classList.remove('show');</arg>
<arg>});</arg>
<doc>Executes the given JavaScript code with possible arguments.</doc>
<msg timestamp="20250923 07:07:19.180" level="INFO">Executing JavaScript:
document.querySelectorAll('.modal').forEach(modal =&gt; {modal.style.display = 'none';modal.classList.remove('show');});
Without any arguments.</msg>
<status status="PASS" starttime="20250923 07:07:19.179" endtime="20250923 07:07:19.184"/>
</kw>
<kw name="Run Keyword And Ignore Error" library="BuiltIn">
<arg>Press Keys</arg>
<arg>None</arg>
<arg>ESCAPE</arg>
<doc>Runs the given keyword with the given arguments and ignores possible error.</doc>
<kw name="Press Keys" library="SeleniumLibrary">
<arg>None</arg>
<arg>ESCAPE</arg>
<doc>Simulates the user pressing key(s) to an element or on the active browser.</doc>
<msg timestamp="20250923 07:07:19.185" level="INFO">Sending key(s) ('ESCAPE',) to page.</msg>
<msg timestamp="20250923 07:07:19.185" level="INFO">Pressing special key ESCAPE to browser.</msg>
<msg timestamp="20250923 07:07:19.185" level="INFO">Releasing special key ESCAPE.</msg>
<status status="PASS" starttime="20250923 07:07:19.184" endtime="20250923 07:07:19.189"/>
</kw>
<status status="PASS" starttime="20250923 07:07:19.184" endtime="20250923 07:07:19.189"/>
</kw>
<kw name="Sleep" library="BuiltIn">
<arg>1s</arg>
<doc>Pauses the test executed for the given time.</doc>
<msg timestamp="20250923 07:07:20.191" level="INFO">Slept 1 second</msg>
<status status="PASS" starttime="20250923 07:07:19.189" endtime="20250923 07:07:20.194"/>
</kw>
<status status="PASS" starttime="20250923 07:07:19.171" endtime="20250923 07:07:20.194"/>
</kw>
<status status="PASS" starttime="20250923 07:07:14.341" endtime="20250923 07:07:20.194"/>
</kw>
<kw name="Run Keyword And Return Status" library="BuiltIn">
<var>${modal_visible}</var>
<arg>Element Should Be Visible</arg>
<arg>${LOGIN_MODAL}</arg>
<doc>Runs the given keyword with given arguments and returns the status as a Boolean value.</doc>
<kw name="Element Should Be Visible" library="SeleniumLibrary">
<arg>${LOGIN_MODAL}</arg>
<doc>Verifies that the element identified by ``locator`` is visible.</doc>
<msg timestamp="20250923 07:07:20.374" level="INFO" html="true">&lt;/td&gt;&lt;/tr&gt;&lt;tr&gt;&lt;td colspan="3"&gt;&lt;a href="selenium-screenshot-2.png"&gt;&lt;img src="selenium-screenshot-2.png" width="800px"&gt;&lt;/a&gt;</msg>
<msg timestamp="20250923 07:07:20.375" level="FAIL">The element 'id:loginModal' should be visible, but it is not.</msg>
<status status="FAIL" starttime="20250923 07:07:20.195" endtime="20250923 07:07:20.421"/>
</kw>
<msg timestamp="20250923 07:07:20.421" level="INFO">${modal_visible} = False</msg>
<status status="PASS" starttime="20250923 07:07:20.195" endtime="20250923 07:07:20.421"/>
</kw>
<kw name="Run Keyword If" library="BuiltIn">
<arg>${modal_visible}</arg>
<arg>Execute Javascript</arg>
<arg>closeLoginModal()</arg>
<doc>Runs the given keyword with the given arguments, if ``condition`` is true.</doc>
<status status="PASS" starttime="20250923 07:07:20.421" endtime="20250923 07:07:20.421"/>
</kw>
<kw name="Sleep" library="BuiltIn">
<arg>1s</arg>
<doc>Pauses the test executed for the given time.</doc>
<msg timestamp="20250923 07:07:21.422" level="INFO">Slept 1 second</msg>
<status status="PASS" starttime="20250923 07:07:20.422" endtime="20250923 07:07:21.423"/>
</kw>
<kw name="Login As Admin" library="depflow_keywords">
<doc>Quick login as admin user using test mode bypass</doc>
<kw name="Test Mode Admin Login" library="depflow_keywords">
<doc>Quick admin login using test mode</doc>
<kw name="Test Mode Login" library="depflow_keywords">
<arg>admin</arg>
<doc>Login using test mode bypass - no modal interaction required</doc>
<kw name="Wait Until Page Contains Element" library="SeleniumLibrary">
<arg>${LANDING_PAGE_LOGO}</arg>
<arg>timeout=10s</arg>
<doc>Waits until the element ``locator`` appears on the current page.</doc>
<status status="PASS" starttime="20250923 07:07:21.424" endtime="20250923 07:07:21.432"/>
</kw>
<kw name="Sleep" library="BuiltIn">
<arg>1s</arg>
<doc>Pauses the test executed for the given time.</doc>
<msg timestamp="20250923 07:07:22.434" level="INFO">Slept 1 second</msg>
<status status="PASS" starttime="20250923 07:07:21.432" endtime="20250923 07:07:22.434"/>
</kw>
<kw name="Execute Javascript" library="SeleniumLibrary">
<arg>if (typeof window.DepFlow.testModeLogin === 'function') {</arg>
<arg>window.DepFlow.testModeLogin('${user_type}');</arg>
<arg>} else {</arg>
<arg>console.error('Test mode login function not available');</arg>
<arg>}</arg>
<doc>Executes the given JavaScript code with possible arguments.</doc>
<msg timestamp="20250923 07:07:22.435" level="INFO">Executing JavaScript:
if (typeof window.DepFlow.testModeLogin === 'function') {window.DepFlow.testModeLogin('admin');} else {console.error('Test mode login function not available');}
Without any arguments.</msg>
<status status="PASS" starttime="20250923 07:07:22.434" endtime="20250923 07:07:22.454"/>
</kw>
<kw name="Sleep" library="BuiltIn">
<arg>2s</arg>
<doc>Pauses the test executed for the given time.</doc>
<msg timestamp="20250923 07:07:24.454" level="INFO">Slept 2 seconds</msg>
<status status="PASS" starttime="20250923 07:07:22.454" endtime="20250923 07:07:24.455"/>
</kw>
<kw name="Wait Until Element Is Visible" library="SeleniumLibrary">
<arg>${DASHBOARD_PAGE}</arg>
<arg>timeout=10s</arg>
<doc>Waits until the element ``locator`` is visible.</doc>
<status status="PASS" starttime="20250923 07:07:24.455" endtime="20250923 07:07:24.473"/>
</kw>
<kw name="Wait Until Element Is Visible" library="SeleniumLibrary">
<arg>${USER_PANEL}</arg>
<arg>timeout=5s</arg>
<doc>Waits until the element ``locator`` is visible.</doc>
<status status="PASS" starttime="20250923 07:07:24.473" endtime="20250923 07:07:24.486"/>
</kw>
<kw name="Log" library="BuiltIn">
<arg>Test Mode Login Completed for ${user_type}</arg>
<doc>Logs the given message with the given level.</doc>
<msg timestamp="20250923 07:07:24.487" level="INFO">Test Mode Login Completed for admin</msg>
<status status="PASS" starttime="20250923 07:07:24.487" endtime="20250923 07:07:24.487"/>
</kw>
<status status="PASS" starttime="20250923 07:07:21.424" endtime="20250923 07:07:24.487"/>
</kw>
<status status="PASS" starttime="20250923 07:07:21.424" endtime="20250923 07:07:24.487"/>
</kw>
<status status="PASS" starttime="20250923 07:07:21.423" endtime="20250923 07:07:24.487"/>
</kw>
<kw name="Title Should Be" library="SeleniumLibrary">
<arg>DepFlow - Enterprise Dependency Management Platform</arg>
<doc>Verifies that the current page title equals ``title``.</doc>
<msg timestamp="20250923 07:07:24.489" level="INFO">Page title is 'DepFlow - Enterprise Dependency Management Platform'.</msg>
<status status="PASS" starttime="20250923 07:07:24.487" endtime="20250923 07:07:24.489"/>
</kw>
<kw name="Page Should Contain Element" library="SeleniumLibrary">
<arg>${USER_PANEL}</arg>
<doc>Verifies that element ``locator`` is found on the current page.</doc>
<msg timestamp="20250923 07:07:24.493" level="INFO">Current page contains element 'id:userPanel'.</msg>
<status status="PASS" starttime="20250923 07:07:24.489" endtime="20250923 07:07:24.493"/>
</kw>
<kw name="Page Should Contain Element" library="SeleniumLibrary">
<arg>${DASHBOARD_PAGE}</arg>
<doc>Verifies that element ``locator`` is found on the current page.</doc>
<msg timestamp="20250923 07:07:24.496" level="INFO">Current page contains element 'id:dashboardPage'.</msg>
<status status="PASS" starttime="20250923 07:07:24.493" endtime="20250923 07:07:24.496"/>
</kw>
<kw name="Page Should Contain" library="SeleniumLibrary">
<arg>Admin User</arg>
<doc>Verifies that current page contains ``text``.</doc>
<msg timestamp="20250923 07:07:24.503" level="INFO">Current page contains text 'Admin User'.</msg>
<status status="PASS" starttime="20250923 07:07:24.497" endtime="20250923 07:07:24.503"/>
</kw>
<kw name="Page Should Contain" library="SeleniumLibrary">
<arg>admin@demo.com</arg>
<doc>Verifies that current page contains ``text``.</doc>
<msg timestamp="20250923 07:07:24.509" level="INFO">Current page contains text 'admin@demo.com'.</msg>
<status status="PASS" starttime="20250923 07:07:24.503" endtime="20250923 07:07:24.509"/>
</kw>
<kw name="Cleanup Each Authentication Test" type="TEARDOWN">
<doc>Cleanup after each authentication test</doc>
<kw name="Ensure All Modals Closed" library="depflow_keywords">
<doc>Ensures all modals are closed before proceeding</doc>
<kw name="Execute Javascript" library="SeleniumLibrary">
<arg>if (typeof closeLoginModal === 'function') { closeLoginModal(); }</arg>
<arg>if (typeof closeAddDependencyModal === 'function') { closeAddDependencyModal(); }</arg>
<arg>if (typeof closeEditDependencyModal === 'function') { closeEditDependencyModal(); }</arg>
<doc>Executes the given JavaScript code with possible arguments.</doc>
<msg timestamp="20250923 07:07:24.510" level="INFO">Executing JavaScript:
if (typeof closeLoginModal === 'function') { closeLoginModal(); }if (typeof closeAddDependencyModal === 'function') { closeAddDependencyModal(); }if (typeof closeEditDependencyModal === 'function') { closeEditDependencyModal(); }
Without any arguments.</msg>
<status status="PASS" starttime="20250923 07:07:24.510" endtime="20250923 07:07:24.512"/>
</kw>
<kw name="Execute Javascript" library="SeleniumLibrary">
<arg>document.querySelectorAll('.modal').forEach(modal =&gt; {</arg>
<arg>modal.style.display = 'none';</arg>
<arg>modal.classList.remove('show');</arg>
<arg>});</arg>
<doc>Executes the given JavaScript code with possible arguments.</doc>
<msg timestamp="20250923 07:07:24.512" level="INFO">Executing JavaScript:
document.querySelectorAll('.modal').forEach(modal =&gt; {modal.style.display = 'none';modal.classList.remove('show');});
Without any arguments.</msg>
<status status="PASS" starttime="20250923 07:07:24.512" endtime="20250923 07:07:24.514"/>
</kw>
<kw name="Run Keyword And Ignore Error" library="BuiltIn">
<arg>Press Keys</arg>
<arg>None</arg>
<arg>ESCAPE</arg>
<doc>Runs the given keyword with the given arguments and ignores possible error.</doc>
<kw name="Press Keys" library="SeleniumLibrary">
<arg>None</arg>
<arg>ESCAPE</arg>
<doc>Simulates the user pressing key(s) to an element or on the active browser.</doc>
<msg timestamp="20250923 07:07:24.514" level="INFO">Sending key(s) ('ESCAPE',) to page.</msg>
<msg timestamp="20250923 07:07:24.514" level="INFO">Pressing special key ESCAPE to browser.</msg>
<msg timestamp="20250923 07:07:24.514" level="INFO">Releasing special key ESCAPE.</msg>
<status status="PASS" starttime="20250923 07:07:24.514" endtime="20250923 07:07:24.516"/>
</kw>
<status status="PASS" starttime="20250923 07:07:24.514" endtime="20250923 07:07:24.516"/>
</kw>
<kw name="Sleep" library="BuiltIn">
<arg>1s</arg>
<doc>Pauses the test executed for the given time.</doc>
<msg timestamp="20250923 07:07:25.517" level="INFO">Slept 1 second</msg>
<status status="PASS" starttime="20250923 07:07:24.516" endtime="20250923 07:07:25.517"/>
</kw>
<status status="PASS" starttime="20250923 07:07:24.509" endtime="20250923 07:07:25.517"/>
</kw>
<kw name="Close DepFlow Application" library="depflow_keywords">
<doc>Closes the browser and cleans up</doc>
<kw name="Close All Browsers" library="SeleniumLibrary">
<doc>Closes all open browsers and resets the browser cache.</doc>
<status status="PASS" starttime="20250923 07:07:25.518" endtime="20250923 07:07:25.742"/>
</kw>
<status status="PASS" starttime="20250923 07:07:25.517" endtime="20250923 07:07:25.742"/>
</kw>
<status status="PASS" starttime="20250923 07:07:24.509" endtime="20250923 07:07:25.742"/>
</kw>
<doc>Test successful login with admin credentials using quick fill</doc>
<tag>admin</tag>
<tag>authentication</tag>
<tag>smoke</tag>
<status status="PASS" starttime="20250923 07:07:14.341" endtime="20250923 07:07:25.742"/>
</test>
<test id="s1-t4" name="TC004 - Successful Manual Login" line="63">
<kw name="Setup Each Authentication Test" type="SETUP">
<doc>Setup for each authentication test</doc>
<kw name="Open DepFlow Application" library="depflow_keywords">
<doc>Opens the DepFlow application in browser</doc>
<kw name="Open Browser" library="SeleniumLibrary">
<arg>${APP_URL}</arg>
<arg>${BROWSER}</arg>
<doc>Opens a new browser instance to the optional ``url``.</doc>
<msg timestamp="20250923 07:07:25.744" level="INFO">Opening browser 'Chrome' to base url 'http://localhost:3000'.</msg>
<status status="PASS" starttime="20250923 07:07:25.743" endtime="20250923 07:07:27.055"/>
</kw>
<kw name="Maximize Browser Window" library="SeleniumLibrary">
<doc>Maximizes current browser window.</doc>
<status status="PASS" starttime="20250923 07:07:27.056" endtime="20250923 07:07:27.425"/>
</kw>
<kw name="Set Selenium Implicit Wait" library="SeleniumLibrary">
<arg>${IMPLICIT_WAIT}</arg>
<doc>Sets the implicit wait value used by Selenium.</doc>
<status status="PASS" starttime="20250923 07:07:27.425" endtime="20250923 07:07:27.426"/>
</kw>
<kw name="Wait Until Page Contains Element" library="SeleniumLibrary">
<arg>${LANDING_PAGE_LOGO}</arg>
<arg>timeout=30s</arg>
<doc>Waits until the element ``locator`` appears on the current page.</doc>
<status status="PASS" starttime="20250923 07:07:27.426" endtime="20250923 07:07:27.434"/>
</kw>
<kw name="Sleep" library="BuiltIn">
<arg>3s</arg>
<doc>Pauses the test executed for the given time.</doc>
<msg timestamp="20250923 07:07:30.437" level="INFO">Slept 3 seconds</msg>
<status status="PASS" starttime="20250923 07:07:27.434" endtime="20250923 07:07:30.437"/>
</kw>
<status status="PASS" starttime="20250923 07:07:25.743" endtime="20250923 07:07:30.438"/>
</kw>
<kw name="Ensure All Modals Closed" library="depflow_keywords">
<doc>Ensures all modals are closed before proceeding</doc>
<kw name="Execute Javascript" library="SeleniumLibrary">
<arg>if (typeof closeLoginModal === 'function') { closeLoginModal(); }</arg>
<arg>if (typeof closeAddDependencyModal === 'function') { closeAddDependencyModal(); }</arg>
<arg>if (typeof closeEditDependencyModal === 'function') { closeEditDependencyModal(); }</arg>
<doc>Executes the given JavaScript code with possible arguments.</doc>
<msg timestamp="20250923 07:07:30.439" level="INFO">Executing JavaScript:
if (typeof closeLoginModal === 'function') { closeLoginModal(); }if (typeof closeAddDependencyModal === 'function') { closeAddDependencyModal(); }if (typeof closeEditDependencyModal === 'function') { closeEditDependencyModal(); }
Without any arguments.</msg>
<status status="PASS" starttime="20250923 07:07:30.438" endtime="20250923 07:07:30.445"/>
</kw>
<kw name="Execute Javascript" library="SeleniumLibrary">
<arg>document.querySelectorAll('.modal').forEach(modal =&gt; {</arg>
<arg>modal.style.display = 'none';</arg>
<arg>modal.classList.remove('show');</arg>
<arg>});</arg>
<doc>Executes the given JavaScript code with possible arguments.</doc>
<msg timestamp="20250923 07:07:30.446" level="INFO">Executing JavaScript:
document.querySelectorAll('.modal').forEach(modal =&gt; {modal.style.display = 'none';modal.classList.remove('show');});
Without any arguments.</msg>
<status status="PASS" starttime="20250923 07:07:30.445" endtime="20250923 07:07:30.449"/>
</kw>
<kw name="Run Keyword And Ignore Error" library="BuiltIn">
<arg>Press Keys</arg>
<arg>None</arg>
<arg>ESCAPE</arg>
<doc>Runs the given keyword with the given arguments and ignores possible error.</doc>
<kw name="Press Keys" library="SeleniumLibrary">
<arg>None</arg>
<arg>ESCAPE</arg>
<doc>Simulates the user pressing key(s) to an element or on the active browser.</doc>
<msg timestamp="20250923 07:07:30.450" level="INFO">Sending key(s) ('ESCAPE',) to page.</msg>
<msg timestamp="20250923 07:07:30.451" level="INFO">Pressing special key ESCAPE to browser.</msg>
<msg timestamp="20250923 07:07:30.451" level="INFO">Releasing special key ESCAPE.</msg>
<status status="PASS" starttime="20250923 07:07:30.450" endtime="20250923 07:07:30.455"/>
</kw>
<status status="PASS" starttime="20250923 07:07:30.449" endtime="20250923 07:07:30.455"/>
</kw>
<kw name="Sleep" library="BuiltIn">
<arg>1s</arg>
<doc>Pauses the test executed for the given time.</doc>
<msg timestamp="20250923 07:07:31.457" level="INFO">Slept 1 second</msg>
<status status="PASS" starttime="20250923 07:07:30.455" endtime="20250923 07:07:31.457"/>
</kw>
<status status="PASS" starttime="20250923 07:07:30.438" endtime="20250923 07:07:31.458"/>
</kw>
<status status="PASS" starttime="20250923 07:07:25.743" endtime="20250923 07:07:31.458"/>
</kw>
<kw name="Login To DepFlow" library="depflow_keywords">
<arg>${ADMIN_USERNAME}</arg>
<arg>${ADMIN_PASSWORD}</arg>
<doc>Logs into DepFlow application</doc>
<kw name="Sleep" library="BuiltIn">
<arg>2s</arg>
<doc>Pauses the test executed for the given time.</doc>
<msg timestamp="20250923 07:07:33.461" level="INFO">Slept 2 seconds</msg>
<status status="PASS" starttime="20250923 07:07:31.459" endtime="20250923 07:07:33.462"/>
</kw>
<kw name="Execute Javascript" library="SeleniumLibrary">
<arg>localStorage.clear(); sessionStorage.clear();</arg>
<arg>const modals = ['loginModal', 'addDependencyModal', 'editDependencyModal'];</arg>
<arg>modals.forEach(id =&gt; {</arg>
<arg>const modal = document.getElementById(id);</arg>
<arg>if (modal) {</arg>
<arg>modal.style.display = 'none';</arg>
<arg>modal.classList.remove('show');</arg>
<arg>}</arg>
<arg>});</arg>
<arg>// Ensure landing page is visible and dashboard is hidden</arg>
<arg>document.getElementById('landingPage').style.display = 'block';</arg>
<arg>document.getElementById('dashboardPage').classList.remove('show');</arg>
<doc>Executes the given JavaScript code with possible arguments.</doc>
<msg timestamp="20250923 07:07:33.463" level="INFO">Executing JavaScript:
localStorage.clear(); sessionStorage.clear();const modals = ['loginModal', 'addDependencyModal', 'editDependencyModal'];modals.forEach(id =&gt; {const modal = document.getElementById(id);if (modal) {modal.style.display = 'none';modal.classList.remove('show');}});// Ensure landing page is visible and dashboard is hiddendocument.getElementById('landingPage').style.display = 'block';document.getElementById('dashboardPage').classList.remove('show');
Without any arguments.</msg>
<status status="PASS" starttime="20250923 07:07:33.462" endtime="20250923 07:07:33.470"/>
</kw>
<kw name="Sleep" library="BuiltIn">
<arg>1s</arg>
<doc>Pauses the test executed for the given time.</doc>
<msg timestamp="20250923 07:07:34.472" level="INFO">Slept 1 second</msg>
<status status="PASS" starttime="20250923 07:07:33.470" endtime="20250923 07:07:34.476"/>
</kw>
<kw name="Run Keyword And Return Status" library="BuiltIn">
<var>${modal_visible}</var>
<arg>Element Should Be Visible</arg>
<arg>${LOGIN_MODAL}</arg>
<doc>Runs the given keyword with given arguments and returns the status as a Boolean value.</doc>
<kw name="Element Should Be Visible" library="SeleniumLibrary">
<arg>${LOGIN_MODAL}</arg>
<doc>Verifies that the element identified by ``locator`` is visible.</doc>
<msg timestamp="20250923 07:07:34.653" level="INFO" html="true">&lt;/td&gt;&lt;/tr&gt;&lt;tr&gt;&lt;td colspan="3"&gt;&lt;a href="selenium-screenshot-3.png"&gt;&lt;img src="selenium-screenshot-3.png" width="800px"&gt;&lt;/a&gt;</msg>
<msg timestamp="20250923 07:07:34.653" level="FAIL">The element 'id:loginModal' should be visible, but it is not.</msg>
<status status="FAIL" starttime="20250923 07:07:34.477" endtime="20250923 07:07:34.653"/>
</kw>
<msg timestamp="20250923 07:07:34.653" level="INFO">${modal_visible} = False</msg>
<status status="PASS" starttime="20250923 07:07:34.476" endtime="20250923 07:07:34.653"/>
</kw>
<kw name="Run Keyword If" library="BuiltIn">
<arg>${modal_visible}</arg>
<arg>Execute Javascript</arg>
<arg>closeLoginModal();</arg>
<doc>Runs the given keyword with the given arguments, if ``condition`` is true.</doc>
<status status="PASS" starttime="20250923 07:07:34.653" endtime="20250923 07:07:34.653"/>
</kw>
<kw name="Sleep" library="BuiltIn">
<arg>1s</arg>
<doc>Pauses the test executed for the given time.</doc>
<msg timestamp="20250923 07:07:35.654" level="INFO">Slept 1 second</msg>
<status status="PASS" starttime="20250923 07:07:34.653" endtime="20250923 07:07:35.655"/>
</kw>
<kw name="Execute Javascript" library="SeleniumLibrary">
<arg>const loginBtn = document.querySelector('button[onclick*="openLoginModal"]');</arg>
<arg>if (loginBtn) { loginBtn.click(); }</arg>
<doc>Executes the given JavaScript code with possible arguments.</doc>
<msg timestamp="20250923 07:07:35.656" level="INFO">Executing JavaScript:
const loginBtn = document.querySelector('button[onclick*="openLoginModal"]');if (loginBtn) { loginBtn.click(); }
Without any arguments.</msg>
<status status="PASS" starttime="20250923 07:07:35.655" endtime="20250923 07:07:35.665"/>
</kw>
<kw name="Wait Until Element Is Visible" library="SeleniumLibrary">
<arg>${LOGIN_MODAL}</arg>
<arg>timeout=10s</arg>
<doc>Waits until the element ``locator`` is visible.</doc>
<status status="PASS" starttime="20250923 07:07:35.665" endtime="20250923 07:07:35.899"/>
</kw>
<kw name="Clear Element Text" library="SeleniumLibrary">
<arg>${USERNAME_FIELD}</arg>
<doc>Clears the value of the text-input-element identified by ``locator``.</doc>
<status status="PASS" starttime="20250923 07:07:35.899" endtime="20250923 07:07:35.928"/>
</kw>
<kw name="Clear Element Text" library="SeleniumLibrary">
<arg>${PASSWORD_FIELD}</arg>
<doc>Clears the value of the text-input-element identified by ``locator``.</doc>
<status status="PASS" starttime="20250923 07:07:35.928" endtime="20250923 07:07:35.942"/>
</kw>
<kw name="Input Text" library="SeleniumLibrary">
<arg>${USERNAME_FIELD}</arg>
<arg>${username}</arg>
<doc>Types the given ``text`` into the text field identified by ``locator``.</doc>
<msg timestamp="20250923 07:07:35.943" level="INFO">Typing text 'admin@demo.com' into text field 'id:email'.</msg>
<status status="PASS" starttime="20250923 07:07:35.942" endtime="20250923 07:07:36.043"/>
</kw>
<kw name="Input Text" library="SeleniumLibrary">
<arg>${PASSWORD_FIELD}</arg>
<arg>${password}</arg>
<doc>Types the given ``text`` into the text field identified by ``locator``.</doc>
<msg timestamp="20250923 07:07:36.044" level="INFO">Typing text 'admin123456' into text field 'id:password'.</msg>
<status status="PASS" starttime="20250923 07:07:36.043" endtime="20250923 07:07:36.078"/>
</kw>
<kw name="Click Element" library="SeleniumLibrary">
<arg>${LOGIN_SUBMIT_BUTTON}</arg>
<doc>Click the element identified by ``locator``.</doc>
<msg timestamp="20250923 07:07:36.078" level="INFO">Clicking element 'xpath://button[contains(@class, 'btn-login')]'.</msg>
<msg timestamp="20250923 07:07:37.250" level="INFO" html="true">&lt;/td&gt;&lt;/tr&gt;&lt;tr&gt;&lt;td colspan="3"&gt;&lt;a href="selenium-screenshot-4.png"&gt;&lt;img src="selenium-screenshot-4.png" width="800px"&gt;&lt;/a&gt;</msg>
<msg timestamp="20250923 07:07:37.251" level="FAIL">ElementClickInterceptedException: Message: element click intercepted: Element &lt;button class="btn-login" onclick="open...Modal()"&gt;Login&lt;/button&gt; is not clickable at point (1297, 39). Other element would receive the click: &lt;div id="loginModal" class="modal show" style="display: flex;"&gt;...&lt;/div&gt;
  (Session info: chrome=140.0.7339.186)
Stacktrace:
0   chromedriver                        0x0000000100883418 cxxbridge1$str$ptr + 2882044
1   chromedriver                        0x000000010087b3b4 cxxbridge1$str$ptr + 2849176
2   chromedriver                        0x00000001003a5050 _RNvCslE4myv9Sbr3_7___rustc35___rust_no_alloc_shim_is_unstable_v2 + 73436
3   chromedriver                        0x00000001003f1f6c _RNvCslE4myv9Sbr3_7___rustc35___rust_no_alloc_shim_is_unstable_v2 + 388600
4   chromedriver                        0x00000001003f04d8 _RNvCslE4myv9Sbr3_7___rustc35___rust_no_alloc_shim_is_unstable_v2 + 381796
5   chromedriver                        0x00000001003ee2ec _RNvCslE4myv9Sbr3_7___rustc35___rust_no_alloc_shim_is_unstable_v2 + 373112
6   chromedriver                        0x00000001003ed6e8 _RNvCslE4myv9Sbr3_7___rustc35___rust_no_alloc_shim_is_unstable_v2 + 370036
7   chromedriver                        0x00000001003e2220 _RNvCslE4myv9Sbr3_7___rustc35___rust_no_alloc_shim_is_unstable_v2 + 323756
8   chromedriver                        0x00000001003e1cac _RNvCslE4myv9Sbr3_7___rustc35___rust_no_alloc_shim_is_unstable_v2 + 322360
9   chromedriver                        0x000000010042d604 _RNvCslE4myv9Sbr3_7___rustc35___rust_no_alloc_shim_is_unstable_v2 + 631952
10  chromedriver                        0x00000001003e00d0 _RNvCslE4myv9Sbr3_7___rustc35___rust_no_alloc_shim_is_unstable_v2 + 315228
11  chromedriver                        0x0000000100847b08 cxxbridge1$str$ptr + 2638060
12  chromedriver                        0x000000010084ad20 cxxbridge1$str$ptr + 2650884
13  chromedriver                        0x0000000100828e58 cxxbridge1$str$ptr + 2511932
14  chromedriver                        0x000000010084b5cc cxxbridge1$str$ptr + 2653104
15  chromedriver                        0x000000010081a59c cxxbridge1$str$ptr + 2452352
16  chromedriver                        0x000000010086a9f0 cxxbridge1$str$ptr + 2781140
17  chromedriver                        0x000000010086ab70 cxxbridge1$str$ptr + 2781524
18  chromedriver                        0x000000010087b000 cxxbridge1$str$ptr + 2848228
19  libsystem_pthread.dylib             0x0000000186067c0c _pthread_start + 136
20  libsystem_pthread.dylib             0x0000000186062b80 thread_start + 8
</msg>
<status status="FAIL" starttime="20250923 07:07:36.078" endtime="20250923 07:07:37.265"/>
</kw>
<kw name="Wait Until Element Is Visible" library="SeleniumLibrary">
<arg>${DASHBOARD_PAGE}</arg>
<arg>timeout=10s</arg>
<doc>Waits until the element ``locator`` is visible.</doc>
<status status="NOT RUN" starttime="20250923 07:07:37.265" endtime="20250923 07:07:37.265"/>
</kw>
<kw name="Wait Until Element Is Visible" library="SeleniumLibrary">
<arg>${USER_PANEL}</arg>
<arg>timeout=10s</arg>
<doc>Waits until the element ``locator`` is visible.</doc>
<status status="NOT RUN" starttime="20250923 07:07:37.265" endtime="20250923 07:07:37.265"/>
</kw>
<kw name="Wait Until Element Is Not Visible" library="SeleniumLibrary">
<arg>${LOGIN_MODAL}</arg>
<arg>timeout=5s</arg>
<doc>Waits until the element ``locator`` is not visible.</doc>
<status status="NOT RUN" starttime="20250923 07:07:37.266" endtime="20250923 07:07:37.266"/>
</kw>
<status status="FAIL" starttime="20250923 07:07:31.458" endtime="20250923 07:07:37.266"/>
</kw>
<kw name="Navigate To Dashboard" library="depflow_keywords">
<doc>Navigates to the dashboard page</doc>
<status status="NOT RUN" starttime="20250923 07:07:37.266" endtime="20250923 07:07:37.266"/>
</kw>
<kw name="Page Should Contain Element" library="SeleniumLibrary">
<arg>${USER_PANEL}</arg>
<doc>Verifies that element ``locator`` is found on the current page.</doc>
<status status="NOT RUN" starttime="20250923 07:07:37.266" endtime="20250923 07:07:37.266"/>
</kw>
<kw name="Element Should Be Visible" library="SeleniumLibrary">
<arg>${LOGOUT_BUTTON}</arg>
<doc>Verifies that the element identified by ``locator`` is visible.</doc>
<status status="NOT RUN" starttime="20250923 07:07:37.266" endtime="20250923 07:07:37.266"/>
</kw>
<kw name="Cleanup Each Authentication Test" type="TEARDOWN">
<doc>Cleanup after each authentication test</doc>
<kw name="Ensure All Modals Closed" library="depflow_keywords">
<doc>Ensures all modals are closed before proceeding</doc>
<kw name="Execute Javascript" library="SeleniumLibrary">
<arg>if (typeof closeLoginModal === 'function') { closeLoginModal(); }</arg>
<arg>if (typeof closeAddDependencyModal === 'function') { closeAddDependencyModal(); }</arg>
<arg>if (typeof closeEditDependencyModal === 'function') { closeEditDependencyModal(); }</arg>
<doc>Executes the given JavaScript code with possible arguments.</doc>
<msg timestamp="20250923 07:07:37.266" level="INFO">Executing JavaScript:
if (typeof closeLoginModal === 'function') { closeLoginModal(); }if (typeof closeAddDependencyModal === 'function') { closeAddDependencyModal(); }if (typeof closeEditDependencyModal === 'function') { closeEditDependencyModal(); }
Without any arguments.</msg>
<status status="PASS" starttime="20250923 07:07:37.266" endtime="20250923 07:07:37.270"/>
</kw>
<kw name="Execute Javascript" library="SeleniumLibrary">
<arg>document.querySelectorAll('.modal').forEach(modal =&gt; {</arg>
<arg>modal.style.display = 'none';</arg>
<arg>modal.classList.remove('show');</arg>
<arg>});</arg>
<doc>Executes the given JavaScript code with possible arguments.</doc>
<msg timestamp="20250923 07:07:37.271" level="INFO">Executing JavaScript:
document.querySelectorAll('.modal').forEach(modal =&gt; {modal.style.display = 'none';modal.classList.remove('show');});
Without any arguments.</msg>
<status status="PASS" starttime="20250923 07:07:37.270" endtime="20250923 07:07:37.273"/>
</kw>
<kw name="Run Keyword And Ignore Error" library="BuiltIn">
<arg>Press Keys</arg>
<arg>None</arg>
<arg>ESCAPE</arg>
<doc>Runs the given keyword with the given arguments and ignores possible error.</doc>
<kw name="Press Keys" library="SeleniumLibrary">
<arg>None</arg>
<arg>ESCAPE</arg>
<doc>Simulates the user pressing key(s) to an element or on the active browser.</doc>
<msg timestamp="20250923 07:07:37.273" level="INFO">Sending key(s) ('ESCAPE',) to page.</msg>
<msg timestamp="20250923 07:07:37.273" level="INFO">Pressing special key ESCAPE to browser.</msg>
<msg timestamp="20250923 07:07:37.273" level="INFO">Releasing special key ESCAPE.</msg>
<status status="PASS" starttime="20250923 07:07:37.273" endtime="20250923 07:07:37.275"/>
</kw>
<status status="PASS" starttime="20250923 07:07:37.273" endtime="20250923 07:07:37.275"/>
</kw>
<kw name="Sleep" library="BuiltIn">
<arg>1s</arg>
<doc>Pauses the test executed for the given time.</doc>
<msg timestamp="20250923 07:07:38.277" level="INFO">Slept 1 second</msg>
<status status="PASS" starttime="20250923 07:07:37.275" endtime="20250923 07:07:38.277"/>
</kw>
<status status="PASS" starttime="20250923 07:07:37.266" endtime="20250923 07:07:38.277"/>
</kw>
<kw name="Close DepFlow Application" library="depflow_keywords">
<doc>Closes the browser and cleans up</doc>
<kw name="Close All Browsers" library="SeleniumLibrary">
<doc>Closes all open browsers and resets the browser cache.</doc>
<status status="PASS" starttime="20250923 07:07:38.279" endtime="20250923 07:07:38.474"/>
</kw>
<status status="PASS" starttime="20250923 07:07:38.279" endtime="20250923 07:07:38.474"/>
</kw>
<status status="PASS" starttime="20250923 07:07:37.266" endtime="20250923 07:07:38.474"/>
</kw>
<doc>Test successful login with manual credential entry</doc>
<tag>authentication</tag>
<tag>manual</tag>
<status status="FAIL" starttime="20250923 07:07:25.743" endtime="20250923 07:07:38.474">ElementClickInterceptedException: Message: element click intercepted: Element &lt;button class="btn-login" onclick="open...Modal()"&gt;Login&lt;/button&gt; is not clickable at point (1297, 39). Other element would receive the click: &lt;div id="loginModal" class="modal show" style="display: flex;"&gt;...&lt;/div&gt;
  (Session info: chrome=140.0.7339.186)
Stacktrace:
0   chromedriver                        0x0000000100883418 cxxbridge1$str$ptr + 2882044
1   chromedriver                        0x000000010087b3b4 cxxbridge1$str$ptr + 2849176
2   chromedriver                        0x00000001003a5050 _RNvCslE4myv9Sbr3_7___rustc35___rust_no_alloc_shim_is_unstable_v2 + 73436
3   chromedriver                        0x00000001003f1f6c _RNvCslE4myv9Sbr3_7___rustc35___rust_no_alloc_shim_is_unstable_v2 + 388600
4   chromedriver                        0x00000001003f04d8 _RNvCslE4myv9Sbr3_7___rustc35___rust_no_alloc_shim_is_unstable_v2 + 381796
5   chromedriver                        0x00000001003ee2ec _RNvCslE4myv9Sbr3_7___rustc35___rust_no_alloc_shim_is_unstable_v2 + 373112
6   chromedriver                        0x00000001003ed6e8 _RNvCslE4myv9Sbr3_7___rustc35___rust_no_alloc_shim_is_unstable_v2 + 370036
    [ Message content over the limit has been removed. ]
... _RNvCslE4myv9Sbr3_7___rustc35___rust_no_alloc_shim_is_unstable_v2 + 315228
11  chromedriver                        0x0000000100847b08 cxxbridge1$str$ptr + 2638060
12  chromedriver                        0x000000010084ad20 cxxbridge1$str$ptr + 2650884
13  chromedriver                        0x0000000100828e58 cxxbridge1$str$ptr + 2511932
14  chromedriver                        0x000000010084b5cc cxxbridge1$str$ptr + 2653104
15  chromedriver                        0x000000010081a59c cxxbridge1$str$ptr + 2452352
16  chromedriver                        0x000000010086a9f0 cxxbridge1$str$ptr + 2781140
17  chromedriver                        0x000000010086ab70 cxxbridge1$str$ptr + 2781524
18  chromedriver                        0x000000010087b000 cxxbridge1$str$ptr + 2848228
19  libsystem_pthread.dylib             0x0000000186067c0c _pthread_start + 136
20  libsystem_pthread.dylib             0x0000000186062b80 thread_start + 8</status>
</test>
<test id="s1-t5" name="TC005 - Invalid Login Credentials" line="72">
<kw name="Setup Each Authentication Test" type="SETUP">
<doc>Setup for each authentication test</doc>
<kw name="Open DepFlow Application" library="depflow_keywords">
<doc>Opens the DepFlow application in browser</doc>
<kw name="Open Browser" library="SeleniumLibrary">
<arg>${APP_URL}</arg>
<arg>${BROWSER}</arg>
<doc>Opens a new browser instance to the optional ``url``.</doc>
<msg timestamp="20250923 07:07:38.476" level="INFO">Opening browser 'Chrome' to base url 'http://localhost:3000'.</msg>
<status status="PASS" starttime="20250923 07:07:38.476" endtime="20250923 07:07:39.769"/>
</kw>
<kw name="Maximize Browser Window" library="SeleniumLibrary">
<doc>Maximizes current browser window.</doc>
<status status="PASS" starttime="20250923 07:07:39.770" endtime="20250923 07:07:40.139"/>
</kw>
<kw name="Set Selenium Implicit Wait" library="SeleniumLibrary">
<arg>${IMPLICIT_WAIT}</arg>
<doc>Sets the implicit wait value used by Selenium.</doc>
<status status="PASS" starttime="20250923 07:07:40.140" endtime="20250923 07:07:40.141"/>
</kw>
<kw name="Wait Until Page Contains Element" library="SeleniumLibrary">
<arg>${LANDING_PAGE_LOGO}</arg>
<arg>timeout=30s</arg>
<doc>Waits until the element ``locator`` appears on the current page.</doc>
<status status="PASS" starttime="20250923 07:07:40.141" endtime="20250923 07:07:40.148"/>
</kw>
<kw name="Sleep" library="BuiltIn">
<arg>3s</arg>
<doc>Pauses the test executed for the given time.</doc>
<msg timestamp="20250923 07:07:43.149" level="INFO">Slept 3 seconds</msg>
<status status="PASS" starttime="20250923 07:07:40.148" endtime="20250923 07:07:43.149"/>
</kw>
<status status="PASS" starttime="20250923 07:07:38.476" endtime="20250923 07:07:43.149"/>
</kw>
<kw name="Ensure All Modals Closed" library="depflow_keywords">
<doc>Ensures all modals are closed before proceeding</doc>
<kw name="Execute Javascript" library="SeleniumLibrary">
<arg>if (typeof closeLoginModal === 'function') { closeLoginModal(); }</arg>
<arg>if (typeof closeAddDependencyModal === 'function') { closeAddDependencyModal(); }</arg>
<arg>if (typeof closeEditDependencyModal === 'function') { closeEditDependencyModal(); }</arg>
<doc>Executes the given JavaScript code with possible arguments.</doc>
<msg timestamp="20250923 07:07:43.150" level="INFO">Executing JavaScript:
if (typeof closeLoginModal === 'function') { closeLoginModal(); }if (typeof closeAddDependencyModal === 'function') { closeAddDependencyModal(); }if (typeof closeEditDependencyModal === 'function') { closeEditDependencyModal(); }
Without any arguments.</msg>
<status status="PASS" starttime="20250923 07:07:43.150" endtime="20250923 07:07:43.157"/>
</kw>
<kw name="Execute Javascript" library="SeleniumLibrary">
<arg>document.querySelectorAll('.modal').forEach(modal =&gt; {</arg>
<arg>modal.style.display = 'none';</arg>
<arg>modal.classList.remove('show');</arg>
<arg>});</arg>
<doc>Executes the given JavaScript code with possible arguments.</doc>
<msg timestamp="20250923 07:07:43.157" level="INFO">Executing JavaScript:
document.querySelectorAll('.modal').forEach(modal =&gt; {modal.style.display = 'none';modal.classList.remove('show');});
Without any arguments.</msg>
<status status="PASS" starttime="20250923 07:07:43.157" endtime="20250923 07:07:43.160"/>
</kw>
<kw name="Run Keyword And Ignore Error" library="BuiltIn">
<arg>Press Keys</arg>
<arg>None</arg>
<arg>ESCAPE</arg>
<doc>Runs the given keyword with the given arguments and ignores possible error.</doc>
<kw name="Press Keys" library="SeleniumLibrary">
<arg>None</arg>
<arg>ESCAPE</arg>
<doc>Simulates the user pressing key(s) to an element or on the active browser.</doc>
<msg timestamp="20250923 07:07:43.161" level="INFO">Sending key(s) ('ESCAPE',) to page.</msg>
<msg timestamp="20250923 07:07:43.162" level="INFO">Pressing special key ESCAPE to browser.</msg>
<msg timestamp="20250923 07:07:43.162" level="INFO">Releasing special key ESCAPE.</msg>
<status status="PASS" starttime="20250923 07:07:43.161" endtime="20250923 07:07:43.167"/>
</kw>
<status status="PASS" starttime="20250923 07:07:43.161" endtime="20250923 07:07:43.167"/>
</kw>
<kw name="Sleep" library="BuiltIn">
<arg>1s</arg>
<doc>Pauses the test executed for the given time.</doc>
<msg timestamp="20250923 07:07:44.169" level="INFO">Slept 1 second</msg>
<status status="PASS" starttime="20250923 07:07:43.167" endtime="20250923 07:07:44.169"/>
</kw>
<status status="PASS" starttime="20250923 07:07:43.149" endtime="20250923 07:07:44.169"/>
</kw>
<status status="PASS" starttime="20250923 07:07:38.475" endtime="20250923 07:07:44.169"/>
</kw>
<kw name="Click Element" library="SeleniumLibrary">
<arg>${LOGIN_BUTTON}</arg>
<doc>Click the element identified by ``locator``.</doc>
<msg timestamp="20250923 07:07:44.170" level="INFO">Clicking element 'xpath://button[contains(@onclick, 'openLoginModal')]'.</msg>
<status status="PASS" starttime="20250923 07:07:44.170" endtime="20250923 07:07:44.213"/>
</kw>
<kw name="Wait Until Element Is Visible" library="SeleniumLibrary">
<arg>${LOGIN_MODAL}</arg>
<doc>Waits until the element ``locator`` is visible.</doc>
<status status="PASS" starttime="20250923 07:07:44.213" endtime="20250923 07:07:44.450"/>
</kw>
<kw name="Input Text" library="SeleniumLibrary">
<arg>${USERNAME_FIELD}</arg>
<arg>invalid@user.com</arg>
<doc>Types the given ``text`` into the text field identified by ``locator``.</doc>
<msg timestamp="20250923 07:07:44.451" level="INFO">Typing text 'invalid@user.com' into text field 'id:email'.</msg>
<status status="PASS" starttime="20250923 07:07:44.451" endtime="20250923 07:07:44.551"/>
</kw>
<kw name="Input Text" library="SeleniumLibrary">
<arg>${PASSWORD_FIELD}</arg>
<arg>wrongpassword</arg>
<doc>Types the given ``text`` into the text field identified by ``locator``.</doc>
<msg timestamp="20250923 07:07:44.551" level="INFO">Typing text 'wrongpassword' into text field 'id:password'.</msg>
<status status="PASS" starttime="20250923 07:07:44.551" endtime="20250923 07:07:44.587"/>
</kw>
<kw name="Click Element" library="SeleniumLibrary">
<arg>${LOGIN_SUBMIT_BUTTON}</arg>
<doc>Click the element identified by ``locator``.</doc>
<msg timestamp="20250923 07:07:44.588" level="INFO">Clicking element 'xpath://button[contains(@class, 'btn-login')]'.</msg>
<msg timestamp="20250923 07:07:45.774" level="INFO" html="true">&lt;/td&gt;&lt;/tr&gt;&lt;tr&gt;&lt;td colspan="3"&gt;&lt;a href="selenium-screenshot-5.png"&gt;&lt;img src="selenium-screenshot-5.png" width="800px"&gt;&lt;/a&gt;</msg>
<msg timestamp="20250923 07:07:45.774" level="FAIL">ElementClickInterceptedException: Message: element click intercepted: Element &lt;button class="btn-login" onclick="open...Modal()"&gt;Login&lt;/button&gt; is not clickable at point (1297, 39). Other element would receive the click: &lt;div id="loginModal" class="modal show" style="display: flex;"&gt;...&lt;/div&gt;
  (Session info: chrome=140.0.7339.186)
Stacktrace:
0   chromedriver                        0x0000000104a87418 cxxbridge1$str$ptr + 2882044
1   chromedriver                        0x0000000104a7f3b4 cxxbridge1$str$ptr + 2849176
2   chromedriver                        0x00000001045a9050 _RNvCslE4myv9Sbr3_7___rustc35___rust_no_alloc_shim_is_unstable_v2 + 73436
3   chromedriver                        0x00000001045f5f6c _RNvCslE4myv9Sbr3_7___rustc35___rust_no_alloc_shim_is_unstable_v2 + 388600
4   chromedriver                        0x00000001045f44d8 _RNvCslE4myv9Sbr3_7___rustc35___rust_no_alloc_shim_is_unstable_v2 + 381796
5   chromedriver                        0x00000001045f22ec _RNvCslE4myv9Sbr3_7___rustc35___rust_no_alloc_shim_is_unstable_v2 + 373112
6   chromedriver                        0x00000001045f16e8 _RNvCslE4myv9Sbr3_7___rustc35___rust_no_alloc_shim_is_unstable_v2 + 370036
7   chromedriver                        0x00000001045e6220 _RNvCslE4myv9Sbr3_7___rustc35___rust_no_alloc_shim_is_unstable_v2 + 323756
8   chromedriver                        0x00000001045e5cac _RNvCslE4myv9Sbr3_7___rustc35___rust_no_alloc_shim_is_unstable_v2 + 322360
9   chromedriver                        0x0000000104631604 _RNvCslE4myv9Sbr3_7___rustc35___rust_no_alloc_shim_is_unstable_v2 + 631952
10  chromedriver                        0x00000001045e40d0 _RNvCslE4myv9Sbr3_7___rustc35___rust_no_alloc_shim_is_unstable_v2 + 315228
11  chromedriver                        0x0000000104a4bb08 cxxbridge1$str$ptr + 2638060
12  chromedriver                        0x0000000104a4ed20 cxxbridge1$str$ptr + 2650884
13  chromedriver                        0x0000000104a2ce58 cxxbridge1$str$ptr + 2511932
14  chromedriver                        0x0000000104a4f5cc cxxbridge1$str$ptr + 2653104
15  chromedriver                        0x0000000104a1e59c cxxbridge1$str$ptr + 2452352
16  chromedriver                        0x0000000104a6e9f0 cxxbridge1$str$ptr + 2781140
17  chromedriver                        0x0000000104a6eb70 cxxbridge1$str$ptr + 2781524
18  chromedriver                        0x0000000104a7f000 cxxbridge1$str$ptr + 2848228
19  libsystem_pthread.dylib             0x0000000186067c0c _pthread_start + 136
20  libsystem_pthread.dylib             0x0000000186062b80 thread_start + 8
</msg>
<status status="FAIL" starttime="20250923 07:07:44.587" endtime="20250923 07:07:45.774"/>
</kw>
<kw name="Element Should Be Visible" library="SeleniumLibrary">
<arg>${LOGIN_MODAL}</arg>
<doc>Verifies that the element identified by ``locator`` is visible.</doc>
<status status="NOT RUN" starttime="20250923 07:07:45.774" endtime="20250923 07:07:45.774"/>
</kw>
<kw name="Page Should Not Contain Element" library="SeleniumLibrary">
<arg>${DASHBOARD_PAGE}</arg>
<doc>Verifies that element ``locator`` is not found on the current page.</doc>
<status status="NOT RUN" starttime="20250923 07:07:45.774" endtime="20250923 07:07:45.774"/>
</kw>
<kw name="Cleanup Each Authentication Test" type="TEARDOWN">
<doc>Cleanup after each authentication test</doc>
<kw name="Ensure All Modals Closed" library="depflow_keywords">
<doc>Ensures all modals are closed before proceeding</doc>
<kw name="Execute Javascript" library="SeleniumLibrary">
<arg>if (typeof closeLoginModal === 'function') { closeLoginModal(); }</arg>
<arg>if (typeof closeAddDependencyModal === 'function') { closeAddDependencyModal(); }</arg>
<arg>if (typeof closeEditDependencyModal === 'function') { closeEditDependencyModal(); }</arg>
<doc>Executes the given JavaScript code with possible arguments.</doc>
<msg timestamp="20250923 07:07:45.775" level="INFO">Executing JavaScript:
if (typeof closeLoginModal === 'function') { closeLoginModal(); }if (typeof closeAddDependencyModal === 'function') { closeAddDependencyModal(); }if (typeof closeEditDependencyModal === 'function') { closeEditDependencyModal(); }
Without any arguments.</msg>
<status status="PASS" starttime="20250923 07:07:45.775" endtime="20250923 07:07:45.780"/>
</kw>
<kw name="Execute Javascript" library="SeleniumLibrary">
<arg>document.querySelectorAll('.modal').forEach(modal =&gt; {</arg>
<arg>modal.style.display = 'none';</arg>
<arg>modal.classList.remove('show');</arg>
<arg>});</arg>
<doc>Executes the given JavaScript code with possible arguments.</doc>
<msg timestamp="20250923 07:07:45.780" level="INFO">Executing JavaScript:
document.querySelectorAll('.modal').forEach(modal =&gt; {modal.style.display = 'none';modal.classList.remove('show');});
Without any arguments.</msg>
<status status="PASS" starttime="20250923 07:07:45.780" endtime="20250923 07:07:45.783"/>
</kw>
<kw name="Run Keyword And Ignore Error" library="BuiltIn">
<arg>Press Keys</arg>
<arg>None</arg>
<arg>ESCAPE</arg>
<doc>Runs the given keyword with the given arguments and ignores possible error.</doc>
<kw name="Press Keys" library="SeleniumLibrary">
<arg>None</arg>
<arg>ESCAPE</arg>
<doc>Simulates the user pressing key(s) to an element or on the active browser.</doc>
<msg timestamp="20250923 07:07:45.783" level="INFO">Sending key(s) ('ESCAPE',) to page.</msg>
<msg timestamp="20250923 07:07:45.783" level="INFO">Pressing special key ESCAPE to browser.</msg>
<msg timestamp="20250923 07:07:45.783" level="INFO">Releasing special key ESCAPE.</msg>
<status status="PASS" starttime="20250923 07:07:45.783" endtime="20250923 07:07:45.785"/>
</kw>
<status status="PASS" starttime="20250923 07:07:45.783" endtime="20250923 07:07:45.785"/>
</kw>
<kw name="Sleep" library="BuiltIn">
<arg>1s</arg>
<doc>Pauses the test executed for the given time.</doc>
<msg timestamp="20250923 07:07:46.786" level="INFO">Slept 1 second</msg>
<status status="PASS" starttime="20250923 07:07:45.785" endtime="20250923 07:07:46.787"/>
</kw>
<status status="PASS" starttime="20250923 07:07:45.774" endtime="20250923 07:07:46.787"/>
</kw>
<kw name="Close DepFlow Application" library="depflow_keywords">
<doc>Closes the browser and cleans up</doc>
<kw name="Close All Browsers" library="SeleniumLibrary">
<doc>Closes all open browsers and resets the browser cache.</doc>
<status status="PASS" starttime="20250923 07:07:46.788" endtime="20250923 07:07:47.172"/>
</kw>
<status status="PASS" starttime="20250923 07:07:46.787" endtime="20250923 07:07:47.172"/>
</kw>
<status status="PASS" starttime="20250923 07:07:45.774" endtime="20250923 07:07:47.172"/>
</kw>
<doc>Test login failure with invalid credentials</doc>
<tag>authentication</tag>
<tag>negative</tag>
<status status="FAIL" starttime="20250923 07:07:38.475" endtime="20250923 07:07:47.172">ElementClickInterceptedException: Message: element click intercepted: Element &lt;button class="btn-login" onclick="open...Modal()"&gt;Login&lt;/button&gt; is not clickable at point (1297, 39). Other element would receive the click: &lt;div id="loginModal" class="modal show" style="display: flex;"&gt;...&lt;/div&gt;
  (Session info: chrome=140.0.7339.186)
Stacktrace:
0   chromedriver                        0x0000000104a87418 cxxbridge1$str$ptr + 2882044
1   chromedriver                        0x0000000104a7f3b4 cxxbridge1$str$ptr + 2849176
2   chromedriver                        0x00000001045a9050 _RNvCslE4myv9Sbr3_7___rustc35___rust_no_alloc_shim_is_unstable_v2 + 73436
3   chromedriver                        0x00000001045f5f6c _RNvCslE4myv9Sbr3_7___rustc35___rust_no_alloc_shim_is_unstable_v2 + 388600
4   chromedriver                        0x00000001045f44d8 _RNvCslE4myv9Sbr3_7___rustc35___rust_no_alloc_shim_is_unstable_v2 + 381796
5   chromedriver                        0x00000001045f22ec _RNvCslE4myv9Sbr3_7___rustc35___rust_no_alloc_shim_is_unstable_v2 + 373112
6   chromedriver                        0x00000001045f16e8 _RNvCslE4myv9Sbr3_7___rustc35___rust_no_alloc_shim_is_unstable_v2 + 370036
    [ Message content over the limit has been removed. ]
... _RNvCslE4myv9Sbr3_7___rustc35___rust_no_alloc_shim_is_unstable_v2 + 315228
11  chromedriver                        0x0000000104a4bb08 cxxbridge1$str$ptr + 2638060
12  chromedriver                        0x0000000104a4ed20 cxxbridge1$str$ptr + 2650884
13  chromedriver                        0x0000000104a2ce58 cxxbridge1$str$ptr + 2511932
14  chromedriver                        0x0000000104a4f5cc cxxbridge1$str$ptr + 2653104
15  chromedriver                        0x0000000104a1e59c cxxbridge1$str$ptr + 2452352
16  chromedriver                        0x0000000104a6e9f0 cxxbridge1$str$ptr + 2781140
17  chromedriver                        0x0000000104a6eb70 cxxbridge1$str$ptr + 2781524
18  chromedriver                        0x0000000104a7f000 cxxbridge1$str$ptr + 2848228
19  libsystem_pthread.dylib             0x0000000186067c0c _pthread_start + 136
20  libsystem_pthread.dylib             0x0000000186062b80 thread_start + 8</status>
</test>
<test id="s1-t6" name="TC006 - Empty Credentials Login" line="86">
<kw name="Setup Each Authentication Test" type="SETUP">
<doc>Setup for each authentication test</doc>
<kw name="Open DepFlow Application" library="depflow_keywords">
<doc>Opens the DepFlow application in browser</doc>
<kw name="Open Browser" library="SeleniumLibrary">
<arg>${APP_URL}</arg>
<arg>${BROWSER}</arg>
<doc>Opens a new browser instance to the optional ``url``.</doc>
<msg timestamp="20250923 07:07:47.173" level="INFO">Opening browser 'Chrome' to base url 'http://localhost:3000'.</msg>
<status status="PASS" starttime="20250923 07:07:47.173" endtime="20250923 07:07:48.567"/>
</kw>
<kw name="Maximize Browser Window" library="SeleniumLibrary">
<doc>Maximizes current browser window.</doc>
<status status="PASS" starttime="20250923 07:07:48.568" endtime="20250923 07:07:48.940"/>
</kw>
<kw name="Set Selenium Implicit Wait" library="SeleniumLibrary">
<arg>${IMPLICIT_WAIT}</arg>
<doc>Sets the implicit wait value used by Selenium.</doc>
<status status="PASS" starttime="20250923 07:07:48.941" endtime="20250923 07:07:48.942"/>
</kw>
<kw name="Wait Until Page Contains Element" library="SeleniumLibrary">
<arg>${LANDING_PAGE_LOGO}</arg>
<arg>timeout=30s</arg>
<doc>Waits until the element ``locator`` appears on the current page.</doc>
<status status="PASS" starttime="20250923 07:07:48.942" endtime="20250923 07:07:48.949"/>
</kw>
<kw name="Sleep" library="BuiltIn">
<arg>3s</arg>
<doc>Pauses the test executed for the given time.</doc>
<msg timestamp="20250923 07:07:51.951" level="INFO">Slept 3 seconds</msg>
<status status="PASS" starttime="20250923 07:07:48.949" endtime="20250923 07:07:51.952"/>
</kw>
<status status="PASS" starttime="20250923 07:07:47.173" endtime="20250923 07:07:51.952"/>
</kw>
<kw name="Ensure All Modals Closed" library="depflow_keywords">
<doc>Ensures all modals are closed before proceeding</doc>
<kw name="Execute Javascript" library="SeleniumLibrary">
<arg>if (typeof closeLoginModal === 'function') { closeLoginModal(); }</arg>
<arg>if (typeof closeAddDependencyModal === 'function') { closeAddDependencyModal(); }</arg>
<arg>if (typeof closeEditDependencyModal === 'function') { closeEditDependencyModal(); }</arg>
<doc>Executes the given JavaScript code with possible arguments.</doc>
<msg timestamp="20250923 07:07:51.953" level="INFO">Executing JavaScript:
if (typeof closeLoginModal === 'function') { closeLoginModal(); }if (typeof closeAddDependencyModal === 'function') { closeAddDependencyModal(); }if (typeof closeEditDependencyModal === 'function') { closeEditDependencyModal(); }
Without any arguments.</msg>
<status status="PASS" starttime="20250923 07:07:51.953" endtime="20250923 07:07:51.959"/>
</kw>
<kw name="Execute Javascript" library="SeleniumLibrary">
<arg>document.querySelectorAll('.modal').forEach(modal =&gt; {</arg>
<arg>modal.style.display = 'none';</arg>
<arg>modal.classList.remove('show');</arg>
<arg>});</arg>
<doc>Executes the given JavaScript code with possible arguments.</doc>
<msg timestamp="20250923 07:07:51.959" level="INFO">Executing JavaScript:
document.querySelectorAll('.modal').forEach(modal =&gt; {modal.style.display = 'none';modal.classList.remove('show');});
Without any arguments.</msg>
<status status="PASS" starttime="20250923 07:07:51.959" endtime="20250923 07:07:51.963"/>
</kw>
<kw name="Run Keyword And Ignore Error" library="BuiltIn">
<arg>Press Keys</arg>
<arg>None</arg>
<arg>ESCAPE</arg>
<doc>Runs the given keyword with the given arguments and ignores possible error.</doc>
<kw name="Press Keys" library="SeleniumLibrary">
<arg>None</arg>
<arg>ESCAPE</arg>
<doc>Simulates the user pressing key(s) to an element or on the active browser.</doc>
<msg timestamp="20250923 07:07:51.966" level="INFO">Sending key(s) ('ESCAPE',) to page.</msg>
<msg timestamp="20250923 07:07:51.967" level="INFO">Pressing special key ESCAPE to browser.</msg>
<msg timestamp="20250923 07:07:51.967" level="INFO">Releasing special key ESCAPE.</msg>
<status status="PASS" starttime="20250923 07:07:51.964" endtime="20250923 07:07:51.971"/>
</kw>
[...]
<doc>Executes the given JavaScript code with possible arguments.</doc>
<msg timestamp="20250923 07:10:17.507" level="INFO">Executing JavaScript:
if (typeof closeLoginModal === 'function') { closeLoginModal(); }if (typeof closeAddDependencyModal === 'function') { closeAddDependencyModal(); }if (typeof closeEditDependencyModal === 'function') { closeEditDependencyModal(); }
Without any arguments.</msg>
<status status="PASS" starttime="20250923 07:10:17.507" endtime="20250923 07:10:17.510"/>
</kw>
<kw name="Execute Javascript" library="SeleniumLibrary">
<arg>document.querySelectorAll('.modal').forEach(modal =&gt; {</arg>
<arg>modal.style.display = 'none';</arg>
<arg>modal.classList.remove('show');</arg>
<arg>});</arg>
<doc>Executes the given JavaScript code with possible arguments.</doc>
<msg timestamp="20250923 07:10:17.510" level="INFO">Executing JavaScript:
document.querySelectorAll('.modal').forEach(modal =&gt; {modal.style.display = 'none';modal.classList.remove('show');});
Without any arguments.</msg>
<status status="PASS" starttime="20250923 07:10:17.510" endtime="20250923 07:10:17.512"/>
</kw>
<kw name="Run Keyword And Ignore Error" library="BuiltIn">
<arg>Press Keys</arg>
<arg>None</arg>
<arg>ESCAPE</arg>
<doc>Runs the given keyword with the given arguments and ignores possible error.</doc>
<kw name="Press Keys" library="SeleniumLibrary">
<arg>None</arg>
<arg>ESCAPE</arg>
<doc>Simulates the user pressing key(s) to an element or on the active browser.</doc>
<msg timestamp="20250923 07:10:17.512" level="INFO">Sending key(s) ('ESCAPE',) to page.</msg>
<msg timestamp="20250923 07:10:17.512" level="INFO">Pressing special key ESCAPE to browser.</msg>
<msg timestamp="20250923 07:10:17.512" level="INFO">Releasing special key ESCAPE.</msg>
<status status="PASS" starttime="20250923 07:10:17.512" endtime="20250923 07:10:17.515"/>
</kw>
<status status="PASS" starttime="20250923 07:10:17.512" endtime="20250923 07:10:17.515"/>
</kw>
<kw name="Sleep" library="BuiltIn">
<arg>1s</arg>
<doc>Pauses the test executed for the given time.</doc>
<msg timestamp="20250923 07:10:18.515" level="INFO">Slept 1 second</msg>
<status status="PASS" starttime="20250923 07:10:17.515" endtime="20250923 07:10:18.515"/>
</kw>
<status status="PASS" starttime="20250923 07:10:17.507" endtime="20250923 07:10:18.515"/>
</kw>
<kw name="Close DepFlow Application" library="depflow_keywords">
<doc>Closes the browser and cleans up</doc>
<kw name="Close All Browsers" library="SeleniumLibrary">
<doc>Closes all open browsers and resets the browser cache.</doc>
<status status="PASS" starttime="20250923 07:10:18.517" endtime="20250923 07:10:18.700"/>
</kw>
<status status="PASS" starttime="20250923 07:10:18.516" endtime="20250923 07:10:18.700"/>
</kw>
<status status="PASS" starttime="20250923 07:10:17.507" endtime="20250923 07:10:18.700"/>
</kw>
<doc>Test application behavior when session expires</doc>
<tag>authentication</tag>
<tag>session</tag>
<tag>timeout</tag>
<status status="PASS" starttime="20250923 07:10:08.531" endtime="20250923 07:10:18.700"/>
</test>
<test id="s1-t20" name="TC020 - Cross-Tab Session Sync" line="318">
<kw name="Setup Each Authentication Test" type="SETUP">
<doc>Setup for each authentication test</doc>
<kw name="Open DepFlow Application" library="depflow_keywords">
<doc>Opens the DepFlow application in browser</doc>
<kw name="Open Browser" library="SeleniumLibrary">
<arg>${APP_URL}</arg>
<arg>${BROWSER}</arg>
<doc>Opens a new browser instance to the optional ``url``.</doc>
<msg timestamp="20250923 07:10:18.703" level="INFO">Opening browser 'Chrome' to base url 'http://localhost:3000'.</msg>
<status status="PASS" starttime="20250923 07:10:18.702" endtime="20250923 07:10:20.268"/>
</kw>
<kw name="Maximize Browser Window" library="SeleniumLibrary">
<doc>Maximizes current browser window.</doc>
<status status="PASS" starttime="20250923 07:10:20.269" endtime="20250923 07:10:20.634"/>
</kw>
<kw name="Set Selenium Implicit Wait" library="SeleniumLibrary">
<arg>${IMPLICIT_WAIT}</arg>
<doc>Sets the implicit wait value used by Selenium.</doc>
<status status="PASS" starttime="20250923 07:10:20.634" endtime="20250923 07:10:20.635"/>
</kw>
<kw name="Wait Until Page Contains Element" library="SeleniumLibrary">
<arg>${LANDING_PAGE_LOGO}</arg>
<arg>timeout=30s</arg>
<doc>Waits until the element ``locator`` appears on the current page.</doc>
<status status="PASS" starttime="20250923 07:10:20.635" endtime="20250923 07:10:20.642"/>
</kw>
<kw name="Sleep" library="BuiltIn">
<arg>3s</arg>
<doc>Pauses the test executed for the given time.</doc>
<msg timestamp="20250923 07:10:23.645" level="INFO">Slept 3 seconds</msg>
<status status="PASS" starttime="20250923 07:10:20.642" endtime="20250923 07:10:23.646"/>
</kw>
<status status="PASS" starttime="20250923 07:10:18.702" endtime="20250923 07:10:23.646"/>
</kw>
<kw name="Ensure All Modals Closed" library="depflow_keywords">
<doc>Ensures all modals are closed before proceeding</doc>
<kw name="Execute Javascript" library="SeleniumLibrary">
<arg>if (typeof closeLoginModal === 'function') { closeLoginModal(); }</arg>
<arg>if (typeof closeAddDependencyModal === 'function') { closeAddDependencyModal(); }</arg>
<arg>if (typeof closeEditDependencyModal === 'function') { closeEditDependencyModal(); }</arg>
<doc>Executes the given JavaScript code with possible arguments.</doc>
<msg timestamp="20250923 07:10:23.649" level="INFO">Executing JavaScript:
if (typeof closeLoginModal === 'function') { closeLoginModal(); }if (typeof closeAddDependencyModal === 'function') { closeAddDependencyModal(); }if (typeof closeEditDependencyModal === 'function') { closeEditDependencyModal(); }
Without any arguments.</msg>
<status status="PASS" starttime="20250923 07:10:23.648" endtime="20250923 07:10:23.656"/>
</kw>
<kw name="Execute Javascript" library="SeleniumLibrary">
<arg>document.querySelectorAll('.modal').forEach(modal =&gt; {</arg>
<arg>modal.style.display = 'none';</arg>
<arg>modal.classList.remove('show');</arg>
<arg>});</arg>
<doc>Executes the given JavaScript code with possible arguments.</doc>
<msg timestamp="20250923 07:10:23.657" level="INFO">Executing JavaScript:
document.querySelectorAll('.modal').forEach(modal =&gt; {modal.style.display = 'none';modal.classList.remove('show');});
Without any arguments.</msg>
<status status="PASS" starttime="20250923 07:10:23.656" endtime="20250923 07:10:23.660"/>
</kw>
<kw name="Run Keyword And Ignore Error" library="BuiltIn">
<arg>Press Keys</arg>
<arg>None</arg>
<arg>ESCAPE</arg>
<doc>Runs the given keyword with the given arguments and ignores possible error.</doc>
<kw name="Press Keys" library="SeleniumLibrary">
<arg>None</arg>
<arg>ESCAPE</arg>
<doc>Simulates the user pressing key(s) to an element or on the active browser.</doc>
<msg timestamp="20250923 07:10:23.661" level="INFO">Sending key(s) ('ESCAPE',) to page.</msg>
<msg timestamp="20250923 07:10:23.661" level="INFO">Pressing special key ESCAPE to browser.</msg>
<msg timestamp="20250923 07:10:23.661" level="INFO">Releasing special key ESCAPE.</msg>
<status status="PASS" starttime="20250923 07:10:23.660" endtime="20250923 07:10:23.666"/>
</kw>
<status status="PASS" starttime="20250923 07:10:23.660" endtime="20250923 07:10:23.666"/>
</kw>
<kw name="Sleep" library="BuiltIn">
<arg>1s</arg>
<doc>Pauses the test executed for the given time.</doc>
<msg timestamp="20250923 07:10:24.667" level="INFO">Slept 1 second</msg>
<status status="PASS" starttime="20250923 07:10:23.666" endtime="20250923 07:10:24.667"/>
</kw>
<status status="PASS" starttime="20250923 07:10:23.647" endtime="20250923 07:10:24.668"/>
</kw>
<status status="PASS" starttime="20250923 07:10:18.702" endtime="20250923 07:10:24.668"/>
</kw>
<kw name="Login As Admin" library="depflow_keywords">
<doc>Quick login as admin user using test mode bypass</doc>
<kw name="Test Mode Admin Login" library="depflow_keywords">
<doc>Quick admin login using test mode</doc>
<kw name="Test Mode Login" library="depflow_keywords">
<arg>admin</arg>
<doc>Login using test mode bypass - no modal interaction required</doc>
<kw name="Wait Until Page Contains Element" library="SeleniumLibrary">
<arg>${LANDING_PAGE_LOGO}</arg>
<arg>timeout=10s</arg>
<doc>Waits until the element ``locator`` appears on the current page.</doc>
<status status="PASS" starttime="20250923 07:10:24.669" endtime="20250923 07:10:24.677"/>
</kw>
<kw name="Sleep" library="BuiltIn">
<arg>1s</arg>
<doc>Pauses the test executed for the given time.</doc>
<msg timestamp="20250923 07:10:25.678" level="INFO">Slept 1 second</msg>
<status status="PASS" starttime="20250923 07:10:24.677" endtime="20250923 07:10:25.678"/>
</kw>
<kw name="Execute Javascript" library="SeleniumLibrary">
<arg>if (typeof window.DepFlow.testModeLogin === 'function') {</arg>
<arg>window.DepFlow.testModeLogin('${user_type}');</arg>
<arg>} else {</arg>
<arg>console.error('Test mode login function not available');</arg>
<arg>}</arg>
<doc>Executes the given JavaScript code with possible arguments.</doc>
<msg timestamp="20250923 07:10:25.679" level="INFO">Executing JavaScript:
if (typeof window.DepFlow.testModeLogin === 'function') {window.DepFlow.testModeLogin('admin');} else {console.error('Test mode login function not available');}
Without any arguments.</msg>
<status status="PASS" starttime="20250923 07:10:25.678" endtime="20250923 07:10:25.694"/>
</kw>
<kw name="Sleep" library="BuiltIn">
<arg>2s</arg>
<doc>Pauses the test executed for the given time.</doc>
<msg timestamp="20250923 07:10:27.695" level="INFO">Slept 2 seconds</msg>
<status status="PASS" starttime="20250923 07:10:25.695" endtime="20250923 07:10:27.695"/>
</kw>
<kw name="Wait Until Element Is Visible" library="SeleniumLibrary">
<arg>${DASHBOARD_PAGE}</arg>
<arg>timeout=10s</arg>
<doc>Waits until the element ``locator`` is visible.</doc>
<status status="PASS" starttime="20250923 07:10:27.695" endtime="20250923 07:10:27.715"/>
</kw>
<kw name="Wait Until Element Is Visible" library="SeleniumLibrary">
<arg>${USER_PANEL}</arg>
<arg>timeout=5s</arg>
<doc>Waits until the element ``locator`` is visible.</doc>
<status status="PASS" starttime="20250923 07:10:27.715" endtime="20250923 07:10:27.726"/>
</kw>
<kw name="Log" library="BuiltIn">
<arg>Test Mode Login Completed for ${user_type}</arg>
<doc>Logs the given message with the given level.</doc>
<msg timestamp="20250923 07:10:27.726" level="INFO">Test Mode Login Completed for admin</msg>
<status status="PASS" starttime="20250923 07:10:27.726" endtime="20250923 07:10:27.726"/>
</kw>
<status status="PASS" starttime="20250923 07:10:24.668" endtime="20250923 07:10:27.726"/>
</kw>
<status status="PASS" starttime="20250923 07:10:24.668" endtime="20250923 07:10:27.726"/>
</kw>
<status status="PASS" starttime="20250923 07:10:24.668" endtime="20250923 07:10:27.726"/>
</kw>
<kw name="Navigate To Dashboard" library="depflow_keywords">
<doc>Navigates to the dashboard page</doc>
<kw name="Wait Until Element Is Visible" library="SeleniumLibrary">
<arg>${DASHBOARD_PAGE}</arg>
<doc>Waits until the element ``locator`` is visible.</doc>
<status status="PASS" starttime="20250923 07:10:27.727" endtime="20250923 07:10:27.734"/>
</kw>
<kw name="Page Should Contain Element" library="SeleniumLibrary">
<arg>${USER_PANEL}</arg>
<doc>Verifies that element ``locator`` is found on the current page.</doc>
<msg timestamp="20250923 07:10:27.737" level="INFO">Current page contains element 'id:userPanel'.</msg>
<status status="PASS" starttime="20250923 07:10:27.734" endtime="20250923 07:10:27.737"/>
</kw>
<status status="PASS" starttime="20250923 07:10:27.727" endtime="20250923 07:10:27.737"/>
</kw>
<kw name="Execute Javascript" library="SeleniumLibrary">
<arg>window.open('${APP_URL}', '_blank');</arg>
<doc>Executes the given JavaScript code with possible arguments.</doc>
<msg timestamp="20250923 07:10:27.737" level="INFO">Executing JavaScript:
window.open('http://localhost:3000', '_blank');
Without any arguments.</msg>
<status status="PASS" starttime="20250923 07:10:27.737" endtime="20250923 07:10:27.774"/>
</kw>
<kw name="Get Window Handles" library="SeleniumLibrary">
<var>@{windows}</var>
<doc>Returns all child window handles of the selected browser as a list.</doc>
<msg timestamp="20250923 07:10:27.786" level="INFO">@{windows} = [ E2106D356F896598CC87576E637794E2 | 2E5EC85280C1CF945D5E1A566BB5DE21 ]</msg>
<status status="PASS" starttime="20250923 07:10:27.774" endtime="20250923 07:10:27.786"/>
</kw>
<kw name="Switch Window" library="SeleniumLibrary">
<arg>${windows}[1]</arg>
<doc>Switches to browser window matching ``locator``.</doc>
<status status="PASS" starttime="20250923 07:10:27.786" endtime="20250923 07:10:27.861"/>
</kw>
<kw name="Wait Until Page Contains Element" library="SeleniumLibrary">
<arg>${USER_PANEL}</arg>
<arg>timeout=10s</arg>
<doc>Waits until the element ``locator`` appears on the current page.</doc>
<status status="PASS" starttime="20250923 07:10:27.861" endtime="20250923 07:10:27.915"/>
</kw>
<kw name="Page Should Contain" library="SeleniumLibrary">
<arg>admin@demo.com</arg>
<doc>Verifies that current page contains ``text``.</doc>
<msg timestamp="20250923 07:10:27.921" level="INFO">Current page contains text 'admin@demo.com'.</msg>
<status status="PASS" starttime="20250923 07:10:27.916" endtime="20250923 07:10:27.922"/>
</kw>
<kw name="Close Window" library="SeleniumLibrary">
<doc>Closes currently opened and selected browser window/tab.</doc>
<status status="PASS" starttime="20250923 07:10:27.922" endtime="20250923 07:10:27.948"/>
</kw>
<kw name="Switch Window" library="SeleniumLibrary">
<arg>${windows}[0]</arg>
<doc>Switches to browser window matching ``locator``.</doc>
<status status="PASS" starttime="20250923 07:10:27.948" endtime="20250923 07:10:27.956"/>
</kw>
<kw name="Cleanup Each Authentication Test" type="TEARDOWN">
<doc>Cleanup after each authentication test</doc>
<kw name="Ensure All Modals Closed" library="depflow_keywords">
<doc>Ensures all modals are closed before proceeding</doc>
<kw name="Execute Javascript" library="SeleniumLibrary">
<arg>if (typeof closeLoginModal === 'function') { closeLoginModal(); }</arg>
<arg>if (typeof closeAddDependencyModal === 'function') { closeAddDependencyModal(); }</arg>
<arg>if (typeof closeEditDependencyModal === 'function') { closeEditDependencyModal(); }</arg>
<doc>Executes the given JavaScript code with possible arguments.</doc>
<msg timestamp="20250923 07:10:27.957" level="INFO">Executing JavaScript:
if (typeof closeLoginModal === 'function') { closeLoginModal(); }if (typeof closeAddDependencyModal === 'function') { closeAddDependencyModal(); }if (typeof closeEditDependencyModal === 'function') { closeEditDependencyModal(); }
Without any arguments.</msg>
<status status="PASS" starttime="20250923 07:10:27.956" endtime="20250923 07:10:27.979"/>
</kw>
<kw name="Execute Javascript" library="SeleniumLibrary">
<arg>document.querySelectorAll('.modal').forEach(modal =&gt; {</arg>
<arg>modal.style.display = 'none';</arg>
<arg>modal.classList.remove('show');</arg>
<arg>});</arg>
<doc>Executes the given JavaScript code with possible arguments.</doc>
<msg timestamp="20250923 07:10:27.979" level="INFO">Executing JavaScript:
document.querySelectorAll('.modal').forEach(modal =&gt; {modal.style.display = 'none';modal.classList.remove('show');});
Without any arguments.</msg>
<status status="PASS" starttime="20250923 07:10:27.979" endtime="20250923 07:10:27.981"/>
</kw>
<kw name="Run Keyword And Ignore Error" library="BuiltIn">
<arg>Press Keys</arg>
<arg>None</arg>
<arg>ESCAPE</arg>
<doc>Runs the given keyword with the given arguments and ignores possible error.</doc>
<kw name="Press Keys" library="SeleniumLibrary">
<arg>None</arg>
<arg>ESCAPE</arg>
<doc>Simulates the user pressing key(s) to an element or on the active browser.</doc>
<msg timestamp="20250923 07:10:27.982" level="INFO">Sending key(s) ('ESCAPE',) to page.</msg>
<msg timestamp="20250923 07:10:27.982" level="INFO">Pressing special key ESCAPE to browser.</msg>
<msg timestamp="20250923 07:10:27.982" level="INFO">Releasing special key ESCAPE.</msg>
<status status="PASS" starttime="20250923 07:10:27.981" endtime="20250923 07:10:27.985"/>
</kw>
<status status="PASS" starttime="20250923 07:10:27.981" endtime="20250923 07:10:27.985"/>
</kw>
<kw name="Sleep" library="BuiltIn">
<arg>1s</arg>
<doc>Pauses the test executed for the given time.</doc>
<msg timestamp="20250923 07:10:28.986" level="INFO">Slept 1 second</msg>
<status status="PASS" starttime="20250923 07:10:27.985" endtime="20250923 07:10:28.986"/>
</kw>
<status status="PASS" starttime="20250923 07:10:27.956" endtime="20250923 07:10:28.986"/>
</kw>
<kw name="Close DepFlow Application" library="depflow_keywords">
<doc>Closes the browser and cleans up</doc>
<kw name="Close All Browsers" library="SeleniumLibrary">
<doc>Closes all open browsers and resets the browser cache.</doc>
<status status="PASS" starttime="20250923 07:10:28.986" endtime="20250923 07:10:29.125"/>
</kw>
<status status="PASS" starttime="20250923 07:10:28.986" endtime="20250923 07:10:29.126"/>
</kw>
<status status="PASS" starttime="20250923 07:10:27.956" endtime="20250923 07:10:29.126"/>
</kw>
<doc>Test session synchronization across browser tabs</doc>
<tag>authentication</tag>
<tag>multi_tab</tag>
<tag>session</tag>
<status status="PASS" starttime="20250923 07:10:18.701" endtime="20250923 07:10:29.126"/>
</test>
<kw name="Teardown Test Environment" library="depflow_keywords" type="TEARDOWN">
<doc>Tears down test environment</doc>
<kw name="Capture Page Screenshot" library="SeleniumLibrary">
<doc>Takes a screenshot of the current page and embeds it into a log file.</doc>
<msg timestamp="20250923 07:10:29.127" level="INFO">Cannot capture screenshot because no browser is open.</msg>
<status status="PASS" starttime="20250923 07:10:29.127" endtime="20250923 07:10:29.127"/>
</kw>
<kw name="Close DepFlow Application" library="depflow_keywords">
<doc>Closes the browser and cleans up</doc>
<kw name="Close All Browsers" library="SeleniumLibrary">
<doc>Closes all open browsers and resets the browser cache.</doc>
<status status="PASS" starttime="20250923 07:10:29.127" endtime="20250923 07:10:29.127"/>
</kw>
<status status="PASS" starttime="20250923 07:10:29.127" endtime="20250923 07:10:29.127"/>
</kw>
<status status="PASS" starttime="20250923 07:10:29.126" endtime="20250923 07:10:29.127"/>
</kw>
<doc>Authentication and Login Test Suite for DepFlow Application</doc>
<status status="FAIL" starttime="20250923 07:06:52.564" endtime="20250923 07:10:29.127"/>
</suite>
<statistics>
<total>
<stat pass="9" fail="11" skip="0">All Tests</stat>
</total>
<tag>
<stat pass="1" fail="0" skip="0">admin</stat>
<stat pass="0" fail="2" skip="0">api</stat>
<stat pass="6" fail="11" skip="0">authentication</stat>
<stat pass="0" fail="2" skip="0">backend</stat>
<stat pass="1" fail="0" skip="0">convenience</stat>
<stat pass="0" fail="1" skip="0">jwt</stat>
<stat pass="1" fail="0" skip="0">landing</stat>
<stat pass="0" fail="2" skip="0">logout</stat>
<stat pass="0" fail="1" skip="0">manual</stat>
<stat pass="2" fail="0" skip="0">modal</stat>
<stat pass="1" fail="0" skip="0">multi_tab</stat>
<stat pass="0" fail="4" skip="0">negative</stat>
<stat pass="1" fail="0" skip="0">persistence</stat>
<stat pass="1" fail="1" skip="0">role</stat>
<stat pass="0" fail="2" skip="0">security</stat>
<stat pass="3" fail="0" skip="0">session</stat>
<stat pass="3" fail="1" skip="0">smoke</stat>
<stat pass="0" fail="2" skip="0">storage</stat>
<stat pass="1" fail="0" skip="0">timeout</stat>
<stat pass="0" fail="1" skip="0">token</stat>
<stat pass="4" fail="0" skip="0">ui</stat>
<stat pass="1" fail="1" skip="0">usability</stat>
<stat pass="0" fail="1" skip="0">user</stat>
<stat pass="0" fail="1" skip="0">validation</stat>
</tag>
<suite>
<stat pass="9" fail="11" skip="0" id="s1" name="01 Authentication Tests">01 Authentication Tests</stat>
</suite>
</statistics>
<errors>
</errors>
</robot>
