<?xml version="1.0" encoding="UTF-8"?>
<robot generator="Robot 6.1.1 (Python 3.9.6 on darwin)" generated="20250923 10:02:43.850" rpa="false" schemaversion="4">
<suite id="s1" name="02 Dependency Crud Tests" source="/Users/mmoola/Cursor/Dependency Management App/tests/test_suites/02_dependency_crud_tests.robot">
<kw name="Test Mode Suite Setup" library="depflow_keywords" type="SETUP">
<doc>Setup using test mode authentication</doc>
<kw name="Open DepFlow Application" library="depflow_keywords">
<doc>Opens the DepFlow application in browser</doc>
<kw name="Open Browser" library="SeleniumLibrary">
<arg>${APP_URL}</arg>
<arg>${BROWSER}</arg>
<doc>Opens a new browser instance to the optional ``url``.</doc>
<msg timestamp="20250923 10:02:44.059" level="INFO">Opening browser 'Chrome' to base url 'http://localhost:3000'.</msg>
<status status="PASS" starttime="20250923 10:02:44.059" endtime="20250923 10:02:46.705"/>
</kw>
<kw name="Maximize Browser Window" library="SeleniumLibrary">
<doc>Maximizes current browser window.</doc>
<status status="PASS" starttime="20250923 10:02:46.706" endtime="20250923 10:02:47.073"/>
</kw>
<kw name="Set Selenium Implicit Wait" library="SeleniumLibrary">
<arg>${IMPLICIT_WAIT}</arg>
<doc>Sets the implicit wait value used by Selenium.</doc>
<status status="PASS" starttime="20250923 10:02:47.074" endtime="20250923 10:02:47.075"/>
</kw>
<kw name="Wait Until Page Contains Element" library="SeleniumLibrary">
<arg>${LANDING_PAGE_LOGO}</arg>
<arg>timeout=30s</arg>
<doc>Waits until the element ``locator`` appears on the current page.</doc>
<status status="PASS" starttime="20250923 10:02:47.075" endtime="20250923 10:02:47.090"/>
</kw>
<kw name="Sleep" library="BuiltIn">
<arg>3s</arg>
<doc>Pauses the test executed for the given time.</doc>
<msg timestamp="20250923 10:02:50.092" level="INFO">Slept 3 seconds</msg>
<status status="PASS" starttime="20250923 10:02:47.090" endtime="20250923 10:02:50.093"/>
</kw>
<status status="PASS" starttime="20250923 10:02:44.059" endtime="20250923 10:02:50.094"/>
</kw>
<kw name="Test Mode Admin Login" library="depflow_keywords">
<doc>Quick admin login using test mode</doc>
<kw name="Test Mode Login" library="depflow_keywords">
<arg>admin</arg>
<doc>Login using test mode bypass - no modal interaction required</doc>
<kw name="Wait Until Page Contains Element" library="SeleniumLibrary">
<arg>${LANDING_PAGE_LOGO}</arg>
<arg>timeout=10s</arg>
<doc>Waits until the element ``locator`` appears on the current page.</doc>
<status status="PASS" starttime="20250923 10:02:50.096" endtime="20250923 10:02:50.107"/>
</kw>
<kw name="Sleep" library="BuiltIn">
<arg>1s</arg>
<doc>Pauses the test executed for the given time.</doc>
<msg timestamp="20250923 10:02:51.108" level="INFO">Slept 1 second</msg>
<status status="PASS" starttime="20250923 10:02:50.108" endtime="20250923 10:02:51.108"/>
</kw>
<kw name="Execute Javascript" library="SeleniumLibrary">
<arg>if (typeof window.DepFlow.testModeLogin === 'function') {</arg>
<arg>window.DepFlow.testModeLogin('${user_type}');</arg>
<arg>} else {</arg>
<arg>console.error('Test mode login function not available');</arg>
<arg>}</arg>
<doc>Executes the given JavaScript code with possible arguments.</doc>
<msg timestamp="20250923 10:02:51.112" level="INFO">Executing JavaScript:
if (typeof window.DepFlow.testModeLogin === 'function') {window.DepFlow.testModeLogin('admin');} else {console.error('Test mode login function not available');}
Without any arguments.</msg>
<status status="PASS" starttime="20250923 10:02:51.108" endtime="20250923 10:02:51.139"/>
</kw>
<kw name="Sleep" library="BuiltIn">
<arg>2s</arg>
<doc>Pauses the test executed for the given time.</doc>
<msg timestamp="20250923 10:02:53.140" level="INFO">Slept 2 seconds</msg>
<status status="PASS" starttime="20250923 10:02:51.140" endtime="20250923 10:02:53.140"/>
</kw>
<kw name="Wait Until Element Is Visible" library="SeleniumLibrary">
<arg>${DASHBOARD_PAGE}</arg>
<arg>timeout=10s</arg>
<doc>Waits until the element ``locator`` is visible.</doc>
<status status="PASS" starttime="20250923 10:02:53.141" endtime="20250923 10:02:53.169"/>
</kw>
<kw name="Wait Until Element Is Visible" library="SeleniumLibrary">
<arg>${USER_PANEL}</arg>
<arg>timeout=5s</arg>
<doc>Waits until the element ``locator`` is visible.</doc>
<status status="PASS" starttime="20250923 10:02:53.169" endtime="20250923 10:02:53.181"/>
</kw>
<kw name="Log" library="BuiltIn">
<arg>Test Mode Login Completed for ${user_type}</arg>
<doc>Logs the given message with the given level.</doc>
<msg timestamp="20250923 10:02:53.181" level="INFO">Test Mode Login Completed for admin</msg>
<status status="PASS" starttime="20250923 10:02:53.181" endtime="20250923 10:02:53.181"/>
</kw>
<status status="PASS" starttime="20250923 10:02:50.095" endtime="20250923 10:02:53.181"/>
</kw>
<status status="PASS" starttime="20250923 10:02:50.095" endtime="20250923 10:02:53.182"/>
</kw>
<status status="PASS" starttime="20250923 10:02:44.059" endtime="20250923 10:02:53.182"/>
</kw>
<test id="s1-t1" name="TC013 - Verify Dashboard Elements Present" line="27">
<kw name="Test Mode Test Setup" library="depflow_keywords" type="SETUP">
<doc>Individual test setup using test mode</doc>
<kw name="Test Mode Reset" library="depflow_keywords">
<doc>Complete app state reset for clean test environment</doc>
<kw name="Execute Javascript" library="SeleniumLibrary">
<arg>if (typeof window.DepFlow.testModeReset === 'function') {</arg>
<arg>window.DepFlow.testModeReset();</arg>
<arg>} else {</arg>
<arg>console.error('Test mode reset function not available');</arg>
<arg>}</arg>
<doc>Executes the given JavaScript code with possible arguments.</doc>
<msg timestamp="20250923 10:02:53.183" level="INFO">Executing JavaScript:
if (typeof window.DepFlow.testModeReset === 'function') {window.DepFlow.testModeReset();} else {console.error('Test mode reset function not available');}
Without any arguments.</msg>
<status status="PASS" starttime="20250923 10:02:53.183" endtime="20250923 10:02:53.188"/>
</kw>
<kw name="Sleep" library="BuiltIn">
<arg>1s</arg>
<doc>Pauses the test executed for the given time.</doc>
<msg timestamp="20250923 10:02:54.190" level="INFO">Slept 1 second</msg>
<status status="PASS" starttime="20250923 10:02:53.188" endtime="20250923 10:02:54.190"/>
</kw>
<kw name="Log" library="BuiltIn">
<arg>Test Mode Reset Completed</arg>
<doc>Logs the given message with the given level.</doc>
<msg timestamp="20250923 10:02:54.190" level="INFO">Test Mode Reset Completed</msg>
<status status="PASS" starttime="20250923 10:02:54.190" endtime="20250923 10:02:54.190"/>
</kw>
<status status="PASS" starttime="20250923 10:02:53.183" endtime="20250923 10:02:54.190"/>
</kw>
<kw name="Test Mode Admin Login" library="depflow_keywords">
<doc>Quick admin login using test mode</doc>
<kw name="Test Mode Login" library="depflow_keywords">
<arg>admin</arg>
<doc>Login using test mode bypass - no modal interaction required</doc>
<kw name="Wait Until Page Contains Element" library="SeleniumLibrary">
<arg>${LANDING_PAGE_LOGO}</arg>
<arg>timeout=10s</arg>
<doc>Waits until the element ``locator`` appears on the current page.</doc>
<status status="PASS" starttime="20250923 10:02:54.191" endtime="20250923 10:02:54.198"/>
</kw>
<kw name="Sleep" library="BuiltIn">
<arg>1s</arg>
<doc>Pauses the test executed for the given time.</doc>
<msg timestamp="20250923 10:02:55.199" level="INFO">Slept 1 second</msg>
<status status="PASS" starttime="20250923 10:02:54.198" endtime="20250923 10:02:55.200"/>
</kw>
<kw name="Execute Javascript" library="SeleniumLibrary">
<arg>if (typeof window.DepFlow.testModeLogin === 'function') {</arg>
<arg>window.DepFlow.testModeLogin('${user_type}');</arg>
<arg>} else {</arg>
<arg>console.error('Test mode login function not available');</arg>
<arg>}</arg>
<doc>Executes the given JavaScript code with possible arguments.</doc>
<msg timestamp="20250923 10:02:55.200" level="INFO">Executing JavaScript:
if (typeof window.DepFlow.testModeLogin === 'function') {window.DepFlow.testModeLogin('admin');} else {console.error('Test mode login function not available');}
Without any arguments.</msg>
<status status="PASS" starttime="20250923 10:02:55.200" endtime="20250923 10:02:55.212"/>
</kw>
<kw name="Sleep" library="BuiltIn">
<arg>2s</arg>
<doc>Pauses the test executed for the given time.</doc>
<msg timestamp="20250923 10:02:57.254" level="INFO">Slept 2 seconds</msg>
<status status="PASS" starttime="20250923 10:02:55.213" endtime="20250923 10:02:57.259"/>
</kw>
<kw name="Wait Until Element Is Visible" library="SeleniumLibrary">
<arg>${DASHBOARD_PAGE}</arg>
<arg>timeout=10s</arg>
<doc>Waits until the element ``locator`` is visible.</doc>
<status status="PASS" starttime="20250923 10:02:57.261" endtime="20250923 10:02:57.344"/>
</kw>
<kw name="Wait Until Element Is Visible" library="SeleniumLibrary">
<arg>${USER_PANEL}</arg>
<arg>timeout=5s</arg>
<doc>Waits until the element ``locator`` is visible.</doc>
<status status="PASS" starttime="20250923 10:02:57.344" endtime="20250923 10:02:57.377"/>
</kw>
<kw name="Log" library="BuiltIn">
<arg>Test Mode Login Completed for ${user_type}</arg>
<doc>Logs the given message with the given level.</doc>
<msg timestamp="20250923 10:02:57.378" level="INFO">Test Mode Login Completed for admin</msg>
<status status="PASS" starttime="20250923 10:02:57.377" endtime="20250923 10:02:57.378"/>
</kw>
<status status="PASS" starttime="20250923 10:02:54.190" endtime="20250923 10:02:57.378"/>
</kw>
<status status="PASS" starttime="20250923 10:02:54.190" endtime="20250923 10:02:57.378"/>
</kw>
<status status="PASS" starttime="20250923 10:02:53.182" endtime="20250923 10:02:57.378"/>
</kw>
<kw name="Page Should Contain Element" library="SeleniumLibrary">
<arg>${ADD_DEPENDENCY_BUTTON}</arg>
<doc>Verifies that element ``locator`` is found on the current page.</doc>
<msg timestamp="20250923 10:02:57.386" level="INFO">Current page contains element 'xpath://button[contains(@onclick, 'showAddDependencyModal')]'.</msg>
<status status="PASS" starttime="20250923 10:02:57.378" endtime="20250923 10:02:57.386"/>
</kw>
<kw name="Page Should Contain Element" library="SeleniumLibrary">
<arg>${TOTAL_COUNT}</arg>
<doc>Verifies that element ``locator`` is found on the current page.</doc>
<msg timestamp="20250923 10:02:57.392" level="INFO">Current page contains element 'id:totalCount'.</msg>
<status status="PASS" starttime="20250923 10:02:57.386" endtime="20250923 10:02:57.392"/>
</kw>
<kw name="Page Should Contain Element" library="SeleniumLibrary">
<arg>${SEARCH_INPUT}</arg>
<doc>Verifies that element ``locator`` is found on the current page.</doc>
<msg timestamp="20250923 10:02:57.398" level="INFO">Current page contains element 'id:searchInput'.</msg>
<status status="PASS" starttime="20250923 10:02:57.392" endtime="20250923 10:02:57.399"/>
</kw>
<kw name="Page Should Contain Element" library="SeleniumLibrary">
<arg>${DEPENDENCY_TABLE}</arg>
<doc>Verifies that element ``locator`` is found on the current page.</doc>
<msg timestamp="20250923 10:02:57.404" level="INFO">Current page contains element 'css:.dependencies-table'.</msg>
<status status="PASS" starttime="20250923 10:02:57.399" endtime="20250923 10:02:57.404"/>
</kw>
<kw name="Verify DepFlow Dashboard Logo Present" library="depflow_keywords">
<doc>Verifies DepFlow logo is present on dashboard page</doc>
<kw name="Get WebElements" library="SeleniumLibrary">
<var>${visible_logos}</var>
<arg>xpath://div[contains(@class, 'depflow-logo') and not(contains(@style, 'display: none'))]</arg>
<doc>Returns a list of WebElement objects matching the ``locator``.</doc>
<msg timestamp="20250923 10:02:57.410" level="INFO">${visible_logos} = [&lt;selenium.webdriver.remote.webelement.WebElement (session="0da86df0c0a1c09eddf4f9456c7b0fa1", element="f.058C33958F43609801E8FEFAC9DAD6F3.d.7716647141F93BE95C7FAF0480780F70.e.38")&gt;, &lt;selenium.webdriv...</msg>
<status status="PASS" starttime="20250923 10:02:57.405" endtime="20250923 10:02:57.410"/>
</kw>
<kw name="Get Length" library="BuiltIn">
<var>${count}</var>
<arg>${visible_logos}</arg>
<doc>Returns and logs the length of the given item as an integer.</doc>
<msg timestamp="20250923 10:02:57.410" level="INFO">Length is 2</msg>
<msg timestamp="20250923 10:02:57.410" level="INFO">${count} = 2</msg>
<status status="PASS" starttime="20250923 10:02:57.410" endtime="20250923 10:02:57.410"/>
</kw>
<kw name="Should Be True" library="BuiltIn">
<arg>${count} &gt; 0</arg>
<arg>No visible DepFlow logo found on dashboard</arg>
<doc>Fails if the given condition is not true.</doc>
<status status="PASS" starttime="20250923 10:02:57.410" endtime="20250923 10:02:57.410"/>
</kw>
<status status="PASS" starttime="20250923 10:02:57.404" endtime="20250923 10:02:57.410"/>
</kw>
<kw name="Test Mode Test Teardown" library="depflow_keywords" type="TEARDOWN">
<doc>Individual test teardown using test mode</doc>
<kw name="Test Mode Reset" library="depflow_keywords">
<doc>Complete app state reset for clean test environment</doc>
<kw name="Execute Javascript" library="SeleniumLibrary">
<arg>if (typeof window.DepFlow.testModeReset === 'function') {</arg>
<arg>window.DepFlow.testModeReset();</arg>
<arg>} else {</arg>
<arg>console.error('Test mode reset function not available');</arg>
<arg>}</arg>
<doc>Executes the given JavaScript code with possible arguments.</doc>
<msg timestamp="20250923 10:02:57.411" level="INFO">Executing JavaScript:
if (typeof window.DepFlow.testModeReset === 'function') {window.DepFlow.testModeReset();} else {console.error('Test mode reset function not available');}
Without any arguments.</msg>
<status status="PASS" starttime="20250923 10:02:57.411" endtime="20250923 10:02:57.416"/>
</kw>
<kw name="Sleep" library="BuiltIn">
<arg>1s</arg>
<doc>Pauses the test executed for the given time.</doc>
<msg timestamp="20250923 10:02:58.419" level="INFO">Slept 1 second</msg>
<status status="PASS" starttime="20250923 10:02:57.416" endtime="20250923 10:02:58.419"/>
</kw>
<kw name="Log" library="BuiltIn">
<arg>Test Mode Reset Completed</arg>
<doc>Logs the given message with the given level.</doc>
<msg timestamp="20250923 10:02:58.420" level="INFO">Test Mode Reset Completed</msg>
<status status="PASS" starttime="20250923 10:02:58.419" endtime="20250923 10:02:58.420"/>
</kw>
<status status="PASS" starttime="20250923 10:02:57.411" endtime="20250923 10:02:58.420"/>
</kw>
<status status="PASS" starttime="20250923 10:02:57.411" endtime="20250923 10:02:58.420"/>
</kw>
<doc>Verify all dashboard elements are present after login</doc>
<tag>dashboard</tag>
<tag>smoke</tag>
<tag>ui</tag>
<status status="PASS" starttime="20250923 10:02:53.182" endtime="20250923 10:02:58.420"/>
</test>
<test id="s1-t2" name="TC014 - Open Add Dependency Modal" line="37">
<kw name="Test Mode Test Setup" library="depflow_keywords" type="SETUP">
<doc>Individual test setup using test mode</doc>
<kw name="Test Mode Reset" library="depflow_keywords">
<doc>Complete app state reset for clean test environment</doc>
<kw name="Execute Javascript" library="SeleniumLibrary">
<arg>if (typeof window.DepFlow.testModeReset === 'function') {</arg>
<arg>window.DepFlow.testModeReset();</arg>
<arg>} else {</arg>
<arg>console.error('Test mode reset function not available');</arg>
<arg>}</arg>
<doc>Executes the given JavaScript code with possible arguments.</doc>
<msg timestamp="20250923 10:02:58.423" level="INFO">Executing JavaScript:
if (typeof window.DepFlow.testModeReset === 'function') {window.DepFlow.testModeReset();} else {console.error('Test mode reset function not available');}
Without any arguments.</msg>
<status status="PASS" starttime="20250923 10:02:58.422" endtime="20250923 10:02:58.429"/>
</kw>
<kw name="Sleep" library="BuiltIn">
<arg>1s</arg>
<doc>Pauses the test executed for the given time.</doc>
<msg timestamp="20250923 10:02:59.432" level="INFO">Slept 1 second</msg>
<status status="PASS" starttime="20250923 10:02:58.430" endtime="20250923 10:02:59.432"/>
</kw>
<kw name="Log" library="BuiltIn">
<arg>Test Mode Reset Completed</arg>
<doc>Logs the given message with the given level.</doc>
<msg timestamp="20250923 10:02:59.432" level="INFO">Test Mode Reset Completed</msg>
<status status="PASS" starttime="20250923 10:02:59.432" endtime="20250923 10:02:59.432"/>
</kw>
<status status="PASS" starttime="20250923 10:02:58.422" endtime="20250923 10:02:59.432"/>
</kw>
<kw name="Test Mode Admin Login" library="depflow_keywords">
<doc>Quick admin login using test mode</doc>
<kw name="Test Mode Login" library="depflow_keywords">
<arg>admin</arg>
<doc>Login using test mode bypass - no modal interaction required</doc>
<kw name="Wait Until Page Contains Element" library="SeleniumLibrary">
<arg>${LANDING_PAGE_LOGO}</arg>
<arg>timeout=10s</arg>
<doc>Waits until the element ``locator`` appears on the current page.</doc>
<status status="PASS" starttime="20250923 10:02:59.433" endtime="20250923 10:02:59.441"/>
</kw>
<kw name="Sleep" library="BuiltIn">
<arg>1s</arg>
<doc>Pauses the test executed for the given time.</doc>
<msg timestamp="20250923 10:03:00.443" level="INFO">Slept 1 second</msg>
<status status="PASS" starttime="20250923 10:02:59.441" endtime="20250923 10:03:00.443"/>
</kw>
<kw name="Execute Javascript" library="SeleniumLibrary">
<arg>if (typeof window.DepFlow.testModeLogin === 'function') {</arg>
<arg>window.DepFlow.testModeLogin('${user_type}');</arg>
<arg>} else {</arg>
<arg>console.error('Test mode login function not available');</arg>
<arg>}</arg>
<doc>Executes the given JavaScript code with possible arguments.</doc>
<msg timestamp="20250923 10:03:00.444" level="INFO">Executing JavaScript:
if (typeof window.DepFlow.testModeLogin === 'function') {window.DepFlow.testModeLogin('admin');} else {console.error('Test mode login function not available');}
Without any arguments.</msg>
<status status="PASS" starttime="20250923 10:03:00.444" endtime="20250923 10:03:00.455"/>
</kw>
<kw name="Sleep" library="BuiltIn">
<arg>2s</arg>
<doc>Pauses the test executed for the given time.</doc>
<msg timestamp="20250923 10:03:02.457" level="INFO">Slept 2 seconds</msg>
<status status="PASS" starttime="20250923 10:03:00.455" endtime="20250923 10:03:02.457"/>
</kw>
<kw name="Wait Until Element Is Visible" library="SeleniumLibrary">
<arg>${DASHBOARD_PAGE}</arg>
<arg>timeout=10s</arg>
<doc>Waits until the element ``locator`` is visible.</doc>
<status status="PASS" starttime="20250923 10:03:02.459" endtime="20250923 10:03:02.480"/>
</kw>
<kw name="Wait Until Element Is Visible" library="SeleniumLibrary">
<arg>${USER_PANEL}</arg>
<arg>timeout=5s</arg>
<doc>Waits until the element ``locator`` is visible.</doc>
<status status="PASS" starttime="20250923 10:03:02.481" endtime="20250923 10:03:02.490"/>
</kw>
<kw name="Log" library="BuiltIn">
<arg>Test Mode Login Completed for ${user_type}</arg>
<doc>Logs the given message with the given level.</doc>
<msg timestamp="20250923 10:03:02.491" level="INFO">Test Mode Login Completed for admin</msg>
<status status="PASS" starttime="20250923 10:03:02.490" endtime="20250923 10:03:02.491"/>
</kw>
<status status="PASS" starttime="20250923 10:02:59.433" endtime="20250923 10:03:02.491"/>
</kw>
<status status="PASS" starttime="20250923 10:02:59.433" endtime="20250923 10:03:02.491"/>
</kw>
<status status="PASS" starttime="20250923 10:02:58.422" endtime="20250923 10:03:02.491"/>
</kw>
<kw name="Ensure All Modals Closed" library="depflow_keywords">
<doc>Ensures all modals are closed before proceeding</doc>
<kw name="Execute Javascript" library="SeleniumLibrary">
<arg>if (typeof closeLoginModal === 'function') { closeLoginModal(); }</arg>
<arg>if (typeof closeAddDependencyModal === 'function') { closeAddDependencyModal(); }</arg>
<arg>if (typeof closeEditDependencyModal === 'function') { closeEditDependencyModal(); }</arg>
<doc>Executes the given JavaScript code with possible arguments.</doc>
<msg timestamp="20250923 10:03:02.492" level="INFO">Executing JavaScript:
if (typeof closeLoginModal === 'function') { closeLoginModal(); }if (typeof closeAddDependencyModal === 'function') { closeAddDependencyModal(); }if (typeof closeEditDependencyModal === 'function') { closeEditDependencyModal(); }
Without any arguments.</msg>
<status status="PASS" starttime="20250923 10:03:02.491" endtime="20250923 10:03:02.495"/>
</kw>
<kw name="Execute Javascript" library="SeleniumLibrary">
<arg>document.querySelectorAll('.modal').forEach(modal =&gt; {</arg>
<arg>modal.style.display = 'none';</arg>
<arg>modal.classList.remove('show');</arg>
<arg>});</arg>
<doc>Executes the given JavaScript code with possible arguments.</doc>
<msg timestamp="20250923 10:03:02.495" level="INFO">Executing JavaScript:
document.querySelectorAll('.modal').forEach(modal =&gt; {modal.style.display = 'none';modal.classList.remove('show');});
Without any arguments.</msg>
<status status="PASS" starttime="20250923 10:03:02.495" endtime="20250923 10:03:02.498"/>
</kw>
<kw name="Run Keyword And Ignore Error" library="BuiltIn">
<arg>Press Keys</arg>
<arg>None</arg>
<arg>ESCAPE</arg>
<doc>Runs the given keyword with the given arguments and ignores possible error.</doc>
<kw name="Press Keys" library="SeleniumLibrary">
<arg>None</arg>
<arg>ESCAPE</arg>
<doc>Simulates the user pressing key(s) to an element or on the active browser.</doc>
<msg timestamp="20250923 10:03:02.499" level="INFO">Sending key(s) ('ESCAPE',) to page.</msg>
<msg timestamp="20250923 10:03:02.499" level="INFO">Pressing special key ESCAPE to browser.</msg>
<msg timestamp="20250923 10:03:02.499" level="INFO">Releasing special key ESCAPE.</msg>
<status status="PASS" starttime="20250923 10:03:02.498" endtime="20250923 10:03:02.507"/>
</kw>
<status status="PASS" starttime="20250923 10:03:02.498" endtime="20250923 10:03:02.507"/>
</kw>
<kw name="Sleep" library="BuiltIn">
<arg>1s</arg>
<doc>Pauses the test executed for the given time.</doc>
<msg timestamp="20250923 10:03:03.508" level="INFO">Slept 1 second</msg>
<status status="PASS" starttime="20250923 10:03:02.507" endtime="20250923 10:03:03.508"/>
</kw>
<status status="PASS" starttime="20250923 10:03:02.491" endtime="20250923 10:03:03.508"/>
</kw>
<kw name="Sleep" library="BuiltIn">
<arg>1s</arg>
<doc>Pauses the test executed for the given time.</doc>
<msg timestamp="20250923 10:03:04.511" level="INFO">Slept 1 second</msg>
<status status="PASS" starttime="20250923 10:03:03.508" endtime="20250923 10:03:04.511"/>
</kw>
<kw name="Click Element" library="SeleniumLibrary">
<arg>${ADD_DEPENDENCY_BUTTON}</arg>
<doc>Click the element identified by ``locator``.</doc>
<msg timestamp="20250923 10:03:04.511" level="INFO">Clicking element 'xpath://button[contains(@onclick, 'showAddDependencyModal')]'.</msg>
<status status="PASS" starttime="20250923 10:03:04.511" endtime="20250923 10:03:04.557"/>
</kw>
<kw name="Wait Until Element Is Visible" library="SeleniumLibrary">
<arg>${ADD_EDIT_MODAL}</arg>
<arg>timeout=10s</arg>
<doc>Waits until the element ``locator`` is visible.</doc>
<status status="PASS" starttime="20250923 10:03:04.557" endtime="20250923 10:03:04.573"/>
</kw>
<kw name="Element Should Be Visible" library="SeleniumLibrary">
<arg>${DEP_NAME_FIELD}</arg>
<doc>Verifies that the element identified by ``locator`` is visible.</doc>
<msg timestamp="20250923 10:03:04.590" level="INFO">Element 'id:addName' is displayed.</msg>
<status status="PASS" starttime="20250923 10:03:04.573" endtime="20250923 10:03:04.590"/>
</kw>
<kw name="Element Should Be Visible" library="SeleniumLibrary">
<arg>${DEP_DESCRIPTION_FIELD}</arg>
<doc>Verifies that the element identified by ``locator`` is visible.</doc>
<msg timestamp="20250923 10:03:04.606" level="INFO">Element 'id:addDescription' is displayed.</msg>
<status status="PASS" starttime="20250923 10:03:04.591" endtime="20250923 10:03:04.606"/>
</kw>
<kw name="Element Should Be Visible" library="SeleniumLibrary">
<arg>${DEP_TEAM_SELECT}</arg>
<doc>Verifies that the element identified by ``locator`` is visible.</doc>
<msg timestamp="20250923 10:03:04.626" level="INFO">Element 'id:addTeam' is displayed.</msg>
<status status="PASS" starttime="20250923 10:03:04.607" endtime="20250923 10:03:04.626"/>
</kw>
<kw name="Element Should Be Visible" library="SeleniumLibrary">
<arg>${DEP_STATUS_SELECT}</arg>
<doc>Verifies that the element identified by ``locator`` is visible.</doc>
<msg timestamp="20250923 10:03:04.640" level="INFO">Element 'id:addStatus' is displayed.</msg>
<status status="PASS" starttime="20250923 10:03:04.627" endtime="20250923 10:03:04.640"/>
</kw>
<kw name="Element Should Be Visible" library="SeleniumLibrary">
<arg>${ADD_BUTTON}</arg>
<doc>Verifies that the element identified by ``locator`` is visible.</doc>
<msg timestamp="20250923 10:03:04.675" level="INFO">Element 'xpath://button[@type='submit' and contains(@class, 'btn-add')]' is displayed.</msg>
<status status="PASS" starttime="20250923 10:03:04.641" endtime="20250923 10:03:04.676"/>
</kw>
<kw name="Element Should Be Visible" library="SeleniumLibrary">
<arg>${CANCEL_BUTTON}</arg>
<doc>Verifies that the element identified by ``locator`` is visible.</doc>
<msg timestamp="20250923 10:03:04.694" level="INFO">Element 'xpath://button[contains(@class, 'btn-cancel')]' is displayed.</msg>
<status status="PASS" starttime="20250923 10:03:04.676" endtime="20250923 10:03:04.694"/>
</kw>
<kw name="Test Mode Test Teardown" library="depflow_keywords" type="TEARDOWN">
<doc>Individual test teardown using test mode</doc>
<kw name="Test Mode Reset" library="depflow_keywords">
<doc>Complete app state reset for clean test environment</doc>
<kw name="Execute Javascript" library="SeleniumLibrary">
<arg>if (typeof window.DepFlow.testModeReset === 'function') {</arg>
<arg>window.DepFlow.testModeReset();</arg>
<arg>} else {</arg>
<arg>console.error('Test mode reset function not available');</arg>
<arg>}</arg>
<doc>Executes the given JavaScript code with possible arguments.</doc>
<msg timestamp="20250923 10:03:04.695" level="INFO">Executing JavaScript:
if (typeof window.DepFlow.testModeReset === 'function') {window.DepFlow.testModeReset();} else {console.error('Test mode reset function not available');}
Without any arguments.</msg>
<status status="PASS" starttime="20250923 10:03:04.695" endtime="20250923 10:03:04.703"/>
</kw>
<kw name="Sleep" library="BuiltIn">
<arg>1s</arg>
<doc>Pauses the test executed for the given time.</doc>
<msg timestamp="20250923 10:03:05.705" level="INFO">Slept 1 second</msg>
<status status="PASS" starttime="20250923 10:03:04.703" endtime="20250923 10:03:05.706"/>
</kw>
<kw name="Log" library="BuiltIn">
<arg>Test Mode Reset Completed</arg>
<doc>Logs the given message with the given level.</doc>
<msg timestamp="20250923 10:03:05.706" level="INFO">Test Mode Reset Completed</msg>
<status status="PASS" starttime="20250923 10:03:05.706" endtime="20250923 10:03:05.706"/>
</kw>
<status status="PASS" starttime="20250923 10:03:04.695" endtime="20250923 10:03:05.706"/>
</kw>
<status status="PASS" starttime="20250923 10:03:04.694" endtime="20250923 10:03:05.706"/>
</kw>
<doc>Test opening the Add Dependency modal</doc>
<tag>modal</tag>
<tag>smoke</tag>
<tag>ui</tag>
<status status="PASS" starttime="20250923 10:02:58.421" endtime="20250923 10:03:05.706"/>
</test>
<test id="s1-t3" name="TC015 - Add New Dependency Successfully" line="52">
<kw name="Test Mode Test Setup" library="depflow_keywords" type="SETUP">
<doc>Individual test setup using test mode</doc>
<kw name="Test Mode Reset" library="depflow_keywords">
<doc>Complete app state reset for clean test environment</doc>
<kw name="Execute Javascript" library="SeleniumLibrary">
<arg>if (typeof window.DepFlow.testModeReset === 'function') {</arg>
<arg>window.DepFlow.testModeReset();</arg>
<arg>} else {</arg>
<arg>console.error('Test mode reset function not available');</arg>
<arg>}</arg>
<doc>Executes the given JavaScript code with possible arguments.</doc>
<msg timestamp="20250923 10:03:05.709" level="INFO">Executing JavaScript:
if (typeof window.DepFlow.testModeReset === 'function') {window.DepFlow.testModeReset();} else {console.error('Test mode reset function not available');}
Without any arguments.</msg>
<status status="PASS" starttime="20250923 10:03:05.708" endtime="20250923 10:03:05.714"/>
</kw>
<kw name="Sleep" library="BuiltIn">
<arg>1s</arg>
<doc>Pauses the test executed for the given time.</doc>
<msg timestamp="20250923 10:03:06.715" level="INFO">Slept 1 second</msg>
<status status="PASS" starttime="20250923 10:03:05.714" endtime="20250923 10:03:06.716"/>
</kw>
<kw name="Log" library="BuiltIn">
<arg>Test Mode Reset Completed</arg>
<doc>Logs the given message with the given level.</doc>
<msg timestamp="20250923 10:03:06.717" level="INFO">Test Mode Reset Completed</msg>
<status status="PASS" starttime="20250923 10:03:06.716" endtime="20250923 10:03:06.717"/>
</kw>
<status status="PASS" starttime="20250923 10:03:05.708" endtime="20250923 10:03:06.717"/>
</kw>
<kw name="Test Mode Admin Login" library="depflow_keywords">
<doc>Quick admin login using test mode</doc>
<kw name="Test Mode Login" library="depflow_keywords">
<arg>admin</arg>
<doc>Login using test mode bypass - no modal interaction required</doc>
<kw name="Wait Until Page Contains Element" library="SeleniumLibrary">
<arg>${LANDING_PAGE_LOGO}</arg>
<arg>timeout=10s</arg>
<doc>Waits until the element ``locator`` appears on the current page.</doc>
<status status="PASS" starttime="20250923 10:03:06.719" endtime="20250923 10:03:06.729"/>
</kw>
<kw name="Sleep" library="BuiltIn">
<arg>1s</arg>
<doc>Pauses the test executed for the given time.</doc>
<msg timestamp="20250923 10:03:07.731" level="INFO">Slept 1 second</msg>
<status status="PASS" starttime="20250923 10:03:06.730" endtime="20250923 10:03:07.731"/>
</kw>
<kw name="Execute Javascript" library="SeleniumLibrary">
<arg>if (typeof window.DepFlow.testModeLogin === 'function') {</arg>
<arg>window.DepFlow.testModeLogin('${user_type}');</arg>
<arg>} else {</arg>
<arg>console.error('Test mode login function not available');</arg>
<arg>}</arg>
<doc>Executes the given JavaScript code with possible arguments.</doc>
<msg timestamp="20250923 10:03:07.733" level="INFO">Executing JavaScript:
if (typeof window.DepFlow.testModeLogin === 'function') {window.DepFlow.testModeLogin('admin');} else {console.error('Test mode login function not available');}
Without any arguments.</msg>
<status status="PASS" starttime="20250923 10:03:07.732" endtime="20250923 10:03:07.751"/>
</kw>
<kw name="Sleep" library="BuiltIn">
<arg>2s</arg>
<doc>Pauses the test executed for the given time.</doc>
<msg timestamp="20250923 10:03:09.755" level="INFO">Slept 2 seconds</msg>
<status status="PASS" starttime="20250923 10:03:07.751" endtime="20250923 10:03:09.761"/>
</kw>
<kw name="Wait Until Element Is Visible" library="SeleniumLibrary">
<arg>${DASHBOARD_PAGE}</arg>
<arg>timeout=10s</arg>
<doc>Waits until the element ``locator`` is visible.</doc>
<status status="PASS" starttime="20250923 10:03:09.761" endtime="20250923 10:03:09.781"/>
</kw>
<kw name="Wait Until Element Is Visible" library="SeleniumLibrary">
<arg>${USER_PANEL}</arg>
<arg>timeout=5s</arg>
<doc>Waits until the element ``locator`` is visible.</doc>
<status status="PASS" starttime="20250923 10:03:09.781" endtime="20250923 10:03:09.803"/>
</kw>
<kw name="Log" library="BuiltIn">
<arg>Test Mode Login Completed for ${user_type}</arg>
<doc>Logs the given message with the given level.</doc>
<msg timestamp="20250923 10:03:09.803" level="INFO">Test Mode Login Completed for admin</msg>
<status status="PASS" starttime="20250923 10:03:09.803" endtime="20250923 10:03:09.803"/>
</kw>
<status status="PASS" starttime="20250923 10:03:06.718" endtime="20250923 10:03:09.803"/>
</kw>
<status status="PASS" starttime="20250923 10:03:06.717" endtime="20250923 10:03:09.803"/>
</kw>
<status status="PASS" starttime="20250923 10:03:05.708" endtime="20250923 10:03:09.803"/>
</kw>
<kw name="Generate Test Data" library="depflow_keywords">
<var>${unique_name}</var>
<arg>CreateTest</arg>
<doc>Generates unique test data for test runs</doc>
<kw name="Get Current Date" library="DateTime">
<var>${timestamp}</var>
<arg>result_format=%Y%m%d_%H%M%S</arg>
<doc>Returns current local or UTC time with an optional increment.</doc>
<msg timestamp="20250923 10:03:09.804" level="INFO">${timestamp} = 20250923_100309</msg>
<status status="PASS" starttime="20250923 10:03:09.804" endtime="20250923 10:03:09.804"/>
</kw>
<kw name="Set Variable" library="BuiltIn">
<var>${unique_name}</var>
<arg>${prefix}_${timestamp}</arg>
<doc>Returns the given values which can then be assigned to a variables.</doc>
<msg timestamp="20250923 10:03:09.804" level="INFO">${unique_name} = CreateTest_20250923_100309</msg>
<status status="PASS" starttime="20250923 10:03:09.804" endtime="20250923 10:03:09.805"/>
</kw>
<msg timestamp="20250923 10:03:09.805" level="INFO">${unique_name} = CreateTest_20250923_100309</msg>
<status status="PASS" starttime="20250923 10:03:09.803" endtime="20250923 10:03:09.805"/>
</kw>
<kw name="Set Variable" library="BuiltIn">
<var>${description}</var>
<arg>Test dependency created by Robot Framework automation</arg>
<doc>Returns the given values which can then be assigned to a variables.</doc>
<msg timestamp="20250923 10:03:09.805" level="INFO">${description} = Test dependency created by Robot Framework automation</msg>
<status status="PASS" starttime="20250923 10:03:09.805" endtime="20250923 10:03:09.805"/>
</kw>
<kw name="Add New Dependency" library="depflow_keywords">
<arg>${unique_name}</arg>
<arg>${description}</arg>
<arg>${TEST_DEP_TEAM}</arg>
<arg>${TEST_DEP_STATUS}</arg>
<arg>${TEST_DEP_PRIORITY}</arg>
<doc>Adds a new dependency with provided details (updated for current app version)</doc>
<kw name="Wait Until Element Is Visible" library="SeleniumLibrary">
<arg>${ADD_DEPENDENCY_BUTTON}</arg>
<arg>timeout=10s</arg>
<doc>Waits until the element ``locator`` is visible.</doc>
<status status="PASS" starttime="20250923 10:03:09.806" endtime="20250923 10:03:09.815"/>
</kw>
<kw name="Click Element" library="SeleniumLibrary">
<arg>${ADD_DEPENDENCY_BUTTON}</arg>
<doc>Click the element identified by ``locator``.</doc>
<msg timestamp="20250923 10:03:09.815" level="INFO">Clicking element 'xpath://button[contains(@onclick, 'showAddDependencyModal')]'.</msg>
<status status="PASS" starttime="20250923 10:03:09.815" endtime="20250923 10:03:09.839"/>
</kw>
<kw name="Wait Until Element Is Visible" library="SeleniumLibrary">
<arg>${ADD_EDIT_MODAL}</arg>
<arg>timeout=10s</arg>
<doc>Waits until the element ``locator`` is visible.</doc>
<status status="PASS" starttime="20250923 10:03:09.839" endtime="20250923 10:03:10.068"/>
</kw>
<kw name="Wait Until Element Is Visible" library="SeleniumLibrary">
<arg>${DEP_NAME_FIELD}</arg>
<arg>timeout=5s</arg>
<doc>Waits until the element ``locator`` is visible.</doc>
<status status="PASS" starttime="20250923 10:03:10.068" endtime="20250923 10:03:10.077"/>
</kw>
<kw name="Wait Until Element Is Visible" library="SeleniumLibrary">
<arg>${DEP_DESCRIPTION_FIELD}</arg>
<arg>timeout=5s</arg>
<doc>Waits until the element ``locator`` is visible.</doc>
<status status="PASS" starttime="20250923 10:03:10.077" endtime="20250923 10:03:10.086"/>
</kw>
<kw name="Wait Until Element Is Visible" library="SeleniumLibrary">
<arg>${DEP_TEAM_SELECT}</arg>
<arg>timeout=5s</arg>
<doc>Waits until the element ``locator`` is visible.</doc>
<status status="PASS" starttime="20250923 10:03:10.086" endtime="20250923 10:03:10.094"/>
</kw>
<kw name="Input Text" library="SeleniumLibrary">
<arg>${DEP_NAME_FIELD}</arg>
<arg>${name}</arg>
<doc>Types the given ``text`` into the text field identified by ``locator``.</doc>
<msg timestamp="20250923 10:03:10.095" level="INFO">Typing text 'CreateTest_20250923_100309' into text field 'id:addName'.</msg>
<status status="PASS" starttime="20250923 10:03:10.094" endtime="20250923 10:03:10.203"/>
</kw>
<kw name="Input Text" library="SeleniumLibrary">
<arg>${DEP_DESCRIPTION_FIELD}</arg>
<arg>${description}</arg>
<doc>Types the given ``text`` into the text field identified by ``locator``.</doc>
<msg timestamp="20250923 10:03:10.204" level="INFO">Typing text 'Test dependency created by Robot Framework automation' into text field 'id:addDescription'.</msg>
<status status="PASS" starttime="20250923 10:03:10.204" endtime="20250923 10:03:10.244"/>
</kw>
<kw name="Select From List By Label" library="SeleniumLibrary">
<arg>${DEP_TEAM_SELECT}</arg>
<arg>${team}</arg>
<doc>Selects options from selection list ``locator`` by ``labels``.</doc>
<msg timestamp="20250923 10:03:10.244" level="INFO">Selecting options from selection list 'id:addTeam' by label Quality Flow.</msg>
<status status="PASS" starttime="20250923 10:03:10.244" endtime="20250923 10:03:10.286"/>
</kw>
<kw name="Select From List By Value" library="SeleniumLibrary">
<arg>${DEP_STATUS_SELECT}</arg>
<arg>${status}</arg>
<doc>Selects options from selection list ``locator`` by ``values``.</doc>
<msg timestamp="20250923 10:03:10.286" level="INFO">Selecting options from selection list 'id:addStatus' by value NOT STARTED.</msg>
<status status="PASS" starttime="20250923 10:03:10.286" endtime="20250923 10:03:10.304"/>
</kw>
<kw name="Select From List By Value" library="SeleniumLibrary">
<arg>${DEP_PRIORITY_SELECT}</arg>
<arg>${priority}</arg>
<doc>Selects options from selection list ``locator`` by ``values``.</doc>
<msg timestamp="20250923 10:03:10.304" level="INFO">Selecting options from selection list 'id:addPriority' by value MEDIUM.</msg>
<status status="PASS" starttime="20250923 10:03:10.304" endtime="20250923 10:03:10.323"/>
</kw>
<kw name="Run Keyword If" library="BuiltIn">
<arg>'${jira}' != '${EMPTY}'</arg>
<arg>Input Text</arg>
<arg>${DEP_JIRA_FIELD}</arg>
<arg>${jira}</arg>
<doc>Runs the given keyword with the given arguments, if ``condition`` is true.</doc>
<status status="PASS" starttime="20250923 10:03:10.323" endtime="20250923 10:03:10.325"/>
</kw>
<kw name="Wait Until Element Is Visible" library="SeleniumLibrary">
<arg>${ADD_BUTTON}</arg>
<arg>timeout=5s</arg>
<doc>Waits until the element ``locator`` is visible.</doc>
<status status="PASS" starttime="20250923 10:03:10.325" endtime="20250923 10:03:10.332"/>
</kw>
<kw name="Click Element" library="SeleniumLibrary">
<arg>${ADD_BUTTON}</arg>
<doc>Click the element identified by ``locator``.</doc>
<msg timestamp="20250923 10:03:10.332" level="INFO">Clicking element 'xpath://button[@type='submit' and contains(@class, 'btn-add')]'.</msg>
<status status="PASS" starttime="20250923 10:03:10.332" endtime="20250923 10:03:10.364"/>
</kw>
<kw name="Wait Until Element Is Not Visible" library="SeleniumLibrary">
<arg>${ADD_EDIT_MODAL}</arg>
<arg>timeout=15s</arg>
<doc>Waits until the element ``locator`` is not visible.</doc>
<status status="PASS" starttime="20250923 10:03:10.364" endtime="20250923 10:03:10.372"/>
</kw>
<kw name="Sleep" library="BuiltIn">
<arg>2s</arg>
<doc>Pauses the test executed for the given time.</doc>
<msg timestamp="20250923 10:03:12.379" level="INFO">Slept 2 seconds</msg>
<status status="PASS" starttime="20250923 10:03:10.372" endtime="20250923 10:03:12.380"/>
</kw>
<status status="PASS" starttime="20250923 10:03:09.805" endtime="20250923 10:03:12.381"/>
</kw>
<kw name="Verify Dependency Exists" library="depflow_keywords">
<arg>${unique_name}</arg>
<doc>Verifies that a dependency exists in the dependencies container</doc>
<kw name="Wait Until Page Contains Element" library="SeleniumLibrary">
<arg>xpath://div[@class='dependency-name' and contains(text(), '${dependency_name}')]</arg>
<arg>timeout=10s</arg>
<doc>Waits until the element ``locator`` appears on the current page.</doc>
<status status="PASS" starttime="20250923 10:03:12.383" endtime="20250923 10:03:12.404"/>
</kw>
<status status="PASS" starttime="20250923 10:03:12.382" endtime="20250923 10:03:12.404"/>
</kw>
<kw name="Verify Notification Message" library="depflow_keywords">
<arg>successfully</arg>
<doc>Verifies notification message appears</doc>
<kw name="Wait Until Element Is Visible" library="SeleniumLibrary">
<arg>${NOTIFICATION}</arg>
<arg>timeout=5s</arg>
<doc>Waits until the element ``locator`` is visible.</doc>
<msg timestamp="20250923 10:03:22.971" level="INFO" html="true">&lt;/td&gt;&lt;/tr&gt;&lt;tr&gt;&lt;td colspan="3"&gt;&lt;a href="selenium-screenshot-1.png"&gt;&lt;img src="selenium-screenshot-1.png" width="800px"&gt;&lt;/a&gt;</msg>
<msg timestamp="20250923 10:03:22.971" level="FAIL">Element 'id:notification' not visible after 5 seconds.</msg>
<status status="FAIL" starttime="20250923 10:03:12.404" endtime="20250923 10:03:23.002"/>
</kw>
<kw name="Get Text" library="SeleniumLibrary">
<var>${actual_message}</var>
<arg>${NOTIFICATION}</arg>
<doc>Returns the text value of the element identified by ``locator``.</doc>
<status status="NOT RUN" starttime="20250923 10:03:23.003" endtime="20250923 10:03:23.003"/>
</kw>
<kw name="Should Contain" library="BuiltIn">
<arg>${actual_message}</arg>
<arg>${expected_message}</arg>
<doc>Fails if ``container`` does not contain ``item`` one or more times.</doc>
<status status="NOT RUN" starttime="20250923 10:03:23.004" endtime="20250923 10:03:23.004"/>
</kw>
<status status="FAIL" starttime="20250923 10:03:12.404" endtime="20250923 10:03:23.004"/>
</kw>
<kw name="Page Should Contain" library="SeleniumLibrary">
<arg>${unique_name}</arg>
<doc>Verifies that current page contains ``text``.</doc>
<status status="NOT RUN" starttime="20250923 10:03:23.005" endtime="20250923 10:03:23.005"/>
</kw>
<kw name="Page Should Contain" library="SeleniumLibrary">
<arg>${description}</arg>
<doc>Verifies that current page contains ``text``.</doc>
<status status="NOT RUN" starttime="20250923 10:03:23.005" endtime="20250923 10:03:23.005"/>
</kw>
<kw name="Page Should Contain" library="SeleniumLibrary">
<arg>${TEST_DEP_TEAM}</arg>
<doc>Verifies that current page contains ``text``.</doc>
<status status="NOT RUN" starttime="20250923 10:03:23.005" endtime="20250923 10:03:23.005"/>
</kw>
<kw name="Test Mode Test Teardown" library="depflow_keywords" type="TEARDOWN">
<doc>Individual test teardown using test mode</doc>
<kw name="Test Mode Reset" library="depflow_keywords">
<doc>Complete app state reset for clean test environment</doc>
<kw name="Execute Javascript" library="SeleniumLibrary">
<arg>if (typeof window.DepFlow.testModeReset === 'function') {</arg>
<arg>window.DepFlow.testModeReset();</arg>
<arg>} else {</arg>
<arg>console.error('Test mode reset function not available');</arg>
<arg>}</arg>
<doc>Executes the given JavaScript code with possible arguments.</doc>
<msg timestamp="20250923 10:03:23.006" level="INFO">Executing JavaScript:
if (typeof window.DepFlow.testModeReset === 'function') {window.DepFlow.testModeReset();} else {console.error('Test mode reset function not available');}
Without any arguments.</msg>
<status status="PASS" starttime="20250923 10:03:23.006" endtime="20250923 10:03:23.014"/>
</kw>
<kw name="Sleep" library="BuiltIn">
<arg>1s</arg>
<doc>Pauses the test executed for the given time.</doc>
<msg timestamp="20250923 10:03:24.016" level="INFO">Slept 1 second</msg>
<status status="PASS" starttime="20250923 10:03:23.015" endtime="20250923 10:03:24.016"/>
</kw>
<kw name="Log" library="BuiltIn">
<arg>Test Mode Reset Completed</arg>
<doc>Logs the given message with the given level.</doc>
<msg timestamp="20250923 10:03:24.017" level="INFO">Test Mode Reset Completed</msg>
<status status="PASS" starttime="20250923 10:03:24.016" endtime="20250923 10:03:24.017"/>
</kw>
<status status="PASS" starttime="20250923 10:03:23.005" endtime="20250923 10:03:24.017"/>
</kw>
<status status="PASS" starttime="20250923 10:03:23.005" endtime="20250923 10:03:24.017"/>
</kw>
<doc>Test successful creation of a new dependency</doc>
<tag>create</tag>
<tag>crud</tag>
<tag>smoke</tag>
<status status="FAIL" starttime="20250923 10:03:05.707" endtime="20250923 10:03:24.017">Element 'id:notification' not visible after 5 seconds.</status>
</test>
<test id="s1-t4" name="TC016 - Add Dependency With Minimal Required Fields" line="70">
<kw name="Test Mode Test Setup" library="depflow_keywords" type="SETUP">
<doc>Individual test setup using test mode</doc>
<kw name="Test Mode Reset" library="depflow_keywords">
<doc>Complete app state reset for clean test environment</doc>
<kw name="Execute Javascript" library="SeleniumLibrary">
<arg>if (typeof window.DepFlow.testModeReset === 'function') {</arg>
<arg>window.DepFlow.testModeReset();</arg>
<arg>} else {</arg>
<arg>console.error('Test mode reset function not available');</arg>
<arg>}</arg>
<doc>Executes the given JavaScript code with possible arguments.</doc>
<msg timestamp="20250923 10:03:24.020" level="INFO">Executing JavaScript:
if (typeof window.DepFlow.testModeReset === 'function') {window.DepFlow.testModeReset();} else {console.error('Test mode reset function not available');}
Without any arguments.</msg>
<status status="PASS" starttime="20250923 10:03:24.019" endtime="20250923 10:03:24.026"/>
</kw>
<kw name="Sleep" library="BuiltIn">
<arg>1s</arg>
<doc>Pauses the test executed for the given time.</doc>
<msg timestamp="20250923 10:03:25.028" level="INFO">Slept 1 second</msg>
<status status="PASS" starttime="20250923 10:03:24.026" endtime="20250923 10:03:25.028"/>
</kw>
<kw name="Log" library="BuiltIn">
<arg>Test Mode Reset Completed</arg>
<doc>Logs the given message with the given level.</doc>
<msg timestamp="20250923 10:03:25.029" level="INFO">Test Mode Reset Completed</msg>
<status status="PASS" starttime="20250923 10:03:25.028" endtime="20250923 10:03:25.029"/>
</kw>
<status status="PASS" starttime="20250923 10:03:24.019" endtime="20250923 10:03:25.029"/>
</kw>
<kw name="Test Mode Admin Login" library="depflow_keywords">
<doc>Quick admin login using test mode</doc>
<kw name="Test Mode Login" library="depflow_keywords">
<arg>admin</arg>
<doc>Login using test mode bypass - no modal interaction required</doc>
<kw name="Wait Until Page Contains Element" library="SeleniumLibrary">
<arg>${LANDING_PAGE_LOGO}</arg>
<arg>timeout=10s</arg>
<doc>Waits until the element ``locator`` appears on the current page.</doc>
<status status="PASS" starttime="20250923 10:03:25.030" endtime="20250923 10:03:25.042"/>
</kw>
<kw name="Sleep" library="BuiltIn">
<arg>1s</arg>
<doc>Pauses the test executed for the given time.</doc>
<msg timestamp="20250923 10:03:26.044" level="INFO">Slept 1 second</msg>
<status status="PASS" starttime="20250923 10:03:25.042" endtime="20250923 10:03:26.044"/>
</kw>
<kw name="Execute Javascript" library="SeleniumLibrary">
<arg>if (typeof window.DepFlow.testModeLogin === 'function') {</arg>
<arg>window.DepFlow.testModeLogin('${user_type}');</arg>
<arg>} else {</arg>
<arg>console.error('Test mode login function not available');</arg>
<arg>}</arg>
<doc>Executes the given JavaScript code with possible arguments.</doc>
<msg timestamp="20250923 10:03:26.045" level="INFO">Executing JavaScript:
if (typeof window.DepFlow.testModeLogin === 'function') {window.DepFlow.testModeLogin('admin');} else {console.error('Test mode login function not available');}
Without any arguments.</msg>
<status status="PASS" starttime="20250923 10:03:26.045" endtime="20250923 10:03:26.063"/>
</kw>
<kw name="Sleep" library="BuiltIn">
<arg>2s</arg>
<doc>Pauses the test executed for the given time.</doc>
<msg timestamp="20250923 10:03:28.066" level="INFO">Slept 2 seconds</msg>
<status status="PASS" starttime="20250923 10:03:26.064" endtime="20250923 10:03:28.066"/>
</kw>
<kw name="Wait Until Element Is Visible" library="SeleniumLibrary">
<arg>${DASHBOARD_PAGE}</arg>
<arg>timeout=10s</arg>
<doc>Waits until the element ``locator`` is visible.</doc>
<status status="PASS" starttime="20250923 10:03:28.067" endtime="20250923 10:03:28.084"/>
</kw>
<kw name="Wait Until Element Is Visible" library="SeleniumLibrary">
<arg>${USER_PANEL}</arg>
<arg>timeout=5s</arg>
<doc>Waits until the element ``locator`` is visible.</doc>
<status status="PASS" starttime="20250923 10:03:28.084" endtime="20250923 10:03:28.094"/>
</kw>
<kw name="Log" library="BuiltIn">
<arg>Test Mode Login Completed for ${user_type}</arg>
<doc>Logs the given message with the given level.</doc>
<msg timestamp="20250923 10:03:28.095" level="INFO">Test Mode Login Completed for admin</msg>
<status status="PASS" starttime="20250923 10:03:28.095" endtime="20250923 10:03:28.095"/>
</kw>
<status status="PASS" starttime="20250923 10:03:25.029" endtime="20250923 10:03:28.095"/>
</kw>
<status status="PASS" starttime="20250923 10:03:25.029" endtime="20250923 10:03:28.095"/>
</kw>
<status status="PASS" starttime="20250923 10:03:24.019" endtime="20250923 10:03:28.095"/>
</kw>
<kw name="Generate Test Data" library="depflow_keywords">
<var>${unique_name}</var>
<arg>MinimalTest</arg>
<doc>Generates unique test data for test runs</doc>
<kw name="Get Current Date" library="DateTime">
<var>${timestamp}</var>
<arg>result_format=%Y%m%d_%H%M%S</arg>
<doc>Returns current local or UTC time with an optional increment.</doc>
<msg timestamp="20250923 10:03:28.096" level="INFO">${timestamp} = 20250923_100328</msg>
<status status="PASS" starttime="20250923 10:03:28.095" endtime="20250923 10:03:28.096"/>
</kw>
<kw name="Set Variable" library="BuiltIn">
<var>${unique_name}</var>
<arg>${prefix}_${timestamp}</arg>
<doc>Returns the given values which can then be assigned to a variables.</doc>
<msg timestamp="20250923 10:03:28.097" level="INFO">${unique_name} = MinimalTest_20250923_100328</msg>
<status status="PASS" starttime="20250923 10:03:28.097" endtime="20250923 10:03:28.097"/>
</kw>
<msg timestamp="20250923 10:03:28.097" level="INFO">${unique_name} = MinimalTest_20250923_100328</msg>
<status status="PASS" starttime="20250923 10:03:28.095" endtime="20250923 10:03:28.097"/>
</kw>
<kw name="Set Variable" library="BuiltIn">
<var>${description}</var>
<arg>Minimal test dependency with required fields only</arg>
<doc>Returns the given values which can then be assigned to a variables.</doc>
<msg timestamp="20250923 10:03:28.097" level="INFO">${description} = Minimal test dependency with required fields only</msg>
<status status="PASS" starttime="20250923 10:03:28.097" endtime="20250923 10:03:28.097"/>
</kw>
<kw name="Add New Dependency" library="depflow_keywords">
<arg>${unique_name}</arg>
<arg>${description}</arg>
<arg>${TEST_DEP_TEAM}</arg>
<doc>Adds a new dependency with provided details (updated for current app version)</doc>
<kw name="Wait Until Element Is Visible" library="SeleniumLibrary">
<arg>${ADD_DEPENDENCY_BUTTON}</arg>
<arg>timeout=10s</arg>
<doc>Waits until the element ``locator`` is visible.</doc>
<status status="PASS" starttime="20250923 10:03:28.098" endtime="20250923 10:03:28.107"/>
</kw>
<kw name="Click Element" library="SeleniumLibrary">
<arg>${ADD_DEPENDENCY_BUTTON}</arg>
<doc>Click the element identified by ``locator``.</doc>
<msg timestamp="20250923 10:03:28.107" level="INFO">Clicking element 'xpath://button[contains(@onclick, 'showAddDependencyModal')]'.</msg>
<status status="PASS" starttime="20250923 10:03:28.107" endtime="20250923 10:03:28.135"/>
</kw>
<kw name="Wait Until Element Is Visible" library="SeleniumLibrary">
<arg>${ADD_EDIT_MODAL}</arg>
<arg>timeout=10s</arg>
<doc>Waits until the element ``locator`` is visible.</doc>
<status status="PASS" starttime="20250923 10:03:28.135" endtime="20250923 10:03:28.361"/>
</kw>
<kw name="Wait Until Element Is Visible" library="SeleniumLibrary">
<arg>${DEP_NAME_FIELD}</arg>
<arg>timeout=5s</arg>
<doc>Waits until the element ``locator`` is visible.</doc>
<status status="PASS" starttime="20250923 10:03:28.361" endtime="20250923 10:03:28.370"/>
</kw>
<kw name="Wait Until Element Is Visible" library="SeleniumLibrary">
<arg>${DEP_DESCRIPTION_FIELD}</arg>
<arg>timeout=5s</arg>
<doc>Waits until the element ``locator`` is visible.</doc>
<status status="PASS" starttime="20250923 10:03:28.370" endtime="20250923 10:03:28.378"/>
</kw>
<kw name="Wait Until Element Is Visible" library="SeleniumLibrary">
<arg>${DEP_TEAM_SELECT}</arg>
<arg>timeout=5s</arg>
<doc>Waits until the element ``locator`` is visible.</doc>
<status status="PASS" starttime="20250923 10:03:28.378" endtime="20250923 10:03:28.386"/>
</kw>
<kw name="Input Text" library="SeleniumLibrary">
<arg>${DEP_NAME_FIELD}</arg>
<arg>${name}</arg>
<doc>Types the given ``text`` into the text field identified by ``locator``.</doc>
<msg timestamp="20250923 10:03:28.386" level="INFO">Typing text 'MinimalTest_20250923_100328' into text field 'id:addName'.</msg>
<status status="PASS" starttime="20250923 10:03:28.386" endtime="20250923 10:03:28.431"/>
</kw>
<kw name="Input Text" library="SeleniumLibrary">
<arg>${DEP_DESCRIPTION_FIELD}</arg>
<arg>${description}</arg>
<doc>Types the given ``text`` into the text field identified by ``locator``.</doc>
<msg timestamp="20250923 10:03:28.431" level="INFO">Typing text 'Minimal test dependency with required fields only' into text field 'id:addDescription'.</msg>
<status status="PASS" starttime="20250923 10:03:28.431" endtime="20250923 10:03:28.639"/>
</kw>
<kw name="Select From List By Label" library="SeleniumLibrary">
<arg>${DEP_TEAM_SELECT}</arg>
<arg>${team}</arg>
<doc>Selects options from selection list ``locator`` by ``labels``.</doc>
<msg timestamp="20250923 10:03:28.639" level="INFO">Selecting options from selection list 'id:addTeam' by label Quality Flow.</msg>
<status status="PASS" starttime="20250923 10:03:28.639" endtime="20250923 10:03:28.676"/>
</kw>
<kw name="Select From List By Value" library="SeleniumLibrary">
<arg>${DEP_STATUS_SELECT}</arg>
<arg>${status}</arg>
<doc>Selects options from selection list ``locator`` by ``values``.</doc>
<msg timestamp="20250923 10:03:28.677" level="INFO">Selecting options from selection list 'id:addStatus' by value NOT STARTED.</msg>
<status status="PASS" starttime="20250923 10:03:28.677" endtime="20250923 10:03:28.696"/>
</kw>
<kw name="Select From List By Value" library="SeleniumLibrary">
<arg>${DEP_PRIORITY_SELECT}</arg>
<arg>${priority}</arg>
<doc>Selects options from selection list ``locator`` by ``values``.</doc>
<msg timestamp="20250923 10:03:28.697" level="INFO">Selecting options from selection list 'id:addPriority' by value MEDIUM.</msg>
<status status="PASS" starttime="20250923 10:03:28.696" endtime="20250923 10:03:28.715"/>
</kw>
<kw name="Run Keyword If" library="BuiltIn">
<arg>'${jira}' != '${EMPTY}'</arg>
<arg>Input Text</arg>
<arg>${DEP_JIRA_FIELD}</arg>
<arg>${jira}</arg>
<doc>Runs the given keyword with the given arguments, if ``condition`` is true.</doc>
<status status="PASS" starttime="20250923 10:03:28.715" endtime="20250923 10:03:28.716"/>
</kw>
<kw name="Wait Until Element Is Visible" library="SeleniumLibrary">
<arg>${ADD_BUTTON}</arg>
<arg>timeout=5s</arg>
<doc>Waits until the element ``locator`` is visible.</doc>
<status status="PASS" starttime="20250923 10:03:28.716" endtime="20250923 10:03:28.726"/>
</kw>
<kw name="Click Element" library="SeleniumLibrary">
<arg>${ADD_BUTTON}</arg>
<doc>Click the element identified by ``locator``.</doc>
<msg timestamp="20250923 10:03:28.726" level="INFO">Clicking element 'xpath://button[@type='submit' and contains(@class, 'btn-add')]'.</msg>
<status status="PASS" starttime="20250923 10:03:28.726" endtime="20250923 10:03:28.763"/>
</kw>
<kw name="Wait Until Element Is Not Visible" library="SeleniumLibrary">
<arg>${ADD_EDIT_MODAL}</arg>
<arg>timeout=15s</arg>
<doc>Waits until the element ``locator`` is not visible.</doc>
<status status="PASS" starttime="20250923 10:03:28.763" endtime="20250923 10:03:28.773"/>
</kw>
<kw name="Sleep" library="BuiltIn">
<arg>2s</arg>
<doc>Pauses the test executed for the given time.</doc>
<msg timestamp="20250923 10:03:30.774" level="INFO">Slept 2 seconds</msg>
<status status="PASS" starttime="20250923 10:03:28.773" endtime="20250923 10:03:30.774"/>
</kw>
<status status="PASS" starttime="20250923 10:03:28.097" endtime="20250923 10:03:30.775"/>
</kw>
<kw name="Verify Dependency Exists" library="depflow_keywords">
<arg>${unique_name}</arg>
<doc>Verifies that a dependency exists in the dependencies container</doc>
<kw name="Wait Until Page Contains Element" library="SeleniumLibrary">
<arg>xpath://div[@class='dependency-name' and contains(text(), '${dependency_name}')]</arg>
<arg>timeout=10s</arg>
<doc>Waits until the element ``locator`` appears on the current page.</doc>
<status status="PASS" starttime="20250923 10:03:30.776" endtime="20250923 10:03:30.796"/>
</kw>
<status status="PASS" starttime="20250923 10:03:30.775" endtime="20250923 10:03:30.796"/>
</kw>
<kw name="Verify Notification Message" library="depflow_keywords">
<arg>successfully</arg>
<doc>Verifies notification message appears</doc>
<kw name="Wait Until Element Is Visible" library="SeleniumLibrary">
<arg>${NOTIFICATION}</arg>
<arg>timeout=5s</arg>
<doc>Waits until the element ``locator`` is visible.</doc>
<msg timestamp="20250923 10:03:41.494" level="INFO" html="true">&lt;/td&gt;&lt;/tr&gt;&lt;tr&gt;&lt;td colspan="3"&gt;&lt;a href="selenium-screenshot-2.png"&gt;&lt;img src="selenium-screenshot-2.png" width="800px"&gt;&lt;/a&gt;</msg>
<msg timestamp="20250923 10:03:41.495" level="FAIL">Element 'id:notification' not visible after 5 seconds.</msg>
<status status="FAIL" starttime="20250923 10:03:30.796" endtime="20250923 10:03:41.496"/>
</kw>
<kw name="Get Text" library="SeleniumLibrary">
<var>${actual_message}</var>
<arg>${NOTIFICATION}</arg>
<doc>Returns the text value of the element identified by ``locator``.</doc>
<status status="NOT RUN" starttime="20250923 10:03:41.497" endtime="20250923 10:03:41.497"/>
</kw>
<kw name="Should Contain" library="BuiltIn">
<arg>${actual_message}</arg>
<arg>${expected_message}</arg>
<doc>Fails if ``container`` does not contain ``item`` one or more times.</doc>
<status status="NOT RUN" starttime="20250923 10:03:41.497" endtime="20250923 10:03:41.497"/>
</kw>
<status status="FAIL" starttime="20250923 10:03:30.796" endtime="20250923 10:03:41.497"/>
</kw>
<kw name="Test Mode Test Teardown" library="depflow_keywords" type="TEARDOWN">
<doc>Individual test teardown using test mode</doc>
<kw name="Test Mode Reset" library="depflow_keywords">
<doc>Complete app state reset for clean test environment</doc>
<kw name="Execute Javascript" library="SeleniumLibrary">
<arg>if (typeof window.DepFlow.testModeReset === 'function') {</arg>
<arg>window.DepFlow.testModeReset();</arg>
<arg>} else {</arg>
<arg>console.error('Test mode reset function not available');</arg>
<arg>}</arg>
<doc>Executes the given JavaScript code with possible arguments.</doc>
<msg timestamp="20250923 10:03:41.503" level="INFO">Executing JavaScript:
if (typeof window.DepFlow.testModeReset === 'function') {window.DepFlow.testModeReset();} else {console.error('Test mode reset function not available');}
Without any arguments.</msg>
<status status="PASS" starttime="20250923 10:03:41.499" endtime="20250923 10:03:41.581"/>
</kw>
<kw name="Sleep" library="BuiltIn">
<arg>1s</arg>
<doc>Pauses the test executed for the given time.</doc>
<msg timestamp="20250923 10:03:42.583" level="INFO">Slept 1 second</msg>
<status status="PASS" starttime="20250923 10:03:41.581" endtime="20250923 10:03:42.585"/>
</kw>
<kw name="Log" library="BuiltIn">
<arg>Test Mode Reset Completed</arg>
<doc>Logs the given message with the given level.</doc>
<msg timestamp="20250923 10:03:42.589" level="INFO">Test Mode Reset Completed</msg>
<status status="PASS" starttime="20250923 10:03:42.587" endtime="20250923 10:03:42.589"/>
</kw>
<status status="PASS" starttime="20250923 10:03:41.498" endtime="20250923 10:03:42.589"/>
</kw>
<status status="PASS" starttime="20250923 10:03:41.498" endtime="20250923 10:03:42.590"/>
</kw>
<doc>Test creating dependency with only required fields</doc>
<tag>create</tag>
<tag>crud</tag>
<tag>minimal</tag>
<status status="FAIL" starttime="20250923 10:03:24.018" endtime="20250923 10:03:42.590">Element 'id:notification' not visible after 5 seconds.</status>
</test>
<test id="s1-t5" name="TC017 - Validate Required Field - Name" line="82">
<kw name="Test Mode Test Setup" library="depflow_keywords" type="SETUP">
<doc>Individual test setup using test mode</doc>
<kw name="Test Mode Reset" library="depflow_keywords">
<doc>Complete app state reset for clean test environment</doc>
<kw name="Execute Javascript" library="SeleniumLibrary">
<arg>if (typeof window.DepFlow.testModeReset === 'function') {</arg>
<arg>window.DepFlow.testModeReset();</arg>
<arg>} else {</arg>
<arg>console.error('Test mode reset function not available');</arg>
<arg>}</arg>
<doc>Executes the given JavaScript code with possible arguments.</doc>
<msg timestamp="20250923 10:03:42.594" level="INFO">Executing JavaScript:
if (typeof window.DepFlow.testModeReset === 'function') {window.DepFlow.testModeReset();} else {console.error('Test mode reset function not available');}
Without any arguments.</msg>
<status status="PASS" starttime="20250923 10:03:42.593" endtime="20250923 10:03:42.613"/>
</kw>
<kw name="Sleep" library="BuiltIn">
<arg>1s</arg>
<doc>Pauses the test executed for the given time.</doc>
<msg timestamp="20250923 10:03:43.619" level="INFO">Slept 1 second</msg>
<status status="PASS" starttime="20250923 10:03:42.614" endtime="20250923 10:03:43.620"/>
</kw>
<kw name="Log" library="BuiltIn">
<arg>Test Mode Reset Completed</arg>
<doc>Logs the given message with the given level.</doc>
<msg timestamp="20250923 10:03:43.621" level="INFO">Test Mode Reset Completed</msg>
<status status="PASS" starttime="20250923 10:03:43.620" endtime="20250923 10:03:43.621"/>
</kw>
<status status="PASS" starttime="20250923 10:03:42.592" endtime="20250923 10:03:43.621"/>
</kw>
<kw name="Test Mode Admin Login" library="depflow_keywords">
<doc>Quick admin login using test mode</doc>
<kw name="Test Mode Login" library="depflow_keywords">
<arg>admin</arg>
<doc>Login using test mode bypass - no modal interaction required</doc>
<kw name="Wait Until Page Contains Element" library="SeleniumLibrary">
<arg>${LANDING_PAGE_LOGO}</arg>
<arg>timeout=10s</arg>
<doc>Waits until the element ``locator`` appears on the current page.</doc>
<status status="PASS" starttime="20250923 10:03:43.623" endtime="20250923 10:03:43.656"/>
</kw>
<kw name="Sleep" library="BuiltIn">
<arg>1s</arg>
<doc>Pauses the test executed for the given time.</doc>
<msg timestamp="20250923 10:03:44.657" level="INFO">Slept 1 second</msg>
<status status="PASS" starttime="20250923 10:03:43.656" endtime="20250923 10:03:44.657"/>
</kw>
<kw name="Execute Javascript" library="SeleniumLibrary">
<arg>if (typeof window.DepFlow.testModeLogin === 'function') {</arg>
<arg>window.DepFlow.testModeLogin('${user_type}');</arg>
<arg>} else {</arg>
<arg>console.error('Test mode login function not available');</arg>
<arg>}</arg>
<doc>Executes the given JavaScript code with possible arguments.</doc>
<msg timestamp="20250923 10:03:44.659" level="INFO">Executing JavaScript:
if (typeof window.DepFlow.testModeLogin === 'function') {window.DepFlow.testModeLogin('admin');} else {console.error('Test mode login function not available');}
Without any arguments.</msg>
<status status="PASS" starttime="20250923 10:03:44.658" endtime="20250923 10:03:44.719"/>
</kw>
<kw name="Sleep" library="BuiltIn">
<arg>2s</arg>
<doc>Pauses the test executed for the given time.</doc>
<msg timestamp="20250923 10:03:46.720" level="INFO">Slept 2 seconds</msg>
<status status="PASS" starttime="20250923 10:03:44.719" endtime="20250923 10:03:46.720"/>
</kw>
<kw name="Wait Until Element Is Visible" library="SeleniumLibrary">
<arg>${DASHBOARD_PAGE}</arg>
<arg>timeout=10s</arg>
<doc>Waits until the element ``locator`` is visible.</doc>
<status status="PASS" starttime="20250923 10:03:46.720" endtime="20250923 10:03:46.744"/>
</kw>
<kw name="Wait Until Element Is Visible" library="SeleniumLibrary">
<arg>${USER_PANEL}</arg>
<arg>timeout=5s</arg>
<doc>Waits until the element ``locator`` is visible.</doc>
<status status="PASS" starttime="20250923 10:03:46.744" endtime="20250923 10:03:46.757"/>
</kw>
<kw name="Log" library="BuiltIn">
<arg>Test Mode Login Completed for ${user_type}</arg>
<doc>Logs the given message with the given level.</doc>
<msg timestamp="20250923 10:03:46.758" level="INFO">Test Mode Login Completed for admin</msg>
<status status="PASS" starttime="20250923 10:03:46.757" endtime="20250923 10:03:46.758"/>
</kw>
<status status="PASS" starttime="20250923 10:03:43.622" endtime="20250923 10:03:46.758"/>
</kw>
<status status="PASS" starttime="20250923 10:03:43.621" endtime="20250923 10:03:46.758"/>
</kw>
<status status="PASS" starttime="20250923 10:03:42.592" endtime="20250923 10:03:46.758"/>
</kw>
<kw name="Click Element" library="SeleniumLibrary">
<arg>${ADD_DEPENDENCY_BUTTON}</arg>
<doc>Click the element identified by ``locator``.</doc>
<msg timestamp="20250923 10:03:46.759" level="INFO">Clicking element 'xpath://button[contains(@onclick, 'showAddDependencyModal')]'.</msg>
<status status="PASS" starttime="20250923 10:03:46.758" endtime="20250923 10:03:46.806"/>
</kw>
<kw name="Wait Until Element Is Visible" library="SeleniumLibrary">
<arg>${ADD_EDIT_MODAL}</arg>
<doc>Waits until the element ``locator`` is visible.</doc>
<status status="PASS" starttime="20250923 10:03:46.807" endtime="20250923 10:03:46.821"/>
</kw>
<kw name="Input Text" library="SeleniumLibrary">
<arg>${DEP_DESCRIPTION_FIELD}</arg>
<arg>Test description without name</arg>
<doc>Types the given ``text`` into the text field identified by ``locator``.</doc>
<msg timestamp="20250923 10:03:46.823" level="INFO">Typing text 'Test description without name' into text field 'id:addDescription'.</msg>
<status status="PASS" starttime="20250923 10:03:46.822" endtime="20250923 10:03:46.877"/>
</kw>
<kw name="Select From List By Label" library="SeleniumLibrary">
<arg>${DEP_TEAM_SELECT}</arg>
<arg>${TEST_DEP_TEAM}</arg>
<doc>Selects options from selection list ``locator`` by ``labels``.</doc>
<msg timestamp="20250923 10:03:46.877" level="INFO">Selecting options from selection list 'id:addTeam' by label Quality Flow.</msg>
<status status="PASS" starttime="20250923 10:03:46.877" endtime="20250923 10:03:46.912"/>
</kw>
<kw name="Click Element" library="SeleniumLibrary">
<arg>${SAVE_BUTTON}</arg>
<doc>Click the element identified by ``locator``.</doc>
<msg timestamp="20250923 10:03:46.913" level="INFO">Clicking element 'xpath://button[@type='submit' and contains(@class, 'btn-submit')]'.</msg>
<msg timestamp="20250923 10:03:57.271" level="INFO" html="true">&lt;/td&gt;&lt;/tr&gt;&lt;tr&gt;&lt;td colspan="3"&gt;&lt;a href="selenium-screenshot-3.png"&gt;&lt;img src="selenium-screenshot-3.png" width="800px"&gt;&lt;/a&gt;</msg>
<msg timestamp="20250923 10:03:57.283" level="FAIL">ElementNotInteractableException: Message: element not interactable
  (Session info: chrome=140.0.7339.186)
Stacktrace:
0   chromedriver                        0x0000000102e33418 cxxbridge1$str$ptr + 2882044
1   chromedriver                        0x0000000102e2b3b4 cxxbridge1$str$ptr + 2849176
2   chromedriver                        0x0000000102954ec4 _RNvCslE4myv9Sbr3_7___rustc35___rust_no_alloc_shim_is_unstable_v2 + 73040
3   chromedriver                        0x000000010299d42c _RNvCslE4myv9Sbr3_7___rustc35___rust_no_alloc_shim_is_unstable_v2 + 369336
4   chromedriver                        0x0000000102992220 _RNvCslE4myv9Sbr3_7___rustc35___rust_no_alloc_shim_is_unstable_v2 + 323756
5   chromedriver                        0x0000000102991cac _RNvCslE4myv9Sbr3_7___rustc35___rust_no_alloc_shim_is_unstable_v2 + 322360
6   chromedriver                        0x00000001029dd604 _RNvCslE4myv9Sbr3_7___rustc35___rust_no_alloc_shim_is_unstable_v2 + 631952
7   chromedriver                        0x00000001029900d0 _RNvCslE4myv9Sbr3_7___rustc35___rust_no_alloc_shim_is_unstable_v2 + 315228
8   chromedriver                        0x0000000102df7b08 cxxbridge1$str$ptr + 2638060
9   chromedriver                        0x0000000102dfad20 cxxbridge1$str$ptr + 2650884
10  chromedriver                        0x0000000102dd8e58 cxxbridge1$str$ptr + 2511932
11  chromedriver                        0x0000000102dfb5cc cxxbridge1$str$ptr + 2653104
12  chromedriver                        0x0000000102dca59c cxxbridge1$str$ptr + 2452352
13  chromedriver                        0x0000000102e1a9f0 cxxbridge1$str$ptr + 2781140
14  chromedriver                        0x0000000102e1ab70 cxxbridge1$str$ptr + 2781524
15  chromedriver                        0x0000000102e2b000 cxxbridge1$str$ptr + 2848228
16  libsystem_pthread.dylib             0x0000000186067c0c _pthread_start + 136
17  libsystem_pthread.dylib             0x0000000186062b80 thread_start + 8
</msg>
<status status="FAIL" starttime="20250923 10:03:46.912" endtime="20250923 10:03:57.358"/>
</kw>
<kw name="Element Should Be Visible" library="SeleniumLibrary">
<arg>${ADD_EDIT_MODAL}</arg>
<doc>Verifies that the element identified by ``locator`` is visible.</doc>
<status status="NOT RUN" starttime="20250923 10:03:57.358" endtime="20250923 10:03:57.358"/>
</kw>
<kw name="Test Mode Test Teardown" library="depflow_keywords" type="TEARDOWN">
<doc>Individual test teardown using test mode</doc>
<kw name="Test Mode Reset" library="depflow_keywords">
<doc>Complete app state reset for clean test environment</doc>
<kw name="Execute Javascript" library="SeleniumLibrary">
<arg>if (typeof window.DepFlow.testModeReset === 'function') {</arg>
<arg>window.DepFlow.testModeReset();</arg>
<arg>} else {</arg>
<arg>console.error('Test mode reset function not available');</arg>
<arg>}</arg>
<doc>Executes the given JavaScript code with possible arguments.</doc>
<msg timestamp="20250923 10:03:57.362" level="INFO">Executing JavaScript:
if (typeof window.DepFlow.testModeReset === 'function') {window.DepFlow.testModeReset();} else {console.error('Test mode reset function not available');}
Without any arguments.</msg>
<status status="PASS" starttime="20250923 10:03:57.360" endtime="20250923 10:03:57.372"/>
</kw>
<kw name="Sleep" library="BuiltIn">
<arg>1s</arg>
<doc>Pauses the test executed for the given time.</doc>
<msg timestamp="20250923 10:03:58.373" level="INFO">Slept 1 second</msg>
<status status="PASS" starttime="20250923 10:03:57.372" endtime="20250923 10:03:58.374"/>
</kw>
<kw name="Log" library="BuiltIn">
<arg>Test Mode Reset Completed</arg>
<doc>Logs the given message with the given level.</doc>
<msg timestamp="20250923 10:03:58.374" level="INFO">Test Mode Reset Completed</msg>
<status status="PASS" starttime="20250923 10:03:58.374" endtime="20250923 10:03:58.374"/>
</kw>
<status status="PASS" starttime="20250923 10:03:57.359" endtime="20250923 10:03:58.375"/>
</kw>
<status status="PASS" starttime="20250923 10:03:57.359" endtime="20250923 10:03:58.375"/>
</kw>
<doc>Test that name field is required for dependency creation</doc>
<tag>crud</tag>
<tag>negative</tag>
<tag>validation</tag>
<status status="FAIL" starttime="20250923 10:03:42.591" endtime="20250923 10:03:58.375">ElementNotInteractableException: Message: element not interactable
  (Session info: chrome=140.0.7339.186)
Stacktrace:
0   chromedriver                        0x0000000102e33418 cxxbridge1$str$ptr + 2882044
1   chromedriver                        0x0000000102e2b3b4 cxxbridge1$str$ptr + 2849176
2   chromedriver                        0x0000000102954ec4 _RNvCslE4myv9Sbr3_7___rustc35___rust_no_alloc_shim_is_unstable_v2 + 73040
3   chromedriver                        0x000000010299d42c _RNvCslE4myv9Sbr3_7___rustc35___rust_no_alloc_shim_is_unstable_v2 + 369336
4   chromedriver                        0x0000000102992220 _RNvCslE4myv9Sbr3_7___rustc35___rust_no_alloc_shim_is_unstable_v2 + 323756
5   chromedriver                        0x0000000102991cac _RNvCslE4myv9Sbr3_7___rustc35___rust_no_alloc_shim_is_unstable_v2 + 322360
6   chromedriver                        0x00000001029dd604 _RNvCslE4myv9Sbr3_7___rustc35___rust_no_alloc_shim_is_unstable_v2 + 631952
7   chromedriver                        0x00000001029900d0 _RNvCslE4myv9Sbr3_7___rustc35___rust_no_alloc_shim_is_unstable_v2 + 315228
8   chromedriver                        0x0000000102df7b08 cxxbridge1$str$ptr + 2638060
9   chromedriver                        0x0000000102dfad20 cxxbridge1$str$ptr + 2650884
10  chromedriver                        0x0000000102dd8e58 cxxbridge1$str$ptr + 2511932
11  chromedriver                        0x0000000102dfb5cc cxxbridge1$str$ptr + 2653104
12  chromedriver                        0x0000000102dca59c cxxbridge1$str$ptr + 2452352
13  chromedriver                        0x0000000102e1a9f0 cxxbridge1$str$ptr + 2781140
14  chromedriver                        0x0000000102e1ab70 cxxbridge1$str$ptr + 2781524
15  chromedriver                        0x0000000102e2b000 cxxbridge1$str$ptr + 2848228
16  libsystem_pthread.dylib             0x0000000186067c0c _pthread_start + 136
17  libsystem_pthread.dylib             0x0000000186062b80 thread_start + 8
</status>
</test>
<test id="s1-t6" name="TC018 - Validate Required Field - Description" line="98">
<kw name="Test Mode Test Setup" library="depflow_keywords" type="SETUP">
<doc>Individual test setup using test mode</doc>
<kw name="Test Mode Reset" library="depflow_keywords">
<doc>Complete app state reset for clean test environment</doc>
<kw name="Execute Javascript" library="SeleniumLibrary">
<arg>if (typeof window.DepFlow.testModeReset === 'function') {</arg>
<arg>window.DepFlow.testModeReset();</arg>
<arg>} else {</arg>
<arg>console.error('Test mode reset function not available');</arg>
<arg>}</arg>
<doc>Executes the given JavaScript code with possible arguments.</doc>
<msg timestamp="20250923 10:03:58.377" level="INFO">Executing JavaScript:
if (typeof window.DepFlow.testModeReset === 'function') {window.DepFlow.testModeReset();} else {console.error('Test mode reset function not available');}
Without any arguments.</msg>
<status status="PASS" starttime="20250923 10:03:58.376" endtime="20250923 10:03:58.382"/>
</kw>
<kw name="Sleep" library="BuiltIn">
<arg>1s</arg>
<doc>Pauses the test executed for the given time.</doc>
<msg timestamp="20250923 10:03:59.383" level="INFO">Slept 1 second</msg>
<status status="PASS" starttime="20250923 10:03:58.382" endtime="20250923 10:03:59.383"/>
</kw>
<kw name="Log" library="BuiltIn">
<arg>Test Mode Reset Completed</arg>
<doc>Logs the given message with the given level.</doc>
<msg timestamp="20250923 10:03:59.384" level="INFO">Test Mode Reset Completed</msg>
<status status="PASS" starttime="20250923 10:03:59.384" endtime="20250923 10:03:59.384"/>
</kw>
<status status="PASS" starttime="20250923 10:03:58.376" endtime="20250923 10:03:59.384"/>
</kw>
<kw name="Test Mode Admin Login" library="depflow_keywords">
<doc>Quick admin login using test mode</doc>
<kw name="Test Mode Login" library="depflow_keywords">
<arg>admin</arg>
<doc>Login using test mode bypass - no modal interaction required</doc>
<kw name="Wait Until Page Contains Element" library="SeleniumLibrary">
<arg>${LANDING_PAGE_LOGO}</arg>
<arg>timeout=10s</arg>
<doc>Waits until the element ``locator`` appears on the current page.</doc>
<status status="PASS" starttime="20250923 10:03:59.385" endtime="20250923 10:03:59.401"/>
</kw>
<kw name="Sleep" library="BuiltIn">
<arg>1s</arg>
<doc>Pauses the test executed for the given time.</doc>
<msg timestamp="20250923 10:04:00.403" level="INFO">Slept 1 second</msg>
<status status="PASS" starttime="20250923 10:03:59.401" endtime="20250923 10:04:00.403"/>
</kw>
<kw name="Execute Javascript" library="SeleniumLibrary">
<arg>if (typeof window.DepFlow.testModeLogin === 'function') {</arg>
<arg>window.DepFlow.testModeLogin('${user_type}');</arg>
<arg>} else {</arg>
<arg>console.error('Test mode login function not available');</arg>
<arg>}</arg>
<doc>Executes the given JavaScript code with possible arguments.</doc>
<msg timestamp="20250923 10:04:00.404" level="INFO">Executing JavaScript:
if (typeof window.DepFlow.testModeLogin === 'function') {window.DepFlow.testModeLogin('admin');} else {console.error('Test mode login function not available');}
Without any arguments.</msg>
<status status="PASS" starttime="20250923 10:04:00.403" endtime="20250923 10:04:00.427"/>
</kw>
<kw name="Sleep" library="BuiltIn">
<arg>2s</arg>
<doc>Pauses the test executed for the given time.</doc>
<msg timestamp="20250923 10:04:02.435" level="INFO">Slept 2 seconds</msg>
<status status="PASS" starttime="20250923 10:04:00.428" endtime="20250923 10:04:02.436"/>
</kw>
<kw name="Wait Until Element Is Visible" library="SeleniumLibrary">
<arg>${DASHBOARD_PAGE}</arg>
<arg>timeout=10s</arg>
<doc>Waits until the element ``locator`` is visible.</doc>
<status status="PASS" starttime="20250923 10:04:02.437" endtime="20250923 10:04:02.461"/>
</kw>
<kw name="Wait Until Element Is Visible" library="SeleniumLibrary">
<arg>${USER_PANEL}</arg>
<arg>timeout=5s</arg>
<doc>Waits until the element ``locator`` is visible.</doc>
<status status="PASS" starttime="20250923 10:04:02.461" endtime="20250923 10:04:02.476"/>
</kw>
<kw name="Log" library="BuiltIn">
<arg>Test Mode Login Completed for ${user_type}</arg>
<doc>Logs the given message with the given level.</doc>
<msg timestamp="20250923 10:04:02.476" level="INFO">Test Mode Login Completed for admin</msg>
<status status="PASS" starttime="20250923 10:04:02.476" endtime="20250923 10:04:02.477"/>
</kw>
<status status="PASS" starttime="20250923 10:03:59.385" endtime="20250923 10:04:02.477"/>
</kw>
<status status="PASS" starttime="20250923 10:03:59.384" endtime="20250923 10:04:02.477"/>
</kw>
<status status="PASS" starttime="20250923 10:03:58.376" endtime="20250923 10:04:02.477"/>
</kw>
<kw name="Click Element" library="SeleniumLibrary">
<arg>${ADD_DEPENDENCY_BUTTON}</arg>
<doc>Click the element identified by ``locator``.</doc>
<msg timestamp="20250923 10:04:02.480" level="INFO">Clicking element 'xpath://button[contains(@onclick, 'showAddDependencyModal')]'.</msg>
<status status="PASS" starttime="20250923 10:04:02.478" endtime="20250923 10:04:02.542"/>
</kw>
<kw name="Wait Until Element Is Visible" library="SeleniumLibrary">
<arg>${ADD_EDIT_MODAL}</arg>
<doc>Waits until the element ``locator`` is visible.</doc>
<status status="PASS" starttime="20250923 10:04:02.542" endtime="20250923 10:04:02.555"/>
</kw>
<kw name="Input Text" library="SeleniumLibrary">
<arg>${DEP_NAME_FIELD}</arg>
<arg>Test Name</arg>
<doc>Types the given ``text`` into the text field identified by ``locator``.</doc>
<msg timestamp="20250923 10:04:02.556" level="INFO">Typing text 'Test Name' into text field 'id:addName'.</msg>
<status status="PASS" starttime="20250923 10:04:02.555" endtime="20250923 10:04:02.642"/>
</kw>
<kw name="Input Text" library="SeleniumLibrary">
<arg>${DEP_DESCRIPTION_FIELD}</arg>
<arg>Short</arg>
<doc>Types the given ``text`` into the text field identified by ``locator``.</doc>
<msg timestamp="20250923 10:04:02.643" level="INFO">Typing text 'Short' into text field 'id:addDescription'.</msg>
<status status="PASS" starttime="20250923 10:04:02.643" endtime="20250923 10:04:02.681"/>
</kw>
<kw name="Select From List By Label" library="SeleniumLibrary">
<arg>${DEP_TEAM_SELECT}</arg>
<arg>${TEST_DEP_TEAM}</arg>
<doc>Selects options from selection list ``locator`` by ``labels``.</doc>
<msg timestamp="20250923 10:04:02.682" level="INFO">Selecting options from selection list 'id:addTeam' by label Quality Flow.</msg>
<status status="PASS" starttime="20250923 10:04:02.681" endtime="20250923 10:04:02.732"/>
</kw>
<kw name="Click Element" library="SeleniumLibrary">
<arg>${SAVE_BUTTON}</arg>
<doc>Click the element identified by ``locator``.</doc>
<msg timestamp="20250923 10:04:02.732" level="INFO">Clicking element 'xpath://button[@type='submit' and contains(@class, 'btn-submit')]'.</msg>
<msg timestamp="20250923 10:04:12.932" level="INFO" html="true">&lt;/td&gt;&lt;/tr&gt;&lt;tr&gt;&lt;td colspan="3"&gt;&lt;a href="selenium-screenshot-4.png"&gt;&lt;img src="selenium-screenshot-4.png" width="800px"&gt;&lt;/a&gt;</msg>
[...]
<status status="PASS" starttime="20250923 10:09:27.161" endtime="20250923 10:09:27.161"/>
</kw>
<kw name="Wait Until Element Is Visible" library="SeleniumLibrary">
<arg>${ADD_BUTTON}</arg>
<arg>timeout=5s</arg>
<doc>Waits until the element ``locator`` is visible.</doc>
<status status="PASS" starttime="20250923 10:09:27.161" endtime="20250923 10:09:27.170"/>
</kw>
<kw name="Click Element" library="SeleniumLibrary">
<arg>${ADD_BUTTON}</arg>
<doc>Click the element identified by ``locator``.</doc>
<msg timestamp="20250923 10:09:27.171" level="INFO">Clicking element 'xpath://button[@type='submit' and contains(@class, 'btn-add')]'.</msg>
<status status="PASS" starttime="20250923 10:09:27.170" endtime="20250923 10:09:27.203"/>
</kw>
<kw name="Wait Until Element Is Not Visible" library="SeleniumLibrary">
<arg>${ADD_EDIT_MODAL}</arg>
<arg>timeout=15s</arg>
<doc>Waits until the element ``locator`` is not visible.</doc>
<status status="PASS" starttime="20250923 10:09:27.204" endtime="20250923 10:09:27.214"/>
</kw>
<kw name="Sleep" library="BuiltIn">
<arg>2s</arg>
<doc>Pauses the test executed for the given time.</doc>
<msg timestamp="20250923 10:09:29.215" level="INFO">Slept 2 seconds</msg>
<status status="PASS" starttime="20250923 10:09:27.214" endtime="20250923 10:09:29.215"/>
</kw>
<status status="PASS" starttime="20250923 10:09:26.934" endtime="20250923 10:09:29.215"/>
</kw>
<status status="PASS" starttime="20250923 10:09:26.932" endtime="20250923 10:09:29.216"/>
</iter>
<status status="PASS" starttime="20250923 10:09:22.015" endtime="20250923 10:09:29.216"/>
</for>
<for flavor="IN">
<var>${dep_name}</var>
<value>@{dep_names}</value>
<iter>
<var name="${dep_name}">BulkDelete_0_20250923_100922</var>
<kw name="Delete Dependency" library="depflow_keywords">
<arg>${dep_name}</arg>
<doc>Deletes a dependency by name with updated div-based selectors</doc>
<kw name="Set Variable" library="BuiltIn">
<var>${dependency_row}</var>
<arg>xpath://div[@class='dependency-row']//div[@class='dependency-name' and contains(text(), '${dependency_name}')]/ancestor::div[@class='dependency-row']</arg>
<doc>Returns the given values which can then be assigned to a variables.</doc>
<msg timestamp="20250923 10:09:29.218" level="INFO">${dependency_row} = xpath://div[@class='dependency-row']//div[@class='dependency-name' and contains(text(), 'BulkDelete_0_20250923_100922')]/ancestor::div[@class='dependency-row']</msg>
<status status="PASS" starttime="20250923 10:09:29.217" endtime="20250923 10:09:29.218"/>
</kw>
<kw name="Wait Until Element Is Visible" library="SeleniumLibrary">
<arg>${dependency_row}</arg>
<arg>timeout=10s</arg>
<doc>Waits until the element ``locator`` is visible.</doc>
<status status="PASS" starttime="20250923 10:09:29.218" endtime="20250923 10:09:29.240"/>
</kw>
<kw name="Set Variable" library="BuiltIn">
<var>${delete_button}</var>
<arg>${dependency_row}//button[@class='btn-delete']</arg>
<doc>Returns the given values which can then be assigned to a variables.</doc>
<msg timestamp="20250923 10:09:29.241" level="INFO">${delete_button} = xpath://div[@class='dependency-row']//div[@class='dependency-name' and contains(text(), 'BulkDelete_0_20250923_100922')]/ancestor::div[@class='dependency-row']//button[@class='btn-delete']</msg>
<status status="PASS" starttime="20250923 10:09:29.240" endtime="20250923 10:09:29.241"/>
</kw>
<kw name="Wait Until Element Is Visible" library="SeleniumLibrary">
<arg>${delete_button}</arg>
<arg>timeout=10s</arg>
<doc>Waits until the element ``locator`` is visible.</doc>
<status status="PASS" starttime="20250923 10:09:29.241" endtime="20250923 10:09:29.254"/>
</kw>
<kw name="Click Element" library="SeleniumLibrary">
<arg>${delete_button}</arg>
<doc>Click the element identified by ``locator``.</doc>
<msg timestamp="20250923 10:09:29.255" level="INFO">Clicking element 'xpath://div[@class='dependency-row']//div[@class='dependency-name' and contains(text(), 'BulkDelete_0_20250923_100922')]/ancestor::div[@class='dependency-row']//button[@class='btn-delete']'.</msg>
<status status="PASS" starttime="20250923 10:09:29.254" endtime="20250923 10:09:29.297"/>
</kw>
<kw name="Handle Alert" library="SeleniumLibrary">
<arg>ACCEPT</arg>
<doc>Handles the current alert and returns its message.</doc>
<msg timestamp="20250923 10:09:29.298" level="INFO">HANDLE::&lt;class 'NoneType'&gt;::None</msg>
<status status="PASS" starttime="20250923 10:09:29.297" endtime="20250923 10:09:29.302"/>
</kw>
<kw name="Sleep" library="BuiltIn">
<arg>2s</arg>
<doc>Pauses the test executed for the given time.</doc>
<msg timestamp="20250923 10:09:31.304" level="INFO">Slept 2 seconds</msg>
<status status="PASS" starttime="20250923 10:09:29.303" endtime="20250923 10:09:31.305"/>
</kw>
<status status="PASS" starttime="20250923 10:09:29.216" endtime="20250923 10:09:31.305"/>
</kw>
<kw name="Verify Dependency Does Not Exist" library="depflow_keywords">
<arg>${dep_name}</arg>
<doc>Verifies that a dependency does not exist in the dependencies container</doc>
<kw name="Page Should Not Contain Element" library="SeleniumLibrary">
<arg>xpath://div[@class='dependency-name' and contains(text(), '${dependency_name}')]</arg>
<doc>Verifies that element ``locator`` is not found on the current page.</doc>
<msg timestamp="20250923 10:09:41.318" level="INFO">Current page does not contain element 'xpath://div[@class='dependency-name' and contains(text(), 'BulkDelete_0_20250923_100922')]'.</msg>
<status status="PASS" starttime="20250923 10:09:31.307" endtime="20250923 10:09:41.318"/>
</kw>
<status status="PASS" starttime="20250923 10:09:31.305" endtime="20250923 10:09:41.318"/>
</kw>
<status status="PASS" starttime="20250923 10:09:29.216" endtime="20250923 10:09:41.318"/>
</iter>
<iter>
<var name="${dep_name}">BulkDelete_1_20250923_100924</var>
<kw name="Delete Dependency" library="depflow_keywords">
<arg>${dep_name}</arg>
<doc>Deletes a dependency by name with updated div-based selectors</doc>
<kw name="Set Variable" library="BuiltIn">
<var>${dependency_row}</var>
<arg>xpath://div[@class='dependency-row']//div[@class='dependency-name' and contains(text(), '${dependency_name}')]/ancestor::div[@class='dependency-row']</arg>
<doc>Returns the given values which can then be assigned to a variables.</doc>
<msg timestamp="20250923 10:09:41.319" level="INFO">${dependency_row} = xpath://div[@class='dependency-row']//div[@class='dependency-name' and contains(text(), 'BulkDelete_1_20250923_100924')]/ancestor::div[@class='dependency-row']</msg>
<status status="PASS" starttime="20250923 10:09:41.318" endtime="20250923 10:09:41.319"/>
</kw>
<kw name="Wait Until Element Is Visible" library="SeleniumLibrary">
<arg>${dependency_row}</arg>
<arg>timeout=10s</arg>
<doc>Waits until the element ``locator`` is visible.</doc>
<status status="PASS" starttime="20250923 10:09:41.319" endtime="20250923 10:09:41.334"/>
</kw>
<kw name="Set Variable" library="BuiltIn">
<var>${delete_button}</var>
<arg>${dependency_row}//button[@class='btn-delete']</arg>
<doc>Returns the given values which can then be assigned to a variables.</doc>
<msg timestamp="20250923 10:09:41.335" level="INFO">${delete_button} = xpath://div[@class='dependency-row']//div[@class='dependency-name' and contains(text(), 'BulkDelete_1_20250923_100924')]/ancestor::div[@class='dependency-row']//button[@class='btn-delete']</msg>
<status status="PASS" starttime="20250923 10:09:41.335" endtime="20250923 10:09:41.335"/>
</kw>
<kw name="Wait Until Element Is Visible" library="SeleniumLibrary">
<arg>${delete_button}</arg>
<arg>timeout=10s</arg>
<doc>Waits until the element ``locator`` is visible.</doc>
<status status="PASS" starttime="20250923 10:09:41.336" endtime="20250923 10:09:41.347"/>
</kw>
<kw name="Click Element" library="SeleniumLibrary">
<arg>${delete_button}</arg>
<doc>Click the element identified by ``locator``.</doc>
<msg timestamp="20250923 10:09:41.347" level="INFO">Clicking element 'xpath://div[@class='dependency-row']//div[@class='dependency-name' and contains(text(), 'BulkDelete_1_20250923_100924')]/ancestor::div[@class='dependency-row']//button[@class='btn-delete']'.</msg>
<status status="PASS" starttime="20250923 10:09:41.347" endtime="20250923 10:09:41.396"/>
</kw>
<kw name="Handle Alert" library="SeleniumLibrary">
<arg>ACCEPT</arg>
<doc>Handles the current alert and returns its message.</doc>
<msg timestamp="20250923 10:09:41.397" level="INFO">HANDLE::&lt;class 'NoneType'&gt;::None</msg>
<status status="PASS" starttime="20250923 10:09:41.396" endtime="20250923 10:09:41.420"/>
</kw>
<kw name="Sleep" library="BuiltIn">
<arg>2s</arg>
<doc>Pauses the test executed for the given time.</doc>
<msg timestamp="20250923 10:09:43.423" level="INFO">Slept 2 seconds</msg>
<status status="PASS" starttime="20250923 10:09:41.421" endtime="20250923 10:09:43.424"/>
</kw>
<status status="PASS" starttime="20250923 10:09:41.318" endtime="20250923 10:09:43.424"/>
</kw>
<kw name="Verify Dependency Does Not Exist" library="depflow_keywords">
<arg>${dep_name}</arg>
<doc>Verifies that a dependency does not exist in the dependencies container</doc>
<kw name="Page Should Not Contain Element" library="SeleniumLibrary">
<arg>xpath://div[@class='dependency-name' and contains(text(), '${dependency_name}')]</arg>
<doc>Verifies that element ``locator`` is not found on the current page.</doc>
<msg timestamp="20250923 10:09:53.482" level="INFO">Current page does not contain element 'xpath://div[@class='dependency-name' and contains(text(), 'BulkDelete_1_20250923_100924')]'.</msg>
<status status="PASS" starttime="20250923 10:09:43.424" endtime="20250923 10:09:53.484"/>
</kw>
<status status="PASS" starttime="20250923 10:09:43.424" endtime="20250923 10:09:53.487"/>
</kw>
<status status="PASS" starttime="20250923 10:09:41.318" endtime="20250923 10:09:53.487"/>
</iter>
<iter>
<var name="${dep_name}">BulkDelete_2_20250923_100926</var>
<kw name="Delete Dependency" library="depflow_keywords">
<arg>${dep_name}</arg>
<doc>Deletes a dependency by name with updated div-based selectors</doc>
<kw name="Set Variable" library="BuiltIn">
<var>${dependency_row}</var>
<arg>xpath://div[@class='dependency-row']//div[@class='dependency-name' and contains(text(), '${dependency_name}')]/ancestor::div[@class='dependency-row']</arg>
<doc>Returns the given values which can then be assigned to a variables.</doc>
<msg timestamp="20250923 10:09:53.489" level="INFO">${dependency_row} = xpath://div[@class='dependency-row']//div[@class='dependency-name' and contains(text(), 'BulkDelete_2_20250923_100926')]/ancestor::div[@class='dependency-row']</msg>
<status status="PASS" starttime="20250923 10:09:53.489" endtime="20250923 10:09:53.489"/>
</kw>
<kw name="Wait Until Element Is Visible" library="SeleniumLibrary">
<arg>${dependency_row}</arg>
<arg>timeout=10s</arg>
<doc>Waits until the element ``locator`` is visible.</doc>
<status status="PASS" starttime="20250923 10:09:53.489" endtime="20250923 10:09:53.504"/>
</kw>
<kw name="Set Variable" library="BuiltIn">
<var>${delete_button}</var>
<arg>${dependency_row}//button[@class='btn-delete']</arg>
<doc>Returns the given values which can then be assigned to a variables.</doc>
<msg timestamp="20250923 10:09:53.505" level="INFO">${delete_button} = xpath://div[@class='dependency-row']//div[@class='dependency-name' and contains(text(), 'BulkDelete_2_20250923_100926')]/ancestor::div[@class='dependency-row']//button[@class='btn-delete']</msg>
<status status="PASS" starttime="20250923 10:09:53.504" endtime="20250923 10:09:53.505"/>
</kw>
<kw name="Wait Until Element Is Visible" library="SeleniumLibrary">
<arg>${delete_button}</arg>
<arg>timeout=10s</arg>
<doc>Waits until the element ``locator`` is visible.</doc>
<status status="PASS" starttime="20250923 10:09:53.505" endtime="20250923 10:09:53.515"/>
</kw>
<kw name="Click Element" library="SeleniumLibrary">
<arg>${delete_button}</arg>
<doc>Click the element identified by ``locator``.</doc>
<msg timestamp="20250923 10:09:53.515" level="INFO">Clicking element 'xpath://div[@class='dependency-row']//div[@class='dependency-name' and contains(text(), 'BulkDelete_2_20250923_100926')]/ancestor::div[@class='dependency-row']//button[@class='btn-delete']'.</msg>
<status status="PASS" starttime="20250923 10:09:53.515" endtime="20250923 10:09:53.552"/>
</kw>
<kw name="Handle Alert" library="SeleniumLibrary">
<arg>ACCEPT</arg>
<doc>Handles the current alert and returns its message.</doc>
<msg timestamp="20250923 10:09:53.552" level="INFO">HANDLE::&lt;class 'NoneType'&gt;::None</msg>
<status status="PASS" starttime="20250923 10:09:53.552" endtime="20250923 10:09:53.556"/>
</kw>
<kw name="Sleep" library="BuiltIn">
<arg>2s</arg>
<doc>Pauses the test executed for the given time.</doc>
<msg timestamp="20250923 10:09:55.559" level="INFO">Slept 2 seconds</msg>
<status status="PASS" starttime="20250923 10:09:53.556" endtime="20250923 10:09:55.559"/>
</kw>
<status status="PASS" starttime="20250923 10:09:53.488" endtime="20250923 10:09:55.559"/>
</kw>
<kw name="Verify Dependency Does Not Exist" library="depflow_keywords">
<arg>${dep_name}</arg>
<doc>Verifies that a dependency does not exist in the dependencies container</doc>
<kw name="Page Should Not Contain Element" library="SeleniumLibrary">
<arg>xpath://div[@class='dependency-name' and contains(text(), '${dependency_name}')]</arg>
<doc>Verifies that element ``locator`` is not found on the current page.</doc>
<msg timestamp="20250923 10:10:05.579" level="INFO">Current page does not contain element 'xpath://div[@class='dependency-name' and contains(text(), 'BulkDelete_2_20250923_100926')]'.</msg>
<status status="PASS" starttime="20250923 10:09:55.560" endtime="20250923 10:10:05.579"/>
</kw>
<status status="PASS" starttime="20250923 10:09:55.559" endtime="20250923 10:10:05.579"/>
</kw>
<status status="PASS" starttime="20250923 10:09:53.487" endtime="20250923 10:10:05.579"/>
</iter>
<status status="PASS" starttime="20250923 10:09:29.216" endtime="20250923 10:10:05.579"/>
</for>
<kw name="Test Mode Test Teardown" library="depflow_keywords" type="TEARDOWN">
<doc>Individual test teardown using test mode</doc>
<kw name="Test Mode Reset" library="depflow_keywords">
<doc>Complete app state reset for clean test environment</doc>
<kw name="Execute Javascript" library="SeleniumLibrary">
<arg>if (typeof window.DepFlow.testModeReset === 'function') {</arg>
<arg>window.DepFlow.testModeReset();</arg>
<arg>} else {</arg>
<arg>console.error('Test mode reset function not available');</arg>
<arg>}</arg>
<doc>Executes the given JavaScript code with possible arguments.</doc>
<msg timestamp="20250923 10:10:05.581" level="INFO">Executing JavaScript:
if (typeof window.DepFlow.testModeReset === 'function') {window.DepFlow.testModeReset();} else {console.error('Test mode reset function not available');}
Without any arguments.</msg>
<status status="PASS" starttime="20250923 10:10:05.580" endtime="20250923 10:10:05.587"/>
</kw>
<kw name="Sleep" library="BuiltIn">
<arg>1s</arg>
<doc>Pauses the test executed for the given time.</doc>
<msg timestamp="20250923 10:10:06.589" level="INFO">Slept 1 second</msg>
<status status="PASS" starttime="20250923 10:10:05.588" endtime="20250923 10:10:06.589"/>
</kw>
<kw name="Log" library="BuiltIn">
<arg>Test Mode Reset Completed</arg>
<doc>Logs the given message with the given level.</doc>
<msg timestamp="20250923 10:10:06.590" level="INFO">Test Mode Reset Completed</msg>
<status status="PASS" starttime="20250923 10:10:06.590" endtime="20250923 10:10:06.591"/>
</kw>
<status status="PASS" starttime="20250923 10:10:05.580" endtime="20250923 10:10:06.591"/>
</kw>
<status status="PASS" starttime="20250923 10:10:05.580" endtime="20250923 10:10:06.591"/>
</kw>
<doc>Test deleting multiple dependencies in sequence</doc>
<tag>bulk</tag>
<tag>crud</tag>
<tag>delete</tag>
<status status="PASS" starttime="20250923 10:09:17.954" endtime="20250923 10:10:06.591"/>
</test>
<kw name="Test Mode Suite Teardown" library="depflow_keywords" type="TEARDOWN">
<doc>Teardown using test mode</doc>
<kw name="Test Mode Reset" library="depflow_keywords">
<doc>Complete app state reset for clean test environment</doc>
<kw name="Execute Javascript" library="SeleniumLibrary">
<arg>if (typeof window.DepFlow.testModeReset === 'function') {</arg>
<arg>window.DepFlow.testModeReset();</arg>
<arg>} else {</arg>
<arg>console.error('Test mode reset function not available');</arg>
<arg>}</arg>
<doc>Executes the given JavaScript code with possible arguments.</doc>
<msg timestamp="20250923 10:10:06.597" level="INFO">Executing JavaScript:
if (typeof window.DepFlow.testModeReset === 'function') {window.DepFlow.testModeReset();} else {console.error('Test mode reset function not available');}
Without any arguments.</msg>
<status status="PASS" starttime="20250923 10:10:06.596" endtime="20250923 10:10:06.602"/>
</kw>
<kw name="Sleep" library="BuiltIn">
<arg>1s</arg>
<doc>Pauses the test executed for the given time.</doc>
<msg timestamp="20250923 10:10:07.603" level="INFO">Slept 1 second</msg>
<status status="PASS" starttime="20250923 10:10:06.602" endtime="20250923 10:10:07.603"/>
</kw>
<kw name="Log" library="BuiltIn">
<arg>Test Mode Reset Completed</arg>
<doc>Logs the given message with the given level.</doc>
<msg timestamp="20250923 10:10:07.603" level="INFO">Test Mode Reset Completed</msg>
<status status="PASS" starttime="20250923 10:10:07.603" endtime="20250923 10:10:07.603"/>
</kw>
<status status="PASS" starttime="20250923 10:10:06.596" endtime="20250923 10:10:07.603"/>
</kw>
<kw name="Close DepFlow Application" library="depflow_keywords">
<doc>Closes the browser and cleans up</doc>
<kw name="Close All Browsers" library="SeleniumLibrary">
<doc>Closes all open browsers and resets the browser cache.</doc>
<status status="PASS" starttime="20250923 10:10:07.603" endtime="20250923 10:10:07.836"/>
</kw>
<status status="PASS" starttime="20250923 10:10:07.603" endtime="20250923 10:10:07.836"/>
</kw>
<status status="PASS" starttime="20250923 10:10:06.595" endtime="20250923 10:10:07.836"/>
</kw>
<doc>Dependency CRUD Operations Test Suite for DepFlow Application</doc>
<status status="FAIL" starttime="20250923 10:02:43.851" endtime="20250923 10:10:07.836"/>
</suite>
<statistics>
<total>
<stat pass="10" fail="15" skip="0">All Tests</stat>
</total>
<tag>
<stat pass="0" fail="2" skip="0">admin</stat>
<stat pass="0" fail="1" skip="0">boundary</stat>
<stat pass="1" fail="0" skip="0">bulk</stat>
<stat pass="1" fail="1" skip="0">cancel</stat>
<stat pass="0" fail="2" skip="0">colors</stat>
<stat pass="3" fail="0" skip="0">comprehensive</stat>
<stat pass="1" fail="1" skip="0">confirmation</stat>
<stat pass="1" fail="0" skip="0">counters</stat>
<stat pass="0" fail="2" skip="0">create</stat>
<stat pass="8" fail="15" skip="0">crud</stat>
<stat pass="1" fail="0" skip="0">dashboard</stat>
<stat pass="2" fail="3" skip="0">delete</stat>
<stat pass="1" fail="1" skip="0">edge_case</stat>
<stat pass="0" fail="3" skip="0">edit</stat>
<stat pass="0" fail="2" skip="0">inline_edit</stat>
<stat pass="1" fail="0" skip="0">integration</stat>
<stat pass="0" fail="1" skip="0">minimal</stat>
<stat pass="1" fail="0" skip="0">modal</stat>
<stat pass="0" fail="2" skip="0">negative</stat>
<stat pass="1" fail="2" skip="0">priority</stat>
<stat pass="0" fail="4" skip="0">rbac</stat>
<stat pass="0" fail="2" skip="0">restriction</stat>
<stat pass="2" fail="1" skip="0">smoke</stat>
<stat pass="1" fail="0" skip="0">special_characters</stat>
<stat pass="1" fail="2" skip="0">status</stat>
<stat pass="1" fail="0" skip="0">teams</stat>
<stat pass="3" fail="2" skip="0">ui</stat>
<stat pass="0" fail="3" skip="0">update</stat>
<stat pass="0" fail="2" skip="0">user</stat>
<stat pass="0" fail="2" skip="0">validation</stat>
</tag>
<suite>
<stat pass="10" fail="15" skip="0" id="s1" name="02 Dependency Crud Tests">02 Dependency Crud Tests</stat>
</suite>
</statistics>
<errors>
</errors>
</robot>
