<?xml version="1.0" encoding="UTF-8"?>
<robot generator="Robot 6.1.1 (Python 3.9.6 on darwin)" generated="20250923 08:05:55.706" rpa="false" schemaversion="4">
<suite id="s1" name="02 Dependency Crud Tests" source="/Users/mmoola/Cursor/Dependency Management App/tests/test_suites/02_dependency_crud_tests.robot">
<kw name="Test Mode Suite Setup" library="depflow_keywords" type="SETUP">
<doc>Setup using test mode authentication</doc>
<kw name="Open DepFlow Application" library="depflow_keywords">
<doc>Opens the DepFlow application in browser</doc>
<kw name="Open Browser" library="SeleniumLibrary">
<arg>${APP_URL}</arg>
<arg>${BROWSER}</arg>
<doc>Opens a new browser instance to the optional ``url``.</doc>
<msg timestamp="20250923 08:05:56.752" level="INFO">Opening browser 'Chrome' to base url 'http://localhost:3000'.</msg>
<status status="PASS" starttime="20250923 08:05:56.752" endtime="20250923 08:06:02.328"/>
</kw>
<kw name="Maximize Browser Window" library="SeleniumLibrary">
<doc>Maximizes current browser window.</doc>
<status status="PASS" starttime="20250923 08:06:02.333" endtime="20250923 08:06:02.710"/>
</kw>
<kw name="Set Selenium Implicit Wait" library="SeleniumLibrary">
<arg>${IMPLICIT_WAIT}</arg>
<doc>Sets the implicit wait value used by Selenium.</doc>
<status status="PASS" starttime="20250923 08:06:02.710" endtime="20250923 08:06:02.713"/>
</kw>
<kw name="Wait Until Page Contains Element" library="SeleniumLibrary">
<arg>${LANDING_PAGE_LOGO}</arg>
<arg>timeout=30s</arg>
<doc>Waits until the element ``locator`` appears on the current page.</doc>
<status status="PASS" starttime="20250923 08:06:02.713" endtime="20250923 08:06:02.740"/>
</kw>
<kw name="Sleep" library="BuiltIn">
<arg>3s</arg>
<doc>Pauses the test executed for the given time.</doc>
<msg timestamp="20250923 08:06:05.743" level="INFO">Slept 3 seconds</msg>
<status status="PASS" starttime="20250923 08:06:02.740" endtime="20250923 08:06:05.743"/>
</kw>
<status status="PASS" starttime="20250923 08:05:56.751" endtime="20250923 08:06:05.743"/>
</kw>
<kw name="Test Mode Admin Login" library="depflow_keywords">
<doc>Quick admin login using test mode</doc>
<kw name="Test Mode Login" library="depflow_keywords">
<arg>admin</arg>
<doc>Login using test mode bypass - no modal interaction required</doc>
<kw name="Wait Until Page Contains Element" library="SeleniumLibrary">
<arg>${LANDING_PAGE_LOGO}</arg>
<arg>timeout=10s</arg>
<doc>Waits until the element ``locator`` appears on the current page.</doc>
<status status="PASS" starttime="20250923 08:06:05.744" endtime="20250923 08:06:05.754"/>
</kw>
<kw name="Sleep" library="BuiltIn">
<arg>1s</arg>
<doc>Pauses the test executed for the given time.</doc>
<msg timestamp="20250923 08:06:06.755" level="INFO">Slept 1 second</msg>
<status status="PASS" starttime="20250923 08:06:05.754" endtime="20250923 08:06:06.756"/>
</kw>
<kw name="Execute Javascript" library="SeleniumLibrary">
<arg>if (typeof window.DepFlow.testModeLogin === 'function') {</arg>
<arg>window.DepFlow.testModeLogin('${user_type}');</arg>
<arg>} else {</arg>
<arg>console.error('Test mode login function not available');</arg>
<arg>}</arg>
<doc>Executes the given JavaScript code with possible arguments.</doc>
<msg timestamp="20250923 08:06:06.759" level="INFO">Executing JavaScript:
if (typeof window.DepFlow.testModeLogin === 'function') {window.DepFlow.testModeLogin('admin');} else {console.error('Test mode login function not available');}
Without any arguments.</msg>
<status status="PASS" starttime="20250923 08:06:06.756" endtime="20250923 08:06:06.790"/>
</kw>
<kw name="Sleep" library="BuiltIn">
<arg>2s</arg>
<doc>Pauses the test executed for the given time.</doc>
<msg timestamp="20250923 08:06:08.792" level="INFO">Slept 2 seconds</msg>
<status status="PASS" starttime="20250923 08:06:06.791" endtime="20250923 08:06:08.792"/>
</kw>
<kw name="Wait Until Element Is Visible" library="SeleniumLibrary">
<arg>${DASHBOARD_PAGE}</arg>
<arg>timeout=10s</arg>
<doc>Waits until the element ``locator`` is visible.</doc>
<status status="PASS" starttime="20250923 08:06:08.793" endtime="20250923 08:06:08.884"/>
</kw>
<kw name="Wait Until Element Is Visible" library="SeleniumLibrary">
<arg>${USER_PANEL}</arg>
<arg>timeout=5s</arg>
<doc>Waits until the element ``locator`` is visible.</doc>
<status status="PASS" starttime="20250923 08:06:08.884" endtime="20250923 08:06:08.902"/>
</kw>
<kw name="Log" library="BuiltIn">
<arg>Test Mode Login Completed for ${user_type}</arg>
<doc>Logs the given message with the given level.</doc>
<msg timestamp="20250923 08:06:08.902" level="INFO">Test Mode Login Completed for admin</msg>
<status status="PASS" starttime="20250923 08:06:08.902" endtime="20250923 08:06:08.902"/>
</kw>
<status status="PASS" starttime="20250923 08:06:05.744" endtime="20250923 08:06:08.902"/>
</kw>
<status status="PASS" starttime="20250923 08:06:05.743" endtime="20250923 08:06:08.902"/>
</kw>
<status status="PASS" starttime="20250923 08:05:56.751" endtime="20250923 08:06:08.903"/>
</kw>
<test id="s1-t1" name="TC013 - Verify Dashboard Elements Present" line="27">
<kw name="Test Mode Test Setup" library="depflow_keywords" type="SETUP">
<doc>Individual test setup using test mode</doc>
<kw name="Test Mode Reset" library="depflow_keywords">
<doc>Complete app state reset for clean test environment</doc>
<kw name="Execute Javascript" library="SeleniumLibrary">
<arg>if (typeof window.DepFlow.testModeReset === 'function') {</arg>
<arg>window.DepFlow.testModeReset();</arg>
<arg>} else {</arg>
<arg>console.error('Test mode reset function not available');</arg>
<arg>}</arg>
<doc>Executes the given JavaScript code with possible arguments.</doc>
<msg timestamp="20250923 08:06:08.904" level="INFO">Executing JavaScript:
if (typeof window.DepFlow.testModeReset === 'function') {window.DepFlow.testModeReset();} else {console.error('Test mode reset function not available');}
Without any arguments.</msg>
<status status="PASS" starttime="20250923 08:06:08.904" endtime="20250923 08:06:08.910"/>
</kw>
<kw name="Sleep" library="BuiltIn">
<arg>1s</arg>
<doc>Pauses the test executed for the given time.</doc>
<msg timestamp="20250923 08:06:09.912" level="INFO">Slept 1 second</msg>
<status status="PASS" starttime="20250923 08:06:08.910" endtime="20250923 08:06:09.912"/>
</kw>
<kw name="Log" library="BuiltIn">
<arg>Test Mode Reset Completed</arg>
<doc>Logs the given message with the given level.</doc>
<msg timestamp="20250923 08:06:09.913" level="INFO">Test Mode Reset Completed</msg>
<status status="PASS" starttime="20250923 08:06:09.912" endtime="20250923 08:06:09.913"/>
</kw>
<status status="PASS" starttime="20250923 08:06:08.904" endtime="20250923 08:06:09.913"/>
</kw>
<kw name="Test Mode Admin Login" library="depflow_keywords">
<doc>Quick admin login using test mode</doc>
<kw name="Test Mode Login" library="depflow_keywords">
<arg>admin</arg>
<doc>Login using test mode bypass - no modal interaction required</doc>
<kw name="Wait Until Page Contains Element" library="SeleniumLibrary">
<arg>${LANDING_PAGE_LOGO}</arg>
<arg>timeout=10s</arg>
<doc>Waits until the element ``locator`` appears on the current page.</doc>
<status status="PASS" starttime="20250923 08:06:09.914" endtime="20250923 08:06:09.923"/>
</kw>
<kw name="Sleep" library="BuiltIn">
<arg>1s</arg>
<doc>Pauses the test executed for the given time.</doc>
<msg timestamp="20250923 08:06:10.924" level="INFO">Slept 1 second</msg>
<status status="PASS" starttime="20250923 08:06:09.923" endtime="20250923 08:06:10.924"/>
</kw>
<kw name="Execute Javascript" library="SeleniumLibrary">
<arg>if (typeof window.DepFlow.testModeLogin === 'function') {</arg>
<arg>window.DepFlow.testModeLogin('${user_type}');</arg>
<arg>} else {</arg>
<arg>console.error('Test mode login function not available');</arg>
<arg>}</arg>
<doc>Executes the given JavaScript code with possible arguments.</doc>
<msg timestamp="20250923 08:06:10.926" level="INFO">Executing JavaScript:
if (typeof window.DepFlow.testModeLogin === 'function') {window.DepFlow.testModeLogin('admin');} else {console.error('Test mode login function not available');}
Without any arguments.</msg>
<status status="PASS" starttime="20250923 08:06:10.924" endtime="20250923 08:06:10.935"/>
</kw>
<kw name="Sleep" library="BuiltIn">
<arg>2s</arg>
<doc>Pauses the test executed for the given time.</doc>
<msg timestamp="20250923 08:06:12.937" level="INFO">Slept 2 seconds</msg>
<status status="PASS" starttime="20250923 08:06:10.935" endtime="20250923 08:06:12.937"/>
</kw>
<kw name="Wait Until Element Is Visible" library="SeleniumLibrary">
<arg>${DASHBOARD_PAGE}</arg>
<arg>timeout=10s</arg>
<doc>Waits until the element ``locator`` is visible.</doc>
<status status="PASS" starttime="20250923 08:06:12.937" endtime="20250923 08:06:12.952"/>
</kw>
<kw name="Wait Until Element Is Visible" library="SeleniumLibrary">
<arg>${USER_PANEL}</arg>
<arg>timeout=5s</arg>
<doc>Waits until the element ``locator`` is visible.</doc>
<status status="PASS" starttime="20250923 08:06:12.952" endtime="20250923 08:06:12.961"/>
</kw>
<kw name="Log" library="BuiltIn">
<arg>Test Mode Login Completed for ${user_type}</arg>
<doc>Logs the given message with the given level.</doc>
<msg timestamp="20250923 08:06:12.961" level="INFO">Test Mode Login Completed for admin</msg>
<status status="PASS" starttime="20250923 08:06:12.961" endtime="20250923 08:06:12.961"/>
</kw>
<status status="PASS" starttime="20250923 08:06:09.913" endtime="20250923 08:06:12.961"/>
</kw>
<status status="PASS" starttime="20250923 08:06:09.913" endtime="20250923 08:06:12.961"/>
</kw>
<status status="PASS" starttime="20250923 08:06:08.903" endtime="20250923 08:06:12.961"/>
</kw>
<kw name="Page Should Contain Element" library="SeleniumLibrary">
<arg>${ADD_DEPENDENCY_BUTTON}</arg>
<doc>Verifies that element ``locator`` is found on the current page.</doc>
<msg timestamp="20250923 08:06:12.968" level="INFO">Current page contains element 'xpath://button[contains(@onclick, 'showAddDependencyModal')]'.</msg>
<status status="PASS" starttime="20250923 08:06:12.962" endtime="20250923 08:06:12.968"/>
</kw>
<kw name="Page Should Contain Element" library="SeleniumLibrary">
<arg>${TOTAL_COUNT}</arg>
<doc>Verifies that element ``locator`` is found on the current page.</doc>
<msg timestamp="20250923 08:06:12.974" level="INFO">Current page contains element 'id:totalCount'.</msg>
<status status="PASS" starttime="20250923 08:06:12.968" endtime="20250923 08:06:12.974"/>
</kw>
<kw name="Page Should Contain Element" library="SeleniumLibrary">
<arg>${SEARCH_INPUT}</arg>
<doc>Verifies that element ``locator`` is found on the current page.</doc>
<msg timestamp="20250923 08:06:12.979" level="INFO">Current page contains element 'id:searchInput'.</msg>
<status status="PASS" starttime="20250923 08:06:12.974" endtime="20250923 08:06:12.979"/>
</kw>
<kw name="Page Should Contain Element" library="SeleniumLibrary">
<arg>${DEPENDENCY_TABLE}</arg>
<doc>Verifies that element ``locator`` is found on the current page.</doc>
<msg timestamp="20250923 08:06:12.984" level="INFO">Current page contains element 'css:.dependencies-table'.</msg>
<status status="PASS" starttime="20250923 08:06:12.979" endtime="20250923 08:06:12.984"/>
</kw>
<kw name="Verify DepFlow Dashboard Logo Present" library="depflow_keywords">
<doc>Verifies DepFlow logo is present on dashboard page</doc>
<kw name="Get WebElements" library="SeleniumLibrary">
<var>${visible_logos}</var>
<arg>xpath://div[contains(@class, 'depflow-logo') and not(contains(@style, 'display: none'))]</arg>
<doc>Returns a list of WebElement objects matching the ``locator``.</doc>
<msg timestamp="20250923 08:06:12.990" level="INFO">${visible_logos} = [&lt;selenium.webdriver.remote.webelement.WebElement (session="7f29cead282e47e86249a5da1bb31d1b", element="f.0499CE0F1CAA2598944A1AE044C3B5B7.d.69DF9DB28E1FBA842C7F9A841A2858D3.e.38")&gt;, &lt;selenium.webdriv...</msg>
<status status="PASS" starttime="20250923 08:06:12.985" endtime="20250923 08:06:12.990"/>
</kw>
<kw name="Get Length" library="BuiltIn">
<var>${count}</var>
<arg>${visible_logos}</arg>
<doc>Returns and logs the length of the given item as an integer.</doc>
<msg timestamp="20250923 08:06:12.990" level="INFO">Length is 2</msg>
<msg timestamp="20250923 08:06:12.990" level="INFO">${count} = 2</msg>
<status status="PASS" starttime="20250923 08:06:12.990" endtime="20250923 08:06:12.990"/>
</kw>
<kw name="Should Be True" library="BuiltIn">
<arg>${count} &gt; 0</arg>
<arg>No visible DepFlow logo found on dashboard</arg>
<doc>Fails if the given condition is not true.</doc>
<status status="PASS" starttime="20250923 08:06:12.991" endtime="20250923 08:06:12.991"/>
</kw>
<status status="PASS" starttime="20250923 08:06:12.984" endtime="20250923 08:06:12.991"/>
</kw>
<kw name="Test Mode Test Teardown" library="depflow_keywords" type="TEARDOWN">
<doc>Individual test teardown using test mode</doc>
<kw name="Test Mode Reset" library="depflow_keywords">
<doc>Complete app state reset for clean test environment</doc>
<kw name="Execute Javascript" library="SeleniumLibrary">
<arg>if (typeof window.DepFlow.testModeReset === 'function') {</arg>
<arg>window.DepFlow.testModeReset();</arg>
<arg>} else {</arg>
<arg>console.error('Test mode reset function not available');</arg>
<arg>}</arg>
<doc>Executes the given JavaScript code with possible arguments.</doc>
<msg timestamp="20250923 08:06:12.991" level="INFO">Executing JavaScript:
if (typeof window.DepFlow.testModeReset === 'function') {window.DepFlow.testModeReset();} else {console.error('Test mode reset function not available');}
Without any arguments.</msg>
<status status="PASS" starttime="20250923 08:06:12.991" endtime="20250923 08:06:12.994"/>
</kw>
<kw name="Sleep" library="BuiltIn">
<arg>1s</arg>
<doc>Pauses the test executed for the given time.</doc>
<msg timestamp="20250923 08:06:13.996" level="INFO">Slept 1 second</msg>
<status status="PASS" starttime="20250923 08:06:12.994" endtime="20250923 08:06:13.997"/>
</kw>
<kw name="Log" library="BuiltIn">
<arg>Test Mode Reset Completed</arg>
<doc>Logs the given message with the given level.</doc>
<msg timestamp="20250923 08:06:13.997" level="INFO">Test Mode Reset Completed</msg>
<status status="PASS" starttime="20250923 08:06:13.997" endtime="20250923 08:06:13.997"/>
</kw>
<status status="PASS" starttime="20250923 08:06:12.991" endtime="20250923 08:06:13.997"/>
</kw>
<status status="PASS" starttime="20250923 08:06:12.991" endtime="20250923 08:06:13.997"/>
</kw>
<doc>Verify all dashboard elements are present after login</doc>
<tag>dashboard</tag>
<tag>smoke</tag>
<tag>ui</tag>
<status status="PASS" starttime="20250923 08:06:08.903" endtime="20250923 08:06:13.997"/>
</test>
<test id="s1-t2" name="TC014 - Open Add Dependency Modal" line="37">
<kw name="Test Mode Test Setup" library="depflow_keywords" type="SETUP">
<doc>Individual test setup using test mode</doc>
<kw name="Test Mode Reset" library="depflow_keywords">
<doc>Complete app state reset for clean test environment</doc>
<kw name="Execute Javascript" library="SeleniumLibrary">
<arg>if (typeof window.DepFlow.testModeReset === 'function') {</arg>
<arg>window.DepFlow.testModeReset();</arg>
<arg>} else {</arg>
<arg>console.error('Test mode reset function not available');</arg>
<arg>}</arg>
<doc>Executes the given JavaScript code with possible arguments.</doc>
<msg timestamp="20250923 08:06:13.998" level="INFO">Executing JavaScript:
if (typeof window.DepFlow.testModeReset === 'function') {window.DepFlow.testModeReset();} else {console.error('Test mode reset function not available');}
Without any arguments.</msg>
<status status="PASS" starttime="20250923 08:06:13.998" endtime="20250923 08:06:14.002"/>
</kw>
<kw name="Sleep" library="BuiltIn">
<arg>1s</arg>
<doc>Pauses the test executed for the given time.</doc>
<msg timestamp="20250923 08:06:15.003" level="INFO">Slept 1 second</msg>
<status status="PASS" starttime="20250923 08:06:14.002" endtime="20250923 08:06:15.003"/>
</kw>
<kw name="Log" library="BuiltIn">
<arg>Test Mode Reset Completed</arg>
<doc>Logs the given message with the given level.</doc>
<msg timestamp="20250923 08:06:15.003" level="INFO">Test Mode Reset Completed</msg>
<status status="PASS" starttime="20250923 08:06:15.003" endtime="20250923 08:06:15.003"/>
</kw>
<status status="PASS" starttime="20250923 08:06:13.998" endtime="20250923 08:06:15.003"/>
</kw>
<kw name="Test Mode Admin Login" library="depflow_keywords">
<doc>Quick admin login using test mode</doc>
<kw name="Test Mode Login" library="depflow_keywords">
<arg>admin</arg>
<doc>Login using test mode bypass - no modal interaction required</doc>
<kw name="Wait Until Page Contains Element" library="SeleniumLibrary">
<arg>${LANDING_PAGE_LOGO}</arg>
<arg>timeout=10s</arg>
<doc>Waits until the element ``locator`` appears on the current page.</doc>
<status status="PASS" starttime="20250923 08:06:15.004" endtime="20250923 08:06:15.013"/>
</kw>
<kw name="Sleep" library="BuiltIn">
<arg>1s</arg>
<doc>Pauses the test executed for the given time.</doc>
<msg timestamp="20250923 08:06:16.013" level="INFO">Slept 1 second</msg>
<status status="PASS" starttime="20250923 08:06:15.013" endtime="20250923 08:06:16.013"/>
</kw>
<kw name="Execute Javascript" library="SeleniumLibrary">
<arg>if (typeof window.DepFlow.testModeLogin === 'function') {</arg>
<arg>window.DepFlow.testModeLogin('${user_type}');</arg>
<arg>} else {</arg>
<arg>console.error('Test mode login function not available');</arg>
<arg>}</arg>
<doc>Executes the given JavaScript code with possible arguments.</doc>
<msg timestamp="20250923 08:06:16.014" level="INFO">Executing JavaScript:
if (typeof window.DepFlow.testModeLogin === 'function') {window.DepFlow.testModeLogin('admin');} else {console.error('Test mode login function not available');}
Without any arguments.</msg>
<status status="PASS" starttime="20250923 08:06:16.014" endtime="20250923 08:06:16.023"/>
</kw>
<kw name="Sleep" library="BuiltIn">
<arg>2s</arg>
<doc>Pauses the test executed for the given time.</doc>
<msg timestamp="20250923 08:06:18.024" level="INFO">Slept 2 seconds</msg>
<status status="PASS" starttime="20250923 08:06:16.024" endtime="20250923 08:06:18.025"/>
</kw>
<kw name="Wait Until Element Is Visible" library="SeleniumLibrary">
<arg>${DASHBOARD_PAGE}</arg>
<arg>timeout=10s</arg>
<doc>Waits until the element ``locator`` is visible.</doc>
<status status="PASS" starttime="20250923 08:06:18.025" endtime="20250923 08:06:18.039"/>
</kw>
<kw name="Wait Until Element Is Visible" library="SeleniumLibrary">
<arg>${USER_PANEL}</arg>
<arg>timeout=5s</arg>
<doc>Waits until the element ``locator`` is visible.</doc>
<status status="PASS" starttime="20250923 08:06:18.039" endtime="20250923 08:06:18.049"/>
</kw>
<kw name="Log" library="BuiltIn">
<arg>Test Mode Login Completed for ${user_type}</arg>
<doc>Logs the given message with the given level.</doc>
<msg timestamp="20250923 08:06:18.050" level="INFO">Test Mode Login Completed for admin</msg>
<status status="PASS" starttime="20250923 08:06:18.049" endtime="20250923 08:06:18.050"/>
</kw>
<status status="PASS" starttime="20250923 08:06:15.004" endtime="20250923 08:06:18.050"/>
</kw>
<status status="PASS" starttime="20250923 08:06:15.004" endtime="20250923 08:06:18.050"/>
</kw>
<status status="PASS" starttime="20250923 08:06:13.998" endtime="20250923 08:06:18.050"/>
</kw>
<kw name="Ensure All Modals Closed" library="depflow_keywords">
<doc>Ensures all modals are closed before proceeding</doc>
<kw name="Execute Javascript" library="SeleniumLibrary">
<arg>if (typeof closeLoginModal === 'function') { closeLoginModal(); }</arg>
<arg>if (typeof closeAddDependencyModal === 'function') { closeAddDependencyModal(); }</arg>
<arg>if (typeof closeEditDependencyModal === 'function') { closeEditDependencyModal(); }</arg>
<doc>Executes the given JavaScript code with possible arguments.</doc>
<msg timestamp="20250923 08:06:18.050" level="INFO">Executing JavaScript:
if (typeof closeLoginModal === 'function') { closeLoginModal(); }if (typeof closeAddDependencyModal === 'function') { closeAddDependencyModal(); }if (typeof closeEditDependencyModal === 'function') { closeEditDependencyModal(); }
Without any arguments.</msg>
<status status="PASS" starttime="20250923 08:06:18.050" endtime="20250923 08:06:18.053"/>
</kw>
<kw name="Execute Javascript" library="SeleniumLibrary">
<arg>document.querySelectorAll('.modal').forEach(modal =&gt; {</arg>
<arg>modal.style.display = 'none';</arg>
<arg>modal.classList.remove('show');</arg>
<arg>});</arg>
<doc>Executes the given JavaScript code with possible arguments.</doc>
<msg timestamp="20250923 08:06:18.053" level="INFO">Executing JavaScript:
document.querySelectorAll('.modal').forEach(modal =&gt; {modal.style.display = 'none';modal.classList.remove('show');});
Without any arguments.</msg>
<status status="PASS" starttime="20250923 08:06:18.053" endtime="20250923 08:06:18.055"/>
</kw>
<kw name="Run Keyword And Ignore Error" library="BuiltIn">
<arg>Press Keys</arg>
<arg>None</arg>
<arg>ESCAPE</arg>
<doc>Runs the given keyword with the given arguments and ignores possible error.</doc>
<kw name="Press Keys" library="SeleniumLibrary">
<arg>None</arg>
<arg>ESCAPE</arg>
<doc>Simulates the user pressing key(s) to an element or on the active browser.</doc>
<msg timestamp="20250923 08:06:18.056" level="INFO">Sending key(s) ('ESCAPE',) to page.</msg>
<msg timestamp="20250923 08:06:18.056" level="INFO">Pressing special key ESCAPE to browser.</msg>
<msg timestamp="20250923 08:06:18.056" level="INFO">Releasing special key ESCAPE.</msg>
<status status="PASS" starttime="20250923 08:06:18.056" endtime="20250923 08:06:18.065"/>
</kw>
<status status="PASS" starttime="20250923 08:06:18.056" endtime="20250923 08:06:18.065"/>
</kw>
<kw name="Sleep" library="BuiltIn">
<arg>1s</arg>
<doc>Pauses the test executed for the given time.</doc>
<msg timestamp="20250923 08:06:19.067" level="INFO">Slept 1 second</msg>
<status status="PASS" starttime="20250923 08:06:18.065" endtime="20250923 08:06:19.067"/>
</kw>
<status status="PASS" starttime="20250923 08:06:18.050" endtime="20250923 08:06:19.067"/>
</kw>
<kw name="Sleep" library="BuiltIn">
<arg>1s</arg>
<doc>Pauses the test executed for the given time.</doc>
<msg timestamp="20250923 08:06:20.069" level="INFO">Slept 1 second</msg>
<status status="PASS" starttime="20250923 08:06:19.067" endtime="20250923 08:06:20.069"/>
</kw>
<kw name="Click Element" library="SeleniumLibrary">
<arg>${ADD_DEPENDENCY_BUTTON}</arg>
<doc>Click the element identified by ``locator``.</doc>
<msg timestamp="20250923 08:06:20.070" level="INFO">Clicking element 'xpath://button[contains(@onclick, 'showAddDependencyModal')]'.</msg>
<status status="PASS" starttime="20250923 08:06:20.069" endtime="20250923 08:06:20.109"/>
</kw>
<kw name="Wait Until Element Is Visible" library="SeleniumLibrary">
<arg>${ADD_EDIT_MODAL}</arg>
<arg>timeout=10s</arg>
<doc>Waits until the element ``locator`` is visible.</doc>
<status status="PASS" starttime="20250923 08:06:20.109" endtime="20250923 08:06:20.120"/>
</kw>
<kw name="Element Should Be Visible" library="SeleniumLibrary">
<arg>${DEP_NAME_FIELD}</arg>
<doc>Verifies that the element identified by ``locator`` is visible.</doc>
<msg timestamp="20250923 08:06:20.129" level="INFO">Element 'id:addName' is displayed.</msg>
<status status="PASS" starttime="20250923 08:06:20.120" endtime="20250923 08:06:20.129"/>
</kw>
<kw name="Element Should Be Visible" library="SeleniumLibrary">
<arg>${DEP_DESCRIPTION_FIELD}</arg>
<doc>Verifies that the element identified by ``locator`` is visible.</doc>
<msg timestamp="20250923 08:06:20.140" level="INFO">Element 'id:addDescription' is displayed.</msg>
<status status="PASS" starttime="20250923 08:06:20.129" endtime="20250923 08:06:20.140"/>
</kw>
<kw name="Element Should Be Visible" library="SeleniumLibrary">
<arg>${DEP_TEAM_SELECT}</arg>
<doc>Verifies that the element identified by ``locator`` is visible.</doc>
<msg timestamp="20250923 08:06:20.150" level="INFO">Element 'id:addTeam' is displayed.</msg>
<status status="PASS" starttime="20250923 08:06:20.140" endtime="20250923 08:06:20.150"/>
</kw>
<kw name="Element Should Be Visible" library="SeleniumLibrary">
<arg>${DEP_STATUS_SELECT}</arg>
<doc>Verifies that the element identified by ``locator`` is visible.</doc>
<msg timestamp="20250923 08:06:20.159" level="INFO">Element 'id:addStatus' is displayed.</msg>
<status status="PASS" starttime="20250923 08:06:20.150" endtime="20250923 08:06:20.159"/>
</kw>
<kw name="Element Should Be Visible" library="SeleniumLibrary">
<arg>${SAVE_BUTTON}</arg>
<doc>Verifies that the element identified by ``locator`` is visible.</doc>
<msg timestamp="20250923 08:06:20.348" level="INFO" html="true">&lt;/td&gt;&lt;/tr&gt;&lt;tr&gt;&lt;td colspan="3"&gt;&lt;a href="selenium-screenshot-1.png"&gt;&lt;img src="selenium-screenshot-1.png" width="800px"&gt;&lt;/a&gt;</msg>
<msg timestamp="20250923 08:06:20.348" level="FAIL">The element 'xpath://button[contains(@class, 'btn-submit')]' should be visible, but it is not.</msg>
<status status="FAIL" starttime="20250923 08:06:20.159" endtime="20250923 08:06:20.377"/>
</kw>
<kw name="Element Should Be Visible" library="SeleniumLibrary">
<arg>${CANCEL_BUTTON}</arg>
<doc>Verifies that the element identified by ``locator`` is visible.</doc>
<status status="NOT RUN" starttime="20250923 08:06:20.377" endtime="20250923 08:06:20.377"/>
</kw>
<kw name="Test Mode Test Teardown" library="depflow_keywords" type="TEARDOWN">
<doc>Individual test teardown using test mode</doc>
<kw name="Test Mode Reset" library="depflow_keywords">
<doc>Complete app state reset for clean test environment</doc>
<kw name="Execute Javascript" library="SeleniumLibrary">
<arg>if (typeof window.DepFlow.testModeReset === 'function') {</arg>
<arg>window.DepFlow.testModeReset();</arg>
<arg>} else {</arg>
<arg>console.error('Test mode reset function not available');</arg>
<arg>}</arg>
<doc>Executes the given JavaScript code with possible arguments.</doc>
<msg timestamp="20250923 08:06:20.378" level="INFO">Executing JavaScript:
if (typeof window.DepFlow.testModeReset === 'function') {window.DepFlow.testModeReset();} else {console.error('Test mode reset function not available');}
Without any arguments.</msg>
<status status="PASS" starttime="20250923 08:06:20.378" endtime="20250923 08:06:20.382"/>
</kw>
<kw name="Sleep" library="BuiltIn">
<arg>1s</arg>
<doc>Pauses the test executed for the given time.</doc>
<msg timestamp="20250923 08:06:21.383" level="INFO">Slept 1 second</msg>
<status status="PASS" starttime="20250923 08:06:20.382" endtime="20250923 08:06:21.383"/>
</kw>
<kw name="Log" library="BuiltIn">
<arg>Test Mode Reset Completed</arg>
<doc>Logs the given message with the given level.</doc>
<msg timestamp="20250923 08:06:21.384" level="INFO">Test Mode Reset Completed</msg>
<status status="PASS" starttime="20250923 08:06:21.383" endtime="20250923 08:06:21.384"/>
</kw>
<status status="PASS" starttime="20250923 08:06:20.378" endtime="20250923 08:06:21.384"/>
</kw>
<status status="PASS" starttime="20250923 08:06:20.377" endtime="20250923 08:06:21.384"/>
</kw>
<doc>Test opening the Add Dependency modal</doc>
<tag>modal</tag>
<tag>smoke</tag>
<tag>ui</tag>
<status status="FAIL" starttime="20250923 08:06:13.997" endtime="20250923 08:06:21.384">The element 'xpath://button[contains(@class, 'btn-submit')]' should be visible, but it is not.</status>
</test>
<test id="s1-t3" name="TC015 - Add New Dependency Successfully" line="52">
<kw name="Test Mode Test Setup" library="depflow_keywords" type="SETUP">
<doc>Individual test setup using test mode</doc>
<kw name="Test Mode Reset" library="depflow_keywords">
<doc>Complete app state reset for clean test environment</doc>
<kw name="Execute Javascript" library="SeleniumLibrary">
<arg>if (typeof window.DepFlow.testModeReset === 'function') {</arg>
<arg>window.DepFlow.testModeReset();</arg>
<arg>} else {</arg>
<arg>console.error('Test mode reset function not available');</arg>
<arg>}</arg>
<doc>Executes the given JavaScript code with possible arguments.</doc>
<msg timestamp="20250923 08:06:21.385" level="INFO">Executing JavaScript:
if (typeof window.DepFlow.testModeReset === 'function') {window.DepFlow.testModeReset();} else {console.error('Test mode reset function not available');}
Without any arguments.</msg>
<status status="PASS" starttime="20250923 08:06:21.385" endtime="20250923 08:06:21.390"/>
</kw>
<kw name="Sleep" library="BuiltIn">
<arg>1s</arg>
<doc>Pauses the test executed for the given time.</doc>
<msg timestamp="20250923 08:06:22.392" level="INFO">Slept 1 second</msg>
<status status="PASS" starttime="20250923 08:06:21.390" endtime="20250923 08:06:22.392"/>
</kw>
<kw name="Log" library="BuiltIn">
<arg>Test Mode Reset Completed</arg>
<doc>Logs the given message with the given level.</doc>
<msg timestamp="20250923 08:06:22.392" level="INFO">Test Mode Reset Completed</msg>
<status status="PASS" starttime="20250923 08:06:22.392" endtime="20250923 08:06:22.393"/>
</kw>
<status status="PASS" starttime="20250923 08:06:21.385" endtime="20250923 08:06:22.393"/>
</kw>
<kw name="Test Mode Admin Login" library="depflow_keywords">
<doc>Quick admin login using test mode</doc>
<kw name="Test Mode Login" library="depflow_keywords">
<arg>admin</arg>
<doc>Login using test mode bypass - no modal interaction required</doc>
<kw name="Wait Until Page Contains Element" library="SeleniumLibrary">
<arg>${LANDING_PAGE_LOGO}</arg>
<arg>timeout=10s</arg>
<doc>Waits until the element ``locator`` appears on the current page.</doc>
<status status="PASS" starttime="20250923 08:06:22.393" endtime="20250923 08:06:22.402"/>
</kw>
<kw name="Sleep" library="BuiltIn">
<arg>1s</arg>
<doc>Pauses the test executed for the given time.</doc>
<msg timestamp="20250923 08:06:23.404" level="INFO">Slept 1 second</msg>
<status status="PASS" starttime="20250923 08:06:22.402" endtime="20250923 08:06:23.404"/>
</kw>
<kw name="Execute Javascript" library="SeleniumLibrary">
<arg>if (typeof window.DepFlow.testModeLogin === 'function') {</arg>
<arg>window.DepFlow.testModeLogin('${user_type}');</arg>
<arg>} else {</arg>
<arg>console.error('Test mode login function not available');</arg>
<arg>}</arg>
<doc>Executes the given JavaScript code with possible arguments.</doc>
<msg timestamp="20250923 08:06:23.406" level="INFO">Executing JavaScript:
if (typeof window.DepFlow.testModeLogin === 'function') {window.DepFlow.testModeLogin('admin');} else {console.error('Test mode login function not available');}
Without any arguments.</msg>
<status status="PASS" starttime="20250923 08:06:23.405" endtime="20250923 08:06:23.415"/>
</kw>
<kw name="Sleep" library="BuiltIn">
<arg>2s</arg>
<doc>Pauses the test executed for the given time.</doc>
<msg timestamp="20250923 08:06:25.416" level="INFO">Slept 2 seconds</msg>
<status status="PASS" starttime="20250923 08:06:23.415" endtime="20250923 08:06:25.416"/>
</kw>
<kw name="Wait Until Element Is Visible" library="SeleniumLibrary">
<arg>${DASHBOARD_PAGE}</arg>
<arg>timeout=10s</arg>
<doc>Waits until the element ``locator`` is visible.</doc>
<status status="PASS" starttime="20250923 08:06:25.417" endtime="20250923 08:06:25.432"/>
</kw>
<kw name="Wait Until Element Is Visible" library="SeleniumLibrary">
<arg>${USER_PANEL}</arg>
<arg>timeout=5s</arg>
<doc>Waits until the element ``locator`` is visible.</doc>
<status status="PASS" starttime="20250923 08:06:25.432" endtime="20250923 08:06:25.442"/>
</kw>
<kw name="Log" library="BuiltIn">
<arg>Test Mode Login Completed for ${user_type}</arg>
<doc>Logs the given message with the given level.</doc>
<msg timestamp="20250923 08:06:25.442" level="INFO">Test Mode Login Completed for admin</msg>
<status status="PASS" starttime="20250923 08:06:25.442" endtime="20250923 08:06:25.442"/>
</kw>
<status status="PASS" starttime="20250923 08:06:22.393" endtime="20250923 08:06:25.442"/>
</kw>
<status status="PASS" starttime="20250923 08:06:22.393" endtime="20250923 08:06:25.442"/>
</kw>
<status status="PASS" starttime="20250923 08:06:21.384" endtime="20250923 08:06:25.442"/>
</kw>
<kw name="Generate Test Data" library="depflow_keywords">
<var>${unique_name}</var>
<arg>CreateTest</arg>
<doc>Generates unique test data for test runs</doc>
<kw name="Get Current Date" library="DateTime">
<var>${timestamp}</var>
<arg>result_format=%Y%m%d_%H%M%S</arg>
<doc>Returns current local or UTC time with an optional increment.</doc>
<msg timestamp="20250923 08:06:25.443" level="INFO">${timestamp} = 20250923_080625</msg>
<status status="PASS" starttime="20250923 08:06:25.442" endtime="20250923 08:06:25.443"/>
</kw>
<kw name="Set Variable" library="BuiltIn">
<var>${unique_name}</var>
<arg>${prefix}_${timestamp}</arg>
<doc>Returns the given values which can then be assigned to a variables.</doc>
<msg timestamp="20250923 08:06:25.443" level="INFO">${unique_name} = CreateTest_20250923_080625</msg>
<status status="PASS" starttime="20250923 08:06:25.443" endtime="20250923 08:06:25.443"/>
</kw>
<msg timestamp="20250923 08:06:25.443" level="INFO">${unique_name} = CreateTest_20250923_080625</msg>
<status status="PASS" starttime="20250923 08:06:25.442" endtime="20250923 08:06:25.443"/>
</kw>
<kw name="Set Variable" library="BuiltIn">
<var>${description}</var>
<arg>Test dependency created by Robot Framework automation</arg>
<doc>Returns the given values which can then be assigned to a variables.</doc>
<msg timestamp="20250923 08:06:25.443" level="INFO">${description} = Test dependency created by Robot Framework automation</msg>
<status status="PASS" starttime="20250923 08:06:25.443" endtime="20250923 08:06:25.443"/>
</kw>
<kw name="Add New Dependency" library="depflow_keywords">
<arg>${unique_name}</arg>
<arg>${description}</arg>
<arg>${TEST_DEP_TEAM}</arg>
<arg>${TEST_DEP_STATUS}</arg>
<arg>${TEST_DEP_PRIORITY}</arg>
<doc>Adds a new dependency with provided details (updated for current app version)</doc>
<kw name="Click Element" library="SeleniumLibrary">
<arg>${ADD_DEPENDENCY_BUTTON}</arg>
<doc>Click the element identified by ``locator``.</doc>
<msg timestamp="20250923 08:06:25.444" level="INFO">Clicking element 'xpath://button[contains(@onclick, 'showAddDependencyModal')]'.</msg>
<status status="PASS" starttime="20250923 08:06:25.444" endtime="20250923 08:06:25.471"/>
</kw>
<kw name="Wait Until Element Is Visible" library="SeleniumLibrary">
<arg>${ADD_EDIT_MODAL}</arg>
<doc>Waits until the element ``locator`` is visible.</doc>
<status status="PASS" starttime="20250923 08:06:25.471" endtime="20250923 08:06:25.693"/>
</kw>
<kw name="Input Text" library="SeleniumLibrary">
<arg>${DEP_NAME_FIELD}</arg>
<arg>${name}</arg>
<doc>Types the given ``text`` into the text field identified by ``locator``.</doc>
<msg timestamp="20250923 08:06:25.694" level="INFO">Typing text 'CreateTest_20250923_080625' into text field 'id:addName'.</msg>
<status status="PASS" starttime="20250923 08:06:25.694" endtime="20250923 08:06:25.816"/>
</kw>
<kw name="Input Text" library="SeleniumLibrary">
<arg>${DEP_DESCRIPTION_FIELD}</arg>
<arg>${description}</arg>
<doc>Types the given ``text`` into the text field identified by ``locator``.</doc>
<msg timestamp="20250923 08:06:25.816" level="INFO">Typing text 'Test dependency created by Robot Framework automation' into text field 'id:addDescription'.</msg>
<status status="PASS" starttime="20250923 08:06:25.816" endtime="20250923 08:06:25.880"/>
</kw>
<kw name="Select From List By Label" library="SeleniumLibrary">
<arg>${DEP_TEAM_SELECT}</arg>
<arg>${team}</arg>
<doc>Selects options from selection list ``locator`` by ``labels``.</doc>
<msg timestamp="20250923 08:06:25.880" level="INFO">Selecting options from selection list 'id:addTeam' by label Quality flow.</msg>
<msg timestamp="20250923 08:06:36.116" level="INFO" html="true">&lt;/td&gt;&lt;/tr&gt;&lt;tr&gt;&lt;td colspan="3"&gt;&lt;a href="selenium-screenshot-2.png"&gt;&lt;img src="selenium-screenshot-2.png" width="800px"&gt;&lt;/a&gt;</msg>
<msg timestamp="20250923 08:06:36.116" level="FAIL">NoSuchElementException: Message: Could not locate element with visible text: Quality flow; For documentation on this error, please visit: https://www.selenium.dev/documentation/webdriver/troubleshooting/errors#no-such-element-exception
</msg>
<status status="FAIL" starttime="20250923 08:06:25.880" endtime="20250923 08:06:36.137"/>
</kw>
<kw name="Select From List By Value" library="SeleniumLibrary">
<arg>${DEP_STATUS_SELECT}</arg>
<arg>${status}</arg>
<doc>Selects options from selection list ``locator`` by ``values``.</doc>
<status status="NOT RUN" starttime="20250923 08:06:36.137" endtime="20250923 08:06:36.137"/>
</kw>
<kw name="Select From List By Value" library="SeleniumLibrary">
<arg>${DEP_PRIORITY_SELECT}</arg>
<arg>${priority}</arg>
<doc>Selects options from selection list ``locator`` by ``values``.</doc>
<status status="NOT RUN" starttime="20250923 08:06:36.137" endtime="20250923 08:06:36.137"/>
</kw>
<kw name="Run Keyword If" library="BuiltIn">
<arg>'${jira}' != '${EMPTY}'</arg>
<arg>Input Text</arg>
<arg>${DEP_JIRA_FIELD}</arg>
<arg>${jira}</arg>
<doc>Runs the given keyword with the given arguments, if ``condition`` is true.</doc>
<status status="NOT RUN" starttime="20250923 08:06:36.137" endtime="20250923 08:06:36.137"/>
</kw>
<kw name="Click Element" library="SeleniumLibrary">
<arg>${SAVE_BUTTON}</arg>
<doc>Click the element identified by ``locator``.</doc>
<status status="NOT RUN" starttime="20250923 08:06:36.137" endtime="20250923 08:06:36.137"/>
</kw>
<kw name="Wait Until Element Is Not Visible" library="SeleniumLibrary">
<arg>${ADD_EDIT_MODAL}</arg>
<arg>timeout=15s</arg>
<doc>Waits until the element ``locator`` is not visible.</doc>
<status status="NOT RUN" starttime="20250923 08:06:36.137" endtime="20250923 08:06:36.137"/>
</kw>
<kw name="Sleep" library="BuiltIn">
<arg>2s</arg>
<doc>Pauses the test executed for the given time.</doc>
<status status="NOT RUN" starttime="20250923 08:06:36.137" endtime="20250923 08:06:36.137"/>
</kw>
<status status="FAIL" starttime="20250923 08:06:25.443" endtime="20250923 08:06:36.137"/>
</kw>
<kw name="Verify Dependency Exists" library="depflow_keywords">
<arg>${unique_name}</arg>
<doc>Verifies that a dependency exists in the table</doc>
<status status="NOT RUN" starttime="20250923 08:06:36.137" endtime="20250923 08:06:36.137"/>
</kw>
<kw name="Verify Notification Message" library="depflow_keywords">
<arg>successfully</arg>
<doc>Verifies notification message appears</doc>
<status status="NOT RUN" starttime="20250923 08:06:36.138" endtime="20250923 08:06:36.138"/>
</kw>
<kw name="Page Should Contain" library="SeleniumLibrary">
<arg>${unique_name}</arg>
<doc>Verifies that current page contains ``text``.</doc>
<status status="NOT RUN" starttime="20250923 08:06:36.138" endtime="20250923 08:06:36.138"/>
</kw>
<kw name="Page Should Contain" library="SeleniumLibrary">
<arg>${description}</arg>
<doc>Verifies that current page contains ``text``.</doc>
<status status="NOT RUN" starttime="20250923 08:06:36.138" endtime="20250923 08:06:36.138"/>
</kw>
<kw name="Page Should Contain" library="SeleniumLibrary">
<arg>${TEST_DEP_TEAM}</arg>
<doc>Verifies that current page contains ``text``.</doc>
<status status="NOT RUN" starttime="20250923 08:06:36.138" endtime="20250923 08:06:36.138"/>
</kw>
<kw name="Test Mode Test Teardown" library="depflow_keywords" type="TEARDOWN">
<doc>Individual test teardown using test mode</doc>
<kw name="Test Mode Reset" library="depflow_keywords">
<doc>Complete app state reset for clean test environment</doc>
<kw name="Execute Javascript" library="SeleniumLibrary">
<arg>if (typeof window.DepFlow.testModeReset === 'function') {</arg>
<arg>window.DepFlow.testModeReset();</arg>
<arg>} else {</arg>
<arg>console.error('Test mode reset function not available');</arg>
<arg>}</arg>
<doc>Executes the given JavaScript code with possible arguments.</doc>
<msg timestamp="20250923 08:06:36.138" level="INFO">Executing JavaScript:
if (typeof window.DepFlow.testModeReset === 'function') {window.DepFlow.testModeReset();} else {console.error('Test mode reset function not available');}
Without any arguments.</msg>
<status status="PASS" starttime="20250923 08:06:36.138" endtime="20250923 08:06:36.142"/>
</kw>
<kw name="Sleep" library="BuiltIn">
<arg>1s</arg>
<doc>Pauses the test executed for the given time.</doc>
<msg timestamp="20250923 08:06:37.143" level="INFO">Slept 1 second</msg>
<status status="PASS" starttime="20250923 08:06:36.142" endtime="20250923 08:06:37.143"/>
</kw>
<kw name="Log" library="BuiltIn">
<arg>Test Mode Reset Completed</arg>
<doc>Logs the given message with the given level.</doc>
<msg timestamp="20250923 08:06:37.143" level="INFO">Test Mode Reset Completed</msg>
<status status="PASS" starttime="20250923 08:06:37.143" endtime="20250923 08:06:37.144"/>
</kw>
<status status="PASS" starttime="20250923 08:06:36.138" endtime="20250923 08:06:37.145"/>
</kw>
<status status="PASS" starttime="20250923 08:06:36.138" endtime="20250923 08:06:37.145"/>
</kw>
<doc>Test successful creation of a new dependency</doc>
<tag>create</tag>
<tag>crud</tag>
<tag>smoke</tag>
<status status="FAIL" starttime="20250923 08:06:21.384" endtime="20250923 08:06:37.145">NoSuchElementException: Message: Could not locate element with visible text: Quality flow; For documentation on this error, please visit: https://www.selenium.dev/documentation/webdriver/troubleshooting/errors#no-such-element-exception
</status>
</test>
<test id="s1-t4" name="TC016 - Add Dependency With Minimal Required Fields" line="70">
<kw name="Test Mode Test Setup" library="depflow_keywords" type="SETUP">
<doc>Individual test setup using test mode</doc>
<kw name="Test Mode Reset" library="depflow_keywords">
<doc>Complete app state reset for clean test environment</doc>
<kw name="Execute Javascript" library="SeleniumLibrary">
<arg>if (typeof window.DepFlow.testModeReset === 'function') {</arg>
<arg>window.DepFlow.testModeReset();</arg>
<arg>} else {</arg>
<arg>console.error('Test mode reset function not available');</arg>
<arg>}</arg>
<doc>Executes the given JavaScript code with possible arguments.</doc>
<msg timestamp="20250923 08:06:37.148" level="INFO">Executing JavaScript:
if (typeof window.DepFlow.testModeReset === 'function') {window.DepFlow.testModeReset();} else {console.error('Test mode reset function not available');}
Without any arguments.</msg>
<status status="PASS" starttime="20250923 08:06:37.147" endtime="20250923 08:06:37.152"/>
</kw>
<kw name="Sleep" library="BuiltIn">
<arg>1s</arg>
<doc>Pauses the test executed for the given time.</doc>
<msg timestamp="20250923 08:06:38.153" level="INFO">Slept 1 second</msg>
<status status="PASS" starttime="20250923 08:06:37.152" endtime="20250923 08:06:38.154"/>
</kw>
<kw name="Log" library="BuiltIn">
<arg>Test Mode Reset Completed</arg>
<doc>Logs the given message with the given level.</doc>
<msg timestamp="20250923 08:06:38.154" level="INFO">Test Mode Reset Completed</msg>
<status status="PASS" starttime="20250923 08:06:38.154" endtime="20250923 08:06:38.154"/>
</kw>
<status status="PASS" starttime="20250923 08:06:37.147" endtime="20250923 08:06:38.154"/>
</kw>
<kw name="Test Mode Admin Login" library="depflow_keywords">
<doc>Quick admin login using test mode</doc>
<kw name="Test Mode Login" library="depflow_keywords">
<arg>admin</arg>
<doc>Login using test mode bypass - no modal interaction required</doc>
<kw name="Wait Until Page Contains Element" library="SeleniumLibrary">
<arg>${LANDING_PAGE_LOGO}</arg>
<arg>timeout=10s</arg>
<doc>Waits until the element ``locator`` appears on the current page.</doc>
<status status="PASS" starttime="20250923 08:06:38.155" endtime="20250923 08:06:38.163"/>
</kw>
<kw name="Sleep" library="BuiltIn">
<arg>1s</arg>
<doc>Pauses the test executed for the given time.</doc>
<msg timestamp="20250923 08:06:39.163" level="INFO">Slept 1 second</msg>
<status status="PASS" starttime="20250923 08:06:38.163" endtime="20250923 08:06:39.164"/>
</kw>
<kw name="Execute Javascript" library="SeleniumLibrary">
<arg>if (typeof window.DepFlow.testModeLogin === 'function') {</arg>
<arg>window.DepFlow.testModeLogin('${user_type}');</arg>
<arg>} else {</arg>
<arg>console.error('Test mode login function not available');</arg>
<arg>}</arg>
<doc>Executes the given JavaScript code with possible arguments.</doc>
<msg timestamp="20250923 08:06:39.165" level="INFO">Executing JavaScript:
if (typeof window.DepFlow.testModeLogin === 'function') {window.DepFlow.testModeLogin('admin');} else {console.error('Test mode login function not available');}
Without any arguments.</msg>
<status status="PASS" starttime="20250923 08:06:39.164" endtime="20250923 08:06:39.175"/>
</kw>
<kw name="Sleep" library="BuiltIn">
<arg>2s</arg>
<doc>Pauses the test executed for the given time.</doc>
<msg timestamp="20250923 08:06:41.176" level="INFO">Slept 2 seconds</msg>
<status status="PASS" starttime="20250923 08:06:39.175" endtime="20250923 08:06:41.176"/>
</kw>
<kw name="Wait Until Element Is Visible" library="SeleniumLibrary">
<arg>${DASHBOARD_PAGE}</arg>
<arg>timeout=10s</arg>
<doc>Waits until the element ``locator`` is visible.</doc>
<status status="PASS" starttime="20250923 08:06:41.177" endtime="20250923 08:06:41.184"/>
</kw>
<kw name="Wait Until Element Is Visible" library="SeleniumLibrary">
<arg>${USER_PANEL}</arg>
<arg>timeout=5s</arg>
<doc>Waits until the element ``locator`` is visible.</doc>
<status status="PASS" starttime="20250923 08:06:41.184" endtime="20250923 08:06:41.190"/>
</kw>
<kw name="Log" library="BuiltIn">
<arg>Test Mode Login Completed for ${user_type}</arg>
<doc>Logs the given message with the given level.</doc>
<msg timestamp="20250923 08:06:41.190" level="INFO">Test Mode Login Completed for admin</msg>
<status status="PASS" starttime="20250923 08:06:41.190" endtime="20250923 08:06:41.190"/>
</kw>
<status status="PASS" starttime="20250923 08:06:38.155" endtime="20250923 08:06:41.190"/>
</kw>
<status status="PASS" starttime="20250923 08:06:38.154" endtime="20250923 08:06:41.190"/>
</kw>
<status status="PASS" starttime="20250923 08:06:37.146" endtime="20250923 08:06:41.190"/>
</kw>
<kw name="Generate Test Data" library="depflow_keywords">
<var>${unique_name}</var>
<arg>MinimalTest</arg>
<doc>Generates unique test data for test runs</doc>
<kw name="Get Current Date" library="DateTime">
<var>${timestamp}</var>
<arg>result_format=%Y%m%d_%H%M%S</arg>
<doc>Returns current local or UTC time with an optional increment.</doc>
<msg timestamp="20250923 08:06:41.191" level="INFO">${timestamp} = 20250923_080641</msg>
<status status="PASS" starttime="20250923 08:06:41.191" endtime="20250923 08:06:41.191"/>
</kw>
<kw name="Set Variable" library="BuiltIn">
<var>${unique_name}</var>
<arg>${prefix}_${timestamp}</arg>
<doc>Returns the given values which can then be assigned to a variables.</doc>
<msg timestamp="20250923 08:06:41.191" level="INFO">${unique_name} = MinimalTest_20250923_080641</msg>
<status status="PASS" starttime="20250923 08:06:41.191" endtime="20250923 08:06:41.191"/>
</kw>
<msg timestamp="20250923 08:06:41.191" level="INFO">${unique_name} = MinimalTest_20250923_080641</msg>
<status status="PASS" starttime="20250923 08:06:41.190" endtime="20250923 08:06:41.191"/>
</kw>
<kw name="Set Variable" library="BuiltIn">
<var>${description}</var>
<arg>Minimal test dependency with required fields only</arg>
<doc>Returns the given values which can then be assigned to a variables.</doc>
<msg timestamp="20250923 08:06:41.191" level="INFO">${description} = Minimal test dependency with required fields only</msg>
<status status="PASS" starttime="20250923 08:06:41.191" endtime="20250923 08:06:41.191"/>
</kw>
<kw name="Add New Dependency" library="depflow_keywords">
<arg>${unique_name}</arg>
<arg>${description}</arg>
<arg>${TEST_DEP_TEAM}</arg>
<doc>Adds a new dependency with provided details (updated for current app version)</doc>
<kw name="Click Element" library="SeleniumLibrary">
<arg>${ADD_DEPENDENCY_BUTTON}</arg>
<doc>Click the element identified by ``locator``.</doc>
<msg timestamp="20250923 08:06:41.192" level="INFO">Clicking element 'xpath://button[contains(@onclick, 'showAddDependencyModal')]'.</msg>
<status status="PASS" starttime="20250923 08:06:41.192" endtime="20250923 08:06:41.211"/>
</kw>
<kw name="Wait Until Element Is Visible" library="SeleniumLibrary">
<arg>${ADD_EDIT_MODAL}</arg>
<doc>Waits until the element ``locator`` is visible.</doc>
<status status="PASS" starttime="20250923 08:06:41.211" endtime="20250923 08:06:41.437"/>
</kw>
<kw name="Input Text" library="SeleniumLibrary">
<arg>${DEP_NAME_FIELD}</arg>
<arg>${name}</arg>
<doc>Types the given ``text`` into the text field identified by ``locator``.</doc>
<msg timestamp="20250923 08:06:41.438" level="INFO">Typing text 'MinimalTest_20250923_080641' into text field 'id:addName'.</msg>
<status status="PASS" starttime="20250923 08:06:41.437" endtime="20250923 08:06:41.479"/>
</kw>
<kw name="Input Text" library="SeleniumLibrary">
<arg>${DEP_DESCRIPTION_FIELD}</arg>
<arg>${description}</arg>
<doc>Types the given ``text`` into the text field identified by ``locator``.</doc>
<msg timestamp="20250923 08:06:41.481" level="INFO">Typing text 'Minimal test dependency with required fields only' into text field 'id:addDescription'.</msg>
<status status="PASS" starttime="20250923 08:06:41.480" endtime="20250923 08:06:41.518"/>
</kw>
<kw name="Select From List By Label" library="SeleniumLibrary">
<arg>${DEP_TEAM_SELECT}</arg>
<arg>${team}</arg>
<doc>Selects options from selection list ``locator`` by ``labels``.</doc>
<msg timestamp="20250923 08:06:41.519" level="INFO">Selecting options from selection list 'id:addTeam' by label Quality flow.</msg>
<msg timestamp="20250923 08:06:51.746" level="INFO" html="true">&lt;/td&gt;&lt;/tr&gt;&lt;tr&gt;&lt;td colspan="3"&gt;&lt;a href="selenium-screenshot-3.png"&gt;&lt;img src="selenium-screenshot-3.png" width="800px"&gt;&lt;/a&gt;</msg>
<msg timestamp="20250923 08:06:51.746" level="FAIL">NoSuchElementException: Message: Could not locate element with visible text: Quality flow; For documentation on this error, please visit: https://www.selenium.dev/documentation/webdriver/troubleshooting/errors#no-such-element-exception
</msg>
<status status="FAIL" starttime="20250923 08:06:41.518" endtime="20250923 08:06:51.746"/>
</kw>
<kw name="Select From List By Value" library="SeleniumLibrary">
<arg>${DEP_STATUS_SELECT}</arg>
<arg>${status}</arg>
<doc>Selects options from selection list ``locator`` by ``values``.</doc>
<status status="NOT RUN" starttime="20250923 08:06:51.746" endtime="20250923 08:06:51.746"/>
</kw>
<kw name="Select From List By Value" library="SeleniumLibrary">
<arg>${DEP_PRIORITY_SELECT}</arg>
<arg>${priority}</arg>
<doc>Selects options from selection list ``locator`` by ``values``.</doc>
<status status="NOT RUN" starttime="20250923 08:06:51.746" endtime="20250923 08:06:51.746"/>
</kw>
<kw name="Run Keyword If" library="BuiltIn">
<arg>'${jira}' != '${EMPTY}'</arg>
<arg>Input Text</arg>
<arg>${DEP_JIRA_FIELD}</arg>
<arg>${jira}</arg>
<doc>Runs the given keyword with the given arguments, if ``condition`` is true.</doc>
<status status="NOT RUN" starttime="20250923 08:06:51.747" endtime="20250923 08:06:51.747"/>
</kw>
<kw name="Click Element" library="SeleniumLibrary">
<arg>${SAVE_BUTTON}</arg>
<doc>Click the element identified by ``locator``.</doc>
<status status="NOT RUN" starttime="20250923 08:06:51.747" endtime="20250923 08:06:51.747"/>
</kw>
<kw name="Wait Until Element Is Not Visible" library="SeleniumLibrary">
<arg>${ADD_EDIT_MODAL}</arg>
<arg>timeout=15s</arg>
<doc>Waits until the element ``locator`` is not visible.</doc>
<status status="NOT RUN" starttime="20250923 08:06:51.747" endtime="20250923 08:06:51.747"/>
</kw>
<kw name="Sleep" library="BuiltIn">
<arg>2s</arg>
<doc>Pauses the test executed for the given time.</doc>
<status status="NOT RUN" starttime="20250923 08:06:51.747" endtime="20250923 08:06:51.747"/>
</kw>
<status status="FAIL" starttime="20250923 08:06:41.191" endtime="20250923 08:06:51.747"/>
</kw>
<kw name="Verify Dependency Exists" library="depflow_keywords">
<arg>${unique_name}</arg>
<doc>Verifies that a dependency exists in the table</doc>
<status status="NOT RUN" starttime="20250923 08:06:51.747" endtime="20250923 08:06:51.747"/>
</kw>
<kw name="Verify Notification Message" library="depflow_keywords">
<arg>successfully</arg>
<doc>Verifies notification message appears</doc>
<status status="NOT RUN" starttime="20250923 08:06:51.747" endtime="20250923 08:06:51.747"/>
</kw>
<kw name="Test Mode Test Teardown" library="depflow_keywords" type="TEARDOWN">
<doc>Individual test teardown using test mode</doc>
<kw name="Test Mode Reset" library="depflow_keywords">
<doc>Complete app state reset for clean test environment</doc>
<kw name="Execute Javascript" library="SeleniumLibrary">
<arg>if (typeof window.DepFlow.testModeReset === 'function') {</arg>
<arg>window.DepFlow.testModeReset();</arg>
<arg>} else {</arg>
<arg>console.error('Test mode reset function not available');</arg>
<arg>}</arg>
<doc>Executes the given JavaScript code with possible arguments.</doc>
<msg timestamp="20250923 08:06:51.748" level="INFO">Executing JavaScript:
if (typeof window.DepFlow.testModeReset === 'function') {window.DepFlow.testModeReset();} else {console.error('Test mode reset function not available');}
Without any arguments.</msg>
<status status="PASS" starttime="20250923 08:06:51.748" endtime="20250923 08:06:51.753"/>
</kw>
<kw name="Sleep" library="BuiltIn">
<arg>1s</arg>
<doc>Pauses the test executed for the given time.</doc>
<msg timestamp="20250923 08:06:52.754" level="INFO">Slept 1 second</msg>
<status status="PASS" starttime="20250923 08:06:51.753" endtime="20250923 08:06:52.754"/>
</kw>
<kw name="Log" library="BuiltIn">
<arg>Test Mode Reset Completed</arg>
<doc>Logs the given message with the given level.</doc>
<msg timestamp="20250923 08:06:52.755" level="INFO">Test Mode Reset Completed</msg>
<status status="PASS" starttime="20250923 08:06:52.754" endtime="20250923 08:06:52.755"/>
</kw>
<status status="PASS" starttime="20250923 08:06:51.747" endtime="20250923 08:06:52.755"/>
</kw>
<status status="PASS" starttime="20250923 08:06:51.747" endtime="20250923 08:06:52.755"/>
</kw>
<doc>Test creating dependency with only required fields</doc>
<tag>create</tag>
<tag>crud</tag>
<tag>minimal</tag>
<status status="FAIL" starttime="20250923 08:06:37.146" endtime="20250923 08:06:52.755">NoSuchElementException: Message: Could not locate element with visible text: Quality flow; For documentation on this error, please visit: https://www.selenium.dev/documentation/webdriver/troubleshooting/errors#no-such-element-exception
</status>
</test>
<test id="s1-t5" name="TC017 - Validate Required Field - Name" line="82">
<kw name="Test Mode Test Setup" library="depflow_keywords" type="SETUP">
<doc>Individual test setup using test mode</doc>
<kw name="Test Mode Reset" library="depflow_keywords">
<doc>Complete app state reset for clean test environment</doc>
<kw name="Execute Javascript" library="SeleniumLibrary">
<arg>if (typeof window.DepFlow.testModeReset === 'function') {</arg>
<arg>window.DepFlow.testModeReset();</arg>
<arg>} else {</arg>
<arg>console.error('Test mode reset function not available');</arg>
<arg>}</arg>
<doc>Executes the given JavaScript code with possible arguments.</doc>
<msg timestamp="20250923 08:06:52.758" level="INFO">Executing JavaScript:
if (typeof window.DepFlow.testModeReset === 'function') {window.DepFlow.testModeReset();} else {console.error('Test mode reset function not available');}
Without any arguments.</msg>
<status status="PASS" starttime="20250923 08:06:52.757" endtime="20250923 08:06:52.762"/>
</kw>
<kw name="Sleep" library="BuiltIn">
<arg>1s</arg>
<doc>Pauses the test executed for the given time.</doc>
<msg timestamp="20250923 08:06:53.763" level="INFO">Slept 1 second</msg>
<status status="PASS" starttime="20250923 08:06:52.763" endtime="20250923 08:06:53.763"/>
</kw>
<kw name="Log" library="BuiltIn">
<arg>Test Mode Reset Completed</arg>
<doc>Logs the given message with the given level.</doc>
<msg timestamp="20250923 08:06:53.764" level="INFO">Test Mode Reset Completed</msg>
<status status="PASS" starttime="20250923 08:06:53.764" endtime="20250923 08:06:53.764"/>
</kw>
<status status="PASS" starttime="20250923 08:06:52.757" endtime="20250923 08:06:53.764"/>
</kw>
<kw name="Test Mode Admin Login" library="depflow_keywords">
<doc>Quick admin login using test mode</doc>
<kw name="Test Mode Login" library="depflow_keywords">
<arg>admin</arg>
<doc>Login using test mode bypass - no modal interaction required</doc>
<kw name="Wait Until Page Contains Element" library="SeleniumLibrary">
<arg>${LANDING_PAGE_LOGO}</arg>
<arg>timeout=10s</arg>
<doc>Waits until the element ``locator`` appears on the current page.</doc>
<status status="PASS" starttime="20250923 08:06:53.765" endtime="20250923 08:06:53.774"/>
</kw>
<kw name="Sleep" library="BuiltIn">
<arg>1s</arg>
<doc>Pauses the test executed for the given time.</doc>
<msg timestamp="20250923 08:06:54.777" level="INFO">Slept 1 second</msg>
<status status="PASS" starttime="20250923 08:06:53.774" endtime="20250923 08:06:54.777"/>
</kw>
<kw name="Execute Javascript" library="SeleniumLibrary">
<arg>if (typeof window.DepFlow.testModeLogin === 'function') {</arg>
<arg>window.DepFlow.testModeLogin('${user_type}');</arg>
<arg>} else {</arg>
<arg>console.error('Test mode login function not available');</arg>
<arg>}</arg>
<doc>Executes the given JavaScript code with possible arguments.</doc>
<msg timestamp="20250923 08:06:54.779" level="INFO">Executing JavaScript:
if (typeof window.DepFlow.testModeLogin === 'function') {window.DepFlow.testModeLogin('admin');} else {console.error('Test mode login function not available');}
Without any arguments.</msg>
<status status="PASS" starttime="20250923 08:06:54.778" endtime="20250923 08:06:54.790"/>
</kw>
<kw name="Sleep" library="BuiltIn">
<arg>2s</arg>
<doc>Pauses the test executed for the given time.</doc>
<msg timestamp="20250923 08:06:56.792" level="INFO">Slept 2 seconds</msg>
<status status="PASS" starttime="20250923 08:06:54.791" endtime="20250923 08:06:56.792"/>
</kw>
<kw name="Wait Until Element Is Visible" library="SeleniumLibrary">
<arg>${DASHBOARD_PAGE}</arg>
<arg>timeout=10s</arg>
<doc>Waits until the element ``locator`` is visible.</doc>
<status status="PASS" starttime="20250923 08:06:56.792" endtime="20250923 08:06:56.807"/>
</kw>
<kw name="Wait Until Element Is Visible" library="SeleniumLibrary">
<arg>${USER_PANEL}</arg>
<arg>timeout=5s</arg>
<doc>Waits until the element ``locator`` is visible.</doc>
<status status="PASS" starttime="20250923 08:06:56.807" endtime="20250923 08:06:56.817"/>
</kw>
<kw name="Log" library="BuiltIn">
<arg>Test Mode Login Completed for ${user_type}</arg>
<doc>Logs the given message with the given level.</doc>
<msg timestamp="20250923 08:06:56.817" level="INFO">Test Mode Login Completed for admin</msg>
<status status="PASS" starttime="20250923 08:06:56.817" endtime="20250923 08:06:56.817"/>
</kw>
<status status="PASS" starttime="20250923 08:06:53.764" endtime="20250923 08:06:56.817"/>
</kw>
<status status="PASS" starttime="20250923 08:06:53.764" endtime="20250923 08:06:56.817"/>
</kw>
<status status="PASS" starttime="20250923 08:06:52.757" endtime="20250923 08:06:56.817"/>
</kw>
<kw name="Click Element" library="SeleniumLibrary">
<arg>${ADD_DEPENDENCY_BUTTON}</arg>
<doc>Click the element identified by ``locator``.</doc>
<msg timestamp="20250923 08:06:56.817" level="INFO">Clicking element 'xpath://button[contains(@onclick, 'showAddDependencyModal')]'.</msg>
<status status="PASS" starttime="20250923 08:06:56.817" endtime="20250923 08:06:56.842"/>
</kw>
<kw name="Wait Until Element Is Visible" library="SeleniumLibrary">
<arg>${ADD_EDIT_MODAL}</arg>
<doc>Waits until the element ``locator`` is visible.</doc>
<status status="PASS" starttime="20250923 08:06:56.842" endtime="20250923 08:06:57.065"/>
</kw>
<kw name="Input Text" library="SeleniumLibrary">
<arg>${DEP_DESCRIPTION_FIELD}</arg>
<arg>Test description without name</arg>
<doc>Types the given ``text`` into the text field identified by ``locator``.</doc>
<msg timestamp="20250923 08:06:57.066" level="INFO">Typing text 'Test description without name' into text field 'id:addDescription'.</msg>
<status status="PASS" starttime="20250923 08:06:57.065" endtime="20250923 08:06:57.104"/>
</kw>
<kw name="Select From List By Label" library="SeleniumLibrary">
<arg>${DEP_TEAM_SELECT}</arg>
<arg>${TEST_DEP_TEAM}</arg>
<doc>Selects options from selection list ``locator`` by ``labels``.</doc>
<msg timestamp="20250923 08:06:57.105" level="INFO">Selecting options from selection list 'id:addTeam' by label Quality flow.</msg>
<msg timestamp="20250923 08:07:07.306" level="INFO" html="true">&lt;/td&gt;&lt;/tr&gt;&lt;tr&gt;&lt;td colspan="3"&gt;&lt;a href="selenium-screenshot-4.png"&gt;&lt;img src="selenium-screenshot-4.png" width="800px"&gt;&lt;/a&gt;</msg>
<msg timestamp="20250923 08:07:07.307" level="FAIL">NoSuchElementException: Message: Could not locate element with visible text: Quality flow; For documentation on this error, please visit: https://www.selenium.dev/documentation/webdriver/troubleshooting/errors#no-such-element-exception
</msg>
<status status="FAIL" starttime="20250923 08:06:57.104" endtime="20250923 08:07:07.307"/>
</kw>
<kw name="Click Element" library="SeleniumLibrary">
<arg>${SAVE_BUTTON}</arg>
<doc>Click the element identified by ``locator``.</doc>
<status status="NOT RUN" starttime="20250923 08:07:07.307" endtime="20250923 08:07:07.307"/>
</kw>
<kw name="Element Should Be Visible" library="SeleniumLibrary">
<arg>${ADD_EDIT_MODAL}</arg>
<doc>Verifies that the element identified by ``locator`` is visible.</doc>
<status status="NOT RUN" starttime="20250923 08:07:07.307" endtime="20250923 08:07:07.307"/>
</kw>
<kw name="Test Mode Test Teardown" library="depflow_keywords" type="TEARDOWN">
<doc>Individual test teardown using test mode</doc>
<kw name="Test Mode Reset" library="depflow_keywords">
<doc>Complete app state reset for clean test environment</doc>
<kw name="Execute Javascript" library="SeleniumLibrary">
<arg>if (typeof window.DepFlow.testModeReset === 'function') {</arg>
<arg>window.DepFlow.testModeReset();</arg>
<arg>} else {</arg>
<arg>console.error('Test mode reset function not available');</arg>
<arg>}</arg>
<doc>Executes the given JavaScript code with possible arguments.</doc>
<msg timestamp="20250923 08:07:07.308" level="INFO">Executing JavaScript:
if (typeof window.DepFlow.testModeReset === 'function') {window.DepFlow.testModeReset();} else {console.error('Test mode reset function not available');}
Without any arguments.</msg>
<status status="PASS" starttime="20250923 08:07:07.308" endtime="20250923 08:07:07.312"/>
</kw>
<kw name="Sleep" library="BuiltIn">
<arg>1s</arg>
<doc>Pauses the test executed for the given time.</doc>
<msg timestamp="20250923 08:07:08.313" level="INFO">Slept 1 second</msg>
<status status="PASS" starttime="20250923 08:07:07.312" endtime="20250923 08:07:08.313"/>
</kw>
<kw name="Log" library="BuiltIn">
<arg>Test Mode Reset Completed</arg>
<doc>Logs the given message with the given level.</doc>
<msg timestamp="20250923 08:07:08.314" level="INFO">Test Mode Reset Completed</msg>
<status status="PASS" starttime="20250923 08:07:08.314" endtime="20250923 08:07:08.314"/>
</kw>
<status status="PASS" starttime="20250923 08:07:07.308" endtime="20250923 08:07:08.314"/>
</kw>
<status status="PASS" starttime="20250923 08:07:07.308" endtime="20250923 08:07:08.314"/>
</kw>
<doc>Test that name field is required for dependency creation</doc>
<tag>crud</tag>
<tag>negative</tag>
<tag>validation</tag>
<status status="FAIL" starttime="20250923 08:06:52.756" endtime="20250923 08:07:08.315">NoSuchElementException: Message: Could not locate element with visible text: Quality flow; For documentation on this error, please visit: https://www.selenium.dev/documentation/webdriver/troubleshooting/errors#no-such-element-exception
</status>
</test>
<test id="s1-t6" name="TC018 - Validate Required Field - Description" line="98">
<kw name="Test Mode Test Setup" library="depflow_keywords" type="SETUP">
<doc>Individual test setup using test mode</doc>
<kw name="Test Mode Reset" library="depflow_keywords">
<doc>Complete app state reset for clean test environment</doc>
<kw name="Execute Javascript" library="SeleniumLibrary">
<arg>if (typeof window.DepFlow.testModeReset === 'function') {</arg>
<arg>window.DepFlow.testModeReset();</arg>
<arg>} else {</arg>
<arg>console.error('Test mode reset function not available');</arg>
<arg>}</arg>
<doc>Executes the given JavaScript code with possible arguments.</doc>
<msg timestamp="20250923 08:07:08.318" level="INFO">Executing JavaScript:
if (typeof window.DepFlow.testModeReset === 'function') {window.DepFlow.testModeReset();} else {console.error('Test mode reset function not available');}
Without any arguments.</msg>
<status status="PASS" starttime="20250923 08:07:08.318" endtime="20250923 08:07:08.323"/>
</kw>
<kw name="Sleep" library="BuiltIn">
<arg>1s</arg>
<doc>Pauses the test executed for the given time.</doc>
<msg timestamp="20250923 08:07:09.325" level="INFO">Slept 1 second</msg>
<status status="PASS" starttime="20250923 08:07:08.323" endtime="20250923 08:07:09.326"/>
</kw>
<kw name="Log" library="BuiltIn">
<arg>Test Mode Reset Completed</arg>
<doc>Logs the given message with the given level.</doc>
<msg timestamp="20250923 08:07:09.327" level="INFO">Test Mode Reset Completed</msg>
<status status="PASS" starttime="20250923 08:07:09.326" endtime="20250923 08:07:09.327"/>
</kw>
<status status="PASS" starttime="20250923 08:07:08.317" endtime="20250923 08:07:09.327"/>
</kw>
<kw name="Test Mode Admin Login" library="depflow_keywords">
<doc>Quick admin login using test mode</doc>
<kw name="Test Mode Login" library="depflow_keywords">
<arg>admin</arg>
<doc>Login using test mode bypass - no modal interaction required</doc>
<kw name="Wait Until Page Contains Element" library="SeleniumLibrary">
<arg>${LANDING_PAGE_LOGO}</arg>
<arg>timeout=10s</arg>
<doc>Waits until the element ``locator`` appears on the current page.</doc>
<status status="PASS" starttime="20250923 08:07:09.328" endtime="20250923 08:07:09.338"/>
</kw>
<kw name="Sleep" library="BuiltIn">
<arg>1s</arg>
<doc>Pauses the test executed for the given time.</doc>
<msg timestamp="20250923 08:07:10.341" level="INFO">Slept 1 second</msg>
<status status="PASS" starttime="20250923 08:07:09.338" endtime="20250923 08:07:10.341"/>
</kw>
<kw name="Execute Javascript" library="SeleniumLibrary">
<arg>if (typeof window.DepFlow.testModeLogin === 'function') {</arg>
<arg>window.DepFlow.testModeLogin('${user_type}');</arg>
<arg>} else {</arg>
<arg>console.error('Test mode login function not available');</arg>
<arg>}</arg>
<doc>Executes the given JavaScript code with possible arguments.</doc>
<msg timestamp="20250923 08:07:10.342" level="INFO">Executing JavaScript:
if (typeof window.DepFlow.testModeLogin === 'function') {window.DepFlow.testModeLogin('admin');} else {console.error('Test mode login function not available');}
Without any arguments.</msg>
<status status="PASS" starttime="20250923 08:07:10.341" endtime="20250923 08:07:10.353"/>
</kw>
<kw name="Sleep" library="BuiltIn">
<arg>2s</arg>
<doc>Pauses the test executed for the given time.</doc>
<msg timestamp="20250923 08:07:12.354" level="INFO">Slept 2 seconds</msg>
<status status="PASS" starttime="20250923 08:07:10.353" endtime="20250923 08:07:12.354"/>
</kw>
<kw name="Wait Until Element Is Visible" library="SeleniumLibrary">
<arg>${DASHBOARD_PAGE}</arg>
<arg>timeout=10s</arg>
<doc>Waits until the element ``locator`` is visible.</doc>
<status status="PASS" starttime="20250923 08:07:12.354" endtime="20250923 08:07:12.369"/>
</kw>
<kw name="Wait Until Element Is Visible" library="SeleniumLibrary">
<arg>${USER_PANEL}</arg>
<arg>timeout=5s</arg>
<doc>Waits until the element ``locator`` is visible.</doc>
<status status="PASS" starttime="20250923 08:07:12.370" endtime="20250923 08:07:12.380"/>
</kw>
<kw name="Log" library="BuiltIn">
<arg>Test Mode Login Completed for ${user_type}</arg>
<doc>Logs the given message with the given level.</doc>
<msg timestamp="20250923 08:07:12.380" level="INFO">Test Mode Login Completed for admin</msg>
<status status="PASS" starttime="20250923 08:07:12.380" endtime="20250923 08:07:12.380"/>
</kw>
<status status="PASS" starttime="20250923 08:07:09.327" endtime="20250923 08:07:12.380"/>
</kw>
<status status="PASS" starttime="20250923 08:07:09.327" endtime="20250923 08:07:12.380"/>
</kw>
<status status="PASS" starttime="20250923 08:07:08.317" endtime="20250923 08:07:12.380"/>
</kw>
<kw name="Click Element" library="SeleniumLibrary">
<arg>${ADD_DEPENDENCY_BUTTON}</arg>
<doc>Click the element identified by ``locator``.</doc>
<msg timestamp="20250923 08:07:12.381" level="INFO">Clicking element 'xpath://button[contains(@onclick, 'showAddDependencyModal')]'.</msg>
<status status="PASS" starttime="20250923 08:07:12.380" endtime="20250923 08:07:12.404"/>
</kw>
<kw name="Wait Until Element Is Visible" library="SeleniumLibrary">
<arg>${ADD_EDIT_MODAL}</arg>
<doc>Waits until the element ``locator`` is visible.</doc>
<status status="PASS" starttime="20250923 08:07:12.405" endtime="20250923 08:07:12.630"/>
</kw>
<kw name="Input Text" library="SeleniumLibrary">
<arg>${DEP_NAME_FIELD}</arg>
<arg>Test Name</arg>
<doc>Types the given ``text`` into the text field identified by ``locator``.</doc>
<msg timestamp="20250923 08:07:12.631" level="INFO">Typing text 'Test Name' into text field 'id:addName'.</msg>
<status status="PASS" starttime="20250923 08:07:12.630" endtime="20250923 08:07:12.664"/>
</kw>
<kw name="Input Text" library="SeleniumLibrary">
<arg>${DEP_DESCRIPTION_FIELD}</arg>
<arg>Short</arg>
<doc>Types the given ``text`` into the text field identified by ``locator``.</doc>
<msg timestamp="20250923 08:07:12.664" level="INFO">Typing text 'Short' into text field 'id:addDescription'.</msg>
<status status="PASS" starttime="20250923 08:07:12.664" endtime="20250923 08:07:12.692"/>
</kw>
<kw name="Select From List By Label" library="SeleniumLibrary">
<arg>${DEP_TEAM_SELECT}</arg>
<arg>${TEST_DEP_TEAM}</arg>
<doc>Selects options from selection list ``locator`` by ``labels``.</doc>
<msg timestamp="20250923 08:07:12.693" level="INFO">Selecting options from selection list 'id:addTeam' by label Quality flow.</msg>
<msg timestamp="20250923 08:07:22.930" level="INFO" html="true">&lt;/td&gt;&lt;/tr&gt;&lt;tr&gt;&lt;td colspan="3"&gt;&lt;a href="selenium-screenshot-5.png"&gt;&lt;img src="selenium-screenshot-5.png" width="800px"&gt;&lt;/a&gt;</msg>
<msg timestamp="20250923 08:07:22.930" level="FAIL">NoSuchElementException: Message: Could not locate element with visible text: Quality flow; For documentation on this error, please visit: https://www.selenium.dev/documentation/webdriver/troubleshooting/errors#no-such-element-exception
</msg>
<status status="FAIL" starttime="20250923 08:07:12.693" endtime="20250923 08:07:22.930"/>
</kw>
<kw name="Click Element" library="SeleniumLibrary">
<arg>${SAVE_BUTTON}</arg>
<doc>Click the element identified by ``locator``.</doc>
<status status="NOT RUN" starttime="20250923 08:07:22.931" endtime="20250923 08:07:22.931"/>
</kw>
<kw name="Element Should Be Visible" library="SeleniumLibrary">
<arg>${ADD_EDIT_MODAL}</arg>
<doc>Verifies that the element identified by ``locator`` is visible.</doc>
<status status="NOT RUN" starttime="20250923 08:07:22.931" endtime="20250923 08:07:22.931"/>
</kw>
<kw name="Test Mode Test Teardown" library="depflow_keywords" type="TEARDOWN">
<doc>Individual test teardown using test mode</doc>
<kw name="Test Mode Reset" library="depflow_keywords">
<doc>Complete app state reset for clean test environment</doc>
<kw name="Execute Javascript" library="SeleniumLibrary">
<arg>if (typeof window.DepFlow.testModeReset === 'function') {</arg>
<arg>window.DepFlow.testModeReset();</arg>
<arg>} else {</arg>
<arg>console.error('Test mode reset function not available');</arg>
<arg>}</arg>
<doc>Executes the given JavaScript code with possible arguments.</doc>
<msg timestamp="20250923 08:07:22.932" level="INFO">Executing JavaScript:
if (typeof window.DepFlow.testModeReset === 'function') {window.DepFlow.testModeReset();} else {console.error('Test mode reset function not available');}
Without any arguments.</msg>
<status status="PASS" starttime="20250923 08:07:22.931" endtime="20250923 08:07:22.936"/>
</kw>
<kw name="Sleep" library="BuiltIn">
<arg>1s</arg>
<doc>Pauses the test executed for the given time.</doc>
<msg timestamp="20250923 08:07:23.938" level="INFO">Slept 1 second</msg>
<status status="PASS" starttime="20250923 08:07:22.936" endtime="20250923 08:07:23.938"/>
</kw>
<kw name="Log" library="BuiltIn">
<arg>Test Mode Reset Completed</arg>
<doc>Logs the given message with the given level.</doc>
<msg timestamp="20250923 08:07:23.939" level="INFO">Test Mode Reset Completed</msg>
<status status="PASS" starttime="20250923 08:07:23.939" endtime="20250923 08:07:23.939"/>
</kw>
<status status="PASS" starttime="20250923 08:07:22.931" endtime="20250923 08:07:23.939"/>
</kw>
<status status="PASS" starttime="20250923 08:07:22.931" endtime="20250923 08:07:23.939"/>
</kw>
<doc>Test that description field validation works</doc>
<tag>crud</tag>
<tag>negative</tag>
<tag>validation</tag>
<status status="FAIL" starttime="20250923 08:07:08.315" endtime="20250923 08:07:23.939">NoSuchElementException: Message: Could not locate element with visible text: Quality flow; For documentation on this error, please visit: https://www.selenium.dev/documentation/webdriver/troubleshooting/errors#no-such-element-exception
</status>
</test>
<test id="s1-t7" name="TC019 - Edit Existing Dependency" line="115">
<kw name="Test Mode Test Setup" library="depflow_keywords" type="SETUP">
<doc>Individual test setup using test mode</doc>
<kw name="Test Mode Reset" library="depflow_keywords">
<doc>Complete app state reset for clean test environment</doc>
<kw name="Execute Javascript" library="SeleniumLibrary">
<arg>if (typeof window.DepFlow.testModeReset === 'function') {</arg>
<arg>window.DepFlow.testModeReset();</arg>
<arg>} else {</arg>
<arg>console.error('Test mode reset function not available');</arg>
<arg>}</arg>
<doc>Executes the given JavaScript code with possible arguments.</doc>
<msg timestamp="20250923 08:07:23.942" level="INFO">Executing JavaScript:
if (typeof window.DepFlow.testModeReset === 'function') {window.DepFlow.testModeReset();} else {console.error('Test mode reset function not available');}
Without any arguments.</msg>
<status status="PASS" starttime="20250923 08:07:23.942" endtime="20250923 08:07:23.947"/>
</kw>
<kw name="Sleep" library="BuiltIn">
<arg>1s</arg>
<doc>Pauses the test executed for the given time.</doc>
<msg timestamp="20250923 08:07:24.949" level="INFO">Slept 1 second</msg>
<status status="PASS" starttime="20250923 08:07:23.947" endtime="20250923 08:07:24.949"/>
</kw>
<kw name="Log" library="BuiltIn">
<arg>Test Mode Reset Completed</arg>
<doc>Logs the given message with the given level.</doc>
<msg timestamp="20250923 08:07:24.950" level="INFO">Test Mode Reset Completed</msg>
<status status="PASS" starttime="20250923 08:07:24.949" endtime="20250923 08:07:24.950"/>
</kw>
<status status="PASS" starttime="20250923 08:07:23.941" endtime="20250923 08:07:24.950"/>
</kw>
<kw name="Test Mode Admin Login" library="depflow_keywords">
<doc>Quick admin login using test mode</doc>
<kw name="Test Mode Login" library="depflow_keywords">
<arg>admin</arg>
<doc>Login using test mode bypass - no modal interaction required</doc>
<kw name="Wait Until Page Contains Element" library="SeleniumLibrary">
<arg>${LANDING_PAGE_LOGO}</arg>
<arg>timeout=10s</arg>
<doc>Waits until the element ``locator`` appears on the current page.</doc>
<status status="PASS" starttime="20250923 08:07:24.950" endtime="20250923 08:07:24.960"/>
</kw>
<kw name="Sleep" library="BuiltIn">
<arg>1s</arg>
<doc>Pauses the test executed for the given time.</doc>
<msg timestamp="20250923 08:07:25.961" level="INFO">Slept 1 second</msg>
<status status="PASS" starttime="20250923 08:07:24.960" endtime="20250923 08:07:25.961"/>
</kw>
<kw name="Execute Javascript" library="SeleniumLibrary">
<arg>if (typeof window.DepFlow.testModeLogin === 'function') {</arg>
<arg>window.DepFlow.testModeLogin('${user_type}');</arg>
<arg>} else {</arg>
<arg>console.error('Test mode login function not available');</arg>
<arg>}</arg>
<doc>Executes the given JavaScript code with possible arguments.</doc>
<msg timestamp="20250923 08:07:25.962" level="INFO">Executing JavaScript:
if (typeof window.DepFlow.testModeLogin === 'function') {window.DepFlow.testModeLogin('admin');} else {console.error('Test mode login function not available');}
Without any arguments.</msg>
<status status="PASS" starttime="20250923 08:07:25.961" endtime="20250923 08:07:25.975"/>
</kw>
<kw name="Sleep" library="BuiltIn">
<arg>2s</arg>
<doc>Pauses the test executed for the given time.</doc>
<msg timestamp="20250923 08:07:27.977" level="INFO">Slept 2 seconds</msg>
<status status="PASS" starttime="20250923 08:07:25.975" endtime="20250923 08:07:27.977"/>
</kw>
<kw name="Wait Until Element Is Visible" library="SeleniumLibrary">
<arg>${DASHBOARD_PAGE}</arg>
<arg>timeout=10s</arg>
<doc>Waits until the element ``locator`` is visible.</doc>
<status status="PASS" starttime="20250923 08:07:27.978" endtime="20250923 08:07:27.993"/>
</kw>
<kw name="Wait Until Element Is Visible" library="SeleniumLibrary">
<arg>${USER_PANEL}</arg>
<arg>timeout=5s</arg>
<doc>Waits until the element ``locator`` is visible.</doc>
<status status="PASS" starttime="20250923 08:07:27.993" endtime="20250923 08:07:28.003"/>
</kw>
<kw name="Log" library="BuiltIn">
<arg>Test Mode Login Completed for ${user_type}</arg>
<doc>Logs the given message with the given level.</doc>
<msg timestamp="20250923 08:07:28.003" level="INFO">Test Mode Login Completed for admin</msg>
<status status="PASS" starttime="20250923 08:07:28.003" endtime="20250923 08:07:28.003"/>
</kw>
<status status="PASS" starttime="20250923 08:07:24.950" endtime="20250923 08:07:28.003"/>
</kw>
<status status="PASS" starttime="20250923 08:07:24.950" endtime="20250923 08:07:28.003"/>
</kw>
<status status="PASS" starttime="20250923 08:07:23.941" endtime="20250923 08:07:28.003"/>
</kw>
<kw name="Generate Test Data" library="depflow_keywords">
<var>${original_name}</var>
<arg>EditTest</arg>
<doc>Generates unique test data for test runs</doc>
<kw name="Get Current Date" library="DateTime">
<var>${timestamp}</var>
<arg>result_format=%Y%m%d_%H%M%S</arg>
<doc>Returns current local or UTC time with an optional increment.</doc>
<msg timestamp="20250923 08:07:28.004" level="INFO">${timestamp} = 20250923_080728</msg>
<status status="PASS" starttime="20250923 08:07:28.004" endtime="20250923 08:07:28.004"/>
</kw>
<kw name="Set Variable" library="BuiltIn">
<var>${unique_name}</var>
<arg>${prefix}_${timestamp}</arg>
<doc>Returns the given values which can then be assigned to a variables.</doc>
<msg timestamp="20250923 08:07:28.004" level="INFO">${unique_name} = EditTest_20250923_080728</msg>
<status status="PASS" starttime="20250923 08:07:28.004" endtime="20250923 08:07:28.004"/>
</kw>
<msg timestamp="20250923 08:07:28.004" level="INFO">${original_name} = EditTest_20250923_080728</msg>
<status status="PASS" starttime="20250923 08:07:28.004" endtime="20250923 08:07:28.004"/>
</kw>
<kw name="Set Variable" library="BuiltIn">
<var>${original_desc}</var>
<arg>Original description for edit test</arg>
<doc>Returns the given values which can then be assigned to a variables.</doc>
<msg timestamp="20250923 08:07:28.004" level="INFO">${original_desc} = Original description for edit test</msg>
[...]
<kw name="Test Mode Reset" library="depflow_keywords">
<doc>Complete app state reset for clean test environment</doc>
<kw name="Execute Javascript" library="SeleniumLibrary">
<arg>if (typeof window.DepFlow.testModeReset === 'function') {</arg>
<arg>window.DepFlow.testModeReset();</arg>
<arg>} else {</arg>
<arg>console.error('Test mode reset function not available');</arg>
<arg>}</arg>
<doc>Executes the given JavaScript code with possible arguments.</doc>
<msg timestamp="20250923 08:11:53.031" level="INFO">Executing JavaScript:
if (typeof window.DepFlow.testModeReset === 'function') {window.DepFlow.testModeReset();} else {console.error('Test mode reset function not available');}
Without any arguments.</msg>
<status status="PASS" starttime="20250923 08:11:53.031" endtime="20250923 08:11:53.036"/>
</kw>
<kw name="Sleep" library="BuiltIn">
<arg>1s</arg>
<doc>Pauses the test executed for the given time.</doc>
<msg timestamp="20250923 08:11:54.039" level="INFO">Slept 1 second</msg>
<status status="PASS" starttime="20250923 08:11:53.036" endtime="20250923 08:11:54.039"/>
</kw>
<kw name="Log" library="BuiltIn">
<arg>Test Mode Reset Completed</arg>
<doc>Logs the given message with the given level.</doc>
<msg timestamp="20250923 08:11:54.039" level="INFO">Test Mode Reset Completed</msg>
<status status="PASS" starttime="20250923 08:11:54.039" endtime="20250923 08:11:54.039"/>
</kw>
<status status="PASS" starttime="20250923 08:11:53.031" endtime="20250923 08:11:54.039"/>
</kw>
<status status="PASS" starttime="20250923 08:11:53.031" endtime="20250923 08:11:54.039"/>
</kw>
<doc>Test creating dependency with maximum length text fields</doc>
<tag>boundary</tag>
<tag>crud</tag>
<tag>edge_case</tag>
<status status="FAIL" starttime="20250923 08:11:48.957" endtime="20250923 08:11:54.039">Resolving variable '${'Very Long Dependency Name That Exceeds Normal Length To Test Field Boundaries' * 2}' failed: Variable '${'Very Long Dependency Name That Exceeds Normal Length To Test Field Boundaries}' not found.</status>
</test>
<test id="s1-t25" name="TC028 - Bulk Delete Dependencies" line="426">
<kw name="Test Mode Test Setup" library="depflow_keywords" type="SETUP">
<doc>Individual test setup using test mode</doc>
<kw name="Test Mode Reset" library="depflow_keywords">
<doc>Complete app state reset for clean test environment</doc>
<kw name="Execute Javascript" library="SeleniumLibrary">
<arg>if (typeof window.DepFlow.testModeReset === 'function') {</arg>
<arg>window.DepFlow.testModeReset();</arg>
<arg>} else {</arg>
<arg>console.error('Test mode reset function not available');</arg>
<arg>}</arg>
<doc>Executes the given JavaScript code with possible arguments.</doc>
<msg timestamp="20250923 08:11:54.041" level="INFO">Executing JavaScript:
if (typeof window.DepFlow.testModeReset === 'function') {window.DepFlow.testModeReset();} else {console.error('Test mode reset function not available');}
Without any arguments.</msg>
<status status="PASS" starttime="20250923 08:11:54.040" endtime="20250923 08:11:54.045"/>
</kw>
<kw name="Sleep" library="BuiltIn">
<arg>1s</arg>
<doc>Pauses the test executed for the given time.</doc>
<msg timestamp="20250923 08:11:55.047" level="INFO">Slept 1 second</msg>
<status status="PASS" starttime="20250923 08:11:54.045" endtime="20250923 08:11:55.047"/>
</kw>
<kw name="Log" library="BuiltIn">
<arg>Test Mode Reset Completed</arg>
<doc>Logs the given message with the given level.</doc>
<msg timestamp="20250923 08:11:55.047" level="INFO">Test Mode Reset Completed</msg>
<status status="PASS" starttime="20250923 08:11:55.047" endtime="20250923 08:11:55.047"/>
</kw>
<status status="PASS" starttime="20250923 08:11:54.040" endtime="20250923 08:11:55.047"/>
</kw>
<kw name="Test Mode Admin Login" library="depflow_keywords">
<doc>Quick admin login using test mode</doc>
<kw name="Test Mode Login" library="depflow_keywords">
<arg>admin</arg>
<doc>Login using test mode bypass - no modal interaction required</doc>
<kw name="Wait Until Page Contains Element" library="SeleniumLibrary">
<arg>${LANDING_PAGE_LOGO}</arg>
<arg>timeout=10s</arg>
<doc>Waits until the element ``locator`` appears on the current page.</doc>
<status status="PASS" starttime="20250923 08:11:55.048" endtime="20250923 08:11:55.054"/>
</kw>
<kw name="Sleep" library="BuiltIn">
<arg>1s</arg>
<doc>Pauses the test executed for the given time.</doc>
<msg timestamp="20250923 08:11:56.056" level="INFO">Slept 1 second</msg>
<status status="PASS" starttime="20250923 08:11:55.054" endtime="20250923 08:11:56.056"/>
</kw>
<kw name="Execute Javascript" library="SeleniumLibrary">
<arg>if (typeof window.DepFlow.testModeLogin === 'function') {</arg>
<arg>window.DepFlow.testModeLogin('${user_type}');</arg>
<arg>} else {</arg>
<arg>console.error('Test mode login function not available');</arg>
<arg>}</arg>
<doc>Executes the given JavaScript code with possible arguments.</doc>
<msg timestamp="20250923 08:11:56.056" level="INFO">Executing JavaScript:
if (typeof window.DepFlow.testModeLogin === 'function') {window.DepFlow.testModeLogin('admin');} else {console.error('Test mode login function not available');}
Without any arguments.</msg>
<status status="PASS" starttime="20250923 08:11:56.056" endtime="20250923 08:11:56.065"/>
</kw>
<kw name="Sleep" library="BuiltIn">
<arg>2s</arg>
<doc>Pauses the test executed for the given time.</doc>
<msg timestamp="20250923 08:11:58.068" level="INFO">Slept 2 seconds</msg>
<status status="PASS" starttime="20250923 08:11:56.065" endtime="20250923 08:11:58.069"/>
</kw>
<kw name="Wait Until Element Is Visible" library="SeleniumLibrary">
<arg>${DASHBOARD_PAGE}</arg>
<arg>timeout=10s</arg>
<doc>Waits until the element ``locator`` is visible.</doc>
<status status="PASS" starttime="20250923 08:11:58.069" endtime="20250923 08:11:58.084"/>
</kw>
<kw name="Wait Until Element Is Visible" library="SeleniumLibrary">
<arg>${USER_PANEL}</arg>
<arg>timeout=5s</arg>
<doc>Waits until the element ``locator`` is visible.</doc>
<status status="PASS" starttime="20250923 08:11:58.084" endtime="20250923 08:11:58.094"/>
</kw>
<kw name="Log" library="BuiltIn">
<arg>Test Mode Login Completed for ${user_type}</arg>
<doc>Logs the given message with the given level.</doc>
<msg timestamp="20250923 08:11:58.095" level="INFO">Test Mode Login Completed for admin</msg>
<status status="PASS" starttime="20250923 08:11:58.095" endtime="20250923 08:11:58.095"/>
</kw>
<status status="PASS" starttime="20250923 08:11:55.047" endtime="20250923 08:11:58.095"/>
</kw>
<status status="PASS" starttime="20250923 08:11:55.047" endtime="20250923 08:11:58.095"/>
</kw>
<status status="PASS" starttime="20250923 08:11:54.040" endtime="20250923 08:11:58.095"/>
</kw>
<kw name="Create List" library="BuiltIn">
<var>@{dep_names}</var>
<doc>Returns a list containing given items.</doc>
<msg timestamp="20250923 08:11:58.096" level="INFO">@{dep_names} = [ ]</msg>
<status status="PASS" starttime="20250923 08:11:58.096" endtime="20250923 08:11:58.096"/>
</kw>
<for flavor="IN RANGE">
<var>${i}</var>
<value>3</value>
<iter>
<var name="${i}">0</var>
<kw name="Generate Test Data" library="depflow_keywords">
<var>${dep_name}</var>
<arg>BulkDelete_${i}</arg>
<doc>Generates unique test data for test runs</doc>
<kw name="Get Current Date" library="DateTime">
<var>${timestamp}</var>
<arg>result_format=%Y%m%d_%H%M%S</arg>
<doc>Returns current local or UTC time with an optional increment.</doc>
<msg timestamp="20250923 08:11:58.096" level="INFO">${timestamp} = 20250923_081158</msg>
<status status="PASS" starttime="20250923 08:11:58.096" endtime="20250923 08:11:58.096"/>
</kw>
<kw name="Set Variable" library="BuiltIn">
<var>${unique_name}</var>
<arg>${prefix}_${timestamp}</arg>
<doc>Returns the given values which can then be assigned to a variables.</doc>
<msg timestamp="20250923 08:11:58.097" level="INFO">${unique_name} = BulkDelete_0_20250923_081158</msg>
<status status="PASS" starttime="20250923 08:11:58.097" endtime="20250923 08:11:58.097"/>
</kw>
<msg timestamp="20250923 08:11:58.097" level="INFO">${dep_name} = BulkDelete_0_20250923_081158</msg>
<status status="PASS" starttime="20250923 08:11:58.096" endtime="20250923 08:11:58.097"/>
</kw>
<kw name="Append To List" library="Collections">
<arg>${dep_names}</arg>
<arg>${dep_name}</arg>
<doc>Adds ``values`` to the end of ``list``.</doc>
<status status="PASS" starttime="20250923 08:11:58.097" endtime="20250923 08:11:58.097"/>
</kw>
<kw name="Add New Dependency" library="depflow_keywords">
<arg>${dep_name}</arg>
<arg>Bulk delete test dependency ${i}</arg>
<arg>${TEST_DEP_TEAM}</arg>
<doc>Adds a new dependency with provided details (updated for current app version)</doc>
<kw name="Click Element" library="SeleniumLibrary">
<arg>${ADD_DEPENDENCY_BUTTON}</arg>
<doc>Click the element identified by ``locator``.</doc>
<msg timestamp="20250923 08:11:58.098" level="INFO">Clicking element 'xpath://button[contains(@onclick, 'showAddDependencyModal')]'.</msg>
<status status="PASS" starttime="20250923 08:11:58.098" endtime="20250923 08:11:58.146"/>
</kw>
<kw name="Wait Until Element Is Visible" library="SeleniumLibrary">
<arg>${ADD_EDIT_MODAL}</arg>
<doc>Waits until the element ``locator`` is visible.</doc>
<status status="PASS" starttime="20250923 08:11:58.146" endtime="20250923 08:11:58.158"/>
</kw>
<kw name="Input Text" library="SeleniumLibrary">
<arg>${DEP_NAME_FIELD}</arg>
<arg>${name}</arg>
<doc>Types the given ``text`` into the text field identified by ``locator``.</doc>
<msg timestamp="20250923 08:11:58.159" level="INFO">Typing text 'BulkDelete_0_20250923_081158' into text field 'id:addName'.</msg>
<status status="PASS" starttime="20250923 08:11:58.158" endtime="20250923 08:11:58.198"/>
</kw>
<kw name="Input Text" library="SeleniumLibrary">
<arg>${DEP_DESCRIPTION_FIELD}</arg>
<arg>${description}</arg>
<doc>Types the given ``text`` into the text field identified by ``locator``.</doc>
<msg timestamp="20250923 08:11:58.199" level="INFO">Typing text 'Bulk delete test dependency 0' into text field 'id:addDescription'.</msg>
<status status="PASS" starttime="20250923 08:11:58.199" endtime="20250923 08:11:58.237"/>
</kw>
<kw name="Select From List By Label" library="SeleniumLibrary">
<arg>${DEP_TEAM_SELECT}</arg>
<arg>${team}</arg>
<doc>Selects options from selection list ``locator`` by ``labels``.</doc>
<msg timestamp="20250923 08:11:58.238" level="INFO">Selecting options from selection list 'id:addTeam' by label Quality flow.</msg>
<msg timestamp="20250923 08:12:08.503" level="INFO" html="true">&lt;/td&gt;&lt;/tr&gt;&lt;tr&gt;&lt;td colspan="3"&gt;&lt;a href="selenium-screenshot-22.png"&gt;&lt;img src="selenium-screenshot-22.png" width="800px"&gt;&lt;/a&gt;</msg>
<msg timestamp="20250923 08:12:08.505" level="FAIL">NoSuchElementException: Message: Could not locate element with visible text: Quality flow; For documentation on this error, please visit: https://www.selenium.dev/documentation/webdriver/troubleshooting/errors#no-such-element-exception
</msg>
<status status="FAIL" starttime="20250923 08:11:58.237" endtime="20250923 08:12:08.506"/>
</kw>
<kw name="Select From List By Value" library="SeleniumLibrary">
<arg>${DEP_STATUS_SELECT}</arg>
<arg>${status}</arg>
<doc>Selects options from selection list ``locator`` by ``values``.</doc>
<status status="NOT RUN" starttime="20250923 08:12:08.506" endtime="20250923 08:12:08.506"/>
</kw>
<kw name="Select From List By Value" library="SeleniumLibrary">
<arg>${DEP_PRIORITY_SELECT}</arg>
<arg>${priority}</arg>
<doc>Selects options from selection list ``locator`` by ``values``.</doc>
<status status="NOT RUN" starttime="20250923 08:12:08.506" endtime="20250923 08:12:08.506"/>
</kw>
<kw name="Run Keyword If" library="BuiltIn">
<arg>'${jira}' != '${EMPTY}'</arg>
<arg>Input Text</arg>
<arg>${DEP_JIRA_FIELD}</arg>
<arg>${jira}</arg>
<doc>Runs the given keyword with the given arguments, if ``condition`` is true.</doc>
<status status="NOT RUN" starttime="20250923 08:12:08.506" endtime="20250923 08:12:08.506"/>
</kw>
<kw name="Click Element" library="SeleniumLibrary">
<arg>${SAVE_BUTTON}</arg>
<doc>Click the element identified by ``locator``.</doc>
<status status="NOT RUN" starttime="20250923 08:12:08.507" endtime="20250923 08:12:08.507"/>
</kw>
<kw name="Wait Until Element Is Not Visible" library="SeleniumLibrary">
<arg>${ADD_EDIT_MODAL}</arg>
<arg>timeout=15s</arg>
<doc>Waits until the element ``locator`` is not visible.</doc>
<status status="NOT RUN" starttime="20250923 08:12:08.507" endtime="20250923 08:12:08.507"/>
</kw>
<kw name="Sleep" library="BuiltIn">
<arg>2s</arg>
<doc>Pauses the test executed for the given time.</doc>
<status status="NOT RUN" starttime="20250923 08:12:08.507" endtime="20250923 08:12:08.507"/>
</kw>
<status status="FAIL" starttime="20250923 08:11:58.097" endtime="20250923 08:12:08.507"/>
</kw>
<status status="FAIL" starttime="20250923 08:11:58.096" endtime="20250923 08:12:08.507"/>
</iter>
<status status="FAIL" starttime="20250923 08:11:58.096" endtime="20250923 08:12:08.507"/>
</for>
<for flavor="IN">
<var>${dep_name}</var>
<value>@{dep_names}</value>
<iter>
<var name="${dep_name}"/>
<kw name="Delete Dependency" library="depflow_keywords">
<arg>${dep_name}</arg>
<doc>Deletes a dependency by name (legacy method)</doc>
<status status="NOT RUN" starttime="20250923 08:12:08.507" endtime="20250923 08:12:08.507"/>
</kw>
<kw name="Verify Dependency Does Not Exist" library="depflow_keywords">
<arg>${dep_name}</arg>
<doc>Verifies that a dependency does not exist in the table</doc>
<status status="NOT RUN" starttime="20250923 08:12:08.507" endtime="20250923 08:12:08.507"/>
</kw>
<status status="NOT RUN" starttime="20250923 08:12:08.507" endtime="20250923 08:12:08.507"/>
</iter>
<status status="NOT RUN" starttime="20250923 08:12:08.507" endtime="20250923 08:12:08.507"/>
</for>
<kw name="Test Mode Test Teardown" library="depflow_keywords" type="TEARDOWN">
<doc>Individual test teardown using test mode</doc>
<kw name="Test Mode Reset" library="depflow_keywords">
<doc>Complete app state reset for clean test environment</doc>
<kw name="Execute Javascript" library="SeleniumLibrary">
<arg>if (typeof window.DepFlow.testModeReset === 'function') {</arg>
<arg>window.DepFlow.testModeReset();</arg>
<arg>} else {</arg>
<arg>console.error('Test mode reset function not available');</arg>
<arg>}</arg>
<doc>Executes the given JavaScript code with possible arguments.</doc>
<msg timestamp="20250923 08:12:08.509" level="INFO">Executing JavaScript:
if (typeof window.DepFlow.testModeReset === 'function') {window.DepFlow.testModeReset();} else {console.error('Test mode reset function not available');}
Without any arguments.</msg>
<status status="PASS" starttime="20250923 08:12:08.508" endtime="20250923 08:12:08.544"/>
</kw>
<kw name="Sleep" library="BuiltIn">
<arg>1s</arg>
<doc>Pauses the test executed for the given time.</doc>
<msg timestamp="20250923 08:12:09.548" level="INFO">Slept 1 second</msg>
<status status="PASS" starttime="20250923 08:12:08.545" endtime="20250923 08:12:09.549"/>
</kw>
<kw name="Log" library="BuiltIn">
<arg>Test Mode Reset Completed</arg>
<doc>Logs the given message with the given level.</doc>
<msg timestamp="20250923 08:12:09.553" level="INFO">Test Mode Reset Completed</msg>
<status status="PASS" starttime="20250923 08:12:09.551" endtime="20250923 08:12:09.553"/>
</kw>
<status status="PASS" starttime="20250923 08:12:08.508" endtime="20250923 08:12:09.556"/>
</kw>
<status status="PASS" starttime="20250923 08:12:08.508" endtime="20250923 08:12:09.556"/>
</kw>
<doc>Test deleting multiple dependencies in sequence</doc>
<tag>bulk</tag>
<tag>crud</tag>
<tag>delete</tag>
<status status="FAIL" starttime="20250923 08:11:54.039" endtime="20250923 08:12:09.556">NoSuchElementException: Message: Could not locate element with visible text: Quality flow; For documentation on this error, please visit: https://www.selenium.dev/documentation/webdriver/troubleshooting/errors#no-such-element-exception
</status>
</test>
<kw name="Test Mode Suite Teardown" library="depflow_keywords" type="TEARDOWN">
<doc>Teardown using test mode</doc>
<kw name="Test Mode Reset" library="depflow_keywords">
<doc>Complete app state reset for clean test environment</doc>
<kw name="Execute Javascript" library="SeleniumLibrary">
<arg>if (typeof window.DepFlow.testModeReset === 'function') {</arg>
<arg>window.DepFlow.testModeReset();</arg>
<arg>} else {</arg>
<arg>console.error('Test mode reset function not available');</arg>
<arg>}</arg>
<doc>Executes the given JavaScript code with possible arguments.</doc>
<msg timestamp="20250923 08:12:09.559" level="INFO">Executing JavaScript:
if (typeof window.DepFlow.testModeReset === 'function') {window.DepFlow.testModeReset();} else {console.error('Test mode reset function not available');}
Without any arguments.</msg>
<status status="PASS" starttime="20250923 08:12:09.558" endtime="20250923 08:12:09.568"/>
</kw>
<kw name="Sleep" library="BuiltIn">
<arg>1s</arg>
<doc>Pauses the test executed for the given time.</doc>
<msg timestamp="20250923 08:12:10.569" level="INFO">Slept 1 second</msg>
<status status="PASS" starttime="20250923 08:12:09.568" endtime="20250923 08:12:10.569"/>
</kw>
<kw name="Log" library="BuiltIn">
<arg>Test Mode Reset Completed</arg>
<doc>Logs the given message with the given level.</doc>
<msg timestamp="20250923 08:12:10.570" level="INFO">Test Mode Reset Completed</msg>
<status status="PASS" starttime="20250923 08:12:10.570" endtime="20250923 08:12:10.570"/>
</kw>
<status status="PASS" starttime="20250923 08:12:09.558" endtime="20250923 08:12:10.570"/>
</kw>
<kw name="Close DepFlow Application" library="depflow_keywords">
<doc>Closes the browser and cleans up</doc>
<kw name="Close All Browsers" library="SeleniumLibrary">
<doc>Closes all open browsers and resets the browser cache.</doc>
<status status="PASS" starttime="20250923 08:12:10.570" endtime="20250923 08:12:10.907"/>
</kw>
<status status="PASS" starttime="20250923 08:12:10.570" endtime="20250923 08:12:10.907"/>
</kw>
<status status="PASS" starttime="20250923 08:12:09.558" endtime="20250923 08:12:10.907"/>
</kw>
<doc>Dependency CRUD Operations Test Suite for DepFlow Application</doc>
<status status="FAIL" starttime="20250923 08:05:55.708" endtime="20250923 08:12:10.907"/>
</suite>
<statistics>
<total>
<stat pass="2" fail="23" skip="0">All Tests</stat>
</total>
<tag>
<stat pass="0" fail="2" skip="0">admin</stat>
<stat pass="0" fail="1" skip="0">boundary</stat>
<stat pass="0" fail="1" skip="0">bulk</stat>
<stat pass="1" fail="1" skip="0">cancel</stat>
<stat pass="0" fail="2" skip="0">colors</stat>
<stat pass="0" fail="3" skip="0">comprehensive</stat>
<stat pass="0" fail="2" skip="0">confirmation</stat>
<stat pass="0" fail="1" skip="0">counters</stat>
<stat pass="0" fail="2" skip="0">create</stat>
<stat pass="1" fail="22" skip="0">crud</stat>
<stat pass="1" fail="0" skip="0">dashboard</stat>
<stat pass="0" fail="5" skip="0">delete</stat>
<stat pass="0" fail="2" skip="0">edge_case</stat>
<stat pass="0" fail="3" skip="0">edit</stat>
<stat pass="0" fail="2" skip="0">inline_edit</stat>
<stat pass="0" fail="1" skip="0">integration</stat>
<stat pass="0" fail="1" skip="0">minimal</stat>
<stat pass="0" fail="1" skip="0">modal</stat>
<stat pass="0" fail="2" skip="0">negative</stat>
<stat pass="0" fail="3" skip="0">priority</stat>
<stat pass="0" fail="4" skip="0">rbac</stat>
<stat pass="0" fail="2" skip="0">restriction</stat>
<stat pass="1" fail="2" skip="0">smoke</stat>
<stat pass="0" fail="1" skip="0">special_characters</stat>
<stat pass="0" fail="3" skip="0">status</stat>
<stat pass="0" fail="1" skip="0">teams</stat>
<stat pass="2" fail="3" skip="0">ui</stat>
<stat pass="0" fail="3" skip="0">update</stat>
<stat pass="0" fail="2" skip="0">user</stat>
<stat pass="0" fail="2" skip="0">validation</stat>
</tag>
<suite>
<stat pass="2" fail="23" skip="0" id="s1" name="02 Dependency Crud Tests">02 Dependency Crud Tests</stat>
</suite>
</statistics>
<errors>
</errors>
</robot>
